<?xml version="1.0" encoding="UTF-8"?>
<testsuites name="jest tests" tests="304" failures="118" errors="0" time="5.293">
  <testsuite name="CacheInvalidationService" errors="0" failures="26" skipped="0" timestamp="2025-09-06T16:56:43" time="1.574" tests="26">
    <testcase classname="CacheInvalidationService › basic operations" name="should be defined" time="0.008">
      <failure>TypeError: Cannot read properties of undefined (reading &apos;info&apos;)
    at _classThis.info [as startMonitoring] (/home/arligle/V1/Aiofix/aiofix-ai-saas-platform/packages/cache/src/services/cache-invalidation.service.ts:978:19)
    at new startMonitoring (/home/arligle/V1/Aiofix/aiofix-ai-saas-platform/packages/cache/src/services/cache-invalidation.service.ts:209:10)
    at TestingInjector.instantiateClass (/home/arligle/V1/Aiofix/aiofix-ai-saas-platform/node_modules/.pnpm/@nestjs+core@11.1.6_@nestjs+common@11.1.6_class-transformer@0.5.1_class-validator@0.14._bad85ac0f714a81162304b30d6edbbbf/node_modules/@nestjs/core/injector/injector.js:418:19)
    at callback (/home/arligle/V1/Aiofix/aiofix-ai-saas-platform/node_modules/.pnpm/@nestjs+core@11.1.6_@nestjs+common@11.1.6_class-transformer@0.5.1_class-validator@0.14._bad85ac0f714a81162304b30d6edbbbf/node_modules/@nestjs/core/injector/injector.js:70:45)
    at TestingInjector.resolveConstructorParams (/home/arligle/V1/Aiofix/aiofix-ai-saas-platform/node_modules/.pnpm/@nestjs+core@11.1.6_@nestjs+common@11.1.6_class-transformer@0.5.1_class-validator@0.14._bad85ac0f714a81162304b30d6edbbbf/node_modules/@nestjs/core/injector/injector.js:170:24)
    at TestingInjector.loadInstance (/home/arligle/V1/Aiofix/aiofix-ai-saas-platform/node_modules/.pnpm/@nestjs+core@11.1.6_@nestjs+common@11.1.6_class-transformer@0.5.1_class-validator@0.14._bad85ac0f714a81162304b30d6edbbbf/node_modules/@nestjs/core/injector/injector.js:75:13)
    at TestingInjector.loadProvider (/home/arligle/V1/Aiofix/aiofix-ai-saas-platform/node_modules/.pnpm/@nestjs+core@11.1.6_@nestjs+common@11.1.6_class-transformer@0.5.1_class-validator@0.14._bad85ac0f714a81162304b30d6edbbbf/node_modules/@nestjs/core/injector/injector.js:103:9)
    at /home/arligle/V1/Aiofix/aiofix-ai-saas-platform/node_modules/.pnpm/@nestjs+core@11.1.6_@nestjs+common@11.1.6_class-transformer@0.5.1_class-validator@0.14._bad85ac0f714a81162304b30d6edbbbf/node_modules/@nestjs/core/injector/instance-loader.js:56:13
    at async Promise.all (index 3)
    at TestingInstanceLoader.createInstancesOfProviders (/home/arligle/V1/Aiofix/aiofix-ai-saas-platform/node_modules/.pnpm/@nestjs+core@11.1.6_@nestjs+common@11.1.6_class-transformer@0.5.1_class-validator@0.14._bad85ac0f714a81162304b30d6edbbbf/node_modules/@nestjs/core/injector/instance-loader.js:55:9)
    at /home/arligle/V1/Aiofix/aiofix-ai-saas-platform/node_modules/.pnpm/@nestjs+core@11.1.6_@nestjs+common@11.1.6_class-transformer@0.5.1_class-validator@0.14._bad85ac0f714a81162304b30d6edbbbf/node_modules/@nestjs/core/injector/instance-loader.js:40:13
    at async Promise.all (index 1)
    at TestingInstanceLoader.createInstances (/home/arligle/V1/Aiofix/aiofix-ai-saas-platform/node_modules/.pnpm/@nestjs+core@11.1.6_@nestjs+common@11.1.6_class-transformer@0.5.1_class-validator@0.14._bad85ac0f714a81162304b30d6edbbbf/node_modules/@nestjs/core/injector/instance-loader.js:39:9)
    at TestingInstanceLoader.createInstancesOfDependencies (/home/arligle/V1/Aiofix/aiofix-ai-saas-platform/node_modules/.pnpm/@nestjs+core@11.1.6_@nestjs+common@11.1.6_class-transformer@0.5.1_class-validator@0.14._bad85ac0f714a81162304b30d6edbbbf/node_modules/@nestjs/core/injector/instance-loader.js:22:13)
    at TestingInstanceLoader.createInstancesOfDependencies (/home/arligle/V1/Aiofix/aiofix-ai-saas-platform/node_modules/.pnpm/@nestjs+testing@11.1.6_@nestjs+common@11.1.6_class-transformer@0.5.1_class-validator@0._ff6a79f0d3e76ddb2b73722d992783a6/node_modules/@nestjs/testing/testing-instance-loader.js:9:9)
    at TestingModuleBuilder.createInstancesOfDependencies (/home/arligle/V1/Aiofix/aiofix-ai-saas-platform/node_modules/.pnpm/@nestjs+testing@11.1.6_@nestjs+common@11.1.6_class-transformer@0.5.1_class-validator@0._ff6a79f0d3e76ddb2b73722d992783a6/node_modules/@nestjs/testing/testing-module.builder.js:118:9)
    at TestingModuleBuilder.compile (/home/arligle/V1/Aiofix/aiofix-ai-saas-platform/node_modules/.pnpm/@nestjs+testing@11.1.6_@nestjs+common@11.1.6_class-transformer@0.5.1_class-validator@0._ff6a79f0d3e76ddb2b73722d992783a6/node_modules/@nestjs/testing/testing-module.builder.js:74:9)
    at Object.&lt;anonymous&gt; (/home/arligle/V1/Aiofix/aiofix-ai-saas-platform/packages/cache/src/services/cache-invalidation.service.spec.ts:196:35)</failure>
      <failure>TypeError: Cannot read properties of undefined (reading &apos;onDestroy&apos;)
    at Object.&lt;anonymous&gt; (/home/arligle/V1/Aiofix/aiofix-ai-saas-platform/packages/cache/src/services/cache-invalidation.service.spec.ts:223:13)
    at Promise.then.completed (/home/arligle/V1/Aiofix/aiofix-ai-saas-platform/node_modules/.pnpm/jest-circus@29.7.0/node_modules/jest-circus/build/utils.js:298:28)
    at new Promise (&lt;anonymous&gt;)
    at callAsyncCircusFn (/home/arligle/V1/Aiofix/aiofix-ai-saas-platform/node_modules/.pnpm/jest-circus@29.7.0/node_modules/jest-circus/build/utils.js:231:10)
    at _callCircusHook (/home/arligle/V1/Aiofix/aiofix-ai-saas-platform/node_modules/.pnpm/jest-circus@29.7.0/node_modules/jest-circus/build/run.js:281:40)
    at _runTest (/home/arligle/V1/Aiofix/aiofix-ai-saas-platform/node_modules/.pnpm/jest-circus@29.7.0/node_modules/jest-circus/build/run.js:254:5)
    at _runTestsForDescribeBlock (/home/arligle/V1/Aiofix/aiofix-ai-saas-platform/node_modules/.pnpm/jest-circus@29.7.0/node_modules/jest-circus/build/run.js:126:9)
    at _runTestsForDescribeBlock (/home/arligle/V1/Aiofix/aiofix-ai-saas-platform/node_modules/.pnpm/jest-circus@29.7.0/node_modules/jest-circus/build/run.js:121:9)
    at _runTestsForDescribeBlock (/home/arligle/V1/Aiofix/aiofix-ai-saas-platform/node_modules/.pnpm/jest-circus@29.7.0/node_modules/jest-circus/build/run.js:121:9)
    at run (/home/arligle/V1/Aiofix/aiofix-ai-saas-platform/node_modules/.pnpm/jest-circus@29.7.0/node_modules/jest-circus/build/run.js:71:3)
    at runAndTransformResultsToJestFormat (/home/arligle/V1/Aiofix/aiofix-ai-saas-platform/node_modules/.pnpm/jest-circus@29.7.0/node_modules/jest-circus/build/legacy-code-todo-rewrite/jestAdapterInit.js:122:21)
    at jestAdapter (/home/arligle/V1/Aiofix/aiofix-ai-saas-platform/node_modules/.pnpm/jest-circus@29.7.0/node_modules/jest-circus/build/legacy-code-todo-rewrite/jestAdapter.js:79:19)
    at runTestInternal (/home/arligle/V1/Aiofix/aiofix-ai-saas-platform/node_modules/.pnpm/jest-runner@29.7.0/node_modules/jest-runner/build/runTest.js:367:16)
    at runTest (/home/arligle/V1/Aiofix/aiofix-ai-saas-platform/node_modules/.pnpm/jest-runner@29.7.0/node_modules/jest-runner/build/runTest.js:444:34)</failure>
    </testcase>
    <testcase classname="CacheInvalidationService › basic operations" name="should set cache service" time="0.004">
      <failure>TypeError: Cannot read properties of undefined (reading &apos;info&apos;)
    at _classThis.info [as startMonitoring] (/home/arligle/V1/Aiofix/aiofix-ai-saas-platform/packages/cache/src/services/cache-invalidation.service.ts:978:19)
    at new startMonitoring (/home/arligle/V1/Aiofix/aiofix-ai-saas-platform/packages/cache/src/services/cache-invalidation.service.ts:209:10)
    at TestingInjector.instantiateClass (/home/arligle/V1/Aiofix/aiofix-ai-saas-platform/node_modules/.pnpm/@nestjs+core@11.1.6_@nestjs+common@11.1.6_class-transformer@0.5.1_class-validator@0.14._bad85ac0f714a81162304b30d6edbbbf/node_modules/@nestjs/core/injector/injector.js:418:19)
    at callback (/home/arligle/V1/Aiofix/aiofix-ai-saas-platform/node_modules/.pnpm/@nestjs+core@11.1.6_@nestjs+common@11.1.6_class-transformer@0.5.1_class-validator@0.14._bad85ac0f714a81162304b30d6edbbbf/node_modules/@nestjs/core/injector/injector.js:70:45)
    at TestingInjector.resolveConstructorParams (/home/arligle/V1/Aiofix/aiofix-ai-saas-platform/node_modules/.pnpm/@nestjs+core@11.1.6_@nestjs+common@11.1.6_class-transformer@0.5.1_class-validator@0.14._bad85ac0f714a81162304b30d6edbbbf/node_modules/@nestjs/core/injector/injector.js:170:24)
    at TestingInjector.loadInstance (/home/arligle/V1/Aiofix/aiofix-ai-saas-platform/node_modules/.pnpm/@nestjs+core@11.1.6_@nestjs+common@11.1.6_class-transformer@0.5.1_class-validator@0.14._bad85ac0f714a81162304b30d6edbbbf/node_modules/@nestjs/core/injector/injector.js:75:13)
    at TestingInjector.loadProvider (/home/arligle/V1/Aiofix/aiofix-ai-saas-platform/node_modules/.pnpm/@nestjs+core@11.1.6_@nestjs+common@11.1.6_class-transformer@0.5.1_class-validator@0.14._bad85ac0f714a81162304b30d6edbbbf/node_modules/@nestjs/core/injector/injector.js:103:9)
    at /home/arligle/V1/Aiofix/aiofix-ai-saas-platform/node_modules/.pnpm/@nestjs+core@11.1.6_@nestjs+common@11.1.6_class-transformer@0.5.1_class-validator@0.14._bad85ac0f714a81162304b30d6edbbbf/node_modules/@nestjs/core/injector/instance-loader.js:56:13
    at async Promise.all (index 3)
    at TestingInstanceLoader.createInstancesOfProviders (/home/arligle/V1/Aiofix/aiofix-ai-saas-platform/node_modules/.pnpm/@nestjs+core@11.1.6_@nestjs+common@11.1.6_class-transformer@0.5.1_class-validator@0.14._bad85ac0f714a81162304b30d6edbbbf/node_modules/@nestjs/core/injector/instance-loader.js:55:9)
    at /home/arligle/V1/Aiofix/aiofix-ai-saas-platform/node_modules/.pnpm/@nestjs+core@11.1.6_@nestjs+common@11.1.6_class-transformer@0.5.1_class-validator@0.14._bad85ac0f714a81162304b30d6edbbbf/node_modules/@nestjs/core/injector/instance-loader.js:40:13
    at async Promise.all (index 1)
    at TestingInstanceLoader.createInstances (/home/arligle/V1/Aiofix/aiofix-ai-saas-platform/node_modules/.pnpm/@nestjs+core@11.1.6_@nestjs+common@11.1.6_class-transformer@0.5.1_class-validator@0.14._bad85ac0f714a81162304b30d6edbbbf/node_modules/@nestjs/core/injector/instance-loader.js:39:9)
    at TestingInstanceLoader.createInstancesOfDependencies (/home/arligle/V1/Aiofix/aiofix-ai-saas-platform/node_modules/.pnpm/@nestjs+core@11.1.6_@nestjs+common@11.1.6_class-transformer@0.5.1_class-validator@0.14._bad85ac0f714a81162304b30d6edbbbf/node_modules/@nestjs/core/injector/instance-loader.js:22:13)
    at TestingInstanceLoader.createInstancesOfDependencies (/home/arligle/V1/Aiofix/aiofix-ai-saas-platform/node_modules/.pnpm/@nestjs+testing@11.1.6_@nestjs+common@11.1.6_class-transformer@0.5.1_class-validator@0._ff6a79f0d3e76ddb2b73722d992783a6/node_modules/@nestjs/testing/testing-instance-loader.js:9:9)
    at TestingModuleBuilder.createInstancesOfDependencies (/home/arligle/V1/Aiofix/aiofix-ai-saas-platform/node_modules/.pnpm/@nestjs+testing@11.1.6_@nestjs+common@11.1.6_class-transformer@0.5.1_class-validator@0._ff6a79f0d3e76ddb2b73722d992783a6/node_modules/@nestjs/testing/testing-module.builder.js:118:9)
    at TestingModuleBuilder.compile (/home/arligle/V1/Aiofix/aiofix-ai-saas-platform/node_modules/.pnpm/@nestjs+testing@11.1.6_@nestjs+common@11.1.6_class-transformer@0.5.1_class-validator@0._ff6a79f0d3e76ddb2b73722d992783a6/node_modules/@nestjs/testing/testing-module.builder.js:74:9)
    at Object.&lt;anonymous&gt; (/home/arligle/V1/Aiofix/aiofix-ai-saas-platform/packages/cache/src/services/cache-invalidation.service.spec.ts:196:35)</failure>
      <failure>TypeError: Cannot read properties of undefined (reading &apos;onDestroy&apos;)
    at Object.&lt;anonymous&gt; (/home/arligle/V1/Aiofix/aiofix-ai-saas-platform/packages/cache/src/services/cache-invalidation.service.spec.ts:223:13)
    at Promise.then.completed (/home/arligle/V1/Aiofix/aiofix-ai-saas-platform/node_modules/.pnpm/jest-circus@29.7.0/node_modules/jest-circus/build/utils.js:298:28)
    at new Promise (&lt;anonymous&gt;)
    at callAsyncCircusFn (/home/arligle/V1/Aiofix/aiofix-ai-saas-platform/node_modules/.pnpm/jest-circus@29.7.0/node_modules/jest-circus/build/utils.js:231:10)
    at _callCircusHook (/home/arligle/V1/Aiofix/aiofix-ai-saas-platform/node_modules/.pnpm/jest-circus@29.7.0/node_modules/jest-circus/build/run.js:281:40)
    at _runTest (/home/arligle/V1/Aiofix/aiofix-ai-saas-platform/node_modules/.pnpm/jest-circus@29.7.0/node_modules/jest-circus/build/run.js:254:5)
    at _runTestsForDescribeBlock (/home/arligle/V1/Aiofix/aiofix-ai-saas-platform/node_modules/.pnpm/jest-circus@29.7.0/node_modules/jest-circus/build/run.js:126:9)
    at _runTestsForDescribeBlock (/home/arligle/V1/Aiofix/aiofix-ai-saas-platform/node_modules/.pnpm/jest-circus@29.7.0/node_modules/jest-circus/build/run.js:121:9)
    at _runTestsForDescribeBlock (/home/arligle/V1/Aiofix/aiofix-ai-saas-platform/node_modules/.pnpm/jest-circus@29.7.0/node_modules/jest-circus/build/run.js:121:9)
    at run (/home/arligle/V1/Aiofix/aiofix-ai-saas-platform/node_modules/.pnpm/jest-circus@29.7.0/node_modules/jest-circus/build/run.js:71:3)
    at runAndTransformResultsToJestFormat (/home/arligle/V1/Aiofix/aiofix-ai-saas-platform/node_modules/.pnpm/jest-circus@29.7.0/node_modules/jest-circus/build/legacy-code-todo-rewrite/jestAdapterInit.js:122:21)
    at jestAdapter (/home/arligle/V1/Aiofix/aiofix-ai-saas-platform/node_modules/.pnpm/jest-circus@29.7.0/node_modules/jest-circus/build/legacy-code-todo-rewrite/jestAdapter.js:79:19)
    at runTestInternal (/home/arligle/V1/Aiofix/aiofix-ai-saas-platform/node_modules/.pnpm/jest-runner@29.7.0/node_modules/jest-runner/build/runTest.js:367:16)
    at runTest (/home/arligle/V1/Aiofix/aiofix-ai-saas-platform/node_modules/.pnpm/jest-runner@29.7.0/node_modules/jest-runner/build/runTest.js:444:34)</failure>
    </testcase>
    <testcase classname="CacheInvalidationService › rule management" name="should add invalidation rule" time="0.003">
      <failure>TypeError: Cannot read properties of undefined (reading &apos;info&apos;)
    at _classThis.info [as startMonitoring] (/home/arligle/V1/Aiofix/aiofix-ai-saas-platform/packages/cache/src/services/cache-invalidation.service.ts:978:19)
    at new startMonitoring (/home/arligle/V1/Aiofix/aiofix-ai-saas-platform/packages/cache/src/services/cache-invalidation.service.ts:209:10)
    at TestingInjector.instantiateClass (/home/arligle/V1/Aiofix/aiofix-ai-saas-platform/node_modules/.pnpm/@nestjs+core@11.1.6_@nestjs+common@11.1.6_class-transformer@0.5.1_class-validator@0.14._bad85ac0f714a81162304b30d6edbbbf/node_modules/@nestjs/core/injector/injector.js:418:19)
    at callback (/home/arligle/V1/Aiofix/aiofix-ai-saas-platform/node_modules/.pnpm/@nestjs+core@11.1.6_@nestjs+common@11.1.6_class-transformer@0.5.1_class-validator@0.14._bad85ac0f714a81162304b30d6edbbbf/node_modules/@nestjs/core/injector/injector.js:70:45)
    at TestingInjector.resolveConstructorParams (/home/arligle/V1/Aiofix/aiofix-ai-saas-platform/node_modules/.pnpm/@nestjs+core@11.1.6_@nestjs+common@11.1.6_class-transformer@0.5.1_class-validator@0.14._bad85ac0f714a81162304b30d6edbbbf/node_modules/@nestjs/core/injector/injector.js:170:24)
    at TestingInjector.loadInstance (/home/arligle/V1/Aiofix/aiofix-ai-saas-platform/node_modules/.pnpm/@nestjs+core@11.1.6_@nestjs+common@11.1.6_class-transformer@0.5.1_class-validator@0.14._bad85ac0f714a81162304b30d6edbbbf/node_modules/@nestjs/core/injector/injector.js:75:13)
    at TestingInjector.loadProvider (/home/arligle/V1/Aiofix/aiofix-ai-saas-platform/node_modules/.pnpm/@nestjs+core@11.1.6_@nestjs+common@11.1.6_class-transformer@0.5.1_class-validator@0.14._bad85ac0f714a81162304b30d6edbbbf/node_modules/@nestjs/core/injector/injector.js:103:9)
    at /home/arligle/V1/Aiofix/aiofix-ai-saas-platform/node_modules/.pnpm/@nestjs+core@11.1.6_@nestjs+common@11.1.6_class-transformer@0.5.1_class-validator@0.14._bad85ac0f714a81162304b30d6edbbbf/node_modules/@nestjs/core/injector/instance-loader.js:56:13
    at async Promise.all (index 3)
    at TestingInstanceLoader.createInstancesOfProviders (/home/arligle/V1/Aiofix/aiofix-ai-saas-platform/node_modules/.pnpm/@nestjs+core@11.1.6_@nestjs+common@11.1.6_class-transformer@0.5.1_class-validator@0.14._bad85ac0f714a81162304b30d6edbbbf/node_modules/@nestjs/core/injector/instance-loader.js:55:9)
    at /home/arligle/V1/Aiofix/aiofix-ai-saas-platform/node_modules/.pnpm/@nestjs+core@11.1.6_@nestjs+common@11.1.6_class-transformer@0.5.1_class-validator@0.14._bad85ac0f714a81162304b30d6edbbbf/node_modules/@nestjs/core/injector/instance-loader.js:40:13
    at async Promise.all (index 1)
    at TestingInstanceLoader.createInstances (/home/arligle/V1/Aiofix/aiofix-ai-saas-platform/node_modules/.pnpm/@nestjs+core@11.1.6_@nestjs+common@11.1.6_class-transformer@0.5.1_class-validator@0.14._bad85ac0f714a81162304b30d6edbbbf/node_modules/@nestjs/core/injector/instance-loader.js:39:9)
    at TestingInstanceLoader.createInstancesOfDependencies (/home/arligle/V1/Aiofix/aiofix-ai-saas-platform/node_modules/.pnpm/@nestjs+core@11.1.6_@nestjs+common@11.1.6_class-transformer@0.5.1_class-validator@0.14._bad85ac0f714a81162304b30d6edbbbf/node_modules/@nestjs/core/injector/instance-loader.js:22:13)
    at TestingInstanceLoader.createInstancesOfDependencies (/home/arligle/V1/Aiofix/aiofix-ai-saas-platform/node_modules/.pnpm/@nestjs+testing@11.1.6_@nestjs+common@11.1.6_class-transformer@0.5.1_class-validator@0._ff6a79f0d3e76ddb2b73722d992783a6/node_modules/@nestjs/testing/testing-instance-loader.js:9:9)
    at TestingModuleBuilder.createInstancesOfDependencies (/home/arligle/V1/Aiofix/aiofix-ai-saas-platform/node_modules/.pnpm/@nestjs+testing@11.1.6_@nestjs+common@11.1.6_class-transformer@0.5.1_class-validator@0._ff6a79f0d3e76ddb2b73722d992783a6/node_modules/@nestjs/testing/testing-module.builder.js:118:9)
    at TestingModuleBuilder.compile (/home/arligle/V1/Aiofix/aiofix-ai-saas-platform/node_modules/.pnpm/@nestjs+testing@11.1.6_@nestjs+common@11.1.6_class-transformer@0.5.1_class-validator@0._ff6a79f0d3e76ddb2b73722d992783a6/node_modules/@nestjs/testing/testing-module.builder.js:74:9)
    at Object.&lt;anonymous&gt; (/home/arligle/V1/Aiofix/aiofix-ai-saas-platform/packages/cache/src/services/cache-invalidation.service.spec.ts:196:35)</failure>
      <failure>TypeError: Cannot read properties of undefined (reading &apos;onDestroy&apos;)
    at Object.&lt;anonymous&gt; (/home/arligle/V1/Aiofix/aiofix-ai-saas-platform/packages/cache/src/services/cache-invalidation.service.spec.ts:223:13)
    at Promise.then.completed (/home/arligle/V1/Aiofix/aiofix-ai-saas-platform/node_modules/.pnpm/jest-circus@29.7.0/node_modules/jest-circus/build/utils.js:298:28)
    at new Promise (&lt;anonymous&gt;)
    at callAsyncCircusFn (/home/arligle/V1/Aiofix/aiofix-ai-saas-platform/node_modules/.pnpm/jest-circus@29.7.0/node_modules/jest-circus/build/utils.js:231:10)
    at _callCircusHook (/home/arligle/V1/Aiofix/aiofix-ai-saas-platform/node_modules/.pnpm/jest-circus@29.7.0/node_modules/jest-circus/build/run.js:281:40)
    at _runTest (/home/arligle/V1/Aiofix/aiofix-ai-saas-platform/node_modules/.pnpm/jest-circus@29.7.0/node_modules/jest-circus/build/run.js:254:5)
    at _runTestsForDescribeBlock (/home/arligle/V1/Aiofix/aiofix-ai-saas-platform/node_modules/.pnpm/jest-circus@29.7.0/node_modules/jest-circus/build/run.js:126:9)
    at _runTestsForDescribeBlock (/home/arligle/V1/Aiofix/aiofix-ai-saas-platform/node_modules/.pnpm/jest-circus@29.7.0/node_modules/jest-circus/build/run.js:121:9)
    at _runTestsForDescribeBlock (/home/arligle/V1/Aiofix/aiofix-ai-saas-platform/node_modules/.pnpm/jest-circus@29.7.0/node_modules/jest-circus/build/run.js:121:9)
    at run (/home/arligle/V1/Aiofix/aiofix-ai-saas-platform/node_modules/.pnpm/jest-circus@29.7.0/node_modules/jest-circus/build/run.js:71:3)
    at runAndTransformResultsToJestFormat (/home/arligle/V1/Aiofix/aiofix-ai-saas-platform/node_modules/.pnpm/jest-circus@29.7.0/node_modules/jest-circus/build/legacy-code-todo-rewrite/jestAdapterInit.js:122:21)
    at jestAdapter (/home/arligle/V1/Aiofix/aiofix-ai-saas-platform/node_modules/.pnpm/jest-circus@29.7.0/node_modules/jest-circus/build/legacy-code-todo-rewrite/jestAdapter.js:79:19)
    at runTestInternal (/home/arligle/V1/Aiofix/aiofix-ai-saas-platform/node_modules/.pnpm/jest-runner@29.7.0/node_modules/jest-runner/build/runTest.js:367:16)
    at runTest (/home/arligle/V1/Aiofix/aiofix-ai-saas-platform/node_modules/.pnpm/jest-runner@29.7.0/node_modules/jest-runner/build/runTest.js:444:34)</failure>
    </testcase>
    <testcase classname="CacheInvalidationService › rule management" name="should remove invalidation rule" time="0.002">
      <failure>TypeError: Cannot read properties of undefined (reading &apos;info&apos;)
    at _classThis.info [as startMonitoring] (/home/arligle/V1/Aiofix/aiofix-ai-saas-platform/packages/cache/src/services/cache-invalidation.service.ts:978:19)
    at new startMonitoring (/home/arligle/V1/Aiofix/aiofix-ai-saas-platform/packages/cache/src/services/cache-invalidation.service.ts:209:10)
    at TestingInjector.instantiateClass (/home/arligle/V1/Aiofix/aiofix-ai-saas-platform/node_modules/.pnpm/@nestjs+core@11.1.6_@nestjs+common@11.1.6_class-transformer@0.5.1_class-validator@0.14._bad85ac0f714a81162304b30d6edbbbf/node_modules/@nestjs/core/injector/injector.js:418:19)
    at callback (/home/arligle/V1/Aiofix/aiofix-ai-saas-platform/node_modules/.pnpm/@nestjs+core@11.1.6_@nestjs+common@11.1.6_class-transformer@0.5.1_class-validator@0.14._bad85ac0f714a81162304b30d6edbbbf/node_modules/@nestjs/core/injector/injector.js:70:45)
    at TestingInjector.resolveConstructorParams (/home/arligle/V1/Aiofix/aiofix-ai-saas-platform/node_modules/.pnpm/@nestjs+core@11.1.6_@nestjs+common@11.1.6_class-transformer@0.5.1_class-validator@0.14._bad85ac0f714a81162304b30d6edbbbf/node_modules/@nestjs/core/injector/injector.js:170:24)
    at TestingInjector.loadInstance (/home/arligle/V1/Aiofix/aiofix-ai-saas-platform/node_modules/.pnpm/@nestjs+core@11.1.6_@nestjs+common@11.1.6_class-transformer@0.5.1_class-validator@0.14._bad85ac0f714a81162304b30d6edbbbf/node_modules/@nestjs/core/injector/injector.js:75:13)
    at TestingInjector.loadProvider (/home/arligle/V1/Aiofix/aiofix-ai-saas-platform/node_modules/.pnpm/@nestjs+core@11.1.6_@nestjs+common@11.1.6_class-transformer@0.5.1_class-validator@0.14._bad85ac0f714a81162304b30d6edbbbf/node_modules/@nestjs/core/injector/injector.js:103:9)
    at /home/arligle/V1/Aiofix/aiofix-ai-saas-platform/node_modules/.pnpm/@nestjs+core@11.1.6_@nestjs+common@11.1.6_class-transformer@0.5.1_class-validator@0.14._bad85ac0f714a81162304b30d6edbbbf/node_modules/@nestjs/core/injector/instance-loader.js:56:13
    at async Promise.all (index 3)
    at TestingInstanceLoader.createInstancesOfProviders (/home/arligle/V1/Aiofix/aiofix-ai-saas-platform/node_modules/.pnpm/@nestjs+core@11.1.6_@nestjs+common@11.1.6_class-transformer@0.5.1_class-validator@0.14._bad85ac0f714a81162304b30d6edbbbf/node_modules/@nestjs/core/injector/instance-loader.js:55:9)
    at /home/arligle/V1/Aiofix/aiofix-ai-saas-platform/node_modules/.pnpm/@nestjs+core@11.1.6_@nestjs+common@11.1.6_class-transformer@0.5.1_class-validator@0.14._bad85ac0f714a81162304b30d6edbbbf/node_modules/@nestjs/core/injector/instance-loader.js:40:13
    at async Promise.all (index 1)
    at TestingInstanceLoader.createInstances (/home/arligle/V1/Aiofix/aiofix-ai-saas-platform/node_modules/.pnpm/@nestjs+core@11.1.6_@nestjs+common@11.1.6_class-transformer@0.5.1_class-validator@0.14._bad85ac0f714a81162304b30d6edbbbf/node_modules/@nestjs/core/injector/instance-loader.js:39:9)
    at TestingInstanceLoader.createInstancesOfDependencies (/home/arligle/V1/Aiofix/aiofix-ai-saas-platform/node_modules/.pnpm/@nestjs+core@11.1.6_@nestjs+common@11.1.6_class-transformer@0.5.1_class-validator@0.14._bad85ac0f714a81162304b30d6edbbbf/node_modules/@nestjs/core/injector/instance-loader.js:22:13)
    at TestingInstanceLoader.createInstancesOfDependencies (/home/arligle/V1/Aiofix/aiofix-ai-saas-platform/node_modules/.pnpm/@nestjs+testing@11.1.6_@nestjs+common@11.1.6_class-transformer@0.5.1_class-validator@0._ff6a79f0d3e76ddb2b73722d992783a6/node_modules/@nestjs/testing/testing-instance-loader.js:9:9)
    at TestingModuleBuilder.createInstancesOfDependencies (/home/arligle/V1/Aiofix/aiofix-ai-saas-platform/node_modules/.pnpm/@nestjs+testing@11.1.6_@nestjs+common@11.1.6_class-transformer@0.5.1_class-validator@0._ff6a79f0d3e76ddb2b73722d992783a6/node_modules/@nestjs/testing/testing-module.builder.js:118:9)
    at TestingModuleBuilder.compile (/home/arligle/V1/Aiofix/aiofix-ai-saas-platform/node_modules/.pnpm/@nestjs+testing@11.1.6_@nestjs+common@11.1.6_class-transformer@0.5.1_class-validator@0._ff6a79f0d3e76ddb2b73722d992783a6/node_modules/@nestjs/testing/testing-module.builder.js:74:9)
    at Object.&lt;anonymous&gt; (/home/arligle/V1/Aiofix/aiofix-ai-saas-platform/packages/cache/src/services/cache-invalidation.service.spec.ts:196:35)</failure>
      <failure>TypeError: Cannot read properties of undefined (reading &apos;onDestroy&apos;)
    at Object.&lt;anonymous&gt; (/home/arligle/V1/Aiofix/aiofix-ai-saas-platform/packages/cache/src/services/cache-invalidation.service.spec.ts:223:13)
    at Promise.then.completed (/home/arligle/V1/Aiofix/aiofix-ai-saas-platform/node_modules/.pnpm/jest-circus@29.7.0/node_modules/jest-circus/build/utils.js:298:28)
    at new Promise (&lt;anonymous&gt;)
    at callAsyncCircusFn (/home/arligle/V1/Aiofix/aiofix-ai-saas-platform/node_modules/.pnpm/jest-circus@29.7.0/node_modules/jest-circus/build/utils.js:231:10)
    at _callCircusHook (/home/arligle/V1/Aiofix/aiofix-ai-saas-platform/node_modules/.pnpm/jest-circus@29.7.0/node_modules/jest-circus/build/run.js:281:40)
    at _runTest (/home/arligle/V1/Aiofix/aiofix-ai-saas-platform/node_modules/.pnpm/jest-circus@29.7.0/node_modules/jest-circus/build/run.js:254:5)
    at _runTestsForDescribeBlock (/home/arligle/V1/Aiofix/aiofix-ai-saas-platform/node_modules/.pnpm/jest-circus@29.7.0/node_modules/jest-circus/build/run.js:126:9)
    at _runTestsForDescribeBlock (/home/arligle/V1/Aiofix/aiofix-ai-saas-platform/node_modules/.pnpm/jest-circus@29.7.0/node_modules/jest-circus/build/run.js:121:9)
    at _runTestsForDescribeBlock (/home/arligle/V1/Aiofix/aiofix-ai-saas-platform/node_modules/.pnpm/jest-circus@29.7.0/node_modules/jest-circus/build/run.js:121:9)
    at run (/home/arligle/V1/Aiofix/aiofix-ai-saas-platform/node_modules/.pnpm/jest-circus@29.7.0/node_modules/jest-circus/build/run.js:71:3)
    at runAndTransformResultsToJestFormat (/home/arligle/V1/Aiofix/aiofix-ai-saas-platform/node_modules/.pnpm/jest-circus@29.7.0/node_modules/jest-circus/build/legacy-code-todo-rewrite/jestAdapterInit.js:122:21)
    at jestAdapter (/home/arligle/V1/Aiofix/aiofix-ai-saas-platform/node_modules/.pnpm/jest-circus@29.7.0/node_modules/jest-circus/build/legacy-code-todo-rewrite/jestAdapter.js:79:19)
    at runTestInternal (/home/arligle/V1/Aiofix/aiofix-ai-saas-platform/node_modules/.pnpm/jest-runner@29.7.0/node_modules/jest-runner/build/runTest.js:367:16)
    at runTest (/home/arligle/V1/Aiofix/aiofix-ai-saas-platform/node_modules/.pnpm/jest-runner@29.7.0/node_modules/jest-runner/build/runTest.js:444:34)</failure>
    </testcase>
    <testcase classname="CacheInvalidationService › rule management" name="should update invalidation rule" time="0.003">
      <failure>TypeError: Cannot read properties of undefined (reading &apos;info&apos;)
    at _classThis.info [as startMonitoring] (/home/arligle/V1/Aiofix/aiofix-ai-saas-platform/packages/cache/src/services/cache-invalidation.service.ts:978:19)
    at new startMonitoring (/home/arligle/V1/Aiofix/aiofix-ai-saas-platform/packages/cache/src/services/cache-invalidation.service.ts:209:10)
    at TestingInjector.instantiateClass (/home/arligle/V1/Aiofix/aiofix-ai-saas-platform/node_modules/.pnpm/@nestjs+core@11.1.6_@nestjs+common@11.1.6_class-transformer@0.5.1_class-validator@0.14._bad85ac0f714a81162304b30d6edbbbf/node_modules/@nestjs/core/injector/injector.js:418:19)
    at callback (/home/arligle/V1/Aiofix/aiofix-ai-saas-platform/node_modules/.pnpm/@nestjs+core@11.1.6_@nestjs+common@11.1.6_class-transformer@0.5.1_class-validator@0.14._bad85ac0f714a81162304b30d6edbbbf/node_modules/@nestjs/core/injector/injector.js:70:45)
    at TestingInjector.resolveConstructorParams (/home/arligle/V1/Aiofix/aiofix-ai-saas-platform/node_modules/.pnpm/@nestjs+core@11.1.6_@nestjs+common@11.1.6_class-transformer@0.5.1_class-validator@0.14._bad85ac0f714a81162304b30d6edbbbf/node_modules/@nestjs/core/injector/injector.js:170:24)
    at TestingInjector.loadInstance (/home/arligle/V1/Aiofix/aiofix-ai-saas-platform/node_modules/.pnpm/@nestjs+core@11.1.6_@nestjs+common@11.1.6_class-transformer@0.5.1_class-validator@0.14._bad85ac0f714a81162304b30d6edbbbf/node_modules/@nestjs/core/injector/injector.js:75:13)
    at TestingInjector.loadProvider (/home/arligle/V1/Aiofix/aiofix-ai-saas-platform/node_modules/.pnpm/@nestjs+core@11.1.6_@nestjs+common@11.1.6_class-transformer@0.5.1_class-validator@0.14._bad85ac0f714a81162304b30d6edbbbf/node_modules/@nestjs/core/injector/injector.js:103:9)
    at /home/arligle/V1/Aiofix/aiofix-ai-saas-platform/node_modules/.pnpm/@nestjs+core@11.1.6_@nestjs+common@11.1.6_class-transformer@0.5.1_class-validator@0.14._bad85ac0f714a81162304b30d6edbbbf/node_modules/@nestjs/core/injector/instance-loader.js:56:13
    at async Promise.all (index 3)
    at TestingInstanceLoader.createInstancesOfProviders (/home/arligle/V1/Aiofix/aiofix-ai-saas-platform/node_modules/.pnpm/@nestjs+core@11.1.6_@nestjs+common@11.1.6_class-transformer@0.5.1_class-validator@0.14._bad85ac0f714a81162304b30d6edbbbf/node_modules/@nestjs/core/injector/instance-loader.js:55:9)
    at /home/arligle/V1/Aiofix/aiofix-ai-saas-platform/node_modules/.pnpm/@nestjs+core@11.1.6_@nestjs+common@11.1.6_class-transformer@0.5.1_class-validator@0.14._bad85ac0f714a81162304b30d6edbbbf/node_modules/@nestjs/core/injector/instance-loader.js:40:13
    at async Promise.all (index 1)
    at TestingInstanceLoader.createInstances (/home/arligle/V1/Aiofix/aiofix-ai-saas-platform/node_modules/.pnpm/@nestjs+core@11.1.6_@nestjs+common@11.1.6_class-transformer@0.5.1_class-validator@0.14._bad85ac0f714a81162304b30d6edbbbf/node_modules/@nestjs/core/injector/instance-loader.js:39:9)
    at TestingInstanceLoader.createInstancesOfDependencies (/home/arligle/V1/Aiofix/aiofix-ai-saas-platform/node_modules/.pnpm/@nestjs+core@11.1.6_@nestjs+common@11.1.6_class-transformer@0.5.1_class-validator@0.14._bad85ac0f714a81162304b30d6edbbbf/node_modules/@nestjs/core/injector/instance-loader.js:22:13)
    at TestingInstanceLoader.createInstancesOfDependencies (/home/arligle/V1/Aiofix/aiofix-ai-saas-platform/node_modules/.pnpm/@nestjs+testing@11.1.6_@nestjs+common@11.1.6_class-transformer@0.5.1_class-validator@0._ff6a79f0d3e76ddb2b73722d992783a6/node_modules/@nestjs/testing/testing-instance-loader.js:9:9)
    at TestingModuleBuilder.createInstancesOfDependencies (/home/arligle/V1/Aiofix/aiofix-ai-saas-platform/node_modules/.pnpm/@nestjs+testing@11.1.6_@nestjs+common@11.1.6_class-transformer@0.5.1_class-validator@0._ff6a79f0d3e76ddb2b73722d992783a6/node_modules/@nestjs/testing/testing-module.builder.js:118:9)
    at TestingModuleBuilder.compile (/home/arligle/V1/Aiofix/aiofix-ai-saas-platform/node_modules/.pnpm/@nestjs+testing@11.1.6_@nestjs+common@11.1.6_class-transformer@0.5.1_class-validator@0._ff6a79f0d3e76ddb2b73722d992783a6/node_modules/@nestjs/testing/testing-module.builder.js:74:9)
    at Object.&lt;anonymous&gt; (/home/arligle/V1/Aiofix/aiofix-ai-saas-platform/packages/cache/src/services/cache-invalidation.service.spec.ts:196:35)</failure>
      <failure>TypeError: Cannot read properties of undefined (reading &apos;onDestroy&apos;)
    at Object.&lt;anonymous&gt; (/home/arligle/V1/Aiofix/aiofix-ai-saas-platform/packages/cache/src/services/cache-invalidation.service.spec.ts:223:13)
    at Promise.then.completed (/home/arligle/V1/Aiofix/aiofix-ai-saas-platform/node_modules/.pnpm/jest-circus@29.7.0/node_modules/jest-circus/build/utils.js:298:28)
    at new Promise (&lt;anonymous&gt;)
    at callAsyncCircusFn (/home/arligle/V1/Aiofix/aiofix-ai-saas-platform/node_modules/.pnpm/jest-circus@29.7.0/node_modules/jest-circus/build/utils.js:231:10)
    at _callCircusHook (/home/arligle/V1/Aiofix/aiofix-ai-saas-platform/node_modules/.pnpm/jest-circus@29.7.0/node_modules/jest-circus/build/run.js:281:40)
    at _runTest (/home/arligle/V1/Aiofix/aiofix-ai-saas-platform/node_modules/.pnpm/jest-circus@29.7.0/node_modules/jest-circus/build/run.js:254:5)
    at _runTestsForDescribeBlock (/home/arligle/V1/Aiofix/aiofix-ai-saas-platform/node_modules/.pnpm/jest-circus@29.7.0/node_modules/jest-circus/build/run.js:126:9)
    at _runTestsForDescribeBlock (/home/arligle/V1/Aiofix/aiofix-ai-saas-platform/node_modules/.pnpm/jest-circus@29.7.0/node_modules/jest-circus/build/run.js:121:9)
    at _runTestsForDescribeBlock (/home/arligle/V1/Aiofix/aiofix-ai-saas-platform/node_modules/.pnpm/jest-circus@29.7.0/node_modules/jest-circus/build/run.js:121:9)
    at run (/home/arligle/V1/Aiofix/aiofix-ai-saas-platform/node_modules/.pnpm/jest-circus@29.7.0/node_modules/jest-circus/build/run.js:71:3)
    at runAndTransformResultsToJestFormat (/home/arligle/V1/Aiofix/aiofix-ai-saas-platform/node_modules/.pnpm/jest-circus@29.7.0/node_modules/jest-circus/build/legacy-code-todo-rewrite/jestAdapterInit.js:122:21)
    at jestAdapter (/home/arligle/V1/Aiofix/aiofix-ai-saas-platform/node_modules/.pnpm/jest-circus@29.7.0/node_modules/jest-circus/build/legacy-code-todo-rewrite/jestAdapter.js:79:19)
    at runTestInternal (/home/arligle/V1/Aiofix/aiofix-ai-saas-platform/node_modules/.pnpm/jest-runner@29.7.0/node_modules/jest-runner/build/runTest.js:367:16)
    at runTest (/home/arligle/V1/Aiofix/aiofix-ai-saas-platform/node_modules/.pnpm/jest-runner@29.7.0/node_modules/jest-runner/build/runTest.js:444:34)</failure>
    </testcase>
    <testcase classname="CacheInvalidationService › rule management" name="should get invalidation rule" time="0.001">
      <failure>TypeError: Cannot read properties of undefined (reading &apos;info&apos;)
    at _classThis.info [as startMonitoring] (/home/arligle/V1/Aiofix/aiofix-ai-saas-platform/packages/cache/src/services/cache-invalidation.service.ts:978:19)
    at new startMonitoring (/home/arligle/V1/Aiofix/aiofix-ai-saas-platform/packages/cache/src/services/cache-invalidation.service.ts:209:10)
    at TestingInjector.instantiateClass (/home/arligle/V1/Aiofix/aiofix-ai-saas-platform/node_modules/.pnpm/@nestjs+core@11.1.6_@nestjs+common@11.1.6_class-transformer@0.5.1_class-validator@0.14._bad85ac0f714a81162304b30d6edbbbf/node_modules/@nestjs/core/injector/injector.js:418:19)
    at callback (/home/arligle/V1/Aiofix/aiofix-ai-saas-platform/node_modules/.pnpm/@nestjs+core@11.1.6_@nestjs+common@11.1.6_class-transformer@0.5.1_class-validator@0.14._bad85ac0f714a81162304b30d6edbbbf/node_modules/@nestjs/core/injector/injector.js:70:45)
    at TestingInjector.resolveConstructorParams (/home/arligle/V1/Aiofix/aiofix-ai-saas-platform/node_modules/.pnpm/@nestjs+core@11.1.6_@nestjs+common@11.1.6_class-transformer@0.5.1_class-validator@0.14._bad85ac0f714a81162304b30d6edbbbf/node_modules/@nestjs/core/injector/injector.js:170:24)
    at TestingInjector.loadInstance (/home/arligle/V1/Aiofix/aiofix-ai-saas-platform/node_modules/.pnpm/@nestjs+core@11.1.6_@nestjs+common@11.1.6_class-transformer@0.5.1_class-validator@0.14._bad85ac0f714a81162304b30d6edbbbf/node_modules/@nestjs/core/injector/injector.js:75:13)
    at TestingInjector.loadProvider (/home/arligle/V1/Aiofix/aiofix-ai-saas-platform/node_modules/.pnpm/@nestjs+core@11.1.6_@nestjs+common@11.1.6_class-transformer@0.5.1_class-validator@0.14._bad85ac0f714a81162304b30d6edbbbf/node_modules/@nestjs/core/injector/injector.js:103:9)
    at /home/arligle/V1/Aiofix/aiofix-ai-saas-platform/node_modules/.pnpm/@nestjs+core@11.1.6_@nestjs+common@11.1.6_class-transformer@0.5.1_class-validator@0.14._bad85ac0f714a81162304b30d6edbbbf/node_modules/@nestjs/core/injector/instance-loader.js:56:13
    at async Promise.all (index 3)
    at TestingInstanceLoader.createInstancesOfProviders (/home/arligle/V1/Aiofix/aiofix-ai-saas-platform/node_modules/.pnpm/@nestjs+core@11.1.6_@nestjs+common@11.1.6_class-transformer@0.5.1_class-validator@0.14._bad85ac0f714a81162304b30d6edbbbf/node_modules/@nestjs/core/injector/instance-loader.js:55:9)
    at /home/arligle/V1/Aiofix/aiofix-ai-saas-platform/node_modules/.pnpm/@nestjs+core@11.1.6_@nestjs+common@11.1.6_class-transformer@0.5.1_class-validator@0.14._bad85ac0f714a81162304b30d6edbbbf/node_modules/@nestjs/core/injector/instance-loader.js:40:13
    at async Promise.all (index 1)
    at TestingInstanceLoader.createInstances (/home/arligle/V1/Aiofix/aiofix-ai-saas-platform/node_modules/.pnpm/@nestjs+core@11.1.6_@nestjs+common@11.1.6_class-transformer@0.5.1_class-validator@0.14._bad85ac0f714a81162304b30d6edbbbf/node_modules/@nestjs/core/injector/instance-loader.js:39:9)
    at TestingInstanceLoader.createInstancesOfDependencies (/home/arligle/V1/Aiofix/aiofix-ai-saas-platform/node_modules/.pnpm/@nestjs+core@11.1.6_@nestjs+common@11.1.6_class-transformer@0.5.1_class-validator@0.14._bad85ac0f714a81162304b30d6edbbbf/node_modules/@nestjs/core/injector/instance-loader.js:22:13)
    at TestingInstanceLoader.createInstancesOfDependencies (/home/arligle/V1/Aiofix/aiofix-ai-saas-platform/node_modules/.pnpm/@nestjs+testing@11.1.6_@nestjs+common@11.1.6_class-transformer@0.5.1_class-validator@0._ff6a79f0d3e76ddb2b73722d992783a6/node_modules/@nestjs/testing/testing-instance-loader.js:9:9)
    at TestingModuleBuilder.createInstancesOfDependencies (/home/arligle/V1/Aiofix/aiofix-ai-saas-platform/node_modules/.pnpm/@nestjs+testing@11.1.6_@nestjs+common@11.1.6_class-transformer@0.5.1_class-validator@0._ff6a79f0d3e76ddb2b73722d992783a6/node_modules/@nestjs/testing/testing-module.builder.js:118:9)
    at TestingModuleBuilder.compile (/home/arligle/V1/Aiofix/aiofix-ai-saas-platform/node_modules/.pnpm/@nestjs+testing@11.1.6_@nestjs+common@11.1.6_class-transformer@0.5.1_class-validator@0._ff6a79f0d3e76ddb2b73722d992783a6/node_modules/@nestjs/testing/testing-module.builder.js:74:9)
    at Object.&lt;anonymous&gt; (/home/arligle/V1/Aiofix/aiofix-ai-saas-platform/packages/cache/src/services/cache-invalidation.service.spec.ts:196:35)</failure>
      <failure>TypeError: Cannot read properties of undefined (reading &apos;onDestroy&apos;)
    at Object.&lt;anonymous&gt; (/home/arligle/V1/Aiofix/aiofix-ai-saas-platform/packages/cache/src/services/cache-invalidation.service.spec.ts:223:13)
    at Promise.then.completed (/home/arligle/V1/Aiofix/aiofix-ai-saas-platform/node_modules/.pnpm/jest-circus@29.7.0/node_modules/jest-circus/build/utils.js:298:28)
    at new Promise (&lt;anonymous&gt;)
    at callAsyncCircusFn (/home/arligle/V1/Aiofix/aiofix-ai-saas-platform/node_modules/.pnpm/jest-circus@29.7.0/node_modules/jest-circus/build/utils.js:231:10)
    at _callCircusHook (/home/arligle/V1/Aiofix/aiofix-ai-saas-platform/node_modules/.pnpm/jest-circus@29.7.0/node_modules/jest-circus/build/run.js:281:40)
    at _runTest (/home/arligle/V1/Aiofix/aiofix-ai-saas-platform/node_modules/.pnpm/jest-circus@29.7.0/node_modules/jest-circus/build/run.js:254:5)
    at _runTestsForDescribeBlock (/home/arligle/V1/Aiofix/aiofix-ai-saas-platform/node_modules/.pnpm/jest-circus@29.7.0/node_modules/jest-circus/build/run.js:126:9)
    at _runTestsForDescribeBlock (/home/arligle/V1/Aiofix/aiofix-ai-saas-platform/node_modules/.pnpm/jest-circus@29.7.0/node_modules/jest-circus/build/run.js:121:9)
    at _runTestsForDescribeBlock (/home/arligle/V1/Aiofix/aiofix-ai-saas-platform/node_modules/.pnpm/jest-circus@29.7.0/node_modules/jest-circus/build/run.js:121:9)
    at run (/home/arligle/V1/Aiofix/aiofix-ai-saas-platform/node_modules/.pnpm/jest-circus@29.7.0/node_modules/jest-circus/build/run.js:71:3)
    at runAndTransformResultsToJestFormat (/home/arligle/V1/Aiofix/aiofix-ai-saas-platform/node_modules/.pnpm/jest-circus@29.7.0/node_modules/jest-circus/build/legacy-code-todo-rewrite/jestAdapterInit.js:122:21)
    at jestAdapter (/home/arligle/V1/Aiofix/aiofix-ai-saas-platform/node_modules/.pnpm/jest-circus@29.7.0/node_modules/jest-circus/build/legacy-code-todo-rewrite/jestAdapter.js:79:19)
    at runTestInternal (/home/arligle/V1/Aiofix/aiofix-ai-saas-platform/node_modules/.pnpm/jest-runner@29.7.0/node_modules/jest-runner/build/runTest.js:367:16)
    at runTest (/home/arligle/V1/Aiofix/aiofix-ai-saas-platform/node_modules/.pnpm/jest-runner@29.7.0/node_modules/jest-runner/build/runTest.js:444:34)</failure>
    </testcase>
    <testcase classname="CacheInvalidationService › rule management" name="should get all rules with enabled filter" time="0.001">
      <failure>TypeError: Cannot read properties of undefined (reading &apos;info&apos;)
    at _classThis.info [as startMonitoring] (/home/arligle/V1/Aiofix/aiofix-ai-saas-platform/packages/cache/src/services/cache-invalidation.service.ts:978:19)
    at new startMonitoring (/home/arligle/V1/Aiofix/aiofix-ai-saas-platform/packages/cache/src/services/cache-invalidation.service.ts:209:10)
    at TestingInjector.instantiateClass (/home/arligle/V1/Aiofix/aiofix-ai-saas-platform/node_modules/.pnpm/@nestjs+core@11.1.6_@nestjs+common@11.1.6_class-transformer@0.5.1_class-validator@0.14._bad85ac0f714a81162304b30d6edbbbf/node_modules/@nestjs/core/injector/injector.js:418:19)
    at callback (/home/arligle/V1/Aiofix/aiofix-ai-saas-platform/node_modules/.pnpm/@nestjs+core@11.1.6_@nestjs+common@11.1.6_class-transformer@0.5.1_class-validator@0.14._bad85ac0f714a81162304b30d6edbbbf/node_modules/@nestjs/core/injector/injector.js:70:45)
    at TestingInjector.resolveConstructorParams (/home/arligle/V1/Aiofix/aiofix-ai-saas-platform/node_modules/.pnpm/@nestjs+core@11.1.6_@nestjs+common@11.1.6_class-transformer@0.5.1_class-validator@0.14._bad85ac0f714a81162304b30d6edbbbf/node_modules/@nestjs/core/injector/injector.js:170:24)
    at TestingInjector.loadInstance (/home/arligle/V1/Aiofix/aiofix-ai-saas-platform/node_modules/.pnpm/@nestjs+core@11.1.6_@nestjs+common@11.1.6_class-transformer@0.5.1_class-validator@0.14._bad85ac0f714a81162304b30d6edbbbf/node_modules/@nestjs/core/injector/injector.js:75:13)
    at TestingInjector.loadProvider (/home/arligle/V1/Aiofix/aiofix-ai-saas-platform/node_modules/.pnpm/@nestjs+core@11.1.6_@nestjs+common@11.1.6_class-transformer@0.5.1_class-validator@0.14._bad85ac0f714a81162304b30d6edbbbf/node_modules/@nestjs/core/injector/injector.js:103:9)
    at /home/arligle/V1/Aiofix/aiofix-ai-saas-platform/node_modules/.pnpm/@nestjs+core@11.1.6_@nestjs+common@11.1.6_class-transformer@0.5.1_class-validator@0.14._bad85ac0f714a81162304b30d6edbbbf/node_modules/@nestjs/core/injector/instance-loader.js:56:13
    at async Promise.all (index 3)
    at TestingInstanceLoader.createInstancesOfProviders (/home/arligle/V1/Aiofix/aiofix-ai-saas-platform/node_modules/.pnpm/@nestjs+core@11.1.6_@nestjs+common@11.1.6_class-transformer@0.5.1_class-validator@0.14._bad85ac0f714a81162304b30d6edbbbf/node_modules/@nestjs/core/injector/instance-loader.js:55:9)
    at /home/arligle/V1/Aiofix/aiofix-ai-saas-platform/node_modules/.pnpm/@nestjs+core@11.1.6_@nestjs+common@11.1.6_class-transformer@0.5.1_class-validator@0.14._bad85ac0f714a81162304b30d6edbbbf/node_modules/@nestjs/core/injector/instance-loader.js:40:13
    at async Promise.all (index 1)
    at TestingInstanceLoader.createInstances (/home/arligle/V1/Aiofix/aiofix-ai-saas-platform/node_modules/.pnpm/@nestjs+core@11.1.6_@nestjs+common@11.1.6_class-transformer@0.5.1_class-validator@0.14._bad85ac0f714a81162304b30d6edbbbf/node_modules/@nestjs/core/injector/instance-loader.js:39:9)
    at TestingInstanceLoader.createInstancesOfDependencies (/home/arligle/V1/Aiofix/aiofix-ai-saas-platform/node_modules/.pnpm/@nestjs+core@11.1.6_@nestjs+common@11.1.6_class-transformer@0.5.1_class-validator@0.14._bad85ac0f714a81162304b30d6edbbbf/node_modules/@nestjs/core/injector/instance-loader.js:22:13)
    at TestingInstanceLoader.createInstancesOfDependencies (/home/arligle/V1/Aiofix/aiofix-ai-saas-platform/node_modules/.pnpm/@nestjs+testing@11.1.6_@nestjs+common@11.1.6_class-transformer@0.5.1_class-validator@0._ff6a79f0d3e76ddb2b73722d992783a6/node_modules/@nestjs/testing/testing-instance-loader.js:9:9)
    at TestingModuleBuilder.createInstancesOfDependencies (/home/arligle/V1/Aiofix/aiofix-ai-saas-platform/node_modules/.pnpm/@nestjs+testing@11.1.6_@nestjs+common@11.1.6_class-transformer@0.5.1_class-validator@0._ff6a79f0d3e76ddb2b73722d992783a6/node_modules/@nestjs/testing/testing-module.builder.js:118:9)
    at TestingModuleBuilder.compile (/home/arligle/V1/Aiofix/aiofix-ai-saas-platform/node_modules/.pnpm/@nestjs+testing@11.1.6_@nestjs+common@11.1.6_class-transformer@0.5.1_class-validator@0._ff6a79f0d3e76ddb2b73722d992783a6/node_modules/@nestjs/testing/testing-module.builder.js:74:9)
    at Object.&lt;anonymous&gt; (/home/arligle/V1/Aiofix/aiofix-ai-saas-platform/packages/cache/src/services/cache-invalidation.service.spec.ts:196:35)</failure>
      <failure>TypeError: Cannot read properties of undefined (reading &apos;onDestroy&apos;)
    at Object.&lt;anonymous&gt; (/home/arligle/V1/Aiofix/aiofix-ai-saas-platform/packages/cache/src/services/cache-invalidation.service.spec.ts:223:13)
    at Promise.then.completed (/home/arligle/V1/Aiofix/aiofix-ai-saas-platform/node_modules/.pnpm/jest-circus@29.7.0/node_modules/jest-circus/build/utils.js:298:28)
    at new Promise (&lt;anonymous&gt;)
    at callAsyncCircusFn (/home/arligle/V1/Aiofix/aiofix-ai-saas-platform/node_modules/.pnpm/jest-circus@29.7.0/node_modules/jest-circus/build/utils.js:231:10)
    at _callCircusHook (/home/arligle/V1/Aiofix/aiofix-ai-saas-platform/node_modules/.pnpm/jest-circus@29.7.0/node_modules/jest-circus/build/run.js:281:40)
    at _runTest (/home/arligle/V1/Aiofix/aiofix-ai-saas-platform/node_modules/.pnpm/jest-circus@29.7.0/node_modules/jest-circus/build/run.js:254:5)
    at _runTestsForDescribeBlock (/home/arligle/V1/Aiofix/aiofix-ai-saas-platform/node_modules/.pnpm/jest-circus@29.7.0/node_modules/jest-circus/build/run.js:126:9)
    at _runTestsForDescribeBlock (/home/arligle/V1/Aiofix/aiofix-ai-saas-platform/node_modules/.pnpm/jest-circus@29.7.0/node_modules/jest-circus/build/run.js:121:9)
    at _runTestsForDescribeBlock (/home/arligle/V1/Aiofix/aiofix-ai-saas-platform/node_modules/.pnpm/jest-circus@29.7.0/node_modules/jest-circus/build/run.js:121:9)
    at run (/home/arligle/V1/Aiofix/aiofix-ai-saas-platform/node_modules/.pnpm/jest-circus@29.7.0/node_modules/jest-circus/build/run.js:71:3)
    at runAndTransformResultsToJestFormat (/home/arligle/V1/Aiofix/aiofix-ai-saas-platform/node_modules/.pnpm/jest-circus@29.7.0/node_modules/jest-circus/build/legacy-code-todo-rewrite/jestAdapterInit.js:122:21)
    at jestAdapter (/home/arligle/V1/Aiofix/aiofix-ai-saas-platform/node_modules/.pnpm/jest-circus@29.7.0/node_modules/jest-circus/build/legacy-code-todo-rewrite/jestAdapter.js:79:19)
    at runTestInternal (/home/arligle/V1/Aiofix/aiofix-ai-saas-platform/node_modules/.pnpm/jest-runner@29.7.0/node_modules/jest-runner/build/runTest.js:367:16)
    at runTest (/home/arligle/V1/Aiofix/aiofix-ai-saas-platform/node_modules/.pnpm/jest-runner@29.7.0/node_modules/jest-runner/build/runTest.js:444:34)</failure>
    </testcase>
    <testcase classname="CacheInvalidationService › cache invalidation" name="should invalidate exact keys" time="0.001">
      <failure>TypeError: Cannot read properties of undefined (reading &apos;info&apos;)
    at _classThis.info [as startMonitoring] (/home/arligle/V1/Aiofix/aiofix-ai-saas-platform/packages/cache/src/services/cache-invalidation.service.ts:978:19)
    at new startMonitoring (/home/arligle/V1/Aiofix/aiofix-ai-saas-platform/packages/cache/src/services/cache-invalidation.service.ts:209:10)
    at TestingInjector.instantiateClass (/home/arligle/V1/Aiofix/aiofix-ai-saas-platform/node_modules/.pnpm/@nestjs+core@11.1.6_@nestjs+common@11.1.6_class-transformer@0.5.1_class-validator@0.14._bad85ac0f714a81162304b30d6edbbbf/node_modules/@nestjs/core/injector/injector.js:418:19)
    at callback (/home/arligle/V1/Aiofix/aiofix-ai-saas-platform/node_modules/.pnpm/@nestjs+core@11.1.6_@nestjs+common@11.1.6_class-transformer@0.5.1_class-validator@0.14._bad85ac0f714a81162304b30d6edbbbf/node_modules/@nestjs/core/injector/injector.js:70:45)
    at TestingInjector.resolveConstructorParams (/home/arligle/V1/Aiofix/aiofix-ai-saas-platform/node_modules/.pnpm/@nestjs+core@11.1.6_@nestjs+common@11.1.6_class-transformer@0.5.1_class-validator@0.14._bad85ac0f714a81162304b30d6edbbbf/node_modules/@nestjs/core/injector/injector.js:170:24)
    at TestingInjector.loadInstance (/home/arligle/V1/Aiofix/aiofix-ai-saas-platform/node_modules/.pnpm/@nestjs+core@11.1.6_@nestjs+common@11.1.6_class-transformer@0.5.1_class-validator@0.14._bad85ac0f714a81162304b30d6edbbbf/node_modules/@nestjs/core/injector/injector.js:75:13)
    at TestingInjector.loadProvider (/home/arligle/V1/Aiofix/aiofix-ai-saas-platform/node_modules/.pnpm/@nestjs+core@11.1.6_@nestjs+common@11.1.6_class-transformer@0.5.1_class-validator@0.14._bad85ac0f714a81162304b30d6edbbbf/node_modules/@nestjs/core/injector/injector.js:103:9)
    at /home/arligle/V1/Aiofix/aiofix-ai-saas-platform/node_modules/.pnpm/@nestjs+core@11.1.6_@nestjs+common@11.1.6_class-transformer@0.5.1_class-validator@0.14._bad85ac0f714a81162304b30d6edbbbf/node_modules/@nestjs/core/injector/instance-loader.js:56:13
    at async Promise.all (index 3)
    at TestingInstanceLoader.createInstancesOfProviders (/home/arligle/V1/Aiofix/aiofix-ai-saas-platform/node_modules/.pnpm/@nestjs+core@11.1.6_@nestjs+common@11.1.6_class-transformer@0.5.1_class-validator@0.14._bad85ac0f714a81162304b30d6edbbbf/node_modules/@nestjs/core/injector/instance-loader.js:55:9)
    at /home/arligle/V1/Aiofix/aiofix-ai-saas-platform/node_modules/.pnpm/@nestjs+core@11.1.6_@nestjs+common@11.1.6_class-transformer@0.5.1_class-validator@0.14._bad85ac0f714a81162304b30d6edbbbf/node_modules/@nestjs/core/injector/instance-loader.js:40:13
    at async Promise.all (index 1)
    at TestingInstanceLoader.createInstances (/home/arligle/V1/Aiofix/aiofix-ai-saas-platform/node_modules/.pnpm/@nestjs+core@11.1.6_@nestjs+common@11.1.6_class-transformer@0.5.1_class-validator@0.14._bad85ac0f714a81162304b30d6edbbbf/node_modules/@nestjs/core/injector/instance-loader.js:39:9)
    at TestingInstanceLoader.createInstancesOfDependencies (/home/arligle/V1/Aiofix/aiofix-ai-saas-platform/node_modules/.pnpm/@nestjs+core@11.1.6_@nestjs+common@11.1.6_class-transformer@0.5.1_class-validator@0.14._bad85ac0f714a81162304b30d6edbbbf/node_modules/@nestjs/core/injector/instance-loader.js:22:13)
    at TestingInstanceLoader.createInstancesOfDependencies (/home/arligle/V1/Aiofix/aiofix-ai-saas-platform/node_modules/.pnpm/@nestjs+testing@11.1.6_@nestjs+common@11.1.6_class-transformer@0.5.1_class-validator@0._ff6a79f0d3e76ddb2b73722d992783a6/node_modules/@nestjs/testing/testing-instance-loader.js:9:9)
    at TestingModuleBuilder.createInstancesOfDependencies (/home/arligle/V1/Aiofix/aiofix-ai-saas-platform/node_modules/.pnpm/@nestjs+testing@11.1.6_@nestjs+common@11.1.6_class-transformer@0.5.1_class-validator@0._ff6a79f0d3e76ddb2b73722d992783a6/node_modules/@nestjs/testing/testing-module.builder.js:118:9)
    at TestingModuleBuilder.compile (/home/arligle/V1/Aiofix/aiofix-ai-saas-platform/node_modules/.pnpm/@nestjs+testing@11.1.6_@nestjs+common@11.1.6_class-transformer@0.5.1_class-validator@0._ff6a79f0d3e76ddb2b73722d992783a6/node_modules/@nestjs/testing/testing-module.builder.js:74:9)
    at Object.&lt;anonymous&gt; (/home/arligle/V1/Aiofix/aiofix-ai-saas-platform/packages/cache/src/services/cache-invalidation.service.spec.ts:196:35)</failure>
      <failure>TypeError: Cannot read properties of undefined (reading &apos;onDestroy&apos;)
    at Object.&lt;anonymous&gt; (/home/arligle/V1/Aiofix/aiofix-ai-saas-platform/packages/cache/src/services/cache-invalidation.service.spec.ts:223:13)
    at Promise.then.completed (/home/arligle/V1/Aiofix/aiofix-ai-saas-platform/node_modules/.pnpm/jest-circus@29.7.0/node_modules/jest-circus/build/utils.js:298:28)
    at new Promise (&lt;anonymous&gt;)
    at callAsyncCircusFn (/home/arligle/V1/Aiofix/aiofix-ai-saas-platform/node_modules/.pnpm/jest-circus@29.7.0/node_modules/jest-circus/build/utils.js:231:10)
    at _callCircusHook (/home/arligle/V1/Aiofix/aiofix-ai-saas-platform/node_modules/.pnpm/jest-circus@29.7.0/node_modules/jest-circus/build/run.js:281:40)
    at _runTest (/home/arligle/V1/Aiofix/aiofix-ai-saas-platform/node_modules/.pnpm/jest-circus@29.7.0/node_modules/jest-circus/build/run.js:254:5)
    at _runTestsForDescribeBlock (/home/arligle/V1/Aiofix/aiofix-ai-saas-platform/node_modules/.pnpm/jest-circus@29.7.0/node_modules/jest-circus/build/run.js:126:9)
    at _runTestsForDescribeBlock (/home/arligle/V1/Aiofix/aiofix-ai-saas-platform/node_modules/.pnpm/jest-circus@29.7.0/node_modules/jest-circus/build/run.js:121:9)
    at _runTestsForDescribeBlock (/home/arligle/V1/Aiofix/aiofix-ai-saas-platform/node_modules/.pnpm/jest-circus@29.7.0/node_modules/jest-circus/build/run.js:121:9)
    at run (/home/arligle/V1/Aiofix/aiofix-ai-saas-platform/node_modules/.pnpm/jest-circus@29.7.0/node_modules/jest-circus/build/run.js:71:3)
    at runAndTransformResultsToJestFormat (/home/arligle/V1/Aiofix/aiofix-ai-saas-platform/node_modules/.pnpm/jest-circus@29.7.0/node_modules/jest-circus/build/legacy-code-todo-rewrite/jestAdapterInit.js:122:21)
    at jestAdapter (/home/arligle/V1/Aiofix/aiofix-ai-saas-platform/node_modules/.pnpm/jest-circus@29.7.0/node_modules/jest-circus/build/legacy-code-todo-rewrite/jestAdapter.js:79:19)
    at runTestInternal (/home/arligle/V1/Aiofix/aiofix-ai-saas-platform/node_modules/.pnpm/jest-runner@29.7.0/node_modules/jest-runner/build/runTest.js:367:16)
    at runTest (/home/arligle/V1/Aiofix/aiofix-ai-saas-platform/node_modules/.pnpm/jest-runner@29.7.0/node_modules/jest-runner/build/runTest.js:444:34)</failure>
    </testcase>
    <testcase classname="CacheInvalidationService › cache invalidation" name="should invalidate by namespace" time="0.002">
      <failure>TypeError: Cannot read properties of undefined (reading &apos;info&apos;)
    at _classThis.info [as startMonitoring] (/home/arligle/V1/Aiofix/aiofix-ai-saas-platform/packages/cache/src/services/cache-invalidation.service.ts:978:19)
    at new startMonitoring (/home/arligle/V1/Aiofix/aiofix-ai-saas-platform/packages/cache/src/services/cache-invalidation.service.ts:209:10)
    at TestingInjector.instantiateClass (/home/arligle/V1/Aiofix/aiofix-ai-saas-platform/node_modules/.pnpm/@nestjs+core@11.1.6_@nestjs+common@11.1.6_class-transformer@0.5.1_class-validator@0.14._bad85ac0f714a81162304b30d6edbbbf/node_modules/@nestjs/core/injector/injector.js:418:19)
    at callback (/home/arligle/V1/Aiofix/aiofix-ai-saas-platform/node_modules/.pnpm/@nestjs+core@11.1.6_@nestjs+common@11.1.6_class-transformer@0.5.1_class-validator@0.14._bad85ac0f714a81162304b30d6edbbbf/node_modules/@nestjs/core/injector/injector.js:70:45)
    at TestingInjector.resolveConstructorParams (/home/arligle/V1/Aiofix/aiofix-ai-saas-platform/node_modules/.pnpm/@nestjs+core@11.1.6_@nestjs+common@11.1.6_class-transformer@0.5.1_class-validator@0.14._bad85ac0f714a81162304b30d6edbbbf/node_modules/@nestjs/core/injector/injector.js:170:24)
    at TestingInjector.loadInstance (/home/arligle/V1/Aiofix/aiofix-ai-saas-platform/node_modules/.pnpm/@nestjs+core@11.1.6_@nestjs+common@11.1.6_class-transformer@0.5.1_class-validator@0.14._bad85ac0f714a81162304b30d6edbbbf/node_modules/@nestjs/core/injector/injector.js:75:13)
    at TestingInjector.loadProvider (/home/arligle/V1/Aiofix/aiofix-ai-saas-platform/node_modules/.pnpm/@nestjs+core@11.1.6_@nestjs+common@11.1.6_class-transformer@0.5.1_class-validator@0.14._bad85ac0f714a81162304b30d6edbbbf/node_modules/@nestjs/core/injector/injector.js:103:9)
    at /home/arligle/V1/Aiofix/aiofix-ai-saas-platform/node_modules/.pnpm/@nestjs+core@11.1.6_@nestjs+common@11.1.6_class-transformer@0.5.1_class-validator@0.14._bad85ac0f714a81162304b30d6edbbbf/node_modules/@nestjs/core/injector/instance-loader.js:56:13
    at async Promise.all (index 3)
    at TestingInstanceLoader.createInstancesOfProviders (/home/arligle/V1/Aiofix/aiofix-ai-saas-platform/node_modules/.pnpm/@nestjs+core@11.1.6_@nestjs+common@11.1.6_class-transformer@0.5.1_class-validator@0.14._bad85ac0f714a81162304b30d6edbbbf/node_modules/@nestjs/core/injector/instance-loader.js:55:9)
    at /home/arligle/V1/Aiofix/aiofix-ai-saas-platform/node_modules/.pnpm/@nestjs+core@11.1.6_@nestjs+common@11.1.6_class-transformer@0.5.1_class-validator@0.14._bad85ac0f714a81162304b30d6edbbbf/node_modules/@nestjs/core/injector/instance-loader.js:40:13
    at async Promise.all (index 1)
    at TestingInstanceLoader.createInstances (/home/arligle/V1/Aiofix/aiofix-ai-saas-platform/node_modules/.pnpm/@nestjs+core@11.1.6_@nestjs+common@11.1.6_class-transformer@0.5.1_class-validator@0.14._bad85ac0f714a81162304b30d6edbbbf/node_modules/@nestjs/core/injector/instance-loader.js:39:9)
    at TestingInstanceLoader.createInstancesOfDependencies (/home/arligle/V1/Aiofix/aiofix-ai-saas-platform/node_modules/.pnpm/@nestjs+core@11.1.6_@nestjs+common@11.1.6_class-transformer@0.5.1_class-validator@0.14._bad85ac0f714a81162304b30d6edbbbf/node_modules/@nestjs/core/injector/instance-loader.js:22:13)
    at TestingInstanceLoader.createInstancesOfDependencies (/home/arligle/V1/Aiofix/aiofix-ai-saas-platform/node_modules/.pnpm/@nestjs+testing@11.1.6_@nestjs+common@11.1.6_class-transformer@0.5.1_class-validator@0._ff6a79f0d3e76ddb2b73722d992783a6/node_modules/@nestjs/testing/testing-instance-loader.js:9:9)
    at TestingModuleBuilder.createInstancesOfDependencies (/home/arligle/V1/Aiofix/aiofix-ai-saas-platform/node_modules/.pnpm/@nestjs+testing@11.1.6_@nestjs+common@11.1.6_class-transformer@0.5.1_class-validator@0._ff6a79f0d3e76ddb2b73722d992783a6/node_modules/@nestjs/testing/testing-module.builder.js:118:9)
    at TestingModuleBuilder.compile (/home/arligle/V1/Aiofix/aiofix-ai-saas-platform/node_modules/.pnpm/@nestjs+testing@11.1.6_@nestjs+common@11.1.6_class-transformer@0.5.1_class-validator@0._ff6a79f0d3e76ddb2b73722d992783a6/node_modules/@nestjs/testing/testing-module.builder.js:74:9)
    at Object.&lt;anonymous&gt; (/home/arligle/V1/Aiofix/aiofix-ai-saas-platform/packages/cache/src/services/cache-invalidation.service.spec.ts:196:35)</failure>
      <failure>TypeError: Cannot read properties of undefined (reading &apos;onDestroy&apos;)
    at Object.&lt;anonymous&gt; (/home/arligle/V1/Aiofix/aiofix-ai-saas-platform/packages/cache/src/services/cache-invalidation.service.spec.ts:223:13)
    at Promise.then.completed (/home/arligle/V1/Aiofix/aiofix-ai-saas-platform/node_modules/.pnpm/jest-circus@29.7.0/node_modules/jest-circus/build/utils.js:298:28)
    at new Promise (&lt;anonymous&gt;)
    at callAsyncCircusFn (/home/arligle/V1/Aiofix/aiofix-ai-saas-platform/node_modules/.pnpm/jest-circus@29.7.0/node_modules/jest-circus/build/utils.js:231:10)
    at _callCircusHook (/home/arligle/V1/Aiofix/aiofix-ai-saas-platform/node_modules/.pnpm/jest-circus@29.7.0/node_modules/jest-circus/build/run.js:281:40)
    at _runTest (/home/arligle/V1/Aiofix/aiofix-ai-saas-platform/node_modules/.pnpm/jest-circus@29.7.0/node_modules/jest-circus/build/run.js:254:5)
    at _runTestsForDescribeBlock (/home/arligle/V1/Aiofix/aiofix-ai-saas-platform/node_modules/.pnpm/jest-circus@29.7.0/node_modules/jest-circus/build/run.js:126:9)
    at _runTestsForDescribeBlock (/home/arligle/V1/Aiofix/aiofix-ai-saas-platform/node_modules/.pnpm/jest-circus@29.7.0/node_modules/jest-circus/build/run.js:121:9)
    at _runTestsForDescribeBlock (/home/arligle/V1/Aiofix/aiofix-ai-saas-platform/node_modules/.pnpm/jest-circus@29.7.0/node_modules/jest-circus/build/run.js:121:9)
    at run (/home/arligle/V1/Aiofix/aiofix-ai-saas-platform/node_modules/.pnpm/jest-circus@29.7.0/node_modules/jest-circus/build/run.js:71:3)
    at runAndTransformResultsToJestFormat (/home/arligle/V1/Aiofix/aiofix-ai-saas-platform/node_modules/.pnpm/jest-circus@29.7.0/node_modules/jest-circus/build/legacy-code-todo-rewrite/jestAdapterInit.js:122:21)
    at jestAdapter (/home/arligle/V1/Aiofix/aiofix-ai-saas-platform/node_modules/.pnpm/jest-circus@29.7.0/node_modules/jest-circus/build/legacy-code-todo-rewrite/jestAdapter.js:79:19)
    at runTestInternal (/home/arligle/V1/Aiofix/aiofix-ai-saas-platform/node_modules/.pnpm/jest-runner@29.7.0/node_modules/jest-runner/build/runTest.js:367:16)
    at runTest (/home/arligle/V1/Aiofix/aiofix-ai-saas-platform/node_modules/.pnpm/jest-runner@29.7.0/node_modules/jest-runner/build/runTest.js:444:34)</failure>
    </testcase>
    <testcase classname="CacheInvalidationService › cache invalidation" name="should invalidate batch" time="0.001">
      <failure>TypeError: Cannot read properties of undefined (reading &apos;info&apos;)
    at _classThis.info [as startMonitoring] (/home/arligle/V1/Aiofix/aiofix-ai-saas-platform/packages/cache/src/services/cache-invalidation.service.ts:978:19)
    at new startMonitoring (/home/arligle/V1/Aiofix/aiofix-ai-saas-platform/packages/cache/src/services/cache-invalidation.service.ts:209:10)
    at TestingInjector.instantiateClass (/home/arligle/V1/Aiofix/aiofix-ai-saas-platform/node_modules/.pnpm/@nestjs+core@11.1.6_@nestjs+common@11.1.6_class-transformer@0.5.1_class-validator@0.14._bad85ac0f714a81162304b30d6edbbbf/node_modules/@nestjs/core/injector/injector.js:418:19)
    at callback (/home/arligle/V1/Aiofix/aiofix-ai-saas-platform/node_modules/.pnpm/@nestjs+core@11.1.6_@nestjs+common@11.1.6_class-transformer@0.5.1_class-validator@0.14._bad85ac0f714a81162304b30d6edbbbf/node_modules/@nestjs/core/injector/injector.js:70:45)
    at TestingInjector.resolveConstructorParams (/home/arligle/V1/Aiofix/aiofix-ai-saas-platform/node_modules/.pnpm/@nestjs+core@11.1.6_@nestjs+common@11.1.6_class-transformer@0.5.1_class-validator@0.14._bad85ac0f714a81162304b30d6edbbbf/node_modules/@nestjs/core/injector/injector.js:170:24)
    at TestingInjector.loadInstance (/home/arligle/V1/Aiofix/aiofix-ai-saas-platform/node_modules/.pnpm/@nestjs+core@11.1.6_@nestjs+common@11.1.6_class-transformer@0.5.1_class-validator@0.14._bad85ac0f714a81162304b30d6edbbbf/node_modules/@nestjs/core/injector/injector.js:75:13)
    at TestingInjector.loadProvider (/home/arligle/V1/Aiofix/aiofix-ai-saas-platform/node_modules/.pnpm/@nestjs+core@11.1.6_@nestjs+common@11.1.6_class-transformer@0.5.1_class-validator@0.14._bad85ac0f714a81162304b30d6edbbbf/node_modules/@nestjs/core/injector/injector.js:103:9)
    at /home/arligle/V1/Aiofix/aiofix-ai-saas-platform/node_modules/.pnpm/@nestjs+core@11.1.6_@nestjs+common@11.1.6_class-transformer@0.5.1_class-validator@0.14._bad85ac0f714a81162304b30d6edbbbf/node_modules/@nestjs/core/injector/instance-loader.js:56:13
    at async Promise.all (index 3)
    at TestingInstanceLoader.createInstancesOfProviders (/home/arligle/V1/Aiofix/aiofix-ai-saas-platform/node_modules/.pnpm/@nestjs+core@11.1.6_@nestjs+common@11.1.6_class-transformer@0.5.1_class-validator@0.14._bad85ac0f714a81162304b30d6edbbbf/node_modules/@nestjs/core/injector/instance-loader.js:55:9)
    at /home/arligle/V1/Aiofix/aiofix-ai-saas-platform/node_modules/.pnpm/@nestjs+core@11.1.6_@nestjs+common@11.1.6_class-transformer@0.5.1_class-validator@0.14._bad85ac0f714a81162304b30d6edbbbf/node_modules/@nestjs/core/injector/instance-loader.js:40:13
    at async Promise.all (index 1)
    at TestingInstanceLoader.createInstances (/home/arligle/V1/Aiofix/aiofix-ai-saas-platform/node_modules/.pnpm/@nestjs+core@11.1.6_@nestjs+common@11.1.6_class-transformer@0.5.1_class-validator@0.14._bad85ac0f714a81162304b30d6edbbbf/node_modules/@nestjs/core/injector/instance-loader.js:39:9)
    at TestingInstanceLoader.createInstancesOfDependencies (/home/arligle/V1/Aiofix/aiofix-ai-saas-platform/node_modules/.pnpm/@nestjs+core@11.1.6_@nestjs+common@11.1.6_class-transformer@0.5.1_class-validator@0.14._bad85ac0f714a81162304b30d6edbbbf/node_modules/@nestjs/core/injector/instance-loader.js:22:13)
    at TestingInstanceLoader.createInstancesOfDependencies (/home/arligle/V1/Aiofix/aiofix-ai-saas-platform/node_modules/.pnpm/@nestjs+testing@11.1.6_@nestjs+common@11.1.6_class-transformer@0.5.1_class-validator@0._ff6a79f0d3e76ddb2b73722d992783a6/node_modules/@nestjs/testing/testing-instance-loader.js:9:9)
    at TestingModuleBuilder.createInstancesOfDependencies (/home/arligle/V1/Aiofix/aiofix-ai-saas-platform/node_modules/.pnpm/@nestjs+testing@11.1.6_@nestjs+common@11.1.6_class-transformer@0.5.1_class-validator@0._ff6a79f0d3e76ddb2b73722d992783a6/node_modules/@nestjs/testing/testing-module.builder.js:118:9)
    at TestingModuleBuilder.compile (/home/arligle/V1/Aiofix/aiofix-ai-saas-platform/node_modules/.pnpm/@nestjs+testing@11.1.6_@nestjs+common@11.1.6_class-transformer@0.5.1_class-validator@0._ff6a79f0d3e76ddb2b73722d992783a6/node_modules/@nestjs/testing/testing-module.builder.js:74:9)
    at Object.&lt;anonymous&gt; (/home/arligle/V1/Aiofix/aiofix-ai-saas-platform/packages/cache/src/services/cache-invalidation.service.spec.ts:196:35)</failure>
      <failure>TypeError: Cannot read properties of undefined (reading &apos;onDestroy&apos;)
    at Object.&lt;anonymous&gt; (/home/arligle/V1/Aiofix/aiofix-ai-saas-platform/packages/cache/src/services/cache-invalidation.service.spec.ts:223:13)
    at Promise.then.completed (/home/arligle/V1/Aiofix/aiofix-ai-saas-platform/node_modules/.pnpm/jest-circus@29.7.0/node_modules/jest-circus/build/utils.js:298:28)
    at new Promise (&lt;anonymous&gt;)
    at callAsyncCircusFn (/home/arligle/V1/Aiofix/aiofix-ai-saas-platform/node_modules/.pnpm/jest-circus@29.7.0/node_modules/jest-circus/build/utils.js:231:10)
    at _callCircusHook (/home/arligle/V1/Aiofix/aiofix-ai-saas-platform/node_modules/.pnpm/jest-circus@29.7.0/node_modules/jest-circus/build/run.js:281:40)
    at _runTest (/home/arligle/V1/Aiofix/aiofix-ai-saas-platform/node_modules/.pnpm/jest-circus@29.7.0/node_modules/jest-circus/build/run.js:254:5)
    at _runTestsForDescribeBlock (/home/arligle/V1/Aiofix/aiofix-ai-saas-platform/node_modules/.pnpm/jest-circus@29.7.0/node_modules/jest-circus/build/run.js:126:9)
    at _runTestsForDescribeBlock (/home/arligle/V1/Aiofix/aiofix-ai-saas-platform/node_modules/.pnpm/jest-circus@29.7.0/node_modules/jest-circus/build/run.js:121:9)
    at _runTestsForDescribeBlock (/home/arligle/V1/Aiofix/aiofix-ai-saas-platform/node_modules/.pnpm/jest-circus@29.7.0/node_modules/jest-circus/build/run.js:121:9)
    at run (/home/arligle/V1/Aiofix/aiofix-ai-saas-platform/node_modules/.pnpm/jest-circus@29.7.0/node_modules/jest-circus/build/run.js:71:3)
    at runAndTransformResultsToJestFormat (/home/arligle/V1/Aiofix/aiofix-ai-saas-platform/node_modules/.pnpm/jest-circus@29.7.0/node_modules/jest-circus/build/legacy-code-todo-rewrite/jestAdapterInit.js:122:21)
    at jestAdapter (/home/arligle/V1/Aiofix/aiofix-ai-saas-platform/node_modules/.pnpm/jest-circus@29.7.0/node_modules/jest-circus/build/legacy-code-todo-rewrite/jestAdapter.js:79:19)
    at runTestInternal (/home/arligle/V1/Aiofix/aiofix-ai-saas-platform/node_modules/.pnpm/jest-runner@29.7.0/node_modules/jest-runner/build/runTest.js:367:16)
    at runTest (/home/arligle/V1/Aiofix/aiofix-ai-saas-platform/node_modules/.pnpm/jest-runner@29.7.0/node_modules/jest-runner/build/runTest.js:444:34)</failure>
    </testcase>
    <testcase classname="CacheInvalidationService › cache invalidation" name="should handle invalidate with non-existent keys" time="0.002">
      <failure>TypeError: Cannot read properties of undefined (reading &apos;info&apos;)
    at _classThis.info [as startMonitoring] (/home/arligle/V1/Aiofix/aiofix-ai-saas-platform/packages/cache/src/services/cache-invalidation.service.ts:978:19)
    at new startMonitoring (/home/arligle/V1/Aiofix/aiofix-ai-saas-platform/packages/cache/src/services/cache-invalidation.service.ts:209:10)
    at TestingInjector.instantiateClass (/home/arligle/V1/Aiofix/aiofix-ai-saas-platform/node_modules/.pnpm/@nestjs+core@11.1.6_@nestjs+common@11.1.6_class-transformer@0.5.1_class-validator@0.14._bad85ac0f714a81162304b30d6edbbbf/node_modules/@nestjs/core/injector/injector.js:418:19)
    at callback (/home/arligle/V1/Aiofix/aiofix-ai-saas-platform/node_modules/.pnpm/@nestjs+core@11.1.6_@nestjs+common@11.1.6_class-transformer@0.5.1_class-validator@0.14._bad85ac0f714a81162304b30d6edbbbf/node_modules/@nestjs/core/injector/injector.js:70:45)
    at TestingInjector.resolveConstructorParams (/home/arligle/V1/Aiofix/aiofix-ai-saas-platform/node_modules/.pnpm/@nestjs+core@11.1.6_@nestjs+common@11.1.6_class-transformer@0.5.1_class-validator@0.14._bad85ac0f714a81162304b30d6edbbbf/node_modules/@nestjs/core/injector/injector.js:170:24)
    at TestingInjector.loadInstance (/home/arligle/V1/Aiofix/aiofix-ai-saas-platform/node_modules/.pnpm/@nestjs+core@11.1.6_@nestjs+common@11.1.6_class-transformer@0.5.1_class-validator@0.14._bad85ac0f714a81162304b30d6edbbbf/node_modules/@nestjs/core/injector/injector.js:75:13)
    at TestingInjector.loadProvider (/home/arligle/V1/Aiofix/aiofix-ai-saas-platform/node_modules/.pnpm/@nestjs+core@11.1.6_@nestjs+common@11.1.6_class-transformer@0.5.1_class-validator@0.14._bad85ac0f714a81162304b30d6edbbbf/node_modules/@nestjs/core/injector/injector.js:103:9)
    at /home/arligle/V1/Aiofix/aiofix-ai-saas-platform/node_modules/.pnpm/@nestjs+core@11.1.6_@nestjs+common@11.1.6_class-transformer@0.5.1_class-validator@0.14._bad85ac0f714a81162304b30d6edbbbf/node_modules/@nestjs/core/injector/instance-loader.js:56:13
    at async Promise.all (index 3)
    at TestingInstanceLoader.createInstancesOfProviders (/home/arligle/V1/Aiofix/aiofix-ai-saas-platform/node_modules/.pnpm/@nestjs+core@11.1.6_@nestjs+common@11.1.6_class-transformer@0.5.1_class-validator@0.14._bad85ac0f714a81162304b30d6edbbbf/node_modules/@nestjs/core/injector/instance-loader.js:55:9)
    at /home/arligle/V1/Aiofix/aiofix-ai-saas-platform/node_modules/.pnpm/@nestjs+core@11.1.6_@nestjs+common@11.1.6_class-transformer@0.5.1_class-validator@0.14._bad85ac0f714a81162304b30d6edbbbf/node_modules/@nestjs/core/injector/instance-loader.js:40:13
    at async Promise.all (index 1)
    at TestingInstanceLoader.createInstances (/home/arligle/V1/Aiofix/aiofix-ai-saas-platform/node_modules/.pnpm/@nestjs+core@11.1.6_@nestjs+common@11.1.6_class-transformer@0.5.1_class-validator@0.14._bad85ac0f714a81162304b30d6edbbbf/node_modules/@nestjs/core/injector/instance-loader.js:39:9)
    at TestingInstanceLoader.createInstancesOfDependencies (/home/arligle/V1/Aiofix/aiofix-ai-saas-platform/node_modules/.pnpm/@nestjs+core@11.1.6_@nestjs+common@11.1.6_class-transformer@0.5.1_class-validator@0.14._bad85ac0f714a81162304b30d6edbbbf/node_modules/@nestjs/core/injector/instance-loader.js:22:13)
    at TestingInstanceLoader.createInstancesOfDependencies (/home/arligle/V1/Aiofix/aiofix-ai-saas-platform/node_modules/.pnpm/@nestjs+testing@11.1.6_@nestjs+common@11.1.6_class-transformer@0.5.1_class-validator@0._ff6a79f0d3e76ddb2b73722d992783a6/node_modules/@nestjs/testing/testing-instance-loader.js:9:9)
    at TestingModuleBuilder.createInstancesOfDependencies (/home/arligle/V1/Aiofix/aiofix-ai-saas-platform/node_modules/.pnpm/@nestjs+testing@11.1.6_@nestjs+common@11.1.6_class-transformer@0.5.1_class-validator@0._ff6a79f0d3e76ddb2b73722d992783a6/node_modules/@nestjs/testing/testing-module.builder.js:118:9)
    at TestingModuleBuilder.compile (/home/arligle/V1/Aiofix/aiofix-ai-saas-platform/node_modules/.pnpm/@nestjs+testing@11.1.6_@nestjs+common@11.1.6_class-transformer@0.5.1_class-validator@0._ff6a79f0d3e76ddb2b73722d992783a6/node_modules/@nestjs/testing/testing-module.builder.js:74:9)
    at Object.&lt;anonymous&gt; (/home/arligle/V1/Aiofix/aiofix-ai-saas-platform/packages/cache/src/services/cache-invalidation.service.spec.ts:196:35)</failure>
      <failure>TypeError: Cannot read properties of undefined (reading &apos;onDestroy&apos;)
    at Object.&lt;anonymous&gt; (/home/arligle/V1/Aiofix/aiofix-ai-saas-platform/packages/cache/src/services/cache-invalidation.service.spec.ts:223:13)
    at Promise.then.completed (/home/arligle/V1/Aiofix/aiofix-ai-saas-platform/node_modules/.pnpm/jest-circus@29.7.0/node_modules/jest-circus/build/utils.js:298:28)
    at new Promise (&lt;anonymous&gt;)
    at callAsyncCircusFn (/home/arligle/V1/Aiofix/aiofix-ai-saas-platform/node_modules/.pnpm/jest-circus@29.7.0/node_modules/jest-circus/build/utils.js:231:10)
    at _callCircusHook (/home/arligle/V1/Aiofix/aiofix-ai-saas-platform/node_modules/.pnpm/jest-circus@29.7.0/node_modules/jest-circus/build/run.js:281:40)
    at _runTest (/home/arligle/V1/Aiofix/aiofix-ai-saas-platform/node_modules/.pnpm/jest-circus@29.7.0/node_modules/jest-circus/build/run.js:254:5)
    at _runTestsForDescribeBlock (/home/arligle/V1/Aiofix/aiofix-ai-saas-platform/node_modules/.pnpm/jest-circus@29.7.0/node_modules/jest-circus/build/run.js:126:9)
    at _runTestsForDescribeBlock (/home/arligle/V1/Aiofix/aiofix-ai-saas-platform/node_modules/.pnpm/jest-circus@29.7.0/node_modules/jest-circus/build/run.js:121:9)
    at _runTestsForDescribeBlock (/home/arligle/V1/Aiofix/aiofix-ai-saas-platform/node_modules/.pnpm/jest-circus@29.7.0/node_modules/jest-circus/build/run.js:121:9)
    at run (/home/arligle/V1/Aiofix/aiofix-ai-saas-platform/node_modules/.pnpm/jest-circus@29.7.0/node_modules/jest-circus/build/run.js:71:3)
    at runAndTransformResultsToJestFormat (/home/arligle/V1/Aiofix/aiofix-ai-saas-platform/node_modules/.pnpm/jest-circus@29.7.0/node_modules/jest-circus/build/legacy-code-todo-rewrite/jestAdapterInit.js:122:21)
    at jestAdapter (/home/arligle/V1/Aiofix/aiofix-ai-saas-platform/node_modules/.pnpm/jest-circus@29.7.0/node_modules/jest-circus/build/legacy-code-todo-rewrite/jestAdapter.js:79:19)
    at runTestInternal (/home/arligle/V1/Aiofix/aiofix-ai-saas-platform/node_modules/.pnpm/jest-runner@29.7.0/node_modules/jest-runner/build/runTest.js:367:16)
    at runTest (/home/arligle/V1/Aiofix/aiofix-ai-saas-platform/node_modules/.pnpm/jest-runner@29.7.0/node_modules/jest-runner/build/runTest.js:444:34)</failure>
    </testcase>
    <testcase classname="CacheInvalidationService › cache invalidation" name="should handle invalidation errors gracefully" time="0.001">
      <failure>TypeError: Cannot read properties of undefined (reading &apos;info&apos;)
    at _classThis.info [as startMonitoring] (/home/arligle/V1/Aiofix/aiofix-ai-saas-platform/packages/cache/src/services/cache-invalidation.service.ts:978:19)
    at new startMonitoring (/home/arligle/V1/Aiofix/aiofix-ai-saas-platform/packages/cache/src/services/cache-invalidation.service.ts:209:10)
    at TestingInjector.instantiateClass (/home/arligle/V1/Aiofix/aiofix-ai-saas-platform/node_modules/.pnpm/@nestjs+core@11.1.6_@nestjs+common@11.1.6_class-transformer@0.5.1_class-validator@0.14._bad85ac0f714a81162304b30d6edbbbf/node_modules/@nestjs/core/injector/injector.js:418:19)
    at callback (/home/arligle/V1/Aiofix/aiofix-ai-saas-platform/node_modules/.pnpm/@nestjs+core@11.1.6_@nestjs+common@11.1.6_class-transformer@0.5.1_class-validator@0.14._bad85ac0f714a81162304b30d6edbbbf/node_modules/@nestjs/core/injector/injector.js:70:45)
    at TestingInjector.resolveConstructorParams (/home/arligle/V1/Aiofix/aiofix-ai-saas-platform/node_modules/.pnpm/@nestjs+core@11.1.6_@nestjs+common@11.1.6_class-transformer@0.5.1_class-validator@0.14._bad85ac0f714a81162304b30d6edbbbf/node_modules/@nestjs/core/injector/injector.js:170:24)
    at TestingInjector.loadInstance (/home/arligle/V1/Aiofix/aiofix-ai-saas-platform/node_modules/.pnpm/@nestjs+core@11.1.6_@nestjs+common@11.1.6_class-transformer@0.5.1_class-validator@0.14._bad85ac0f714a81162304b30d6edbbbf/node_modules/@nestjs/core/injector/injector.js:75:13)
    at TestingInjector.loadProvider (/home/arligle/V1/Aiofix/aiofix-ai-saas-platform/node_modules/.pnpm/@nestjs+core@11.1.6_@nestjs+common@11.1.6_class-transformer@0.5.1_class-validator@0.14._bad85ac0f714a81162304b30d6edbbbf/node_modules/@nestjs/core/injector/injector.js:103:9)
    at /home/arligle/V1/Aiofix/aiofix-ai-saas-platform/node_modules/.pnpm/@nestjs+core@11.1.6_@nestjs+common@11.1.6_class-transformer@0.5.1_class-validator@0.14._bad85ac0f714a81162304b30d6edbbbf/node_modules/@nestjs/core/injector/instance-loader.js:56:13
    at async Promise.all (index 3)
    at TestingInstanceLoader.createInstancesOfProviders (/home/arligle/V1/Aiofix/aiofix-ai-saas-platform/node_modules/.pnpm/@nestjs+core@11.1.6_@nestjs+common@11.1.6_class-transformer@0.5.1_class-validator@0.14._bad85ac0f714a81162304b30d6edbbbf/node_modules/@nestjs/core/injector/instance-loader.js:55:9)
    at /home/arligle/V1/Aiofix/aiofix-ai-saas-platform/node_modules/.pnpm/@nestjs+core@11.1.6_@nestjs+common@11.1.6_class-transformer@0.5.1_class-validator@0.14._bad85ac0f714a81162304b30d6edbbbf/node_modules/@nestjs/core/injector/instance-loader.js:40:13
    at async Promise.all (index 1)
    at TestingInstanceLoader.createInstances (/home/arligle/V1/Aiofix/aiofix-ai-saas-platform/node_modules/.pnpm/@nestjs+core@11.1.6_@nestjs+common@11.1.6_class-transformer@0.5.1_class-validator@0.14._bad85ac0f714a81162304b30d6edbbbf/node_modules/@nestjs/core/injector/instance-loader.js:39:9)
    at TestingInstanceLoader.createInstancesOfDependencies (/home/arligle/V1/Aiofix/aiofix-ai-saas-platform/node_modules/.pnpm/@nestjs+core@11.1.6_@nestjs+common@11.1.6_class-transformer@0.5.1_class-validator@0.14._bad85ac0f714a81162304b30d6edbbbf/node_modules/@nestjs/core/injector/instance-loader.js:22:13)
    at TestingInstanceLoader.createInstancesOfDependencies (/home/arligle/V1/Aiofix/aiofix-ai-saas-platform/node_modules/.pnpm/@nestjs+testing@11.1.6_@nestjs+common@11.1.6_class-transformer@0.5.1_class-validator@0._ff6a79f0d3e76ddb2b73722d992783a6/node_modules/@nestjs/testing/testing-instance-loader.js:9:9)
    at TestingModuleBuilder.createInstancesOfDependencies (/home/arligle/V1/Aiofix/aiofix-ai-saas-platform/node_modules/.pnpm/@nestjs+testing@11.1.6_@nestjs+common@11.1.6_class-transformer@0.5.1_class-validator@0._ff6a79f0d3e76ddb2b73722d992783a6/node_modules/@nestjs/testing/testing-module.builder.js:118:9)
    at TestingModuleBuilder.compile (/home/arligle/V1/Aiofix/aiofix-ai-saas-platform/node_modules/.pnpm/@nestjs+testing@11.1.6_@nestjs+common@11.1.6_class-transformer@0.5.1_class-validator@0._ff6a79f0d3e76ddb2b73722d992783a6/node_modules/@nestjs/testing/testing-module.builder.js:74:9)
    at Object.&lt;anonymous&gt; (/home/arligle/V1/Aiofix/aiofix-ai-saas-platform/packages/cache/src/services/cache-invalidation.service.spec.ts:196:35)</failure>
      <failure>TypeError: Cannot read properties of undefined (reading &apos;onDestroy&apos;)
    at Object.&lt;anonymous&gt; (/home/arligle/V1/Aiofix/aiofix-ai-saas-platform/packages/cache/src/services/cache-invalidation.service.spec.ts:223:13)
    at Promise.then.completed (/home/arligle/V1/Aiofix/aiofix-ai-saas-platform/node_modules/.pnpm/jest-circus@29.7.0/node_modules/jest-circus/build/utils.js:298:28)
    at new Promise (&lt;anonymous&gt;)
    at callAsyncCircusFn (/home/arligle/V1/Aiofix/aiofix-ai-saas-platform/node_modules/.pnpm/jest-circus@29.7.0/node_modules/jest-circus/build/utils.js:231:10)
    at _callCircusHook (/home/arligle/V1/Aiofix/aiofix-ai-saas-platform/node_modules/.pnpm/jest-circus@29.7.0/node_modules/jest-circus/build/run.js:281:40)
    at _runTest (/home/arligle/V1/Aiofix/aiofix-ai-saas-platform/node_modules/.pnpm/jest-circus@29.7.0/node_modules/jest-circus/build/run.js:254:5)
    at _runTestsForDescribeBlock (/home/arligle/V1/Aiofix/aiofix-ai-saas-platform/node_modules/.pnpm/jest-circus@29.7.0/node_modules/jest-circus/build/run.js:126:9)
    at _runTestsForDescribeBlock (/home/arligle/V1/Aiofix/aiofix-ai-saas-platform/node_modules/.pnpm/jest-circus@29.7.0/node_modules/jest-circus/build/run.js:121:9)
    at _runTestsForDescribeBlock (/home/arligle/V1/Aiofix/aiofix-ai-saas-platform/node_modules/.pnpm/jest-circus@29.7.0/node_modules/jest-circus/build/run.js:121:9)
    at run (/home/arligle/V1/Aiofix/aiofix-ai-saas-platform/node_modules/.pnpm/jest-circus@29.7.0/node_modules/jest-circus/build/run.js:71:3)
    at runAndTransformResultsToJestFormat (/home/arligle/V1/Aiofix/aiofix-ai-saas-platform/node_modules/.pnpm/jest-circus@29.7.0/node_modules/jest-circus/build/legacy-code-todo-rewrite/jestAdapterInit.js:122:21)
    at jestAdapter (/home/arligle/V1/Aiofix/aiofix-ai-saas-platform/node_modules/.pnpm/jest-circus@29.7.0/node_modules/jest-circus/build/legacy-code-todo-rewrite/jestAdapter.js:79:19)
    at runTestInternal (/home/arligle/V1/Aiofix/aiofix-ai-saas-platform/node_modules/.pnpm/jest-runner@29.7.0/node_modules/jest-runner/build/runTest.js:367:16)
    at runTest (/home/arligle/V1/Aiofix/aiofix-ai-saas-platform/node_modules/.pnpm/jest-runner@29.7.0/node_modules/jest-runner/build/runTest.js:444:34)</failure>
    </testcase>
    <testcase classname="CacheInvalidationService › rule-based invalidation" name="should invalidate by rule" time="0.001">
      <failure>TypeError: Cannot read properties of undefined (reading &apos;info&apos;)
    at _classThis.info [as startMonitoring] (/home/arligle/V1/Aiofix/aiofix-ai-saas-platform/packages/cache/src/services/cache-invalidation.service.ts:978:19)
    at new startMonitoring (/home/arligle/V1/Aiofix/aiofix-ai-saas-platform/packages/cache/src/services/cache-invalidation.service.ts:209:10)
    at TestingInjector.instantiateClass (/home/arligle/V1/Aiofix/aiofix-ai-saas-platform/node_modules/.pnpm/@nestjs+core@11.1.6_@nestjs+common@11.1.6_class-transformer@0.5.1_class-validator@0.14._bad85ac0f714a81162304b30d6edbbbf/node_modules/@nestjs/core/injector/injector.js:418:19)
    at callback (/home/arligle/V1/Aiofix/aiofix-ai-saas-platform/node_modules/.pnpm/@nestjs+core@11.1.6_@nestjs+common@11.1.6_class-transformer@0.5.1_class-validator@0.14._bad85ac0f714a81162304b30d6edbbbf/node_modules/@nestjs/core/injector/injector.js:70:45)
    at TestingInjector.resolveConstructorParams (/home/arligle/V1/Aiofix/aiofix-ai-saas-platform/node_modules/.pnpm/@nestjs+core@11.1.6_@nestjs+common@11.1.6_class-transformer@0.5.1_class-validator@0.14._bad85ac0f714a81162304b30d6edbbbf/node_modules/@nestjs/core/injector/injector.js:170:24)
    at TestingInjector.loadInstance (/home/arligle/V1/Aiofix/aiofix-ai-saas-platform/node_modules/.pnpm/@nestjs+core@11.1.6_@nestjs+common@11.1.6_class-transformer@0.5.1_class-validator@0.14._bad85ac0f714a81162304b30d6edbbbf/node_modules/@nestjs/core/injector/injector.js:75:13)
    at TestingInjector.loadProvider (/home/arligle/V1/Aiofix/aiofix-ai-saas-platform/node_modules/.pnpm/@nestjs+core@11.1.6_@nestjs+common@11.1.6_class-transformer@0.5.1_class-validator@0.14._bad85ac0f714a81162304b30d6edbbbf/node_modules/@nestjs/core/injector/injector.js:103:9)
    at /home/arligle/V1/Aiofix/aiofix-ai-saas-platform/node_modules/.pnpm/@nestjs+core@11.1.6_@nestjs+common@11.1.6_class-transformer@0.5.1_class-validator@0.14._bad85ac0f714a81162304b30d6edbbbf/node_modules/@nestjs/core/injector/instance-loader.js:56:13
    at async Promise.all (index 3)
    at TestingInstanceLoader.createInstancesOfProviders (/home/arligle/V1/Aiofix/aiofix-ai-saas-platform/node_modules/.pnpm/@nestjs+core@11.1.6_@nestjs+common@11.1.6_class-transformer@0.5.1_class-validator@0.14._bad85ac0f714a81162304b30d6edbbbf/node_modules/@nestjs/core/injector/instance-loader.js:55:9)
    at /home/arligle/V1/Aiofix/aiofix-ai-saas-platform/node_modules/.pnpm/@nestjs+core@11.1.6_@nestjs+common@11.1.6_class-transformer@0.5.1_class-validator@0.14._bad85ac0f714a81162304b30d6edbbbf/node_modules/@nestjs/core/injector/instance-loader.js:40:13
    at async Promise.all (index 1)
    at TestingInstanceLoader.createInstances (/home/arligle/V1/Aiofix/aiofix-ai-saas-platform/node_modules/.pnpm/@nestjs+core@11.1.6_@nestjs+common@11.1.6_class-transformer@0.5.1_class-validator@0.14._bad85ac0f714a81162304b30d6edbbbf/node_modules/@nestjs/core/injector/instance-loader.js:39:9)
    at TestingInstanceLoader.createInstancesOfDependencies (/home/arligle/V1/Aiofix/aiofix-ai-saas-platform/node_modules/.pnpm/@nestjs+core@11.1.6_@nestjs+common@11.1.6_class-transformer@0.5.1_class-validator@0.14._bad85ac0f714a81162304b30d6edbbbf/node_modules/@nestjs/core/injector/instance-loader.js:22:13)
    at TestingInstanceLoader.createInstancesOfDependencies (/home/arligle/V1/Aiofix/aiofix-ai-saas-platform/node_modules/.pnpm/@nestjs+testing@11.1.6_@nestjs+common@11.1.6_class-transformer@0.5.1_class-validator@0._ff6a79f0d3e76ddb2b73722d992783a6/node_modules/@nestjs/testing/testing-instance-loader.js:9:9)
    at TestingModuleBuilder.createInstancesOfDependencies (/home/arligle/V1/Aiofix/aiofix-ai-saas-platform/node_modules/.pnpm/@nestjs+testing@11.1.6_@nestjs+common@11.1.6_class-transformer@0.5.1_class-validator@0._ff6a79f0d3e76ddb2b73722d992783a6/node_modules/@nestjs/testing/testing-module.builder.js:118:9)
    at TestingModuleBuilder.compile (/home/arligle/V1/Aiofix/aiofix-ai-saas-platform/node_modules/.pnpm/@nestjs+testing@11.1.6_@nestjs+common@11.1.6_class-transformer@0.5.1_class-validator@0._ff6a79f0d3e76ddb2b73722d992783a6/node_modules/@nestjs/testing/testing-module.builder.js:74:9)
    at Object.&lt;anonymous&gt; (/home/arligle/V1/Aiofix/aiofix-ai-saas-platform/packages/cache/src/services/cache-invalidation.service.spec.ts:196:35)</failure>
      <failure>TypeError: Cannot read properties of undefined (reading &apos;onDestroy&apos;)
    at Object.&lt;anonymous&gt; (/home/arligle/V1/Aiofix/aiofix-ai-saas-platform/packages/cache/src/services/cache-invalidation.service.spec.ts:223:13)
    at Promise.then.completed (/home/arligle/V1/Aiofix/aiofix-ai-saas-platform/node_modules/.pnpm/jest-circus@29.7.0/node_modules/jest-circus/build/utils.js:298:28)
    at new Promise (&lt;anonymous&gt;)
    at callAsyncCircusFn (/home/arligle/V1/Aiofix/aiofix-ai-saas-platform/node_modules/.pnpm/jest-circus@29.7.0/node_modules/jest-circus/build/utils.js:231:10)
    at _callCircusHook (/home/arligle/V1/Aiofix/aiofix-ai-saas-platform/node_modules/.pnpm/jest-circus@29.7.0/node_modules/jest-circus/build/run.js:281:40)
    at _runTest (/home/arligle/V1/Aiofix/aiofix-ai-saas-platform/node_modules/.pnpm/jest-circus@29.7.0/node_modules/jest-circus/build/run.js:254:5)
    at _runTestsForDescribeBlock (/home/arligle/V1/Aiofix/aiofix-ai-saas-platform/node_modules/.pnpm/jest-circus@29.7.0/node_modules/jest-circus/build/run.js:126:9)
    at _runTestsForDescribeBlock (/home/arligle/V1/Aiofix/aiofix-ai-saas-platform/node_modules/.pnpm/jest-circus@29.7.0/node_modules/jest-circus/build/run.js:121:9)
    at _runTestsForDescribeBlock (/home/arligle/V1/Aiofix/aiofix-ai-saas-platform/node_modules/.pnpm/jest-circus@29.7.0/node_modules/jest-circus/build/run.js:121:9)
    at run (/home/arligle/V1/Aiofix/aiofix-ai-saas-platform/node_modules/.pnpm/jest-circus@29.7.0/node_modules/jest-circus/build/run.js:71:3)
    at runAndTransformResultsToJestFormat (/home/arligle/V1/Aiofix/aiofix-ai-saas-platform/node_modules/.pnpm/jest-circus@29.7.0/node_modules/jest-circus/build/legacy-code-todo-rewrite/jestAdapterInit.js:122:21)
    at jestAdapter (/home/arligle/V1/Aiofix/aiofix-ai-saas-platform/node_modules/.pnpm/jest-circus@29.7.0/node_modules/jest-circus/build/legacy-code-todo-rewrite/jestAdapter.js:79:19)
    at runTestInternal (/home/arligle/V1/Aiofix/aiofix-ai-saas-platform/node_modules/.pnpm/jest-runner@29.7.0/node_modules/jest-runner/build/runTest.js:367:16)
    at runTest (/home/arligle/V1/Aiofix/aiofix-ai-saas-platform/node_modules/.pnpm/jest-runner@29.7.0/node_modules/jest-runner/build/runTest.js:444:34)</failure>
    </testcase>
    <testcase classname="CacheInvalidationService › rule-based invalidation" name="should handle disabled rule" time="0.001">
      <failure>TypeError: Cannot read properties of undefined (reading &apos;info&apos;)
    at _classThis.info [as startMonitoring] (/home/arligle/V1/Aiofix/aiofix-ai-saas-platform/packages/cache/src/services/cache-invalidation.service.ts:978:19)
    at new startMonitoring (/home/arligle/V1/Aiofix/aiofix-ai-saas-platform/packages/cache/src/services/cache-invalidation.service.ts:209:10)
    at TestingInjector.instantiateClass (/home/arligle/V1/Aiofix/aiofix-ai-saas-platform/node_modules/.pnpm/@nestjs+core@11.1.6_@nestjs+common@11.1.6_class-transformer@0.5.1_class-validator@0.14._bad85ac0f714a81162304b30d6edbbbf/node_modules/@nestjs/core/injector/injector.js:418:19)
    at callback (/home/arligle/V1/Aiofix/aiofix-ai-saas-platform/node_modules/.pnpm/@nestjs+core@11.1.6_@nestjs+common@11.1.6_class-transformer@0.5.1_class-validator@0.14._bad85ac0f714a81162304b30d6edbbbf/node_modules/@nestjs/core/injector/injector.js:70:45)
    at TestingInjector.resolveConstructorParams (/home/arligle/V1/Aiofix/aiofix-ai-saas-platform/node_modules/.pnpm/@nestjs+core@11.1.6_@nestjs+common@11.1.6_class-transformer@0.5.1_class-validator@0.14._bad85ac0f714a81162304b30d6edbbbf/node_modules/@nestjs/core/injector/injector.js:170:24)
    at TestingInjector.loadInstance (/home/arligle/V1/Aiofix/aiofix-ai-saas-platform/node_modules/.pnpm/@nestjs+core@11.1.6_@nestjs+common@11.1.6_class-transformer@0.5.1_class-validator@0.14._bad85ac0f714a81162304b30d6edbbbf/node_modules/@nestjs/core/injector/injector.js:75:13)
    at TestingInjector.loadProvider (/home/arligle/V1/Aiofix/aiofix-ai-saas-platform/node_modules/.pnpm/@nestjs+core@11.1.6_@nestjs+common@11.1.6_class-transformer@0.5.1_class-validator@0.14._bad85ac0f714a81162304b30d6edbbbf/node_modules/@nestjs/core/injector/injector.js:103:9)
    at /home/arligle/V1/Aiofix/aiofix-ai-saas-platform/node_modules/.pnpm/@nestjs+core@11.1.6_@nestjs+common@11.1.6_class-transformer@0.5.1_class-validator@0.14._bad85ac0f714a81162304b30d6edbbbf/node_modules/@nestjs/core/injector/instance-loader.js:56:13
    at async Promise.all (index 3)
    at TestingInstanceLoader.createInstancesOfProviders (/home/arligle/V1/Aiofix/aiofix-ai-saas-platform/node_modules/.pnpm/@nestjs+core@11.1.6_@nestjs+common@11.1.6_class-transformer@0.5.1_class-validator@0.14._bad85ac0f714a81162304b30d6edbbbf/node_modules/@nestjs/core/injector/instance-loader.js:55:9)
    at /home/arligle/V1/Aiofix/aiofix-ai-saas-platform/node_modules/.pnpm/@nestjs+core@11.1.6_@nestjs+common@11.1.6_class-transformer@0.5.1_class-validator@0.14._bad85ac0f714a81162304b30d6edbbbf/node_modules/@nestjs/core/injector/instance-loader.js:40:13
    at async Promise.all (index 1)
    at TestingInstanceLoader.createInstances (/home/arligle/V1/Aiofix/aiofix-ai-saas-platform/node_modules/.pnpm/@nestjs+core@11.1.6_@nestjs+common@11.1.6_class-transformer@0.5.1_class-validator@0.14._bad85ac0f714a81162304b30d6edbbbf/node_modules/@nestjs/core/injector/instance-loader.js:39:9)
    at TestingInstanceLoader.createInstancesOfDependencies (/home/arligle/V1/Aiofix/aiofix-ai-saas-platform/node_modules/.pnpm/@nestjs+core@11.1.6_@nestjs+common@11.1.6_class-transformer@0.5.1_class-validator@0.14._bad85ac0f714a81162304b30d6edbbbf/node_modules/@nestjs/core/injector/instance-loader.js:22:13)
    at TestingInstanceLoader.createInstancesOfDependencies (/home/arligle/V1/Aiofix/aiofix-ai-saas-platform/node_modules/.pnpm/@nestjs+testing@11.1.6_@nestjs+common@11.1.6_class-transformer@0.5.1_class-validator@0._ff6a79f0d3e76ddb2b73722d992783a6/node_modules/@nestjs/testing/testing-instance-loader.js:9:9)
    at TestingModuleBuilder.createInstancesOfDependencies (/home/arligle/V1/Aiofix/aiofix-ai-saas-platform/node_modules/.pnpm/@nestjs+testing@11.1.6_@nestjs+common@11.1.6_class-transformer@0.5.1_class-validator@0._ff6a79f0d3e76ddb2b73722d992783a6/node_modules/@nestjs/testing/testing-module.builder.js:118:9)
    at TestingModuleBuilder.compile (/home/arligle/V1/Aiofix/aiofix-ai-saas-platform/node_modules/.pnpm/@nestjs+testing@11.1.6_@nestjs+common@11.1.6_class-transformer@0.5.1_class-validator@0._ff6a79f0d3e76ddb2b73722d992783a6/node_modules/@nestjs/testing/testing-module.builder.js:74:9)
    at Object.&lt;anonymous&gt; (/home/arligle/V1/Aiofix/aiofix-ai-saas-platform/packages/cache/src/services/cache-invalidation.service.spec.ts:196:35)</failure>
      <failure>TypeError: Cannot read properties of undefined (reading &apos;onDestroy&apos;)
    at Object.&lt;anonymous&gt; (/home/arligle/V1/Aiofix/aiofix-ai-saas-platform/packages/cache/src/services/cache-invalidation.service.spec.ts:223:13)
    at Promise.then.completed (/home/arligle/V1/Aiofix/aiofix-ai-saas-platform/node_modules/.pnpm/jest-circus@29.7.0/node_modules/jest-circus/build/utils.js:298:28)
    at new Promise (&lt;anonymous&gt;)
    at callAsyncCircusFn (/home/arligle/V1/Aiofix/aiofix-ai-saas-platform/node_modules/.pnpm/jest-circus@29.7.0/node_modules/jest-circus/build/utils.js:231:10)
    at _callCircusHook (/home/arligle/V1/Aiofix/aiofix-ai-saas-platform/node_modules/.pnpm/jest-circus@29.7.0/node_modules/jest-circus/build/run.js:281:40)
    at _runTest (/home/arligle/V1/Aiofix/aiofix-ai-saas-platform/node_modules/.pnpm/jest-circus@29.7.0/node_modules/jest-circus/build/run.js:254:5)
    at _runTestsForDescribeBlock (/home/arligle/V1/Aiofix/aiofix-ai-saas-platform/node_modules/.pnpm/jest-circus@29.7.0/node_modules/jest-circus/build/run.js:126:9)
    at _runTestsForDescribeBlock (/home/arligle/V1/Aiofix/aiofix-ai-saas-platform/node_modules/.pnpm/jest-circus@29.7.0/node_modules/jest-circus/build/run.js:121:9)
    at _runTestsForDescribeBlock (/home/arligle/V1/Aiofix/aiofix-ai-saas-platform/node_modules/.pnpm/jest-circus@29.7.0/node_modules/jest-circus/build/run.js:121:9)
    at run (/home/arligle/V1/Aiofix/aiofix-ai-saas-platform/node_modules/.pnpm/jest-circus@29.7.0/node_modules/jest-circus/build/run.js:71:3)
    at runAndTransformResultsToJestFormat (/home/arligle/V1/Aiofix/aiofix-ai-saas-platform/node_modules/.pnpm/jest-circus@29.7.0/node_modules/jest-circus/build/legacy-code-todo-rewrite/jestAdapterInit.js:122:21)
    at jestAdapter (/home/arligle/V1/Aiofix/aiofix-ai-saas-platform/node_modules/.pnpm/jest-circus@29.7.0/node_modules/jest-circus/build/legacy-code-todo-rewrite/jestAdapter.js:79:19)
    at runTestInternal (/home/arligle/V1/Aiofix/aiofix-ai-saas-platform/node_modules/.pnpm/jest-runner@29.7.0/node_modules/jest-runner/build/runTest.js:367:16)
    at runTest (/home/arligle/V1/Aiofix/aiofix-ai-saas-platform/node_modules/.pnpm/jest-runner@29.7.0/node_modules/jest-runner/build/runTest.js:444:34)</failure>
    </testcase>
    <testcase classname="CacheInvalidationService › rule-based invalidation" name="should handle non-existent rule" time="0.001">
      <failure>TypeError: Cannot read properties of undefined (reading &apos;info&apos;)
    at _classThis.info [as startMonitoring] (/home/arligle/V1/Aiofix/aiofix-ai-saas-platform/packages/cache/src/services/cache-invalidation.service.ts:978:19)
    at new startMonitoring (/home/arligle/V1/Aiofix/aiofix-ai-saas-platform/packages/cache/src/services/cache-invalidation.service.ts:209:10)
    at TestingInjector.instantiateClass (/home/arligle/V1/Aiofix/aiofix-ai-saas-platform/node_modules/.pnpm/@nestjs+core@11.1.6_@nestjs+common@11.1.6_class-transformer@0.5.1_class-validator@0.14._bad85ac0f714a81162304b30d6edbbbf/node_modules/@nestjs/core/injector/injector.js:418:19)
    at callback (/home/arligle/V1/Aiofix/aiofix-ai-saas-platform/node_modules/.pnpm/@nestjs+core@11.1.6_@nestjs+common@11.1.6_class-transformer@0.5.1_class-validator@0.14._bad85ac0f714a81162304b30d6edbbbf/node_modules/@nestjs/core/injector/injector.js:70:45)
    at TestingInjector.resolveConstructorParams (/home/arligle/V1/Aiofix/aiofix-ai-saas-platform/node_modules/.pnpm/@nestjs+core@11.1.6_@nestjs+common@11.1.6_class-transformer@0.5.1_class-validator@0.14._bad85ac0f714a81162304b30d6edbbbf/node_modules/@nestjs/core/injector/injector.js:170:24)
    at TestingInjector.loadInstance (/home/arligle/V1/Aiofix/aiofix-ai-saas-platform/node_modules/.pnpm/@nestjs+core@11.1.6_@nestjs+common@11.1.6_class-transformer@0.5.1_class-validator@0.14._bad85ac0f714a81162304b30d6edbbbf/node_modules/@nestjs/core/injector/injector.js:75:13)
    at TestingInjector.loadProvider (/home/arligle/V1/Aiofix/aiofix-ai-saas-platform/node_modules/.pnpm/@nestjs+core@11.1.6_@nestjs+common@11.1.6_class-transformer@0.5.1_class-validator@0.14._bad85ac0f714a81162304b30d6edbbbf/node_modules/@nestjs/core/injector/injector.js:103:9)
    at /home/arligle/V1/Aiofix/aiofix-ai-saas-platform/node_modules/.pnpm/@nestjs+core@11.1.6_@nestjs+common@11.1.6_class-transformer@0.5.1_class-validator@0.14._bad85ac0f714a81162304b30d6edbbbf/node_modules/@nestjs/core/injector/instance-loader.js:56:13
    at async Promise.all (index 3)
    at TestingInstanceLoader.createInstancesOfProviders (/home/arligle/V1/Aiofix/aiofix-ai-saas-platform/node_modules/.pnpm/@nestjs+core@11.1.6_@nestjs+common@11.1.6_class-transformer@0.5.1_class-validator@0.14._bad85ac0f714a81162304b30d6edbbbf/node_modules/@nestjs/core/injector/instance-loader.js:55:9)
    at /home/arligle/V1/Aiofix/aiofix-ai-saas-platform/node_modules/.pnpm/@nestjs+core@11.1.6_@nestjs+common@11.1.6_class-transformer@0.5.1_class-validator@0.14._bad85ac0f714a81162304b30d6edbbbf/node_modules/@nestjs/core/injector/instance-loader.js:40:13
    at async Promise.all (index 1)
    at TestingInstanceLoader.createInstances (/home/arligle/V1/Aiofix/aiofix-ai-saas-platform/node_modules/.pnpm/@nestjs+core@11.1.6_@nestjs+common@11.1.6_class-transformer@0.5.1_class-validator@0.14._bad85ac0f714a81162304b30d6edbbbf/node_modules/@nestjs/core/injector/instance-loader.js:39:9)
    at TestingInstanceLoader.createInstancesOfDependencies (/home/arligle/V1/Aiofix/aiofix-ai-saas-platform/node_modules/.pnpm/@nestjs+core@11.1.6_@nestjs+common@11.1.6_class-transformer@0.5.1_class-validator@0.14._bad85ac0f714a81162304b30d6edbbbf/node_modules/@nestjs/core/injector/instance-loader.js:22:13)
    at TestingInstanceLoader.createInstancesOfDependencies (/home/arligle/V1/Aiofix/aiofix-ai-saas-platform/node_modules/.pnpm/@nestjs+testing@11.1.6_@nestjs+common@11.1.6_class-transformer@0.5.1_class-validator@0._ff6a79f0d3e76ddb2b73722d992783a6/node_modules/@nestjs/testing/testing-instance-loader.js:9:9)
    at TestingModuleBuilder.createInstancesOfDependencies (/home/arligle/V1/Aiofix/aiofix-ai-saas-platform/node_modules/.pnpm/@nestjs+testing@11.1.6_@nestjs+common@11.1.6_class-transformer@0.5.1_class-validator@0._ff6a79f0d3e76ddb2b73722d992783a6/node_modules/@nestjs/testing/testing-module.builder.js:118:9)
    at TestingModuleBuilder.compile (/home/arligle/V1/Aiofix/aiofix-ai-saas-platform/node_modules/.pnpm/@nestjs+testing@11.1.6_@nestjs+common@11.1.6_class-transformer@0.5.1_class-validator@0._ff6a79f0d3e76ddb2b73722d992783a6/node_modules/@nestjs/testing/testing-module.builder.js:74:9)
    at Object.&lt;anonymous&gt; (/home/arligle/V1/Aiofix/aiofix-ai-saas-platform/packages/cache/src/services/cache-invalidation.service.spec.ts:196:35)</failure>
      <failure>TypeError: Cannot read properties of undefined (reading &apos;onDestroy&apos;)
    at Object.&lt;anonymous&gt; (/home/arligle/V1/Aiofix/aiofix-ai-saas-platform/packages/cache/src/services/cache-invalidation.service.spec.ts:223:13)
    at Promise.then.completed (/home/arligle/V1/Aiofix/aiofix-ai-saas-platform/node_modules/.pnpm/jest-circus@29.7.0/node_modules/jest-circus/build/utils.js:298:28)
    at new Promise (&lt;anonymous&gt;)
    at callAsyncCircusFn (/home/arligle/V1/Aiofix/aiofix-ai-saas-platform/node_modules/.pnpm/jest-circus@29.7.0/node_modules/jest-circus/build/utils.js:231:10)
    at _callCircusHook (/home/arligle/V1/Aiofix/aiofix-ai-saas-platform/node_modules/.pnpm/jest-circus@29.7.0/node_modules/jest-circus/build/run.js:281:40)
    at _runTest (/home/arligle/V1/Aiofix/aiofix-ai-saas-platform/node_modules/.pnpm/jest-circus@29.7.0/node_modules/jest-circus/build/run.js:254:5)
    at _runTestsForDescribeBlock (/home/arligle/V1/Aiofix/aiofix-ai-saas-platform/node_modules/.pnpm/jest-circus@29.7.0/node_modules/jest-circus/build/run.js:126:9)
    at _runTestsForDescribeBlock (/home/arligle/V1/Aiofix/aiofix-ai-saas-platform/node_modules/.pnpm/jest-circus@29.7.0/node_modules/jest-circus/build/run.js:121:9)
    at _runTestsForDescribeBlock (/home/arligle/V1/Aiofix/aiofix-ai-saas-platform/node_modules/.pnpm/jest-circus@29.7.0/node_modules/jest-circus/build/run.js:121:9)
    at run (/home/arligle/V1/Aiofix/aiofix-ai-saas-platform/node_modules/.pnpm/jest-circus@29.7.0/node_modules/jest-circus/build/run.js:71:3)
    at runAndTransformResultsToJestFormat (/home/arligle/V1/Aiofix/aiofix-ai-saas-platform/node_modules/.pnpm/jest-circus@29.7.0/node_modules/jest-circus/build/legacy-code-todo-rewrite/jestAdapterInit.js:122:21)
    at jestAdapter (/home/arligle/V1/Aiofix/aiofix-ai-saas-platform/node_modules/.pnpm/jest-circus@29.7.0/node_modules/jest-circus/build/legacy-code-todo-rewrite/jestAdapter.js:79:19)
    at runTestInternal (/home/arligle/V1/Aiofix/aiofix-ai-saas-platform/node_modules/.pnpm/jest-runner@29.7.0/node_modules/jest-runner/build/runTest.js:367:16)
    at runTest (/home/arligle/V1/Aiofix/aiofix-ai-saas-platform/node_modules/.pnpm/jest-runner@29.7.0/node_modules/jest-runner/build/runTest.js:444:34)</failure>
    </testcase>
    <testcase classname="CacheInvalidationService › statistics" name="should get invalidation stats" time="0.001">
      <failure>TypeError: Cannot read properties of undefined (reading &apos;info&apos;)
    at _classThis.info [as startMonitoring] (/home/arligle/V1/Aiofix/aiofix-ai-saas-platform/packages/cache/src/services/cache-invalidation.service.ts:978:19)
    at new startMonitoring (/home/arligle/V1/Aiofix/aiofix-ai-saas-platform/packages/cache/src/services/cache-invalidation.service.ts:209:10)
    at TestingInjector.instantiateClass (/home/arligle/V1/Aiofix/aiofix-ai-saas-platform/node_modules/.pnpm/@nestjs+core@11.1.6_@nestjs+common@11.1.6_class-transformer@0.5.1_class-validator@0.14._bad85ac0f714a81162304b30d6edbbbf/node_modules/@nestjs/core/injector/injector.js:418:19)
    at callback (/home/arligle/V1/Aiofix/aiofix-ai-saas-platform/node_modules/.pnpm/@nestjs+core@11.1.6_@nestjs+common@11.1.6_class-transformer@0.5.1_class-validator@0.14._bad85ac0f714a81162304b30d6edbbbf/node_modules/@nestjs/core/injector/injector.js:70:45)
    at TestingInjector.resolveConstructorParams (/home/arligle/V1/Aiofix/aiofix-ai-saas-platform/node_modules/.pnpm/@nestjs+core@11.1.6_@nestjs+common@11.1.6_class-transformer@0.5.1_class-validator@0.14._bad85ac0f714a81162304b30d6edbbbf/node_modules/@nestjs/core/injector/injector.js:170:24)
    at TestingInjector.loadInstance (/home/arligle/V1/Aiofix/aiofix-ai-saas-platform/node_modules/.pnpm/@nestjs+core@11.1.6_@nestjs+common@11.1.6_class-transformer@0.5.1_class-validator@0.14._bad85ac0f714a81162304b30d6edbbbf/node_modules/@nestjs/core/injector/injector.js:75:13)
    at TestingInjector.loadProvider (/home/arligle/V1/Aiofix/aiofix-ai-saas-platform/node_modules/.pnpm/@nestjs+core@11.1.6_@nestjs+common@11.1.6_class-transformer@0.5.1_class-validator@0.14._bad85ac0f714a81162304b30d6edbbbf/node_modules/@nestjs/core/injector/injector.js:103:9)
    at /home/arligle/V1/Aiofix/aiofix-ai-saas-platform/node_modules/.pnpm/@nestjs+core@11.1.6_@nestjs+common@11.1.6_class-transformer@0.5.1_class-validator@0.14._bad85ac0f714a81162304b30d6edbbbf/node_modules/@nestjs/core/injector/instance-loader.js:56:13
    at async Promise.all (index 3)
    at TestingInstanceLoader.createInstancesOfProviders (/home/arligle/V1/Aiofix/aiofix-ai-saas-platform/node_modules/.pnpm/@nestjs+core@11.1.6_@nestjs+common@11.1.6_class-transformer@0.5.1_class-validator@0.14._bad85ac0f714a81162304b30d6edbbbf/node_modules/@nestjs/core/injector/instance-loader.js:55:9)
    at /home/arligle/V1/Aiofix/aiofix-ai-saas-platform/node_modules/.pnpm/@nestjs+core@11.1.6_@nestjs+common@11.1.6_class-transformer@0.5.1_class-validator@0.14._bad85ac0f714a81162304b30d6edbbbf/node_modules/@nestjs/core/injector/instance-loader.js:40:13
    at async Promise.all (index 1)
    at TestingInstanceLoader.createInstances (/home/arligle/V1/Aiofix/aiofix-ai-saas-platform/node_modules/.pnpm/@nestjs+core@11.1.6_@nestjs+common@11.1.6_class-transformer@0.5.1_class-validator@0.14._bad85ac0f714a81162304b30d6edbbbf/node_modules/@nestjs/core/injector/instance-loader.js:39:9)
    at TestingInstanceLoader.createInstancesOfDependencies (/home/arligle/V1/Aiofix/aiofix-ai-saas-platform/node_modules/.pnpm/@nestjs+core@11.1.6_@nestjs+common@11.1.6_class-transformer@0.5.1_class-validator@0.14._bad85ac0f714a81162304b30d6edbbbf/node_modules/@nestjs/core/injector/instance-loader.js:22:13)
    at TestingInstanceLoader.createInstancesOfDependencies (/home/arligle/V1/Aiofix/aiofix-ai-saas-platform/node_modules/.pnpm/@nestjs+testing@11.1.6_@nestjs+common@11.1.6_class-transformer@0.5.1_class-validator@0._ff6a79f0d3e76ddb2b73722d992783a6/node_modules/@nestjs/testing/testing-instance-loader.js:9:9)
    at TestingModuleBuilder.createInstancesOfDependencies (/home/arligle/V1/Aiofix/aiofix-ai-saas-platform/node_modules/.pnpm/@nestjs+testing@11.1.6_@nestjs+common@11.1.6_class-transformer@0.5.1_class-validator@0._ff6a79f0d3e76ddb2b73722d992783a6/node_modules/@nestjs/testing/testing-module.builder.js:118:9)
    at TestingModuleBuilder.compile (/home/arligle/V1/Aiofix/aiofix-ai-saas-platform/node_modules/.pnpm/@nestjs+testing@11.1.6_@nestjs+common@11.1.6_class-transformer@0.5.1_class-validator@0._ff6a79f0d3e76ddb2b73722d992783a6/node_modules/@nestjs/testing/testing-module.builder.js:74:9)
    at Object.&lt;anonymous&gt; (/home/arligle/V1/Aiofix/aiofix-ai-saas-platform/packages/cache/src/services/cache-invalidation.service.spec.ts:196:35)</failure>
      <failure>TypeError: Cannot read properties of undefined (reading &apos;onDestroy&apos;)
    at Object.&lt;anonymous&gt; (/home/arligle/V1/Aiofix/aiofix-ai-saas-platform/packages/cache/src/services/cache-invalidation.service.spec.ts:223:13)
    at Promise.then.completed (/home/arligle/V1/Aiofix/aiofix-ai-saas-platform/node_modules/.pnpm/jest-circus@29.7.0/node_modules/jest-circus/build/utils.js:298:28)
    at new Promise (&lt;anonymous&gt;)
    at callAsyncCircusFn (/home/arligle/V1/Aiofix/aiofix-ai-saas-platform/node_modules/.pnpm/jest-circus@29.7.0/node_modules/jest-circus/build/utils.js:231:10)
    at _callCircusHook (/home/arligle/V1/Aiofix/aiofix-ai-saas-platform/node_modules/.pnpm/jest-circus@29.7.0/node_modules/jest-circus/build/run.js:281:40)
    at _runTest (/home/arligle/V1/Aiofix/aiofix-ai-saas-platform/node_modules/.pnpm/jest-circus@29.7.0/node_modules/jest-circus/build/run.js:254:5)
    at _runTestsForDescribeBlock (/home/arligle/V1/Aiofix/aiofix-ai-saas-platform/node_modules/.pnpm/jest-circus@29.7.0/node_modules/jest-circus/build/run.js:126:9)
    at _runTestsForDescribeBlock (/home/arligle/V1/Aiofix/aiofix-ai-saas-platform/node_modules/.pnpm/jest-circus@29.7.0/node_modules/jest-circus/build/run.js:121:9)
    at _runTestsForDescribeBlock (/home/arligle/V1/Aiofix/aiofix-ai-saas-platform/node_modules/.pnpm/jest-circus@29.7.0/node_modules/jest-circus/build/run.js:121:9)
    at run (/home/arligle/V1/Aiofix/aiofix-ai-saas-platform/node_modules/.pnpm/jest-circus@29.7.0/node_modules/jest-circus/build/run.js:71:3)
    at runAndTransformResultsToJestFormat (/home/arligle/V1/Aiofix/aiofix-ai-saas-platform/node_modules/.pnpm/jest-circus@29.7.0/node_modules/jest-circus/build/legacy-code-todo-rewrite/jestAdapterInit.js:122:21)
    at jestAdapter (/home/arligle/V1/Aiofix/aiofix-ai-saas-platform/node_modules/.pnpm/jest-circus@29.7.0/node_modules/jest-circus/build/legacy-code-todo-rewrite/jestAdapter.js:79:19)
    at runTestInternal (/home/arligle/V1/Aiofix/aiofix-ai-saas-platform/node_modules/.pnpm/jest-runner@29.7.0/node_modules/jest-runner/build/runTest.js:367:16)
    at runTest (/home/arligle/V1/Aiofix/aiofix-ai-saas-platform/node_modules/.pnpm/jest-runner@29.7.0/node_modules/jest-runner/build/runTest.js:444:34)</failure>
    </testcase>
    <testcase classname="CacheInvalidationService › statistics" name="should update stats after invalidation" time="0.001">
      <failure>TypeError: Cannot read properties of undefined (reading &apos;info&apos;)
    at _classThis.info [as startMonitoring] (/home/arligle/V1/Aiofix/aiofix-ai-saas-platform/packages/cache/src/services/cache-invalidation.service.ts:978:19)
    at new startMonitoring (/home/arligle/V1/Aiofix/aiofix-ai-saas-platform/packages/cache/src/services/cache-invalidation.service.ts:209:10)
    at TestingInjector.instantiateClass (/home/arligle/V1/Aiofix/aiofix-ai-saas-platform/node_modules/.pnpm/@nestjs+core@11.1.6_@nestjs+common@11.1.6_class-transformer@0.5.1_class-validator@0.14._bad85ac0f714a81162304b30d6edbbbf/node_modules/@nestjs/core/injector/injector.js:418:19)
    at callback (/home/arligle/V1/Aiofix/aiofix-ai-saas-platform/node_modules/.pnpm/@nestjs+core@11.1.6_@nestjs+common@11.1.6_class-transformer@0.5.1_class-validator@0.14._bad85ac0f714a81162304b30d6edbbbf/node_modules/@nestjs/core/injector/injector.js:70:45)
    at TestingInjector.resolveConstructorParams (/home/arligle/V1/Aiofix/aiofix-ai-saas-platform/node_modules/.pnpm/@nestjs+core@11.1.6_@nestjs+common@11.1.6_class-transformer@0.5.1_class-validator@0.14._bad85ac0f714a81162304b30d6edbbbf/node_modules/@nestjs/core/injector/injector.js:170:24)
    at TestingInjector.loadInstance (/home/arligle/V1/Aiofix/aiofix-ai-saas-platform/node_modules/.pnpm/@nestjs+core@11.1.6_@nestjs+common@11.1.6_class-transformer@0.5.1_class-validator@0.14._bad85ac0f714a81162304b30d6edbbbf/node_modules/@nestjs/core/injector/injector.js:75:13)
    at TestingInjector.loadProvider (/home/arligle/V1/Aiofix/aiofix-ai-saas-platform/node_modules/.pnpm/@nestjs+core@11.1.6_@nestjs+common@11.1.6_class-transformer@0.5.1_class-validator@0.14._bad85ac0f714a81162304b30d6edbbbf/node_modules/@nestjs/core/injector/injector.js:103:9)
    at /home/arligle/V1/Aiofix/aiofix-ai-saas-platform/node_modules/.pnpm/@nestjs+core@11.1.6_@nestjs+common@11.1.6_class-transformer@0.5.1_class-validator@0.14._bad85ac0f714a81162304b30d6edbbbf/node_modules/@nestjs/core/injector/instance-loader.js:56:13
    at async Promise.all (index 3)
    at TestingInstanceLoader.createInstancesOfProviders (/home/arligle/V1/Aiofix/aiofix-ai-saas-platform/node_modules/.pnpm/@nestjs+core@11.1.6_@nestjs+common@11.1.6_class-transformer@0.5.1_class-validator@0.14._bad85ac0f714a81162304b30d6edbbbf/node_modules/@nestjs/core/injector/instance-loader.js:55:9)
    at /home/arligle/V1/Aiofix/aiofix-ai-saas-platform/node_modules/.pnpm/@nestjs+core@11.1.6_@nestjs+common@11.1.6_class-transformer@0.5.1_class-validator@0.14._bad85ac0f714a81162304b30d6edbbbf/node_modules/@nestjs/core/injector/instance-loader.js:40:13
    at async Promise.all (index 1)
    at TestingInstanceLoader.createInstances (/home/arligle/V1/Aiofix/aiofix-ai-saas-platform/node_modules/.pnpm/@nestjs+core@11.1.6_@nestjs+common@11.1.6_class-transformer@0.5.1_class-validator@0.14._bad85ac0f714a81162304b30d6edbbbf/node_modules/@nestjs/core/injector/instance-loader.js:39:9)
    at TestingInstanceLoader.createInstancesOfDependencies (/home/arligle/V1/Aiofix/aiofix-ai-saas-platform/node_modules/.pnpm/@nestjs+core@11.1.6_@nestjs+common@11.1.6_class-transformer@0.5.1_class-validator@0.14._bad85ac0f714a81162304b30d6edbbbf/node_modules/@nestjs/core/injector/instance-loader.js:22:13)
    at TestingInstanceLoader.createInstancesOfDependencies (/home/arligle/V1/Aiofix/aiofix-ai-saas-platform/node_modules/.pnpm/@nestjs+testing@11.1.6_@nestjs+common@11.1.6_class-transformer@0.5.1_class-validator@0._ff6a79f0d3e76ddb2b73722d992783a6/node_modules/@nestjs/testing/testing-instance-loader.js:9:9)
    at TestingModuleBuilder.createInstancesOfDependencies (/home/arligle/V1/Aiofix/aiofix-ai-saas-platform/node_modules/.pnpm/@nestjs+testing@11.1.6_@nestjs+common@11.1.6_class-transformer@0.5.1_class-validator@0._ff6a79f0d3e76ddb2b73722d992783a6/node_modules/@nestjs/testing/testing-module.builder.js:118:9)
    at TestingModuleBuilder.compile (/home/arligle/V1/Aiofix/aiofix-ai-saas-platform/node_modules/.pnpm/@nestjs+testing@11.1.6_@nestjs+common@11.1.6_class-transformer@0.5.1_class-validator@0._ff6a79f0d3e76ddb2b73722d992783a6/node_modules/@nestjs/testing/testing-module.builder.js:74:9)
    at Object.&lt;anonymous&gt; (/home/arligle/V1/Aiofix/aiofix-ai-saas-platform/packages/cache/src/services/cache-invalidation.service.spec.ts:196:35)</failure>
      <failure>TypeError: Cannot read properties of undefined (reading &apos;onDestroy&apos;)
    at Object.&lt;anonymous&gt; (/home/arligle/V1/Aiofix/aiofix-ai-saas-platform/packages/cache/src/services/cache-invalidation.service.spec.ts:223:13)
    at Promise.then.completed (/home/arligle/V1/Aiofix/aiofix-ai-saas-platform/node_modules/.pnpm/jest-circus@29.7.0/node_modules/jest-circus/build/utils.js:298:28)
    at new Promise (&lt;anonymous&gt;)
    at callAsyncCircusFn (/home/arligle/V1/Aiofix/aiofix-ai-saas-platform/node_modules/.pnpm/jest-circus@29.7.0/node_modules/jest-circus/build/utils.js:231:10)
    at _callCircusHook (/home/arligle/V1/Aiofix/aiofix-ai-saas-platform/node_modules/.pnpm/jest-circus@29.7.0/node_modules/jest-circus/build/run.js:281:40)
    at _runTest (/home/arligle/V1/Aiofix/aiofix-ai-saas-platform/node_modules/.pnpm/jest-circus@29.7.0/node_modules/jest-circus/build/run.js:254:5)
    at _runTestsForDescribeBlock (/home/arligle/V1/Aiofix/aiofix-ai-saas-platform/node_modules/.pnpm/jest-circus@29.7.0/node_modules/jest-circus/build/run.js:126:9)
    at _runTestsForDescribeBlock (/home/arligle/V1/Aiofix/aiofix-ai-saas-platform/node_modules/.pnpm/jest-circus@29.7.0/node_modules/jest-circus/build/run.js:121:9)
    at _runTestsForDescribeBlock (/home/arligle/V1/Aiofix/aiofix-ai-saas-platform/node_modules/.pnpm/jest-circus@29.7.0/node_modules/jest-circus/build/run.js:121:9)
    at run (/home/arligle/V1/Aiofix/aiofix-ai-saas-platform/node_modules/.pnpm/jest-circus@29.7.0/node_modules/jest-circus/build/run.js:71:3)
    at runAndTransformResultsToJestFormat (/home/arligle/V1/Aiofix/aiofix-ai-saas-platform/node_modules/.pnpm/jest-circus@29.7.0/node_modules/jest-circus/build/legacy-code-todo-rewrite/jestAdapterInit.js:122:21)
    at jestAdapter (/home/arligle/V1/Aiofix/aiofix-ai-saas-platform/node_modules/.pnpm/jest-circus@29.7.0/node_modules/jest-circus/build/legacy-code-todo-rewrite/jestAdapter.js:79:19)
    at runTestInternal (/home/arligle/V1/Aiofix/aiofix-ai-saas-platform/node_modules/.pnpm/jest-runner@29.7.0/node_modules/jest-runner/build/runTest.js:367:16)
    at runTest (/home/arligle/V1/Aiofix/aiofix-ai-saas-platform/node_modules/.pnpm/jest-runner@29.7.0/node_modules/jest-runner/build/runTest.js:444:34)</failure>
    </testcase>
    <testcase classname="CacheInvalidationService › statistics" name="should reset stats" time="0.011">
      <failure>TypeError: Cannot read properties of undefined (reading &apos;info&apos;)
    at _classThis.info [as startMonitoring] (/home/arligle/V1/Aiofix/aiofix-ai-saas-platform/packages/cache/src/services/cache-invalidation.service.ts:978:19)
    at new startMonitoring (/home/arligle/V1/Aiofix/aiofix-ai-saas-platform/packages/cache/src/services/cache-invalidation.service.ts:209:10)
    at TestingInjector.instantiateClass (/home/arligle/V1/Aiofix/aiofix-ai-saas-platform/node_modules/.pnpm/@nestjs+core@11.1.6_@nestjs+common@11.1.6_class-transformer@0.5.1_class-validator@0.14._bad85ac0f714a81162304b30d6edbbbf/node_modules/@nestjs/core/injector/injector.js:418:19)
    at callback (/home/arligle/V1/Aiofix/aiofix-ai-saas-platform/node_modules/.pnpm/@nestjs+core@11.1.6_@nestjs+common@11.1.6_class-transformer@0.5.1_class-validator@0.14._bad85ac0f714a81162304b30d6edbbbf/node_modules/@nestjs/core/injector/injector.js:70:45)
    at TestingInjector.resolveConstructorParams (/home/arligle/V1/Aiofix/aiofix-ai-saas-platform/node_modules/.pnpm/@nestjs+core@11.1.6_@nestjs+common@11.1.6_class-transformer@0.5.1_class-validator@0.14._bad85ac0f714a81162304b30d6edbbbf/node_modules/@nestjs/core/injector/injector.js:170:24)
    at TestingInjector.loadInstance (/home/arligle/V1/Aiofix/aiofix-ai-saas-platform/node_modules/.pnpm/@nestjs+core@11.1.6_@nestjs+common@11.1.6_class-transformer@0.5.1_class-validator@0.14._bad85ac0f714a81162304b30d6edbbbf/node_modules/@nestjs/core/injector/injector.js:75:13)
    at TestingInjector.loadProvider (/home/arligle/V1/Aiofix/aiofix-ai-saas-platform/node_modules/.pnpm/@nestjs+core@11.1.6_@nestjs+common@11.1.6_class-transformer@0.5.1_class-validator@0.14._bad85ac0f714a81162304b30d6edbbbf/node_modules/@nestjs/core/injector/injector.js:103:9)
    at /home/arligle/V1/Aiofix/aiofix-ai-saas-platform/node_modules/.pnpm/@nestjs+core@11.1.6_@nestjs+common@11.1.6_class-transformer@0.5.1_class-validator@0.14._bad85ac0f714a81162304b30d6edbbbf/node_modules/@nestjs/core/injector/instance-loader.js:56:13
    at async Promise.all (index 3)
    at TestingInstanceLoader.createInstancesOfProviders (/home/arligle/V1/Aiofix/aiofix-ai-saas-platform/node_modules/.pnpm/@nestjs+core@11.1.6_@nestjs+common@11.1.6_class-transformer@0.5.1_class-validator@0.14._bad85ac0f714a81162304b30d6edbbbf/node_modules/@nestjs/core/injector/instance-loader.js:55:9)
    at /home/arligle/V1/Aiofix/aiofix-ai-saas-platform/node_modules/.pnpm/@nestjs+core@11.1.6_@nestjs+common@11.1.6_class-transformer@0.5.1_class-validator@0.14._bad85ac0f714a81162304b30d6edbbbf/node_modules/@nestjs/core/injector/instance-loader.js:40:13
    at async Promise.all (index 1)
    at TestingInstanceLoader.createInstances (/home/arligle/V1/Aiofix/aiofix-ai-saas-platform/node_modules/.pnpm/@nestjs+core@11.1.6_@nestjs+common@11.1.6_class-transformer@0.5.1_class-validator@0.14._bad85ac0f714a81162304b30d6edbbbf/node_modules/@nestjs/core/injector/instance-loader.js:39:9)
    at TestingInstanceLoader.createInstancesOfDependencies (/home/arligle/V1/Aiofix/aiofix-ai-saas-platform/node_modules/.pnpm/@nestjs+core@11.1.6_@nestjs+common@11.1.6_class-transformer@0.5.1_class-validator@0.14._bad85ac0f714a81162304b30d6edbbbf/node_modules/@nestjs/core/injector/instance-loader.js:22:13)
    at TestingInstanceLoader.createInstancesOfDependencies (/home/arligle/V1/Aiofix/aiofix-ai-saas-platform/node_modules/.pnpm/@nestjs+testing@11.1.6_@nestjs+common@11.1.6_class-transformer@0.5.1_class-validator@0._ff6a79f0d3e76ddb2b73722d992783a6/node_modules/@nestjs/testing/testing-instance-loader.js:9:9)
    at TestingModuleBuilder.createInstancesOfDependencies (/home/arligle/V1/Aiofix/aiofix-ai-saas-platform/node_modules/.pnpm/@nestjs+testing@11.1.6_@nestjs+common@11.1.6_class-transformer@0.5.1_class-validator@0._ff6a79f0d3e76ddb2b73722d992783a6/node_modules/@nestjs/testing/testing-module.builder.js:118:9)
    at TestingModuleBuilder.compile (/home/arligle/V1/Aiofix/aiofix-ai-saas-platform/node_modules/.pnpm/@nestjs+testing@11.1.6_@nestjs+common@11.1.6_class-transformer@0.5.1_class-validator@0._ff6a79f0d3e76ddb2b73722d992783a6/node_modules/@nestjs/testing/testing-module.builder.js:74:9)
    at Object.&lt;anonymous&gt; (/home/arligle/V1/Aiofix/aiofix-ai-saas-platform/packages/cache/src/services/cache-invalidation.service.spec.ts:196:35)</failure>
      <failure>TypeError: Cannot read properties of undefined (reading &apos;onDestroy&apos;)
    at Object.&lt;anonymous&gt; (/home/arligle/V1/Aiofix/aiofix-ai-saas-platform/packages/cache/src/services/cache-invalidation.service.spec.ts:223:13)
    at Promise.then.completed (/home/arligle/V1/Aiofix/aiofix-ai-saas-platform/node_modules/.pnpm/jest-circus@29.7.0/node_modules/jest-circus/build/utils.js:298:28)
    at new Promise (&lt;anonymous&gt;)
    at callAsyncCircusFn (/home/arligle/V1/Aiofix/aiofix-ai-saas-platform/node_modules/.pnpm/jest-circus@29.7.0/node_modules/jest-circus/build/utils.js:231:10)
    at _callCircusHook (/home/arligle/V1/Aiofix/aiofix-ai-saas-platform/node_modules/.pnpm/jest-circus@29.7.0/node_modules/jest-circus/build/run.js:281:40)
    at _runTest (/home/arligle/V1/Aiofix/aiofix-ai-saas-platform/node_modules/.pnpm/jest-circus@29.7.0/node_modules/jest-circus/build/run.js:254:5)
    at _runTestsForDescribeBlock (/home/arligle/V1/Aiofix/aiofix-ai-saas-platform/node_modules/.pnpm/jest-circus@29.7.0/node_modules/jest-circus/build/run.js:126:9)
    at _runTestsForDescribeBlock (/home/arligle/V1/Aiofix/aiofix-ai-saas-platform/node_modules/.pnpm/jest-circus@29.7.0/node_modules/jest-circus/build/run.js:121:9)
    at _runTestsForDescribeBlock (/home/arligle/V1/Aiofix/aiofix-ai-saas-platform/node_modules/.pnpm/jest-circus@29.7.0/node_modules/jest-circus/build/run.js:121:9)
    at run (/home/arligle/V1/Aiofix/aiofix-ai-saas-platform/node_modules/.pnpm/jest-circus@29.7.0/node_modules/jest-circus/build/run.js:71:3)
    at runAndTransformResultsToJestFormat (/home/arligle/V1/Aiofix/aiofix-ai-saas-platform/node_modules/.pnpm/jest-circus@29.7.0/node_modules/jest-circus/build/legacy-code-todo-rewrite/jestAdapterInit.js:122:21)
    at jestAdapter (/home/arligle/V1/Aiofix/aiofix-ai-saas-platform/node_modules/.pnpm/jest-circus@29.7.0/node_modules/jest-circus/build/legacy-code-todo-rewrite/jestAdapter.js:79:19)
    at runTestInternal (/home/arligle/V1/Aiofix/aiofix-ai-saas-platform/node_modules/.pnpm/jest-runner@29.7.0/node_modules/jest-runner/build/runTest.js:367:16)
    at runTest (/home/arligle/V1/Aiofix/aiofix-ai-saas-platform/node_modules/.pnpm/jest-runner@29.7.0/node_modules/jest-runner/build/runTest.js:444:34)</failure>
    </testcase>
    <testcase classname="CacheInvalidationService › error handling" name="should handle cache service not set" time="0.001">
      <failure>TypeError: Cannot read properties of undefined (reading &apos;info&apos;)
    at _classThis.info [as startMonitoring] (/home/arligle/V1/Aiofix/aiofix-ai-saas-platform/packages/cache/src/services/cache-invalidation.service.ts:978:19)
    at new startMonitoring (/home/arligle/V1/Aiofix/aiofix-ai-saas-platform/packages/cache/src/services/cache-invalidation.service.ts:209:10)
    at TestingInjector.instantiateClass (/home/arligle/V1/Aiofix/aiofix-ai-saas-platform/node_modules/.pnpm/@nestjs+core@11.1.6_@nestjs+common@11.1.6_class-transformer@0.5.1_class-validator@0.14._bad85ac0f714a81162304b30d6edbbbf/node_modules/@nestjs/core/injector/injector.js:418:19)
    at callback (/home/arligle/V1/Aiofix/aiofix-ai-saas-platform/node_modules/.pnpm/@nestjs+core@11.1.6_@nestjs+common@11.1.6_class-transformer@0.5.1_class-validator@0.14._bad85ac0f714a81162304b30d6edbbbf/node_modules/@nestjs/core/injector/injector.js:70:45)
    at TestingInjector.resolveConstructorParams (/home/arligle/V1/Aiofix/aiofix-ai-saas-platform/node_modules/.pnpm/@nestjs+core@11.1.6_@nestjs+common@11.1.6_class-transformer@0.5.1_class-validator@0.14._bad85ac0f714a81162304b30d6edbbbf/node_modules/@nestjs/core/injector/injector.js:170:24)
    at TestingInjector.loadInstance (/home/arligle/V1/Aiofix/aiofix-ai-saas-platform/node_modules/.pnpm/@nestjs+core@11.1.6_@nestjs+common@11.1.6_class-transformer@0.5.1_class-validator@0.14._bad85ac0f714a81162304b30d6edbbbf/node_modules/@nestjs/core/injector/injector.js:75:13)
    at TestingInjector.loadProvider (/home/arligle/V1/Aiofix/aiofix-ai-saas-platform/node_modules/.pnpm/@nestjs+core@11.1.6_@nestjs+common@11.1.6_class-transformer@0.5.1_class-validator@0.14._bad85ac0f714a81162304b30d6edbbbf/node_modules/@nestjs/core/injector/injector.js:103:9)
    at /home/arligle/V1/Aiofix/aiofix-ai-saas-platform/node_modules/.pnpm/@nestjs+core@11.1.6_@nestjs+common@11.1.6_class-transformer@0.5.1_class-validator@0.14._bad85ac0f714a81162304b30d6edbbbf/node_modules/@nestjs/core/injector/instance-loader.js:56:13
    at async Promise.all (index 3)
    at TestingInstanceLoader.createInstancesOfProviders (/home/arligle/V1/Aiofix/aiofix-ai-saas-platform/node_modules/.pnpm/@nestjs+core@11.1.6_@nestjs+common@11.1.6_class-transformer@0.5.1_class-validator@0.14._bad85ac0f714a81162304b30d6edbbbf/node_modules/@nestjs/core/injector/instance-loader.js:55:9)
    at /home/arligle/V1/Aiofix/aiofix-ai-saas-platform/node_modules/.pnpm/@nestjs+core@11.1.6_@nestjs+common@11.1.6_class-transformer@0.5.1_class-validator@0.14._bad85ac0f714a81162304b30d6edbbbf/node_modules/@nestjs/core/injector/instance-loader.js:40:13
    at async Promise.all (index 1)
    at TestingInstanceLoader.createInstances (/home/arligle/V1/Aiofix/aiofix-ai-saas-platform/node_modules/.pnpm/@nestjs+core@11.1.6_@nestjs+common@11.1.6_class-transformer@0.5.1_class-validator@0.14._bad85ac0f714a81162304b30d6edbbbf/node_modules/@nestjs/core/injector/instance-loader.js:39:9)
    at TestingInstanceLoader.createInstancesOfDependencies (/home/arligle/V1/Aiofix/aiofix-ai-saas-platform/node_modules/.pnpm/@nestjs+core@11.1.6_@nestjs+common@11.1.6_class-transformer@0.5.1_class-validator@0.14._bad85ac0f714a81162304b30d6edbbbf/node_modules/@nestjs/core/injector/instance-loader.js:22:13)
    at TestingInstanceLoader.createInstancesOfDependencies (/home/arligle/V1/Aiofix/aiofix-ai-saas-platform/node_modules/.pnpm/@nestjs+testing@11.1.6_@nestjs+common@11.1.6_class-transformer@0.5.1_class-validator@0._ff6a79f0d3e76ddb2b73722d992783a6/node_modules/@nestjs/testing/testing-instance-loader.js:9:9)
    at TestingModuleBuilder.createInstancesOfDependencies (/home/arligle/V1/Aiofix/aiofix-ai-saas-platform/node_modules/.pnpm/@nestjs+testing@11.1.6_@nestjs+common@11.1.6_class-transformer@0.5.1_class-validator@0._ff6a79f0d3e76ddb2b73722d992783a6/node_modules/@nestjs/testing/testing-module.builder.js:118:9)
    at TestingModuleBuilder.compile (/home/arligle/V1/Aiofix/aiofix-ai-saas-platform/node_modules/.pnpm/@nestjs+testing@11.1.6_@nestjs+common@11.1.6_class-transformer@0.5.1_class-validator@0._ff6a79f0d3e76ddb2b73722d992783a6/node_modules/@nestjs/testing/testing-module.builder.js:74:9)
    at Object.&lt;anonymous&gt; (/home/arligle/V1/Aiofix/aiofix-ai-saas-platform/packages/cache/src/services/cache-invalidation.service.spec.ts:196:35)</failure>
      <failure>TypeError: Cannot read properties of undefined (reading &apos;onDestroy&apos;)
    at Object.&lt;anonymous&gt; (/home/arligle/V1/Aiofix/aiofix-ai-saas-platform/packages/cache/src/services/cache-invalidation.service.spec.ts:223:13)
    at Promise.then.completed (/home/arligle/V1/Aiofix/aiofix-ai-saas-platform/node_modules/.pnpm/jest-circus@29.7.0/node_modules/jest-circus/build/utils.js:298:28)
    at new Promise (&lt;anonymous&gt;)
    at callAsyncCircusFn (/home/arligle/V1/Aiofix/aiofix-ai-saas-platform/node_modules/.pnpm/jest-circus@29.7.0/node_modules/jest-circus/build/utils.js:231:10)
    at _callCircusHook (/home/arligle/V1/Aiofix/aiofix-ai-saas-platform/node_modules/.pnpm/jest-circus@29.7.0/node_modules/jest-circus/build/run.js:281:40)
    at _runTest (/home/arligle/V1/Aiofix/aiofix-ai-saas-platform/node_modules/.pnpm/jest-circus@29.7.0/node_modules/jest-circus/build/run.js:254:5)
    at _runTestsForDescribeBlock (/home/arligle/V1/Aiofix/aiofix-ai-saas-platform/node_modules/.pnpm/jest-circus@29.7.0/node_modules/jest-circus/build/run.js:126:9)
    at _runTestsForDescribeBlock (/home/arligle/V1/Aiofix/aiofix-ai-saas-platform/node_modules/.pnpm/jest-circus@29.7.0/node_modules/jest-circus/build/run.js:121:9)
    at _runTestsForDescribeBlock (/home/arligle/V1/Aiofix/aiofix-ai-saas-platform/node_modules/.pnpm/jest-circus@29.7.0/node_modules/jest-circus/build/run.js:121:9)
    at run (/home/arligle/V1/Aiofix/aiofix-ai-saas-platform/node_modules/.pnpm/jest-circus@29.7.0/node_modules/jest-circus/build/run.js:71:3)
    at runAndTransformResultsToJestFormat (/home/arligle/V1/Aiofix/aiofix-ai-saas-platform/node_modules/.pnpm/jest-circus@29.7.0/node_modules/jest-circus/build/legacy-code-todo-rewrite/jestAdapterInit.js:122:21)
    at jestAdapter (/home/arligle/V1/Aiofix/aiofix-ai-saas-platform/node_modules/.pnpm/jest-circus@29.7.0/node_modules/jest-circus/build/legacy-code-todo-rewrite/jestAdapter.js:79:19)
    at runTestInternal (/home/arligle/V1/Aiofix/aiofix-ai-saas-platform/node_modules/.pnpm/jest-runner@29.7.0/node_modules/jest-runner/build/runTest.js:367:16)
    at runTest (/home/arligle/V1/Aiofix/aiofix-ai-saas-platform/node_modules/.pnpm/jest-runner@29.7.0/node_modules/jest-runner/build/runTest.js:444:34)</failure>
    </testcase>
    <testcase classname="CacheInvalidationService › error handling" name="should handle unsupported strategy" time="0.002">
      <failure>TypeError: Cannot read properties of undefined (reading &apos;info&apos;)
    at _classThis.info [as startMonitoring] (/home/arligle/V1/Aiofix/aiofix-ai-saas-platform/packages/cache/src/services/cache-invalidation.service.ts:978:19)
    at new startMonitoring (/home/arligle/V1/Aiofix/aiofix-ai-saas-platform/packages/cache/src/services/cache-invalidation.service.ts:209:10)
    at TestingInjector.instantiateClass (/home/arligle/V1/Aiofix/aiofix-ai-saas-platform/node_modules/.pnpm/@nestjs+core@11.1.6_@nestjs+common@11.1.6_class-transformer@0.5.1_class-validator@0.14._bad85ac0f714a81162304b30d6edbbbf/node_modules/@nestjs/core/injector/injector.js:418:19)
    at callback (/home/arligle/V1/Aiofix/aiofix-ai-saas-platform/node_modules/.pnpm/@nestjs+core@11.1.6_@nestjs+common@11.1.6_class-transformer@0.5.1_class-validator@0.14._bad85ac0f714a81162304b30d6edbbbf/node_modules/@nestjs/core/injector/injector.js:70:45)
    at TestingInjector.resolveConstructorParams (/home/arligle/V1/Aiofix/aiofix-ai-saas-platform/node_modules/.pnpm/@nestjs+core@11.1.6_@nestjs+common@11.1.6_class-transformer@0.5.1_class-validator@0.14._bad85ac0f714a81162304b30d6edbbbf/node_modules/@nestjs/core/injector/injector.js:170:24)
    at TestingInjector.loadInstance (/home/arligle/V1/Aiofix/aiofix-ai-saas-platform/node_modules/.pnpm/@nestjs+core@11.1.6_@nestjs+common@11.1.6_class-transformer@0.5.1_class-validator@0.14._bad85ac0f714a81162304b30d6edbbbf/node_modules/@nestjs/core/injector/injector.js:75:13)
    at TestingInjector.loadProvider (/home/arligle/V1/Aiofix/aiofix-ai-saas-platform/node_modules/.pnpm/@nestjs+core@11.1.6_@nestjs+common@11.1.6_class-transformer@0.5.1_class-validator@0.14._bad85ac0f714a81162304b30d6edbbbf/node_modules/@nestjs/core/injector/injector.js:103:9)
    at /home/arligle/V1/Aiofix/aiofix-ai-saas-platform/node_modules/.pnpm/@nestjs+core@11.1.6_@nestjs+common@11.1.6_class-transformer@0.5.1_class-validator@0.14._bad85ac0f714a81162304b30d6edbbbf/node_modules/@nestjs/core/injector/instance-loader.js:56:13
    at async Promise.all (index 3)
    at TestingInstanceLoader.createInstancesOfProviders (/home/arligle/V1/Aiofix/aiofix-ai-saas-platform/node_modules/.pnpm/@nestjs+core@11.1.6_@nestjs+common@11.1.6_class-transformer@0.5.1_class-validator@0.14._bad85ac0f714a81162304b30d6edbbbf/node_modules/@nestjs/core/injector/instance-loader.js:55:9)
    at /home/arligle/V1/Aiofix/aiofix-ai-saas-platform/node_modules/.pnpm/@nestjs+core@11.1.6_@nestjs+common@11.1.6_class-transformer@0.5.1_class-validator@0.14._bad85ac0f714a81162304b30d6edbbbf/node_modules/@nestjs/core/injector/instance-loader.js:40:13
    at async Promise.all (index 1)
    at TestingInstanceLoader.createInstances (/home/arligle/V1/Aiofix/aiofix-ai-saas-platform/node_modules/.pnpm/@nestjs+core@11.1.6_@nestjs+common@11.1.6_class-transformer@0.5.1_class-validator@0.14._bad85ac0f714a81162304b30d6edbbbf/node_modules/@nestjs/core/injector/instance-loader.js:39:9)
    at TestingInstanceLoader.createInstancesOfDependencies (/home/arligle/V1/Aiofix/aiofix-ai-saas-platform/node_modules/.pnpm/@nestjs+core@11.1.6_@nestjs+common@11.1.6_class-transformer@0.5.1_class-validator@0.14._bad85ac0f714a81162304b30d6edbbbf/node_modules/@nestjs/core/injector/instance-loader.js:22:13)
    at TestingInstanceLoader.createInstancesOfDependencies (/home/arligle/V1/Aiofix/aiofix-ai-saas-platform/node_modules/.pnpm/@nestjs+testing@11.1.6_@nestjs+common@11.1.6_class-transformer@0.5.1_class-validator@0._ff6a79f0d3e76ddb2b73722d992783a6/node_modules/@nestjs/testing/testing-instance-loader.js:9:9)
    at TestingModuleBuilder.createInstancesOfDependencies (/home/arligle/V1/Aiofix/aiofix-ai-saas-platform/node_modules/.pnpm/@nestjs+testing@11.1.6_@nestjs+common@11.1.6_class-transformer@0.5.1_class-validator@0._ff6a79f0d3e76ddb2b73722d992783a6/node_modules/@nestjs/testing/testing-module.builder.js:118:9)
    at TestingModuleBuilder.compile (/home/arligle/V1/Aiofix/aiofix-ai-saas-platform/node_modules/.pnpm/@nestjs+testing@11.1.6_@nestjs+common@11.1.6_class-transformer@0.5.1_class-validator@0._ff6a79f0d3e76ddb2b73722d992783a6/node_modules/@nestjs/testing/testing-module.builder.js:74:9)
    at Object.&lt;anonymous&gt; (/home/arligle/V1/Aiofix/aiofix-ai-saas-platform/packages/cache/src/services/cache-invalidation.service.spec.ts:196:35)</failure>
      <failure>TypeError: Cannot read properties of undefined (reading &apos;onDestroy&apos;)
    at Object.&lt;anonymous&gt; (/home/arligle/V1/Aiofix/aiofix-ai-saas-platform/packages/cache/src/services/cache-invalidation.service.spec.ts:223:13)
    at Promise.then.completed (/home/arligle/V1/Aiofix/aiofix-ai-saas-platform/node_modules/.pnpm/jest-circus@29.7.0/node_modules/jest-circus/build/utils.js:298:28)
    at new Promise (&lt;anonymous&gt;)
    at callAsyncCircusFn (/home/arligle/V1/Aiofix/aiofix-ai-saas-platform/node_modules/.pnpm/jest-circus@29.7.0/node_modules/jest-circus/build/utils.js:231:10)
    at _callCircusHook (/home/arligle/V1/Aiofix/aiofix-ai-saas-platform/node_modules/.pnpm/jest-circus@29.7.0/node_modules/jest-circus/build/run.js:281:40)
    at _runTest (/home/arligle/V1/Aiofix/aiofix-ai-saas-platform/node_modules/.pnpm/jest-circus@29.7.0/node_modules/jest-circus/build/run.js:254:5)
    at _runTestsForDescribeBlock (/home/arligle/V1/Aiofix/aiofix-ai-saas-platform/node_modules/.pnpm/jest-circus@29.7.0/node_modules/jest-circus/build/run.js:126:9)
    at _runTestsForDescribeBlock (/home/arligle/V1/Aiofix/aiofix-ai-saas-platform/node_modules/.pnpm/jest-circus@29.7.0/node_modules/jest-circus/build/run.js:121:9)
    at _runTestsForDescribeBlock (/home/arligle/V1/Aiofix/aiofix-ai-saas-platform/node_modules/.pnpm/jest-circus@29.7.0/node_modules/jest-circus/build/run.js:121:9)
    at run (/home/arligle/V1/Aiofix/aiofix-ai-saas-platform/node_modules/.pnpm/jest-circus@29.7.0/node_modules/jest-circus/build/run.js:71:3)
    at runAndTransformResultsToJestFormat (/home/arligle/V1/Aiofix/aiofix-ai-saas-platform/node_modules/.pnpm/jest-circus@29.7.0/node_modules/jest-circus/build/legacy-code-todo-rewrite/jestAdapterInit.js:122:21)
    at jestAdapter (/home/arligle/V1/Aiofix/aiofix-ai-saas-platform/node_modules/.pnpm/jest-circus@29.7.0/node_modules/jest-circus/build/legacy-code-todo-rewrite/jestAdapter.js:79:19)
    at runTestInternal (/home/arligle/V1/Aiofix/aiofix-ai-saas-platform/node_modules/.pnpm/jest-runner@29.7.0/node_modules/jest-runner/build/runTest.js:367:16)
    at runTest (/home/arligle/V1/Aiofix/aiofix-ai-saas-platform/node_modules/.pnpm/jest-runner@29.7.0/node_modules/jest-runner/build/runTest.js:444:34)</failure>
    </testcase>
    <testcase classname="CacheInvalidationService › event emission" name="should emit rule events" time="0.001">
      <failure>TypeError: Cannot read properties of undefined (reading &apos;info&apos;)
    at _classThis.info [as startMonitoring] (/home/arligle/V1/Aiofix/aiofix-ai-saas-platform/packages/cache/src/services/cache-invalidation.service.ts:978:19)
    at new startMonitoring (/home/arligle/V1/Aiofix/aiofix-ai-saas-platform/packages/cache/src/services/cache-invalidation.service.ts:209:10)
    at TestingInjector.instantiateClass (/home/arligle/V1/Aiofix/aiofix-ai-saas-platform/node_modules/.pnpm/@nestjs+core@11.1.6_@nestjs+common@11.1.6_class-transformer@0.5.1_class-validator@0.14._bad85ac0f714a81162304b30d6edbbbf/node_modules/@nestjs/core/injector/injector.js:418:19)
    at callback (/home/arligle/V1/Aiofix/aiofix-ai-saas-platform/node_modules/.pnpm/@nestjs+core@11.1.6_@nestjs+common@11.1.6_class-transformer@0.5.1_class-validator@0.14._bad85ac0f714a81162304b30d6edbbbf/node_modules/@nestjs/core/injector/injector.js:70:45)
    at TestingInjector.resolveConstructorParams (/home/arligle/V1/Aiofix/aiofix-ai-saas-platform/node_modules/.pnpm/@nestjs+core@11.1.6_@nestjs+common@11.1.6_class-transformer@0.5.1_class-validator@0.14._bad85ac0f714a81162304b30d6edbbbf/node_modules/@nestjs/core/injector/injector.js:170:24)
    at TestingInjector.loadInstance (/home/arligle/V1/Aiofix/aiofix-ai-saas-platform/node_modules/.pnpm/@nestjs+core@11.1.6_@nestjs+common@11.1.6_class-transformer@0.5.1_class-validator@0.14._bad85ac0f714a81162304b30d6edbbbf/node_modules/@nestjs/core/injector/injector.js:75:13)
    at TestingInjector.loadProvider (/home/arligle/V1/Aiofix/aiofix-ai-saas-platform/node_modules/.pnpm/@nestjs+core@11.1.6_@nestjs+common@11.1.6_class-transformer@0.5.1_class-validator@0.14._bad85ac0f714a81162304b30d6edbbbf/node_modules/@nestjs/core/injector/injector.js:103:9)
    at /home/arligle/V1/Aiofix/aiofix-ai-saas-platform/node_modules/.pnpm/@nestjs+core@11.1.6_@nestjs+common@11.1.6_class-transformer@0.5.1_class-validator@0.14._bad85ac0f714a81162304b30d6edbbbf/node_modules/@nestjs/core/injector/instance-loader.js:56:13
    at async Promise.all (index 3)
    at TestingInstanceLoader.createInstancesOfProviders (/home/arligle/V1/Aiofix/aiofix-ai-saas-platform/node_modules/.pnpm/@nestjs+core@11.1.6_@nestjs+common@11.1.6_class-transformer@0.5.1_class-validator@0.14._bad85ac0f714a81162304b30d6edbbbf/node_modules/@nestjs/core/injector/instance-loader.js:55:9)
    at /home/arligle/V1/Aiofix/aiofix-ai-saas-platform/node_modules/.pnpm/@nestjs+core@11.1.6_@nestjs+common@11.1.6_class-transformer@0.5.1_class-validator@0.14._bad85ac0f714a81162304b30d6edbbbf/node_modules/@nestjs/core/injector/instance-loader.js:40:13
    at async Promise.all (index 1)
    at TestingInstanceLoader.createInstances (/home/arligle/V1/Aiofix/aiofix-ai-saas-platform/node_modules/.pnpm/@nestjs+core@11.1.6_@nestjs+common@11.1.6_class-transformer@0.5.1_class-validator@0.14._bad85ac0f714a81162304b30d6edbbbf/node_modules/@nestjs/core/injector/instance-loader.js:39:9)
    at TestingInstanceLoader.createInstancesOfDependencies (/home/arligle/V1/Aiofix/aiofix-ai-saas-platform/node_modules/.pnpm/@nestjs+core@11.1.6_@nestjs+common@11.1.6_class-transformer@0.5.1_class-validator@0.14._bad85ac0f714a81162304b30d6edbbbf/node_modules/@nestjs/core/injector/instance-loader.js:22:13)
    at TestingInstanceLoader.createInstancesOfDependencies (/home/arligle/V1/Aiofix/aiofix-ai-saas-platform/node_modules/.pnpm/@nestjs+testing@11.1.6_@nestjs+common@11.1.6_class-transformer@0.5.1_class-validator@0._ff6a79f0d3e76ddb2b73722d992783a6/node_modules/@nestjs/testing/testing-instance-loader.js:9:9)
    at TestingModuleBuilder.createInstancesOfDependencies (/home/arligle/V1/Aiofix/aiofix-ai-saas-platform/node_modules/.pnpm/@nestjs+testing@11.1.6_@nestjs+common@11.1.6_class-transformer@0.5.1_class-validator@0._ff6a79f0d3e76ddb2b73722d992783a6/node_modules/@nestjs/testing/testing-module.builder.js:118:9)
    at TestingModuleBuilder.compile (/home/arligle/V1/Aiofix/aiofix-ai-saas-platform/node_modules/.pnpm/@nestjs+testing@11.1.6_@nestjs+common@11.1.6_class-transformer@0.5.1_class-validator@0._ff6a79f0d3e76ddb2b73722d992783a6/node_modules/@nestjs/testing/testing-module.builder.js:74:9)
    at Object.&lt;anonymous&gt; (/home/arligle/V1/Aiofix/aiofix-ai-saas-platform/packages/cache/src/services/cache-invalidation.service.spec.ts:196:35)</failure>
      <failure>TypeError: Cannot read properties of undefined (reading &apos;onDestroy&apos;)
    at Object.&lt;anonymous&gt; (/home/arligle/V1/Aiofix/aiofix-ai-saas-platform/packages/cache/src/services/cache-invalidation.service.spec.ts:223:13)
    at Promise.then.completed (/home/arligle/V1/Aiofix/aiofix-ai-saas-platform/node_modules/.pnpm/jest-circus@29.7.0/node_modules/jest-circus/build/utils.js:298:28)
    at new Promise (&lt;anonymous&gt;)
    at callAsyncCircusFn (/home/arligle/V1/Aiofix/aiofix-ai-saas-platform/node_modules/.pnpm/jest-circus@29.7.0/node_modules/jest-circus/build/utils.js:231:10)
    at _callCircusHook (/home/arligle/V1/Aiofix/aiofix-ai-saas-platform/node_modules/.pnpm/jest-circus@29.7.0/node_modules/jest-circus/build/run.js:281:40)
    at _runTest (/home/arligle/V1/Aiofix/aiofix-ai-saas-platform/node_modules/.pnpm/jest-circus@29.7.0/node_modules/jest-circus/build/run.js:254:5)
    at _runTestsForDescribeBlock (/home/arligle/V1/Aiofix/aiofix-ai-saas-platform/node_modules/.pnpm/jest-circus@29.7.0/node_modules/jest-circus/build/run.js:126:9)
    at _runTestsForDescribeBlock (/home/arligle/V1/Aiofix/aiofix-ai-saas-platform/node_modules/.pnpm/jest-circus@29.7.0/node_modules/jest-circus/build/run.js:121:9)
    at _runTestsForDescribeBlock (/home/arligle/V1/Aiofix/aiofix-ai-saas-platform/node_modules/.pnpm/jest-circus@29.7.0/node_modules/jest-circus/build/run.js:121:9)
    at run (/home/arligle/V1/Aiofix/aiofix-ai-saas-platform/node_modules/.pnpm/jest-circus@29.7.0/node_modules/jest-circus/build/run.js:71:3)
    at runAndTransformResultsToJestFormat (/home/arligle/V1/Aiofix/aiofix-ai-saas-platform/node_modules/.pnpm/jest-circus@29.7.0/node_modules/jest-circus/build/legacy-code-todo-rewrite/jestAdapterInit.js:122:21)
    at jestAdapter (/home/arligle/V1/Aiofix/aiofix-ai-saas-platform/node_modules/.pnpm/jest-circus@29.7.0/node_modules/jest-circus/build/legacy-code-todo-rewrite/jestAdapter.js:79:19)
    at runTestInternal (/home/arligle/V1/Aiofix/aiofix-ai-saas-platform/node_modules/.pnpm/jest-runner@29.7.0/node_modules/jest-runner/build/runTest.js:367:16)
    at runTest (/home/arligle/V1/Aiofix/aiofix-ai-saas-platform/node_modules/.pnpm/jest-runner@29.7.0/node_modules/jest-runner/build/runTest.js:444:34)</failure>
    </testcase>
    <testcase classname="CacheInvalidationService › event emission" name="should emit invalidation events" time="0.001">
      <failure>TypeError: Cannot read properties of undefined (reading &apos;info&apos;)
    at _classThis.info [as startMonitoring] (/home/arligle/V1/Aiofix/aiofix-ai-saas-platform/packages/cache/src/services/cache-invalidation.service.ts:978:19)
    at new startMonitoring (/home/arligle/V1/Aiofix/aiofix-ai-saas-platform/packages/cache/src/services/cache-invalidation.service.ts:209:10)
    at TestingInjector.instantiateClass (/home/arligle/V1/Aiofix/aiofix-ai-saas-platform/node_modules/.pnpm/@nestjs+core@11.1.6_@nestjs+common@11.1.6_class-transformer@0.5.1_class-validator@0.14._bad85ac0f714a81162304b30d6edbbbf/node_modules/@nestjs/core/injector/injector.js:418:19)
    at callback (/home/arligle/V1/Aiofix/aiofix-ai-saas-platform/node_modules/.pnpm/@nestjs+core@11.1.6_@nestjs+common@11.1.6_class-transformer@0.5.1_class-validator@0.14._bad85ac0f714a81162304b30d6edbbbf/node_modules/@nestjs/core/injector/injector.js:70:45)
    at TestingInjector.resolveConstructorParams (/home/arligle/V1/Aiofix/aiofix-ai-saas-platform/node_modules/.pnpm/@nestjs+core@11.1.6_@nestjs+common@11.1.6_class-transformer@0.5.1_class-validator@0.14._bad85ac0f714a81162304b30d6edbbbf/node_modules/@nestjs/core/injector/injector.js:170:24)
    at TestingInjector.loadInstance (/home/arligle/V1/Aiofix/aiofix-ai-saas-platform/node_modules/.pnpm/@nestjs+core@11.1.6_@nestjs+common@11.1.6_class-transformer@0.5.1_class-validator@0.14._bad85ac0f714a81162304b30d6edbbbf/node_modules/@nestjs/core/injector/injector.js:75:13)
    at TestingInjector.loadProvider (/home/arligle/V1/Aiofix/aiofix-ai-saas-platform/node_modules/.pnpm/@nestjs+core@11.1.6_@nestjs+common@11.1.6_class-transformer@0.5.1_class-validator@0.14._bad85ac0f714a81162304b30d6edbbbf/node_modules/@nestjs/core/injector/injector.js:103:9)
    at /home/arligle/V1/Aiofix/aiofix-ai-saas-platform/node_modules/.pnpm/@nestjs+core@11.1.6_@nestjs+common@11.1.6_class-transformer@0.5.1_class-validator@0.14._bad85ac0f714a81162304b30d6edbbbf/node_modules/@nestjs/core/injector/instance-loader.js:56:13
    at async Promise.all (index 3)
    at TestingInstanceLoader.createInstancesOfProviders (/home/arligle/V1/Aiofix/aiofix-ai-saas-platform/node_modules/.pnpm/@nestjs+core@11.1.6_@nestjs+common@11.1.6_class-transformer@0.5.1_class-validator@0.14._bad85ac0f714a81162304b30d6edbbbf/node_modules/@nestjs/core/injector/instance-loader.js:55:9)
    at /home/arligle/V1/Aiofix/aiofix-ai-saas-platform/node_modules/.pnpm/@nestjs+core@11.1.6_@nestjs+common@11.1.6_class-transformer@0.5.1_class-validator@0.14._bad85ac0f714a81162304b30d6edbbbf/node_modules/@nestjs/core/injector/instance-loader.js:40:13
    at async Promise.all (index 1)
    at TestingInstanceLoader.createInstances (/home/arligle/V1/Aiofix/aiofix-ai-saas-platform/node_modules/.pnpm/@nestjs+core@11.1.6_@nestjs+common@11.1.6_class-transformer@0.5.1_class-validator@0.14._bad85ac0f714a81162304b30d6edbbbf/node_modules/@nestjs/core/injector/instance-loader.js:39:9)
    at TestingInstanceLoader.createInstancesOfDependencies (/home/arligle/V1/Aiofix/aiofix-ai-saas-platform/node_modules/.pnpm/@nestjs+core@11.1.6_@nestjs+common@11.1.6_class-transformer@0.5.1_class-validator@0.14._bad85ac0f714a81162304b30d6edbbbf/node_modules/@nestjs/core/injector/instance-loader.js:22:13)
    at TestingInstanceLoader.createInstancesOfDependencies (/home/arligle/V1/Aiofix/aiofix-ai-saas-platform/node_modules/.pnpm/@nestjs+testing@11.1.6_@nestjs+common@11.1.6_class-transformer@0.5.1_class-validator@0._ff6a79f0d3e76ddb2b73722d992783a6/node_modules/@nestjs/testing/testing-instance-loader.js:9:9)
    at TestingModuleBuilder.createInstancesOfDependencies (/home/arligle/V1/Aiofix/aiofix-ai-saas-platform/node_modules/.pnpm/@nestjs+testing@11.1.6_@nestjs+common@11.1.6_class-transformer@0.5.1_class-validator@0._ff6a79f0d3e76ddb2b73722d992783a6/node_modules/@nestjs/testing/testing-module.builder.js:118:9)
    at TestingModuleBuilder.compile (/home/arligle/V1/Aiofix/aiofix-ai-saas-platform/node_modules/.pnpm/@nestjs+testing@11.1.6_@nestjs+common@11.1.6_class-transformer@0.5.1_class-validator@0._ff6a79f0d3e76ddb2b73722d992783a6/node_modules/@nestjs/testing/testing-module.builder.js:74:9)
    at Object.&lt;anonymous&gt; (/home/arligle/V1/Aiofix/aiofix-ai-saas-platform/packages/cache/src/services/cache-invalidation.service.spec.ts:196:35)</failure>
      <failure>TypeError: Cannot read properties of undefined (reading &apos;onDestroy&apos;)
    at Object.&lt;anonymous&gt; (/home/arligle/V1/Aiofix/aiofix-ai-saas-platform/packages/cache/src/services/cache-invalidation.service.spec.ts:223:13)
    at Promise.then.completed (/home/arligle/V1/Aiofix/aiofix-ai-saas-platform/node_modules/.pnpm/jest-circus@29.7.0/node_modules/jest-circus/build/utils.js:298:28)
    at new Promise (&lt;anonymous&gt;)
    at callAsyncCircusFn (/home/arligle/V1/Aiofix/aiofix-ai-saas-platform/node_modules/.pnpm/jest-circus@29.7.0/node_modules/jest-circus/build/utils.js:231:10)
    at _callCircusHook (/home/arligle/V1/Aiofix/aiofix-ai-saas-platform/node_modules/.pnpm/jest-circus@29.7.0/node_modules/jest-circus/build/run.js:281:40)
    at _runTest (/home/arligle/V1/Aiofix/aiofix-ai-saas-platform/node_modules/.pnpm/jest-circus@29.7.0/node_modules/jest-circus/build/run.js:254:5)
    at _runTestsForDescribeBlock (/home/arligle/V1/Aiofix/aiofix-ai-saas-platform/node_modules/.pnpm/jest-circus@29.7.0/node_modules/jest-circus/build/run.js:126:9)
    at _runTestsForDescribeBlock (/home/arligle/V1/Aiofix/aiofix-ai-saas-platform/node_modules/.pnpm/jest-circus@29.7.0/node_modules/jest-circus/build/run.js:121:9)
    at _runTestsForDescribeBlock (/home/arligle/V1/Aiofix/aiofix-ai-saas-platform/node_modules/.pnpm/jest-circus@29.7.0/node_modules/jest-circus/build/run.js:121:9)
    at run (/home/arligle/V1/Aiofix/aiofix-ai-saas-platform/node_modules/.pnpm/jest-circus@29.7.0/node_modules/jest-circus/build/run.js:71:3)
    at runAndTransformResultsToJestFormat (/home/arligle/V1/Aiofix/aiofix-ai-saas-platform/node_modules/.pnpm/jest-circus@29.7.0/node_modules/jest-circus/build/legacy-code-todo-rewrite/jestAdapterInit.js:122:21)
    at jestAdapter (/home/arligle/V1/Aiofix/aiofix-ai-saas-platform/node_modules/.pnpm/jest-circus@29.7.0/node_modules/jest-circus/build/legacy-code-todo-rewrite/jestAdapter.js:79:19)
    at runTestInternal (/home/arligle/V1/Aiofix/aiofix-ai-saas-platform/node_modules/.pnpm/jest-runner@29.7.0/node_modules/jest-runner/build/runTest.js:367:16)
    at runTest (/home/arligle/V1/Aiofix/aiofix-ai-saas-platform/node_modules/.pnpm/jest-runner@29.7.0/node_modules/jest-runner/build/runTest.js:444:34)</failure>
    </testcase>
    <testcase classname="CacheInvalidationService › different strategies" name="should handle prefix invalidation" time="0.001">
      <failure>TypeError: Cannot read properties of undefined (reading &apos;info&apos;)
    at _classThis.info [as startMonitoring] (/home/arligle/V1/Aiofix/aiofix-ai-saas-platform/packages/cache/src/services/cache-invalidation.service.ts:978:19)
    at new startMonitoring (/home/arligle/V1/Aiofix/aiofix-ai-saas-platform/packages/cache/src/services/cache-invalidation.service.ts:209:10)
    at TestingInjector.instantiateClass (/home/arligle/V1/Aiofix/aiofix-ai-saas-platform/node_modules/.pnpm/@nestjs+core@11.1.6_@nestjs+common@11.1.6_class-transformer@0.5.1_class-validator@0.14._bad85ac0f714a81162304b30d6edbbbf/node_modules/@nestjs/core/injector/injector.js:418:19)
    at callback (/home/arligle/V1/Aiofix/aiofix-ai-saas-platform/node_modules/.pnpm/@nestjs+core@11.1.6_@nestjs+common@11.1.6_class-transformer@0.5.1_class-validator@0.14._bad85ac0f714a81162304b30d6edbbbf/node_modules/@nestjs/core/injector/injector.js:70:45)
    at TestingInjector.resolveConstructorParams (/home/arligle/V1/Aiofix/aiofix-ai-saas-platform/node_modules/.pnpm/@nestjs+core@11.1.6_@nestjs+common@11.1.6_class-transformer@0.5.1_class-validator@0.14._bad85ac0f714a81162304b30d6edbbbf/node_modules/@nestjs/core/injector/injector.js:170:24)
    at TestingInjector.loadInstance (/home/arligle/V1/Aiofix/aiofix-ai-saas-platform/node_modules/.pnpm/@nestjs+core@11.1.6_@nestjs+common@11.1.6_class-transformer@0.5.1_class-validator@0.14._bad85ac0f714a81162304b30d6edbbbf/node_modules/@nestjs/core/injector/injector.js:75:13)
    at TestingInjector.loadProvider (/home/arligle/V1/Aiofix/aiofix-ai-saas-platform/node_modules/.pnpm/@nestjs+core@11.1.6_@nestjs+common@11.1.6_class-transformer@0.5.1_class-validator@0.14._bad85ac0f714a81162304b30d6edbbbf/node_modules/@nestjs/core/injector/injector.js:103:9)
    at /home/arligle/V1/Aiofix/aiofix-ai-saas-platform/node_modules/.pnpm/@nestjs+core@11.1.6_@nestjs+common@11.1.6_class-transformer@0.5.1_class-validator@0.14._bad85ac0f714a81162304b30d6edbbbf/node_modules/@nestjs/core/injector/instance-loader.js:56:13
    at async Promise.all (index 3)
    at TestingInstanceLoader.createInstancesOfProviders (/home/arligle/V1/Aiofix/aiofix-ai-saas-platform/node_modules/.pnpm/@nestjs+core@11.1.6_@nestjs+common@11.1.6_class-transformer@0.5.1_class-validator@0.14._bad85ac0f714a81162304b30d6edbbbf/node_modules/@nestjs/core/injector/instance-loader.js:55:9)
    at /home/arligle/V1/Aiofix/aiofix-ai-saas-platform/node_modules/.pnpm/@nestjs+core@11.1.6_@nestjs+common@11.1.6_class-transformer@0.5.1_class-validator@0.14._bad85ac0f714a81162304b30d6edbbbf/node_modules/@nestjs/core/injector/instance-loader.js:40:13
    at async Promise.all (index 1)
    at TestingInstanceLoader.createInstances (/home/arligle/V1/Aiofix/aiofix-ai-saas-platform/node_modules/.pnpm/@nestjs+core@11.1.6_@nestjs+common@11.1.6_class-transformer@0.5.1_class-validator@0.14._bad85ac0f714a81162304b30d6edbbbf/node_modules/@nestjs/core/injector/instance-loader.js:39:9)
    at TestingInstanceLoader.createInstancesOfDependencies (/home/arligle/V1/Aiofix/aiofix-ai-saas-platform/node_modules/.pnpm/@nestjs+core@11.1.6_@nestjs+common@11.1.6_class-transformer@0.5.1_class-validator@0.14._bad85ac0f714a81162304b30d6edbbbf/node_modules/@nestjs/core/injector/instance-loader.js:22:13)
    at TestingInstanceLoader.createInstancesOfDependencies (/home/arligle/V1/Aiofix/aiofix-ai-saas-platform/node_modules/.pnpm/@nestjs+testing@11.1.6_@nestjs+common@11.1.6_class-transformer@0.5.1_class-validator@0._ff6a79f0d3e76ddb2b73722d992783a6/node_modules/@nestjs/testing/testing-instance-loader.js:9:9)
    at TestingModuleBuilder.createInstancesOfDependencies (/home/arligle/V1/Aiofix/aiofix-ai-saas-platform/node_modules/.pnpm/@nestjs+testing@11.1.6_@nestjs+common@11.1.6_class-transformer@0.5.1_class-validator@0._ff6a79f0d3e76ddb2b73722d992783a6/node_modules/@nestjs/testing/testing-module.builder.js:118:9)
    at TestingModuleBuilder.compile (/home/arligle/V1/Aiofix/aiofix-ai-saas-platform/node_modules/.pnpm/@nestjs+testing@11.1.6_@nestjs+common@11.1.6_class-transformer@0.5.1_class-validator@0._ff6a79f0d3e76ddb2b73722d992783a6/node_modules/@nestjs/testing/testing-module.builder.js:74:9)
    at Object.&lt;anonymous&gt; (/home/arligle/V1/Aiofix/aiofix-ai-saas-platform/packages/cache/src/services/cache-invalidation.service.spec.ts:196:35)</failure>
      <failure>TypeError: Cannot read properties of undefined (reading &apos;onDestroy&apos;)
    at Object.&lt;anonymous&gt; (/home/arligle/V1/Aiofix/aiofix-ai-saas-platform/packages/cache/src/services/cache-invalidation.service.spec.ts:223:13)
    at Promise.then.completed (/home/arligle/V1/Aiofix/aiofix-ai-saas-platform/node_modules/.pnpm/jest-circus@29.7.0/node_modules/jest-circus/build/utils.js:298:28)
    at new Promise (&lt;anonymous&gt;)
    at callAsyncCircusFn (/home/arligle/V1/Aiofix/aiofix-ai-saas-platform/node_modules/.pnpm/jest-circus@29.7.0/node_modules/jest-circus/build/utils.js:231:10)
    at _callCircusHook (/home/arligle/V1/Aiofix/aiofix-ai-saas-platform/node_modules/.pnpm/jest-circus@29.7.0/node_modules/jest-circus/build/run.js:281:40)
    at _runTest (/home/arligle/V1/Aiofix/aiofix-ai-saas-platform/node_modules/.pnpm/jest-circus@29.7.0/node_modules/jest-circus/build/run.js:254:5)
    at _runTestsForDescribeBlock (/home/arligle/V1/Aiofix/aiofix-ai-saas-platform/node_modules/.pnpm/jest-circus@29.7.0/node_modules/jest-circus/build/run.js:126:9)
    at _runTestsForDescribeBlock (/home/arligle/V1/Aiofix/aiofix-ai-saas-platform/node_modules/.pnpm/jest-circus@29.7.0/node_modules/jest-circus/build/run.js:121:9)
    at _runTestsForDescribeBlock (/home/arligle/V1/Aiofix/aiofix-ai-saas-platform/node_modules/.pnpm/jest-circus@29.7.0/node_modules/jest-circus/build/run.js:121:9)
    at run (/home/arligle/V1/Aiofix/aiofix-ai-saas-platform/node_modules/.pnpm/jest-circus@29.7.0/node_modules/jest-circus/build/run.js:71:3)
    at runAndTransformResultsToJestFormat (/home/arligle/V1/Aiofix/aiofix-ai-saas-platform/node_modules/.pnpm/jest-circus@29.7.0/node_modules/jest-circus/build/legacy-code-todo-rewrite/jestAdapterInit.js:122:21)
    at jestAdapter (/home/arligle/V1/Aiofix/aiofix-ai-saas-platform/node_modules/.pnpm/jest-circus@29.7.0/node_modules/jest-circus/build/legacy-code-todo-rewrite/jestAdapter.js:79:19)
    at runTestInternal (/home/arligle/V1/Aiofix/aiofix-ai-saas-platform/node_modules/.pnpm/jest-runner@29.7.0/node_modules/jest-runner/build/runTest.js:367:16)
    at runTest (/home/arligle/V1/Aiofix/aiofix-ai-saas-platform/node_modules/.pnpm/jest-runner@29.7.0/node_modules/jest-runner/build/runTest.js:444:34)</failure>
    </testcase>
    <testcase classname="CacheInvalidationService › different strategies" name="should handle tag invalidation" time="0.001">
      <failure>TypeError: Cannot read properties of undefined (reading &apos;info&apos;)
    at _classThis.info [as startMonitoring] (/home/arligle/V1/Aiofix/aiofix-ai-saas-platform/packages/cache/src/services/cache-invalidation.service.ts:978:19)
    at new startMonitoring (/home/arligle/V1/Aiofix/aiofix-ai-saas-platform/packages/cache/src/services/cache-invalidation.service.ts:209:10)
    at TestingInjector.instantiateClass (/home/arligle/V1/Aiofix/aiofix-ai-saas-platform/node_modules/.pnpm/@nestjs+core@11.1.6_@nestjs+common@11.1.6_class-transformer@0.5.1_class-validator@0.14._bad85ac0f714a81162304b30d6edbbbf/node_modules/@nestjs/core/injector/injector.js:418:19)
    at callback (/home/arligle/V1/Aiofix/aiofix-ai-saas-platform/node_modules/.pnpm/@nestjs+core@11.1.6_@nestjs+common@11.1.6_class-transformer@0.5.1_class-validator@0.14._bad85ac0f714a81162304b30d6edbbbf/node_modules/@nestjs/core/injector/injector.js:70:45)
    at TestingInjector.resolveConstructorParams (/home/arligle/V1/Aiofix/aiofix-ai-saas-platform/node_modules/.pnpm/@nestjs+core@11.1.6_@nestjs+common@11.1.6_class-transformer@0.5.1_class-validator@0.14._bad85ac0f714a81162304b30d6edbbbf/node_modules/@nestjs/core/injector/injector.js:170:24)
    at TestingInjector.loadInstance (/home/arligle/V1/Aiofix/aiofix-ai-saas-platform/node_modules/.pnpm/@nestjs+core@11.1.6_@nestjs+common@11.1.6_class-transformer@0.5.1_class-validator@0.14._bad85ac0f714a81162304b30d6edbbbf/node_modules/@nestjs/core/injector/injector.js:75:13)
    at TestingInjector.loadProvider (/home/arligle/V1/Aiofix/aiofix-ai-saas-platform/node_modules/.pnpm/@nestjs+core@11.1.6_@nestjs+common@11.1.6_class-transformer@0.5.1_class-validator@0.14._bad85ac0f714a81162304b30d6edbbbf/node_modules/@nestjs/core/injector/injector.js:103:9)
    at /home/arligle/V1/Aiofix/aiofix-ai-saas-platform/node_modules/.pnpm/@nestjs+core@11.1.6_@nestjs+common@11.1.6_class-transformer@0.5.1_class-validator@0.14._bad85ac0f714a81162304b30d6edbbbf/node_modules/@nestjs/core/injector/instance-loader.js:56:13
    at async Promise.all (index 3)
    at TestingInstanceLoader.createInstancesOfProviders (/home/arligle/V1/Aiofix/aiofix-ai-saas-platform/node_modules/.pnpm/@nestjs+core@11.1.6_@nestjs+common@11.1.6_class-transformer@0.5.1_class-validator@0.14._bad85ac0f714a81162304b30d6edbbbf/node_modules/@nestjs/core/injector/instance-loader.js:55:9)
    at /home/arligle/V1/Aiofix/aiofix-ai-saas-platform/node_modules/.pnpm/@nestjs+core@11.1.6_@nestjs+common@11.1.6_class-transformer@0.5.1_class-validator@0.14._bad85ac0f714a81162304b30d6edbbbf/node_modules/@nestjs/core/injector/instance-loader.js:40:13
    at async Promise.all (index 1)
    at TestingInstanceLoader.createInstances (/home/arligle/V1/Aiofix/aiofix-ai-saas-platform/node_modules/.pnpm/@nestjs+core@11.1.6_@nestjs+common@11.1.6_class-transformer@0.5.1_class-validator@0.14._bad85ac0f714a81162304b30d6edbbbf/node_modules/@nestjs/core/injector/instance-loader.js:39:9)
    at TestingInstanceLoader.createInstancesOfDependencies (/home/arligle/V1/Aiofix/aiofix-ai-saas-platform/node_modules/.pnpm/@nestjs+core@11.1.6_@nestjs+common@11.1.6_class-transformer@0.5.1_class-validator@0.14._bad85ac0f714a81162304b30d6edbbbf/node_modules/@nestjs/core/injector/instance-loader.js:22:13)
    at TestingInstanceLoader.createInstancesOfDependencies (/home/arligle/V1/Aiofix/aiofix-ai-saas-platform/node_modules/.pnpm/@nestjs+testing@11.1.6_@nestjs+common@11.1.6_class-transformer@0.5.1_class-validator@0._ff6a79f0d3e76ddb2b73722d992783a6/node_modules/@nestjs/testing/testing-instance-loader.js:9:9)
    at TestingModuleBuilder.createInstancesOfDependencies (/home/arligle/V1/Aiofix/aiofix-ai-saas-platform/node_modules/.pnpm/@nestjs+testing@11.1.6_@nestjs+common@11.1.6_class-transformer@0.5.1_class-validator@0._ff6a79f0d3e76ddb2b73722d992783a6/node_modules/@nestjs/testing/testing-module.builder.js:118:9)
    at TestingModuleBuilder.compile (/home/arligle/V1/Aiofix/aiofix-ai-saas-platform/node_modules/.pnpm/@nestjs+testing@11.1.6_@nestjs+common@11.1.6_class-transformer@0.5.1_class-validator@0._ff6a79f0d3e76ddb2b73722d992783a6/node_modules/@nestjs/testing/testing-module.builder.js:74:9)
    at Object.&lt;anonymous&gt; (/home/arligle/V1/Aiofix/aiofix-ai-saas-platform/packages/cache/src/services/cache-invalidation.service.spec.ts:196:35)</failure>
      <failure>TypeError: Cannot read properties of undefined (reading &apos;onDestroy&apos;)
    at Object.&lt;anonymous&gt; (/home/arligle/V1/Aiofix/aiofix-ai-saas-platform/packages/cache/src/services/cache-invalidation.service.spec.ts:223:13)
    at Promise.then.completed (/home/arligle/V1/Aiofix/aiofix-ai-saas-platform/node_modules/.pnpm/jest-circus@29.7.0/node_modules/jest-circus/build/utils.js:298:28)
    at new Promise (&lt;anonymous&gt;)
    at callAsyncCircusFn (/home/arligle/V1/Aiofix/aiofix-ai-saas-platform/node_modules/.pnpm/jest-circus@29.7.0/node_modules/jest-circus/build/utils.js:231:10)
    at _callCircusHook (/home/arligle/V1/Aiofix/aiofix-ai-saas-platform/node_modules/.pnpm/jest-circus@29.7.0/node_modules/jest-circus/build/run.js:281:40)
    at _runTest (/home/arligle/V1/Aiofix/aiofix-ai-saas-platform/node_modules/.pnpm/jest-circus@29.7.0/node_modules/jest-circus/build/run.js:254:5)
    at _runTestsForDescribeBlock (/home/arligle/V1/Aiofix/aiofix-ai-saas-platform/node_modules/.pnpm/jest-circus@29.7.0/node_modules/jest-circus/build/run.js:126:9)
    at _runTestsForDescribeBlock (/home/arligle/V1/Aiofix/aiofix-ai-saas-platform/node_modules/.pnpm/jest-circus@29.7.0/node_modules/jest-circus/build/run.js:121:9)
    at _runTestsForDescribeBlock (/home/arligle/V1/Aiofix/aiofix-ai-saas-platform/node_modules/.pnpm/jest-circus@29.7.0/node_modules/jest-circus/build/run.js:121:9)
    at run (/home/arligle/V1/Aiofix/aiofix-ai-saas-platform/node_modules/.pnpm/jest-circus@29.7.0/node_modules/jest-circus/build/run.js:71:3)
    at runAndTransformResultsToJestFormat (/home/arligle/V1/Aiofix/aiofix-ai-saas-platform/node_modules/.pnpm/jest-circus@29.7.0/node_modules/jest-circus/build/legacy-code-todo-rewrite/jestAdapterInit.js:122:21)
    at jestAdapter (/home/arligle/V1/Aiofix/aiofix-ai-saas-platform/node_modules/.pnpm/jest-circus@29.7.0/node_modules/jest-circus/build/legacy-code-todo-rewrite/jestAdapter.js:79:19)
    at runTestInternal (/home/arligle/V1/Aiofix/aiofix-ai-saas-platform/node_modules/.pnpm/jest-runner@29.7.0/node_modules/jest-runner/build/runTest.js:367:16)
    at runTest (/home/arligle/V1/Aiofix/aiofix-ai-saas-platform/node_modules/.pnpm/jest-runner@29.7.0/node_modules/jest-runner/build/runTest.js:444:34)</failure>
    </testcase>
    <testcase classname="CacheInvalidationService › different strategies" name="should handle wildcard invalidation" time="0.001">
      <failure>TypeError: Cannot read properties of undefined (reading &apos;info&apos;)
    at _classThis.info [as startMonitoring] (/home/arligle/V1/Aiofix/aiofix-ai-saas-platform/packages/cache/src/services/cache-invalidation.service.ts:978:19)
    at new startMonitoring (/home/arligle/V1/Aiofix/aiofix-ai-saas-platform/packages/cache/src/services/cache-invalidation.service.ts:209:10)
    at TestingInjector.instantiateClass (/home/arligle/V1/Aiofix/aiofix-ai-saas-platform/node_modules/.pnpm/@nestjs+core@11.1.6_@nestjs+common@11.1.6_class-transformer@0.5.1_class-validator@0.14._bad85ac0f714a81162304b30d6edbbbf/node_modules/@nestjs/core/injector/injector.js:418:19)
    at callback (/home/arligle/V1/Aiofix/aiofix-ai-saas-platform/node_modules/.pnpm/@nestjs+core@11.1.6_@nestjs+common@11.1.6_class-transformer@0.5.1_class-validator@0.14._bad85ac0f714a81162304b30d6edbbbf/node_modules/@nestjs/core/injector/injector.js:70:45)
    at TestingInjector.resolveConstructorParams (/home/arligle/V1/Aiofix/aiofix-ai-saas-platform/node_modules/.pnpm/@nestjs+core@11.1.6_@nestjs+common@11.1.6_class-transformer@0.5.1_class-validator@0.14._bad85ac0f714a81162304b30d6edbbbf/node_modules/@nestjs/core/injector/injector.js:170:24)
    at TestingInjector.loadInstance (/home/arligle/V1/Aiofix/aiofix-ai-saas-platform/node_modules/.pnpm/@nestjs+core@11.1.6_@nestjs+common@11.1.6_class-transformer@0.5.1_class-validator@0.14._bad85ac0f714a81162304b30d6edbbbf/node_modules/@nestjs/core/injector/injector.js:75:13)
    at TestingInjector.loadProvider (/home/arligle/V1/Aiofix/aiofix-ai-saas-platform/node_modules/.pnpm/@nestjs+core@11.1.6_@nestjs+common@11.1.6_class-transformer@0.5.1_class-validator@0.14._bad85ac0f714a81162304b30d6edbbbf/node_modules/@nestjs/core/injector/injector.js:103:9)
    at /home/arligle/V1/Aiofix/aiofix-ai-saas-platform/node_modules/.pnpm/@nestjs+core@11.1.6_@nestjs+common@11.1.6_class-transformer@0.5.1_class-validator@0.14._bad85ac0f714a81162304b30d6edbbbf/node_modules/@nestjs/core/injector/instance-loader.js:56:13
    at async Promise.all (index 3)
    at TestingInstanceLoader.createInstancesOfProviders (/home/arligle/V1/Aiofix/aiofix-ai-saas-platform/node_modules/.pnpm/@nestjs+core@11.1.6_@nestjs+common@11.1.6_class-transformer@0.5.1_class-validator@0.14._bad85ac0f714a81162304b30d6edbbbf/node_modules/@nestjs/core/injector/instance-loader.js:55:9)
    at /home/arligle/V1/Aiofix/aiofix-ai-saas-platform/node_modules/.pnpm/@nestjs+core@11.1.6_@nestjs+common@11.1.6_class-transformer@0.5.1_class-validator@0.14._bad85ac0f714a81162304b30d6edbbbf/node_modules/@nestjs/core/injector/instance-loader.js:40:13
    at async Promise.all (index 1)
    at TestingInstanceLoader.createInstances (/home/arligle/V1/Aiofix/aiofix-ai-saas-platform/node_modules/.pnpm/@nestjs+core@11.1.6_@nestjs+common@11.1.6_class-transformer@0.5.1_class-validator@0.14._bad85ac0f714a81162304b30d6edbbbf/node_modules/@nestjs/core/injector/instance-loader.js:39:9)
    at TestingInstanceLoader.createInstancesOfDependencies (/home/arligle/V1/Aiofix/aiofix-ai-saas-platform/node_modules/.pnpm/@nestjs+core@11.1.6_@nestjs+common@11.1.6_class-transformer@0.5.1_class-validator@0.14._bad85ac0f714a81162304b30d6edbbbf/node_modules/@nestjs/core/injector/instance-loader.js:22:13)
    at TestingInstanceLoader.createInstancesOfDependencies (/home/arligle/V1/Aiofix/aiofix-ai-saas-platform/node_modules/.pnpm/@nestjs+testing@11.1.6_@nestjs+common@11.1.6_class-transformer@0.5.1_class-validator@0._ff6a79f0d3e76ddb2b73722d992783a6/node_modules/@nestjs/testing/testing-instance-loader.js:9:9)
    at TestingModuleBuilder.createInstancesOfDependencies (/home/arligle/V1/Aiofix/aiofix-ai-saas-platform/node_modules/.pnpm/@nestjs+testing@11.1.6_@nestjs+common@11.1.6_class-transformer@0.5.1_class-validator@0._ff6a79f0d3e76ddb2b73722d992783a6/node_modules/@nestjs/testing/testing-module.builder.js:118:9)
    at TestingModuleBuilder.compile (/home/arligle/V1/Aiofix/aiofix-ai-saas-platform/node_modules/.pnpm/@nestjs+testing@11.1.6_@nestjs+common@11.1.6_class-transformer@0.5.1_class-validator@0._ff6a79f0d3e76ddb2b73722d992783a6/node_modules/@nestjs/testing/testing-module.builder.js:74:9)
    at Object.&lt;anonymous&gt; (/home/arligle/V1/Aiofix/aiofix-ai-saas-platform/packages/cache/src/services/cache-invalidation.service.spec.ts:196:35)</failure>
      <failure>TypeError: Cannot read properties of undefined (reading &apos;onDestroy&apos;)
    at Object.&lt;anonymous&gt; (/home/arligle/V1/Aiofix/aiofix-ai-saas-platform/packages/cache/src/services/cache-invalidation.service.spec.ts:223:13)
    at Promise.then.completed (/home/arligle/V1/Aiofix/aiofix-ai-saas-platform/node_modules/.pnpm/jest-circus@29.7.0/node_modules/jest-circus/build/utils.js:298:28)
    at new Promise (&lt;anonymous&gt;)
    at callAsyncCircusFn (/home/arligle/V1/Aiofix/aiofix-ai-saas-platform/node_modules/.pnpm/jest-circus@29.7.0/node_modules/jest-circus/build/utils.js:231:10)
    at _callCircusHook (/home/arligle/V1/Aiofix/aiofix-ai-saas-platform/node_modules/.pnpm/jest-circus@29.7.0/node_modules/jest-circus/build/run.js:281:40)
    at _runTest (/home/arligle/V1/Aiofix/aiofix-ai-saas-platform/node_modules/.pnpm/jest-circus@29.7.0/node_modules/jest-circus/build/run.js:254:5)
    at _runTestsForDescribeBlock (/home/arligle/V1/Aiofix/aiofix-ai-saas-platform/node_modules/.pnpm/jest-circus@29.7.0/node_modules/jest-circus/build/run.js:126:9)
    at _runTestsForDescribeBlock (/home/arligle/V1/Aiofix/aiofix-ai-saas-platform/node_modules/.pnpm/jest-circus@29.7.0/node_modules/jest-circus/build/run.js:121:9)
    at _runTestsForDescribeBlock (/home/arligle/V1/Aiofix/aiofix-ai-saas-platform/node_modules/.pnpm/jest-circus@29.7.0/node_modules/jest-circus/build/run.js:121:9)
    at run (/home/arligle/V1/Aiofix/aiofix-ai-saas-platform/node_modules/.pnpm/jest-circus@29.7.0/node_modules/jest-circus/build/run.js:71:3)
    at runAndTransformResultsToJestFormat (/home/arligle/V1/Aiofix/aiofix-ai-saas-platform/node_modules/.pnpm/jest-circus@29.7.0/node_modules/jest-circus/build/legacy-code-todo-rewrite/jestAdapterInit.js:122:21)
    at jestAdapter (/home/arligle/V1/Aiofix/aiofix-ai-saas-platform/node_modules/.pnpm/jest-circus@29.7.0/node_modules/jest-circus/build/legacy-code-todo-rewrite/jestAdapter.js:79:19)
    at runTestInternal (/home/arligle/V1/Aiofix/aiofix-ai-saas-platform/node_modules/.pnpm/jest-runner@29.7.0/node_modules/jest-runner/build/runTest.js:367:16)
    at runTest (/home/arligle/V1/Aiofix/aiofix-ai-saas-platform/node_modules/.pnpm/jest-runner@29.7.0/node_modules/jest-runner/build/runTest.js:444:34)</failure>
    </testcase>
    <testcase classname="CacheInvalidationService › different strategies" name="should handle regex invalidation" time="0.001">
      <failure>TypeError: Cannot read properties of undefined (reading &apos;info&apos;)
    at _classThis.info [as startMonitoring] (/home/arligle/V1/Aiofix/aiofix-ai-saas-platform/packages/cache/src/services/cache-invalidation.service.ts:978:19)
    at new startMonitoring (/home/arligle/V1/Aiofix/aiofix-ai-saas-platform/packages/cache/src/services/cache-invalidation.service.ts:209:10)
    at TestingInjector.instantiateClass (/home/arligle/V1/Aiofix/aiofix-ai-saas-platform/node_modules/.pnpm/@nestjs+core@11.1.6_@nestjs+common@11.1.6_class-transformer@0.5.1_class-validator@0.14._bad85ac0f714a81162304b30d6edbbbf/node_modules/@nestjs/core/injector/injector.js:418:19)
    at callback (/home/arligle/V1/Aiofix/aiofix-ai-saas-platform/node_modules/.pnpm/@nestjs+core@11.1.6_@nestjs+common@11.1.6_class-transformer@0.5.1_class-validator@0.14._bad85ac0f714a81162304b30d6edbbbf/node_modules/@nestjs/core/injector/injector.js:70:45)
    at TestingInjector.resolveConstructorParams (/home/arligle/V1/Aiofix/aiofix-ai-saas-platform/node_modules/.pnpm/@nestjs+core@11.1.6_@nestjs+common@11.1.6_class-transformer@0.5.1_class-validator@0.14._bad85ac0f714a81162304b30d6edbbbf/node_modules/@nestjs/core/injector/injector.js:170:24)
    at TestingInjector.loadInstance (/home/arligle/V1/Aiofix/aiofix-ai-saas-platform/node_modules/.pnpm/@nestjs+core@11.1.6_@nestjs+common@11.1.6_class-transformer@0.5.1_class-validator@0.14._bad85ac0f714a81162304b30d6edbbbf/node_modules/@nestjs/core/injector/injector.js:75:13)
    at TestingInjector.loadProvider (/home/arligle/V1/Aiofix/aiofix-ai-saas-platform/node_modules/.pnpm/@nestjs+core@11.1.6_@nestjs+common@11.1.6_class-transformer@0.5.1_class-validator@0.14._bad85ac0f714a81162304b30d6edbbbf/node_modules/@nestjs/core/injector/injector.js:103:9)
    at /home/arligle/V1/Aiofix/aiofix-ai-saas-platform/node_modules/.pnpm/@nestjs+core@11.1.6_@nestjs+common@11.1.6_class-transformer@0.5.1_class-validator@0.14._bad85ac0f714a81162304b30d6edbbbf/node_modules/@nestjs/core/injector/instance-loader.js:56:13
    at async Promise.all (index 3)
    at TestingInstanceLoader.createInstancesOfProviders (/home/arligle/V1/Aiofix/aiofix-ai-saas-platform/node_modules/.pnpm/@nestjs+core@11.1.6_@nestjs+common@11.1.6_class-transformer@0.5.1_class-validator@0.14._bad85ac0f714a81162304b30d6edbbbf/node_modules/@nestjs/core/injector/instance-loader.js:55:9)
    at /home/arligle/V1/Aiofix/aiofix-ai-saas-platform/node_modules/.pnpm/@nestjs+core@11.1.6_@nestjs+common@11.1.6_class-transformer@0.5.1_class-validator@0.14._bad85ac0f714a81162304b30d6edbbbf/node_modules/@nestjs/core/injector/instance-loader.js:40:13
    at async Promise.all (index 1)
    at TestingInstanceLoader.createInstances (/home/arligle/V1/Aiofix/aiofix-ai-saas-platform/node_modules/.pnpm/@nestjs+core@11.1.6_@nestjs+common@11.1.6_class-transformer@0.5.1_class-validator@0.14._bad85ac0f714a81162304b30d6edbbbf/node_modules/@nestjs/core/injector/instance-loader.js:39:9)
    at TestingInstanceLoader.createInstancesOfDependencies (/home/arligle/V1/Aiofix/aiofix-ai-saas-platform/node_modules/.pnpm/@nestjs+core@11.1.6_@nestjs+common@11.1.6_class-transformer@0.5.1_class-validator@0.14._bad85ac0f714a81162304b30d6edbbbf/node_modules/@nestjs/core/injector/instance-loader.js:22:13)
    at TestingInstanceLoader.createInstancesOfDependencies (/home/arligle/V1/Aiofix/aiofix-ai-saas-platform/node_modules/.pnpm/@nestjs+testing@11.1.6_@nestjs+common@11.1.6_class-transformer@0.5.1_class-validator@0._ff6a79f0d3e76ddb2b73722d992783a6/node_modules/@nestjs/testing/testing-instance-loader.js:9:9)
    at TestingModuleBuilder.createInstancesOfDependencies (/home/arligle/V1/Aiofix/aiofix-ai-saas-platform/node_modules/.pnpm/@nestjs+testing@11.1.6_@nestjs+common@11.1.6_class-transformer@0.5.1_class-validator@0._ff6a79f0d3e76ddb2b73722d992783a6/node_modules/@nestjs/testing/testing-module.builder.js:118:9)
    at TestingModuleBuilder.compile (/home/arligle/V1/Aiofix/aiofix-ai-saas-platform/node_modules/.pnpm/@nestjs+testing@11.1.6_@nestjs+common@11.1.6_class-transformer@0.5.1_class-validator@0._ff6a79f0d3e76ddb2b73722d992783a6/node_modules/@nestjs/testing/testing-module.builder.js:74:9)
    at Object.&lt;anonymous&gt; (/home/arligle/V1/Aiofix/aiofix-ai-saas-platform/packages/cache/src/services/cache-invalidation.service.spec.ts:196:35)</failure>
      <failure>TypeError: Cannot read properties of undefined (reading &apos;onDestroy&apos;)
    at Object.&lt;anonymous&gt; (/home/arligle/V1/Aiofix/aiofix-ai-saas-platform/packages/cache/src/services/cache-invalidation.service.spec.ts:223:13)
    at Promise.then.completed (/home/arligle/V1/Aiofix/aiofix-ai-saas-platform/node_modules/.pnpm/jest-circus@29.7.0/node_modules/jest-circus/build/utils.js:298:28)
    at new Promise (&lt;anonymous&gt;)
    at callAsyncCircusFn (/home/arligle/V1/Aiofix/aiofix-ai-saas-platform/node_modules/.pnpm/jest-circus@29.7.0/node_modules/jest-circus/build/utils.js:231:10)
    at _callCircusHook (/home/arligle/V1/Aiofix/aiofix-ai-saas-platform/node_modules/.pnpm/jest-circus@29.7.0/node_modules/jest-circus/build/run.js:281:40)
    at _runTest (/home/arligle/V1/Aiofix/aiofix-ai-saas-platform/node_modules/.pnpm/jest-circus@29.7.0/node_modules/jest-circus/build/run.js:254:5)
    at _runTestsForDescribeBlock (/home/arligle/V1/Aiofix/aiofix-ai-saas-platform/node_modules/.pnpm/jest-circus@29.7.0/node_modules/jest-circus/build/run.js:126:9)
    at _runTestsForDescribeBlock (/home/arligle/V1/Aiofix/aiofix-ai-saas-platform/node_modules/.pnpm/jest-circus@29.7.0/node_modules/jest-circus/build/run.js:121:9)
    at _runTestsForDescribeBlock (/home/arligle/V1/Aiofix/aiofix-ai-saas-platform/node_modules/.pnpm/jest-circus@29.7.0/node_modules/jest-circus/build/run.js:121:9)
    at run (/home/arligle/V1/Aiofix/aiofix-ai-saas-platform/node_modules/.pnpm/jest-circus@29.7.0/node_modules/jest-circus/build/run.js:71:3)
    at runAndTransformResultsToJestFormat (/home/arligle/V1/Aiofix/aiofix-ai-saas-platform/node_modules/.pnpm/jest-circus@29.7.0/node_modules/jest-circus/build/legacy-code-todo-rewrite/jestAdapterInit.js:122:21)
    at jestAdapter (/home/arligle/V1/Aiofix/aiofix-ai-saas-platform/node_modules/.pnpm/jest-circus@29.7.0/node_modules/jest-circus/build/legacy-code-todo-rewrite/jestAdapter.js:79:19)
    at runTestInternal (/home/arligle/V1/Aiofix/aiofix-ai-saas-platform/node_modules/.pnpm/jest-runner@29.7.0/node_modules/jest-runner/build/runTest.js:367:16)
    at runTest (/home/arligle/V1/Aiofix/aiofix-ai-saas-platform/node_modules/.pnpm/jest-runner@29.7.0/node_modules/jest-runner/build/runTest.js:444:34)</failure>
    </testcase>
  </testsuite>
  <testsuite name="MemoryCacheService" errors="0" failures="24" skipped="0" timestamp="2025-09-06T16:56:45" time="0.669" tests="24">
    <testcase classname="MemoryCacheService › basic operations" name="should be defined" time="0.004">
      <failure>TypeError: Cannot read properties of undefined (reading &apos;info&apos;)
    at new info (/home/arligle/V1/Aiofix/aiofix-ai-saas-platform/packages/cache/src/services/memory-cache.service.ts:121:17)
    at TestingInjector.instantiateClass (/home/arligle/V1/Aiofix/aiofix-ai-saas-platform/node_modules/.pnpm/@nestjs+core@11.1.6_@nestjs+common@11.1.6_class-transformer@0.5.1_class-validator@0.14._bad85ac0f714a81162304b30d6edbbbf/node_modules/@nestjs/core/injector/injector.js:418:19)
    at callback (/home/arligle/V1/Aiofix/aiofix-ai-saas-platform/node_modules/.pnpm/@nestjs+core@11.1.6_@nestjs+common@11.1.6_class-transformer@0.5.1_class-validator@0.14._bad85ac0f714a81162304b30d6edbbbf/node_modules/@nestjs/core/injector/injector.js:70:45)
    at TestingInjector.resolveConstructorParams (/home/arligle/V1/Aiofix/aiofix-ai-saas-platform/node_modules/.pnpm/@nestjs+core@11.1.6_@nestjs+common@11.1.6_class-transformer@0.5.1_class-validator@0.14._bad85ac0f714a81162304b30d6edbbbf/node_modules/@nestjs/core/injector/injector.js:170:24)
    at TestingInjector.loadInstance (/home/arligle/V1/Aiofix/aiofix-ai-saas-platform/node_modules/.pnpm/@nestjs+core@11.1.6_@nestjs+common@11.1.6_class-transformer@0.5.1_class-validator@0.14._bad85ac0f714a81162304b30d6edbbbf/node_modules/@nestjs/core/injector/injector.js:75:13)
    at TestingInjector.loadProvider (/home/arligle/V1/Aiofix/aiofix-ai-saas-platform/node_modules/.pnpm/@nestjs+core@11.1.6_@nestjs+common@11.1.6_class-transformer@0.5.1_class-validator@0.14._bad85ac0f714a81162304b30d6edbbbf/node_modules/@nestjs/core/injector/injector.js:103:9)
    at /home/arligle/V1/Aiofix/aiofix-ai-saas-platform/node_modules/.pnpm/@nestjs+core@11.1.6_@nestjs+common@11.1.6_class-transformer@0.5.1_class-validator@0.14._bad85ac0f714a81162304b30d6edbbbf/node_modules/@nestjs/core/injector/instance-loader.js:56:13
    at async Promise.all (index 3)
    at TestingInstanceLoader.createInstancesOfProviders (/home/arligle/V1/Aiofix/aiofix-ai-saas-platform/node_modules/.pnpm/@nestjs+core@11.1.6_@nestjs+common@11.1.6_class-transformer@0.5.1_class-validator@0.14._bad85ac0f714a81162304b30d6edbbbf/node_modules/@nestjs/core/injector/instance-loader.js:55:9)
    at /home/arligle/V1/Aiofix/aiofix-ai-saas-platform/node_modules/.pnpm/@nestjs+core@11.1.6_@nestjs+common@11.1.6_class-transformer@0.5.1_class-validator@0.14._bad85ac0f714a81162304b30d6edbbbf/node_modules/@nestjs/core/injector/instance-loader.js:40:13
    at async Promise.all (index 1)
    at TestingInstanceLoader.createInstances (/home/arligle/V1/Aiofix/aiofix-ai-saas-platform/node_modules/.pnpm/@nestjs+core@11.1.6_@nestjs+common@11.1.6_class-transformer@0.5.1_class-validator@0.14._bad85ac0f714a81162304b30d6edbbbf/node_modules/@nestjs/core/injector/instance-loader.js:39:9)
    at TestingInstanceLoader.createInstancesOfDependencies (/home/arligle/V1/Aiofix/aiofix-ai-saas-platform/node_modules/.pnpm/@nestjs+core@11.1.6_@nestjs+common@11.1.6_class-transformer@0.5.1_class-validator@0.14._bad85ac0f714a81162304b30d6edbbbf/node_modules/@nestjs/core/injector/instance-loader.js:22:13)
    at TestingInstanceLoader.createInstancesOfDependencies (/home/arligle/V1/Aiofix/aiofix-ai-saas-platform/node_modules/.pnpm/@nestjs+testing@11.1.6_@nestjs+common@11.1.6_class-transformer@0.5.1_class-validator@0._ff6a79f0d3e76ddb2b73722d992783a6/node_modules/@nestjs/testing/testing-instance-loader.js:9:9)
    at TestingModuleBuilder.createInstancesOfDependencies (/home/arligle/V1/Aiofix/aiofix-ai-saas-platform/node_modules/.pnpm/@nestjs+testing@11.1.6_@nestjs+common@11.1.6_class-transformer@0.5.1_class-validator@0._ff6a79f0d3e76ddb2b73722d992783a6/node_modules/@nestjs/testing/testing-module.builder.js:118:9)
    at TestingModuleBuilder.compile (/home/arligle/V1/Aiofix/aiofix-ai-saas-platform/node_modules/.pnpm/@nestjs+testing@11.1.6_@nestjs+common@11.1.6_class-transformer@0.5.1_class-validator@0._ff6a79f0d3e76ddb2b73722d992783a6/node_modules/@nestjs/testing/testing-module.builder.js:74:9)
    at Object.&lt;anonymous&gt; (/home/arligle/V1/Aiofix/aiofix-ai-saas-platform/packages/cache/src/services/memory-cache.service.spec.ts:21:35)</failure>
      <failure>TypeError: Cannot read properties of undefined (reading &apos;onModuleDestroy&apos;)
    at Object.&lt;anonymous&gt; (/home/arligle/V1/Aiofix/aiofix-ai-saas-platform/packages/cache/src/services/memory-cache.service.spec.ts:52:19)
    at Promise.then.completed (/home/arligle/V1/Aiofix/aiofix-ai-saas-platform/node_modules/.pnpm/jest-circus@29.7.0/node_modules/jest-circus/build/utils.js:298:28)
    at new Promise (&lt;anonymous&gt;)
    at callAsyncCircusFn (/home/arligle/V1/Aiofix/aiofix-ai-saas-platform/node_modules/.pnpm/jest-circus@29.7.0/node_modules/jest-circus/build/utils.js:231:10)
    at _callCircusHook (/home/arligle/V1/Aiofix/aiofix-ai-saas-platform/node_modules/.pnpm/jest-circus@29.7.0/node_modules/jest-circus/build/run.js:281:40)
    at _runTest (/home/arligle/V1/Aiofix/aiofix-ai-saas-platform/node_modules/.pnpm/jest-circus@29.7.0/node_modules/jest-circus/build/run.js:254:5)
    at _runTestsForDescribeBlock (/home/arligle/V1/Aiofix/aiofix-ai-saas-platform/node_modules/.pnpm/jest-circus@29.7.0/node_modules/jest-circus/build/run.js:126:9)
    at _runTestsForDescribeBlock (/home/arligle/V1/Aiofix/aiofix-ai-saas-platform/node_modules/.pnpm/jest-circus@29.7.0/node_modules/jest-circus/build/run.js:121:9)
    at _runTestsForDescribeBlock (/home/arligle/V1/Aiofix/aiofix-ai-saas-platform/node_modules/.pnpm/jest-circus@29.7.0/node_modules/jest-circus/build/run.js:121:9)
    at run (/home/arligle/V1/Aiofix/aiofix-ai-saas-platform/node_modules/.pnpm/jest-circus@29.7.0/node_modules/jest-circus/build/run.js:71:3)
    at runAndTransformResultsToJestFormat (/home/arligle/V1/Aiofix/aiofix-ai-saas-platform/node_modules/.pnpm/jest-circus@29.7.0/node_modules/jest-circus/build/legacy-code-todo-rewrite/jestAdapterInit.js:122:21)
    at jestAdapter (/home/arligle/V1/Aiofix/aiofix-ai-saas-platform/node_modules/.pnpm/jest-circus@29.7.0/node_modules/jest-circus/build/legacy-code-todo-rewrite/jestAdapter.js:79:19)
    at runTestInternal (/home/arligle/V1/Aiofix/aiofix-ai-saas-platform/node_modules/.pnpm/jest-runner@29.7.0/node_modules/jest-runner/build/runTest.js:367:16)
    at runTest (/home/arligle/V1/Aiofix/aiofix-ai-saas-platform/node_modules/.pnpm/jest-runner@29.7.0/node_modules/jest-runner/build/runTest.js:444:34)</failure>
    </testcase>
    <testcase classname="MemoryCacheService › basic operations" name="should set and get cache value" time="0.002">
      <failure>TypeError: Cannot read properties of undefined (reading &apos;info&apos;)
    at new info (/home/arligle/V1/Aiofix/aiofix-ai-saas-platform/packages/cache/src/services/memory-cache.service.ts:121:17)
    at TestingInjector.instantiateClass (/home/arligle/V1/Aiofix/aiofix-ai-saas-platform/node_modules/.pnpm/@nestjs+core@11.1.6_@nestjs+common@11.1.6_class-transformer@0.5.1_class-validator@0.14._bad85ac0f714a81162304b30d6edbbbf/node_modules/@nestjs/core/injector/injector.js:418:19)
    at callback (/home/arligle/V1/Aiofix/aiofix-ai-saas-platform/node_modules/.pnpm/@nestjs+core@11.1.6_@nestjs+common@11.1.6_class-transformer@0.5.1_class-validator@0.14._bad85ac0f714a81162304b30d6edbbbf/node_modules/@nestjs/core/injector/injector.js:70:45)
    at TestingInjector.resolveConstructorParams (/home/arligle/V1/Aiofix/aiofix-ai-saas-platform/node_modules/.pnpm/@nestjs+core@11.1.6_@nestjs+common@11.1.6_class-transformer@0.5.1_class-validator@0.14._bad85ac0f714a81162304b30d6edbbbf/node_modules/@nestjs/core/injector/injector.js:170:24)
    at TestingInjector.loadInstance (/home/arligle/V1/Aiofix/aiofix-ai-saas-platform/node_modules/.pnpm/@nestjs+core@11.1.6_@nestjs+common@11.1.6_class-transformer@0.5.1_class-validator@0.14._bad85ac0f714a81162304b30d6edbbbf/node_modules/@nestjs/core/injector/injector.js:75:13)
    at TestingInjector.loadProvider (/home/arligle/V1/Aiofix/aiofix-ai-saas-platform/node_modules/.pnpm/@nestjs+core@11.1.6_@nestjs+common@11.1.6_class-transformer@0.5.1_class-validator@0.14._bad85ac0f714a81162304b30d6edbbbf/node_modules/@nestjs/core/injector/injector.js:103:9)
    at /home/arligle/V1/Aiofix/aiofix-ai-saas-platform/node_modules/.pnpm/@nestjs+core@11.1.6_@nestjs+common@11.1.6_class-transformer@0.5.1_class-validator@0.14._bad85ac0f714a81162304b30d6edbbbf/node_modules/@nestjs/core/injector/instance-loader.js:56:13
    at async Promise.all (index 3)
    at TestingInstanceLoader.createInstancesOfProviders (/home/arligle/V1/Aiofix/aiofix-ai-saas-platform/node_modules/.pnpm/@nestjs+core@11.1.6_@nestjs+common@11.1.6_class-transformer@0.5.1_class-validator@0.14._bad85ac0f714a81162304b30d6edbbbf/node_modules/@nestjs/core/injector/instance-loader.js:55:9)
    at /home/arligle/V1/Aiofix/aiofix-ai-saas-platform/node_modules/.pnpm/@nestjs+core@11.1.6_@nestjs+common@11.1.6_class-transformer@0.5.1_class-validator@0.14._bad85ac0f714a81162304b30d6edbbbf/node_modules/@nestjs/core/injector/instance-loader.js:40:13
    at async Promise.all (index 1)
    at TestingInstanceLoader.createInstances (/home/arligle/V1/Aiofix/aiofix-ai-saas-platform/node_modules/.pnpm/@nestjs+core@11.1.6_@nestjs+common@11.1.6_class-transformer@0.5.1_class-validator@0.14._bad85ac0f714a81162304b30d6edbbbf/node_modules/@nestjs/core/injector/instance-loader.js:39:9)
    at TestingInstanceLoader.createInstancesOfDependencies (/home/arligle/V1/Aiofix/aiofix-ai-saas-platform/node_modules/.pnpm/@nestjs+core@11.1.6_@nestjs+common@11.1.6_class-transformer@0.5.1_class-validator@0.14._bad85ac0f714a81162304b30d6edbbbf/node_modules/@nestjs/core/injector/instance-loader.js:22:13)
    at TestingInstanceLoader.createInstancesOfDependencies (/home/arligle/V1/Aiofix/aiofix-ai-saas-platform/node_modules/.pnpm/@nestjs+testing@11.1.6_@nestjs+common@11.1.6_class-transformer@0.5.1_class-validator@0._ff6a79f0d3e76ddb2b73722d992783a6/node_modules/@nestjs/testing/testing-instance-loader.js:9:9)
    at TestingModuleBuilder.createInstancesOfDependencies (/home/arligle/V1/Aiofix/aiofix-ai-saas-platform/node_modules/.pnpm/@nestjs+testing@11.1.6_@nestjs+common@11.1.6_class-transformer@0.5.1_class-validator@0._ff6a79f0d3e76ddb2b73722d992783a6/node_modules/@nestjs/testing/testing-module.builder.js:118:9)
    at TestingModuleBuilder.compile (/home/arligle/V1/Aiofix/aiofix-ai-saas-platform/node_modules/.pnpm/@nestjs+testing@11.1.6_@nestjs+common@11.1.6_class-transformer@0.5.1_class-validator@0._ff6a79f0d3e76ddb2b73722d992783a6/node_modules/@nestjs/testing/testing-module.builder.js:74:9)
    at Object.&lt;anonymous&gt; (/home/arligle/V1/Aiofix/aiofix-ai-saas-platform/packages/cache/src/services/memory-cache.service.spec.ts:21:35)</failure>
      <failure>TypeError: Cannot read properties of undefined (reading &apos;onModuleDestroy&apos;)
    at Object.&lt;anonymous&gt; (/home/arligle/V1/Aiofix/aiofix-ai-saas-platform/packages/cache/src/services/memory-cache.service.spec.ts:52:19)
    at Promise.then.completed (/home/arligle/V1/Aiofix/aiofix-ai-saas-platform/node_modules/.pnpm/jest-circus@29.7.0/node_modules/jest-circus/build/utils.js:298:28)
    at new Promise (&lt;anonymous&gt;)
    at callAsyncCircusFn (/home/arligle/V1/Aiofix/aiofix-ai-saas-platform/node_modules/.pnpm/jest-circus@29.7.0/node_modules/jest-circus/build/utils.js:231:10)
    at _callCircusHook (/home/arligle/V1/Aiofix/aiofix-ai-saas-platform/node_modules/.pnpm/jest-circus@29.7.0/node_modules/jest-circus/build/run.js:281:40)
    at _runTest (/home/arligle/V1/Aiofix/aiofix-ai-saas-platform/node_modules/.pnpm/jest-circus@29.7.0/node_modules/jest-circus/build/run.js:254:5)
    at _runTestsForDescribeBlock (/home/arligle/V1/Aiofix/aiofix-ai-saas-platform/node_modules/.pnpm/jest-circus@29.7.0/node_modules/jest-circus/build/run.js:126:9)
    at _runTestsForDescribeBlock (/home/arligle/V1/Aiofix/aiofix-ai-saas-platform/node_modules/.pnpm/jest-circus@29.7.0/node_modules/jest-circus/build/run.js:121:9)
    at _runTestsForDescribeBlock (/home/arligle/V1/Aiofix/aiofix-ai-saas-platform/node_modules/.pnpm/jest-circus@29.7.0/node_modules/jest-circus/build/run.js:121:9)
    at run (/home/arligle/V1/Aiofix/aiofix-ai-saas-platform/node_modules/.pnpm/jest-circus@29.7.0/node_modules/jest-circus/build/run.js:71:3)
    at runAndTransformResultsToJestFormat (/home/arligle/V1/Aiofix/aiofix-ai-saas-platform/node_modules/.pnpm/jest-circus@29.7.0/node_modules/jest-circus/build/legacy-code-todo-rewrite/jestAdapterInit.js:122:21)
    at jestAdapter (/home/arligle/V1/Aiofix/aiofix-ai-saas-platform/node_modules/.pnpm/jest-circus@29.7.0/node_modules/jest-circus/build/legacy-code-todo-rewrite/jestAdapter.js:79:19)
    at runTestInternal (/home/arligle/V1/Aiofix/aiofix-ai-saas-platform/node_modules/.pnpm/jest-runner@29.7.0/node_modules/jest-runner/build/runTest.js:367:16)
    at runTest (/home/arligle/V1/Aiofix/aiofix-ai-saas-platform/node_modules/.pnpm/jest-runner@29.7.0/node_modules/jest-runner/build/runTest.js:444:34)</failure>
    </testcase>
    <testcase classname="MemoryCacheService › basic operations" name="should return null for non-existent key" time="0.002">
      <failure>TypeError: Cannot read properties of undefined (reading &apos;info&apos;)
    at new info (/home/arligle/V1/Aiofix/aiofix-ai-saas-platform/packages/cache/src/services/memory-cache.service.ts:121:17)
    at TestingInjector.instantiateClass (/home/arligle/V1/Aiofix/aiofix-ai-saas-platform/node_modules/.pnpm/@nestjs+core@11.1.6_@nestjs+common@11.1.6_class-transformer@0.5.1_class-validator@0.14._bad85ac0f714a81162304b30d6edbbbf/node_modules/@nestjs/core/injector/injector.js:418:19)
    at callback (/home/arligle/V1/Aiofix/aiofix-ai-saas-platform/node_modules/.pnpm/@nestjs+core@11.1.6_@nestjs+common@11.1.6_class-transformer@0.5.1_class-validator@0.14._bad85ac0f714a81162304b30d6edbbbf/node_modules/@nestjs/core/injector/injector.js:70:45)
    at TestingInjector.resolveConstructorParams (/home/arligle/V1/Aiofix/aiofix-ai-saas-platform/node_modules/.pnpm/@nestjs+core@11.1.6_@nestjs+common@11.1.6_class-transformer@0.5.1_class-validator@0.14._bad85ac0f714a81162304b30d6edbbbf/node_modules/@nestjs/core/injector/injector.js:170:24)
    at TestingInjector.loadInstance (/home/arligle/V1/Aiofix/aiofix-ai-saas-platform/node_modules/.pnpm/@nestjs+core@11.1.6_@nestjs+common@11.1.6_class-transformer@0.5.1_class-validator@0.14._bad85ac0f714a81162304b30d6edbbbf/node_modules/@nestjs/core/injector/injector.js:75:13)
    at TestingInjector.loadProvider (/home/arligle/V1/Aiofix/aiofix-ai-saas-platform/node_modules/.pnpm/@nestjs+core@11.1.6_@nestjs+common@11.1.6_class-transformer@0.5.1_class-validator@0.14._bad85ac0f714a81162304b30d6edbbbf/node_modules/@nestjs/core/injector/injector.js:103:9)
    at /home/arligle/V1/Aiofix/aiofix-ai-saas-platform/node_modules/.pnpm/@nestjs+core@11.1.6_@nestjs+common@11.1.6_class-transformer@0.5.1_class-validator@0.14._bad85ac0f714a81162304b30d6edbbbf/node_modules/@nestjs/core/injector/instance-loader.js:56:13
    at async Promise.all (index 3)
    at TestingInstanceLoader.createInstancesOfProviders (/home/arligle/V1/Aiofix/aiofix-ai-saas-platform/node_modules/.pnpm/@nestjs+core@11.1.6_@nestjs+common@11.1.6_class-transformer@0.5.1_class-validator@0.14._bad85ac0f714a81162304b30d6edbbbf/node_modules/@nestjs/core/injector/instance-loader.js:55:9)
    at /home/arligle/V1/Aiofix/aiofix-ai-saas-platform/node_modules/.pnpm/@nestjs+core@11.1.6_@nestjs+common@11.1.6_class-transformer@0.5.1_class-validator@0.14._bad85ac0f714a81162304b30d6edbbbf/node_modules/@nestjs/core/injector/instance-loader.js:40:13
    at async Promise.all (index 1)
    at TestingInstanceLoader.createInstances (/home/arligle/V1/Aiofix/aiofix-ai-saas-platform/node_modules/.pnpm/@nestjs+core@11.1.6_@nestjs+common@11.1.6_class-transformer@0.5.1_class-validator@0.14._bad85ac0f714a81162304b30d6edbbbf/node_modules/@nestjs/core/injector/instance-loader.js:39:9)
    at TestingInstanceLoader.createInstancesOfDependencies (/home/arligle/V1/Aiofix/aiofix-ai-saas-platform/node_modules/.pnpm/@nestjs+core@11.1.6_@nestjs+common@11.1.6_class-transformer@0.5.1_class-validator@0.14._bad85ac0f714a81162304b30d6edbbbf/node_modules/@nestjs/core/injector/instance-loader.js:22:13)
    at TestingInstanceLoader.createInstancesOfDependencies (/home/arligle/V1/Aiofix/aiofix-ai-saas-platform/node_modules/.pnpm/@nestjs+testing@11.1.6_@nestjs+common@11.1.6_class-transformer@0.5.1_class-validator@0._ff6a79f0d3e76ddb2b73722d992783a6/node_modules/@nestjs/testing/testing-instance-loader.js:9:9)
    at TestingModuleBuilder.createInstancesOfDependencies (/home/arligle/V1/Aiofix/aiofix-ai-saas-platform/node_modules/.pnpm/@nestjs+testing@11.1.6_@nestjs+common@11.1.6_class-transformer@0.5.1_class-validator@0._ff6a79f0d3e76ddb2b73722d992783a6/node_modules/@nestjs/testing/testing-module.builder.js:118:9)
    at TestingModuleBuilder.compile (/home/arligle/V1/Aiofix/aiofix-ai-saas-platform/node_modules/.pnpm/@nestjs+testing@11.1.6_@nestjs+common@11.1.6_class-transformer@0.5.1_class-validator@0._ff6a79f0d3e76ddb2b73722d992783a6/node_modules/@nestjs/testing/testing-module.builder.js:74:9)
    at Object.&lt;anonymous&gt; (/home/arligle/V1/Aiofix/aiofix-ai-saas-platform/packages/cache/src/services/memory-cache.service.spec.ts:21:35)</failure>
      <failure>TypeError: Cannot read properties of undefined (reading &apos;onModuleDestroy&apos;)
    at Object.&lt;anonymous&gt; (/home/arligle/V1/Aiofix/aiofix-ai-saas-platform/packages/cache/src/services/memory-cache.service.spec.ts:52:19)
    at Promise.then.completed (/home/arligle/V1/Aiofix/aiofix-ai-saas-platform/node_modules/.pnpm/jest-circus@29.7.0/node_modules/jest-circus/build/utils.js:298:28)
    at new Promise (&lt;anonymous&gt;)
    at callAsyncCircusFn (/home/arligle/V1/Aiofix/aiofix-ai-saas-platform/node_modules/.pnpm/jest-circus@29.7.0/node_modules/jest-circus/build/utils.js:231:10)
    at _callCircusHook (/home/arligle/V1/Aiofix/aiofix-ai-saas-platform/node_modules/.pnpm/jest-circus@29.7.0/node_modules/jest-circus/build/run.js:281:40)
    at _runTest (/home/arligle/V1/Aiofix/aiofix-ai-saas-platform/node_modules/.pnpm/jest-circus@29.7.0/node_modules/jest-circus/build/run.js:254:5)
    at _runTestsForDescribeBlock (/home/arligle/V1/Aiofix/aiofix-ai-saas-platform/node_modules/.pnpm/jest-circus@29.7.0/node_modules/jest-circus/build/run.js:126:9)
    at _runTestsForDescribeBlock (/home/arligle/V1/Aiofix/aiofix-ai-saas-platform/node_modules/.pnpm/jest-circus@29.7.0/node_modules/jest-circus/build/run.js:121:9)
    at _runTestsForDescribeBlock (/home/arligle/V1/Aiofix/aiofix-ai-saas-platform/node_modules/.pnpm/jest-circus@29.7.0/node_modules/jest-circus/build/run.js:121:9)
    at run (/home/arligle/V1/Aiofix/aiofix-ai-saas-platform/node_modules/.pnpm/jest-circus@29.7.0/node_modules/jest-circus/build/run.js:71:3)
    at runAndTransformResultsToJestFormat (/home/arligle/V1/Aiofix/aiofix-ai-saas-platform/node_modules/.pnpm/jest-circus@29.7.0/node_modules/jest-circus/build/legacy-code-todo-rewrite/jestAdapterInit.js:122:21)
    at jestAdapter (/home/arligle/V1/Aiofix/aiofix-ai-saas-platform/node_modules/.pnpm/jest-circus@29.7.0/node_modules/jest-circus/build/legacy-code-todo-rewrite/jestAdapter.js:79:19)
    at runTestInternal (/home/arligle/V1/Aiofix/aiofix-ai-saas-platform/node_modules/.pnpm/jest-runner@29.7.0/node_modules/jest-runner/build/runTest.js:367:16)
    at runTest (/home/arligle/V1/Aiofix/aiofix-ai-saas-platform/node_modules/.pnpm/jest-runner@29.7.0/node_modules/jest-runner/build/runTest.js:444:34)</failure>
    </testcase>
    <testcase classname="MemoryCacheService › basic operations" name="should delete cache value" time="0.001">
      <failure>TypeError: Cannot read properties of undefined (reading &apos;info&apos;)
    at new info (/home/arligle/V1/Aiofix/aiofix-ai-saas-platform/packages/cache/src/services/memory-cache.service.ts:121:17)
    at TestingInjector.instantiateClass (/home/arligle/V1/Aiofix/aiofix-ai-saas-platform/node_modules/.pnpm/@nestjs+core@11.1.6_@nestjs+common@11.1.6_class-transformer@0.5.1_class-validator@0.14._bad85ac0f714a81162304b30d6edbbbf/node_modules/@nestjs/core/injector/injector.js:418:19)
    at callback (/home/arligle/V1/Aiofix/aiofix-ai-saas-platform/node_modules/.pnpm/@nestjs+core@11.1.6_@nestjs+common@11.1.6_class-transformer@0.5.1_class-validator@0.14._bad85ac0f714a81162304b30d6edbbbf/node_modules/@nestjs/core/injector/injector.js:70:45)
    at TestingInjector.resolveConstructorParams (/home/arligle/V1/Aiofix/aiofix-ai-saas-platform/node_modules/.pnpm/@nestjs+core@11.1.6_@nestjs+common@11.1.6_class-transformer@0.5.1_class-validator@0.14._bad85ac0f714a81162304b30d6edbbbf/node_modules/@nestjs/core/injector/injector.js:170:24)
    at TestingInjector.loadInstance (/home/arligle/V1/Aiofix/aiofix-ai-saas-platform/node_modules/.pnpm/@nestjs+core@11.1.6_@nestjs+common@11.1.6_class-transformer@0.5.1_class-validator@0.14._bad85ac0f714a81162304b30d6edbbbf/node_modules/@nestjs/core/injector/injector.js:75:13)
    at TestingInjector.loadProvider (/home/arligle/V1/Aiofix/aiofix-ai-saas-platform/node_modules/.pnpm/@nestjs+core@11.1.6_@nestjs+common@11.1.6_class-transformer@0.5.1_class-validator@0.14._bad85ac0f714a81162304b30d6edbbbf/node_modules/@nestjs/core/injector/injector.js:103:9)
    at /home/arligle/V1/Aiofix/aiofix-ai-saas-platform/node_modules/.pnpm/@nestjs+core@11.1.6_@nestjs+common@11.1.6_class-transformer@0.5.1_class-validator@0.14._bad85ac0f714a81162304b30d6edbbbf/node_modules/@nestjs/core/injector/instance-loader.js:56:13
    at async Promise.all (index 3)
    at TestingInstanceLoader.createInstancesOfProviders (/home/arligle/V1/Aiofix/aiofix-ai-saas-platform/node_modules/.pnpm/@nestjs+core@11.1.6_@nestjs+common@11.1.6_class-transformer@0.5.1_class-validator@0.14._bad85ac0f714a81162304b30d6edbbbf/node_modules/@nestjs/core/injector/instance-loader.js:55:9)
    at /home/arligle/V1/Aiofix/aiofix-ai-saas-platform/node_modules/.pnpm/@nestjs+core@11.1.6_@nestjs+common@11.1.6_class-transformer@0.5.1_class-validator@0.14._bad85ac0f714a81162304b30d6edbbbf/node_modules/@nestjs/core/injector/instance-loader.js:40:13
    at async Promise.all (index 1)
    at TestingInstanceLoader.createInstances (/home/arligle/V1/Aiofix/aiofix-ai-saas-platform/node_modules/.pnpm/@nestjs+core@11.1.6_@nestjs+common@11.1.6_class-transformer@0.5.1_class-validator@0.14._bad85ac0f714a81162304b30d6edbbbf/node_modules/@nestjs/core/injector/instance-loader.js:39:9)
    at TestingInstanceLoader.createInstancesOfDependencies (/home/arligle/V1/Aiofix/aiofix-ai-saas-platform/node_modules/.pnpm/@nestjs+core@11.1.6_@nestjs+common@11.1.6_class-transformer@0.5.1_class-validator@0.14._bad85ac0f714a81162304b30d6edbbbf/node_modules/@nestjs/core/injector/instance-loader.js:22:13)
    at TestingInstanceLoader.createInstancesOfDependencies (/home/arligle/V1/Aiofix/aiofix-ai-saas-platform/node_modules/.pnpm/@nestjs+testing@11.1.6_@nestjs+common@11.1.6_class-transformer@0.5.1_class-validator@0._ff6a79f0d3e76ddb2b73722d992783a6/node_modules/@nestjs/testing/testing-instance-loader.js:9:9)
    at TestingModuleBuilder.createInstancesOfDependencies (/home/arligle/V1/Aiofix/aiofix-ai-saas-platform/node_modules/.pnpm/@nestjs+testing@11.1.6_@nestjs+common@11.1.6_class-transformer@0.5.1_class-validator@0._ff6a79f0d3e76ddb2b73722d992783a6/node_modules/@nestjs/testing/testing-module.builder.js:118:9)
    at TestingModuleBuilder.compile (/home/arligle/V1/Aiofix/aiofix-ai-saas-platform/node_modules/.pnpm/@nestjs+testing@11.1.6_@nestjs+common@11.1.6_class-transformer@0.5.1_class-validator@0._ff6a79f0d3e76ddb2b73722d992783a6/node_modules/@nestjs/testing/testing-module.builder.js:74:9)
    at Object.&lt;anonymous&gt; (/home/arligle/V1/Aiofix/aiofix-ai-saas-platform/packages/cache/src/services/memory-cache.service.spec.ts:21:35)</failure>
      <failure>TypeError: Cannot read properties of undefined (reading &apos;onModuleDestroy&apos;)
    at Object.&lt;anonymous&gt; (/home/arligle/V1/Aiofix/aiofix-ai-saas-platform/packages/cache/src/services/memory-cache.service.spec.ts:52:19)
    at Promise.then.completed (/home/arligle/V1/Aiofix/aiofix-ai-saas-platform/node_modules/.pnpm/jest-circus@29.7.0/node_modules/jest-circus/build/utils.js:298:28)
    at new Promise (&lt;anonymous&gt;)
    at callAsyncCircusFn (/home/arligle/V1/Aiofix/aiofix-ai-saas-platform/node_modules/.pnpm/jest-circus@29.7.0/node_modules/jest-circus/build/utils.js:231:10)
    at _callCircusHook (/home/arligle/V1/Aiofix/aiofix-ai-saas-platform/node_modules/.pnpm/jest-circus@29.7.0/node_modules/jest-circus/build/run.js:281:40)
    at _runTest (/home/arligle/V1/Aiofix/aiofix-ai-saas-platform/node_modules/.pnpm/jest-circus@29.7.0/node_modules/jest-circus/build/run.js:254:5)
    at _runTestsForDescribeBlock (/home/arligle/V1/Aiofix/aiofix-ai-saas-platform/node_modules/.pnpm/jest-circus@29.7.0/node_modules/jest-circus/build/run.js:126:9)
    at _runTestsForDescribeBlock (/home/arligle/V1/Aiofix/aiofix-ai-saas-platform/node_modules/.pnpm/jest-circus@29.7.0/node_modules/jest-circus/build/run.js:121:9)
    at _runTestsForDescribeBlock (/home/arligle/V1/Aiofix/aiofix-ai-saas-platform/node_modules/.pnpm/jest-circus@29.7.0/node_modules/jest-circus/build/run.js:121:9)
    at run (/home/arligle/V1/Aiofix/aiofix-ai-saas-platform/node_modules/.pnpm/jest-circus@29.7.0/node_modules/jest-circus/build/run.js:71:3)
    at runAndTransformResultsToJestFormat (/home/arligle/V1/Aiofix/aiofix-ai-saas-platform/node_modules/.pnpm/jest-circus@29.7.0/node_modules/jest-circus/build/legacy-code-todo-rewrite/jestAdapterInit.js:122:21)
    at jestAdapter (/home/arligle/V1/Aiofix/aiofix-ai-saas-platform/node_modules/.pnpm/jest-circus@29.7.0/node_modules/jest-circus/build/legacy-code-todo-rewrite/jestAdapter.js:79:19)
    at runTestInternal (/home/arligle/V1/Aiofix/aiofix-ai-saas-platform/node_modules/.pnpm/jest-runner@29.7.0/node_modules/jest-runner/build/runTest.js:367:16)
    at runTest (/home/arligle/V1/Aiofix/aiofix-ai-saas-platform/node_modules/.pnpm/jest-runner@29.7.0/node_modules/jest-runner/build/runTest.js:444:34)</failure>
    </testcase>
    <testcase classname="MemoryCacheService › basic operations" name="should return false when deleting non-existent key" time="0.001">
      <failure>TypeError: Cannot read properties of undefined (reading &apos;info&apos;)
    at new info (/home/arligle/V1/Aiofix/aiofix-ai-saas-platform/packages/cache/src/services/memory-cache.service.ts:121:17)
    at TestingInjector.instantiateClass (/home/arligle/V1/Aiofix/aiofix-ai-saas-platform/node_modules/.pnpm/@nestjs+core@11.1.6_@nestjs+common@11.1.6_class-transformer@0.5.1_class-validator@0.14._bad85ac0f714a81162304b30d6edbbbf/node_modules/@nestjs/core/injector/injector.js:418:19)
    at callback (/home/arligle/V1/Aiofix/aiofix-ai-saas-platform/node_modules/.pnpm/@nestjs+core@11.1.6_@nestjs+common@11.1.6_class-transformer@0.5.1_class-validator@0.14._bad85ac0f714a81162304b30d6edbbbf/node_modules/@nestjs/core/injector/injector.js:70:45)
    at TestingInjector.resolveConstructorParams (/home/arligle/V1/Aiofix/aiofix-ai-saas-platform/node_modules/.pnpm/@nestjs+core@11.1.6_@nestjs+common@11.1.6_class-transformer@0.5.1_class-validator@0.14._bad85ac0f714a81162304b30d6edbbbf/node_modules/@nestjs/core/injector/injector.js:170:24)
    at TestingInjector.loadInstance (/home/arligle/V1/Aiofix/aiofix-ai-saas-platform/node_modules/.pnpm/@nestjs+core@11.1.6_@nestjs+common@11.1.6_class-transformer@0.5.1_class-validator@0.14._bad85ac0f714a81162304b30d6edbbbf/node_modules/@nestjs/core/injector/injector.js:75:13)
    at TestingInjector.loadProvider (/home/arligle/V1/Aiofix/aiofix-ai-saas-platform/node_modules/.pnpm/@nestjs+core@11.1.6_@nestjs+common@11.1.6_class-transformer@0.5.1_class-validator@0.14._bad85ac0f714a81162304b30d6edbbbf/node_modules/@nestjs/core/injector/injector.js:103:9)
    at /home/arligle/V1/Aiofix/aiofix-ai-saas-platform/node_modules/.pnpm/@nestjs+core@11.1.6_@nestjs+common@11.1.6_class-transformer@0.5.1_class-validator@0.14._bad85ac0f714a81162304b30d6edbbbf/node_modules/@nestjs/core/injector/instance-loader.js:56:13
    at async Promise.all (index 3)
    at TestingInstanceLoader.createInstancesOfProviders (/home/arligle/V1/Aiofix/aiofix-ai-saas-platform/node_modules/.pnpm/@nestjs+core@11.1.6_@nestjs+common@11.1.6_class-transformer@0.5.1_class-validator@0.14._bad85ac0f714a81162304b30d6edbbbf/node_modules/@nestjs/core/injector/instance-loader.js:55:9)
    at /home/arligle/V1/Aiofix/aiofix-ai-saas-platform/node_modules/.pnpm/@nestjs+core@11.1.6_@nestjs+common@11.1.6_class-transformer@0.5.1_class-validator@0.14._bad85ac0f714a81162304b30d6edbbbf/node_modules/@nestjs/core/injector/instance-loader.js:40:13
    at async Promise.all (index 1)
    at TestingInstanceLoader.createInstances (/home/arligle/V1/Aiofix/aiofix-ai-saas-platform/node_modules/.pnpm/@nestjs+core@11.1.6_@nestjs+common@11.1.6_class-transformer@0.5.1_class-validator@0.14._bad85ac0f714a81162304b30d6edbbbf/node_modules/@nestjs/core/injector/instance-loader.js:39:9)
    at TestingInstanceLoader.createInstancesOfDependencies (/home/arligle/V1/Aiofix/aiofix-ai-saas-platform/node_modules/.pnpm/@nestjs+core@11.1.6_@nestjs+common@11.1.6_class-transformer@0.5.1_class-validator@0.14._bad85ac0f714a81162304b30d6edbbbf/node_modules/@nestjs/core/injector/instance-loader.js:22:13)
    at TestingInstanceLoader.createInstancesOfDependencies (/home/arligle/V1/Aiofix/aiofix-ai-saas-platform/node_modules/.pnpm/@nestjs+testing@11.1.6_@nestjs+common@11.1.6_class-transformer@0.5.1_class-validator@0._ff6a79f0d3e76ddb2b73722d992783a6/node_modules/@nestjs/testing/testing-instance-loader.js:9:9)
    at TestingModuleBuilder.createInstancesOfDependencies (/home/arligle/V1/Aiofix/aiofix-ai-saas-platform/node_modules/.pnpm/@nestjs+testing@11.1.6_@nestjs+common@11.1.6_class-transformer@0.5.1_class-validator@0._ff6a79f0d3e76ddb2b73722d992783a6/node_modules/@nestjs/testing/testing-module.builder.js:118:9)
    at TestingModuleBuilder.compile (/home/arligle/V1/Aiofix/aiofix-ai-saas-platform/node_modules/.pnpm/@nestjs+testing@11.1.6_@nestjs+common@11.1.6_class-transformer@0.5.1_class-validator@0._ff6a79f0d3e76ddb2b73722d992783a6/node_modules/@nestjs/testing/testing-module.builder.js:74:9)
    at Object.&lt;anonymous&gt; (/home/arligle/V1/Aiofix/aiofix-ai-saas-platform/packages/cache/src/services/memory-cache.service.spec.ts:21:35)</failure>
      <failure>TypeError: Cannot read properties of undefined (reading &apos;onModuleDestroy&apos;)
    at Object.&lt;anonymous&gt; (/home/arligle/V1/Aiofix/aiofix-ai-saas-platform/packages/cache/src/services/memory-cache.service.spec.ts:52:19)
    at Promise.then.completed (/home/arligle/V1/Aiofix/aiofix-ai-saas-platform/node_modules/.pnpm/jest-circus@29.7.0/node_modules/jest-circus/build/utils.js:298:28)
    at new Promise (&lt;anonymous&gt;)
    at callAsyncCircusFn (/home/arligle/V1/Aiofix/aiofix-ai-saas-platform/node_modules/.pnpm/jest-circus@29.7.0/node_modules/jest-circus/build/utils.js:231:10)
    at _callCircusHook (/home/arligle/V1/Aiofix/aiofix-ai-saas-platform/node_modules/.pnpm/jest-circus@29.7.0/node_modules/jest-circus/build/run.js:281:40)
    at _runTest (/home/arligle/V1/Aiofix/aiofix-ai-saas-platform/node_modules/.pnpm/jest-circus@29.7.0/node_modules/jest-circus/build/run.js:254:5)
    at _runTestsForDescribeBlock (/home/arligle/V1/Aiofix/aiofix-ai-saas-platform/node_modules/.pnpm/jest-circus@29.7.0/node_modules/jest-circus/build/run.js:126:9)
    at _runTestsForDescribeBlock (/home/arligle/V1/Aiofix/aiofix-ai-saas-platform/node_modules/.pnpm/jest-circus@29.7.0/node_modules/jest-circus/build/run.js:121:9)
    at _runTestsForDescribeBlock (/home/arligle/V1/Aiofix/aiofix-ai-saas-platform/node_modules/.pnpm/jest-circus@29.7.0/node_modules/jest-circus/build/run.js:121:9)
    at run (/home/arligle/V1/Aiofix/aiofix-ai-saas-platform/node_modules/.pnpm/jest-circus@29.7.0/node_modules/jest-circus/build/run.js:71:3)
    at runAndTransformResultsToJestFormat (/home/arligle/V1/Aiofix/aiofix-ai-saas-platform/node_modules/.pnpm/jest-circus@29.7.0/node_modules/jest-circus/build/legacy-code-todo-rewrite/jestAdapterInit.js:122:21)
    at jestAdapter (/home/arligle/V1/Aiofix/aiofix-ai-saas-platform/node_modules/.pnpm/jest-circus@29.7.0/node_modules/jest-circus/build/legacy-code-todo-rewrite/jestAdapter.js:79:19)
    at runTestInternal (/home/arligle/V1/Aiofix/aiofix-ai-saas-platform/node_modules/.pnpm/jest-runner@29.7.0/node_modules/jest-runner/build/runTest.js:367:16)
    at runTest (/home/arligle/V1/Aiofix/aiofix-ai-saas-platform/node_modules/.pnpm/jest-runner@29.7.0/node_modules/jest-runner/build/runTest.js:444:34)</failure>
    </testcase>
    <testcase classname="MemoryCacheService › basic operations" name="should check if key exists" time="0.004">
      <failure>TypeError: Cannot read properties of undefined (reading &apos;info&apos;)
    at new info (/home/arligle/V1/Aiofix/aiofix-ai-saas-platform/packages/cache/src/services/memory-cache.service.ts:121:17)
    at TestingInjector.instantiateClass (/home/arligle/V1/Aiofix/aiofix-ai-saas-platform/node_modules/.pnpm/@nestjs+core@11.1.6_@nestjs+common@11.1.6_class-transformer@0.5.1_class-validator@0.14._bad85ac0f714a81162304b30d6edbbbf/node_modules/@nestjs/core/injector/injector.js:418:19)
    at callback (/home/arligle/V1/Aiofix/aiofix-ai-saas-platform/node_modules/.pnpm/@nestjs+core@11.1.6_@nestjs+common@11.1.6_class-transformer@0.5.1_class-validator@0.14._bad85ac0f714a81162304b30d6edbbbf/node_modules/@nestjs/core/injector/injector.js:70:45)
    at TestingInjector.resolveConstructorParams (/home/arligle/V1/Aiofix/aiofix-ai-saas-platform/node_modules/.pnpm/@nestjs+core@11.1.6_@nestjs+common@11.1.6_class-transformer@0.5.1_class-validator@0.14._bad85ac0f714a81162304b30d6edbbbf/node_modules/@nestjs/core/injector/injector.js:170:24)
    at TestingInjector.loadInstance (/home/arligle/V1/Aiofix/aiofix-ai-saas-platform/node_modules/.pnpm/@nestjs+core@11.1.6_@nestjs+common@11.1.6_class-transformer@0.5.1_class-validator@0.14._bad85ac0f714a81162304b30d6edbbbf/node_modules/@nestjs/core/injector/injector.js:75:13)
    at TestingInjector.loadProvider (/home/arligle/V1/Aiofix/aiofix-ai-saas-platform/node_modules/.pnpm/@nestjs+core@11.1.6_@nestjs+common@11.1.6_class-transformer@0.5.1_class-validator@0.14._bad85ac0f714a81162304b30d6edbbbf/node_modules/@nestjs/core/injector/injector.js:103:9)
    at /home/arligle/V1/Aiofix/aiofix-ai-saas-platform/node_modules/.pnpm/@nestjs+core@11.1.6_@nestjs+common@11.1.6_class-transformer@0.5.1_class-validator@0.14._bad85ac0f714a81162304b30d6edbbbf/node_modules/@nestjs/core/injector/instance-loader.js:56:13
    at async Promise.all (index 3)
    at TestingInstanceLoader.createInstancesOfProviders (/home/arligle/V1/Aiofix/aiofix-ai-saas-platform/node_modules/.pnpm/@nestjs+core@11.1.6_@nestjs+common@11.1.6_class-transformer@0.5.1_class-validator@0.14._bad85ac0f714a81162304b30d6edbbbf/node_modules/@nestjs/core/injector/instance-loader.js:55:9)
    at /home/arligle/V1/Aiofix/aiofix-ai-saas-platform/node_modules/.pnpm/@nestjs+core@11.1.6_@nestjs+common@11.1.6_class-transformer@0.5.1_class-validator@0.14._bad85ac0f714a81162304b30d6edbbbf/node_modules/@nestjs/core/injector/instance-loader.js:40:13
    at async Promise.all (index 1)
    at TestingInstanceLoader.createInstances (/home/arligle/V1/Aiofix/aiofix-ai-saas-platform/node_modules/.pnpm/@nestjs+core@11.1.6_@nestjs+common@11.1.6_class-transformer@0.5.1_class-validator@0.14._bad85ac0f714a81162304b30d6edbbbf/node_modules/@nestjs/core/injector/instance-loader.js:39:9)
    at TestingInstanceLoader.createInstancesOfDependencies (/home/arligle/V1/Aiofix/aiofix-ai-saas-platform/node_modules/.pnpm/@nestjs+core@11.1.6_@nestjs+common@11.1.6_class-transformer@0.5.1_class-validator@0.14._bad85ac0f714a81162304b30d6edbbbf/node_modules/@nestjs/core/injector/instance-loader.js:22:13)
    at TestingInstanceLoader.createInstancesOfDependencies (/home/arligle/V1/Aiofix/aiofix-ai-saas-platform/node_modules/.pnpm/@nestjs+testing@11.1.6_@nestjs+common@11.1.6_class-transformer@0.5.1_class-validator@0._ff6a79f0d3e76ddb2b73722d992783a6/node_modules/@nestjs/testing/testing-instance-loader.js:9:9)
    at TestingModuleBuilder.createInstancesOfDependencies (/home/arligle/V1/Aiofix/aiofix-ai-saas-platform/node_modules/.pnpm/@nestjs+testing@11.1.6_@nestjs+common@11.1.6_class-transformer@0.5.1_class-validator@0._ff6a79f0d3e76ddb2b73722d992783a6/node_modules/@nestjs/testing/testing-module.builder.js:118:9)
    at TestingModuleBuilder.compile (/home/arligle/V1/Aiofix/aiofix-ai-saas-platform/node_modules/.pnpm/@nestjs+testing@11.1.6_@nestjs+common@11.1.6_class-transformer@0.5.1_class-validator@0._ff6a79f0d3e76ddb2b73722d992783a6/node_modules/@nestjs/testing/testing-module.builder.js:74:9)
    at Object.&lt;anonymous&gt; (/home/arligle/V1/Aiofix/aiofix-ai-saas-platform/packages/cache/src/services/memory-cache.service.spec.ts:21:35)</failure>
      <failure>TypeError: Cannot read properties of undefined (reading &apos;onModuleDestroy&apos;)
    at Object.&lt;anonymous&gt; (/home/arligle/V1/Aiofix/aiofix-ai-saas-platform/packages/cache/src/services/memory-cache.service.spec.ts:52:19)
    at Promise.then.completed (/home/arligle/V1/Aiofix/aiofix-ai-saas-platform/node_modules/.pnpm/jest-circus@29.7.0/node_modules/jest-circus/build/utils.js:298:28)
    at new Promise (&lt;anonymous&gt;)
    at callAsyncCircusFn (/home/arligle/V1/Aiofix/aiofix-ai-saas-platform/node_modules/.pnpm/jest-circus@29.7.0/node_modules/jest-circus/build/utils.js:231:10)
    at _callCircusHook (/home/arligle/V1/Aiofix/aiofix-ai-saas-platform/node_modules/.pnpm/jest-circus@29.7.0/node_modules/jest-circus/build/run.js:281:40)
    at _runTest (/home/arligle/V1/Aiofix/aiofix-ai-saas-platform/node_modules/.pnpm/jest-circus@29.7.0/node_modules/jest-circus/build/run.js:254:5)
    at _runTestsForDescribeBlock (/home/arligle/V1/Aiofix/aiofix-ai-saas-platform/node_modules/.pnpm/jest-circus@29.7.0/node_modules/jest-circus/build/run.js:126:9)
    at _runTestsForDescribeBlock (/home/arligle/V1/Aiofix/aiofix-ai-saas-platform/node_modules/.pnpm/jest-circus@29.7.0/node_modules/jest-circus/build/run.js:121:9)
    at _runTestsForDescribeBlock (/home/arligle/V1/Aiofix/aiofix-ai-saas-platform/node_modules/.pnpm/jest-circus@29.7.0/node_modules/jest-circus/build/run.js:121:9)
    at run (/home/arligle/V1/Aiofix/aiofix-ai-saas-platform/node_modules/.pnpm/jest-circus@29.7.0/node_modules/jest-circus/build/run.js:71:3)
    at runAndTransformResultsToJestFormat (/home/arligle/V1/Aiofix/aiofix-ai-saas-platform/node_modules/.pnpm/jest-circus@29.7.0/node_modules/jest-circus/build/legacy-code-todo-rewrite/jestAdapterInit.js:122:21)
    at jestAdapter (/home/arligle/V1/Aiofix/aiofix-ai-saas-platform/node_modules/.pnpm/jest-circus@29.7.0/node_modules/jest-circus/build/legacy-code-todo-rewrite/jestAdapter.js:79:19)
    at runTestInternal (/home/arligle/V1/Aiofix/aiofix-ai-saas-platform/node_modules/.pnpm/jest-runner@29.7.0/node_modules/jest-runner/build/runTest.js:367:16)
    at runTest (/home/arligle/V1/Aiofix/aiofix-ai-saas-platform/node_modules/.pnpm/jest-runner@29.7.0/node_modules/jest-runner/build/runTest.js:444:34)</failure>
    </testcase>
    <testcase classname="MemoryCacheService › basic operations" name="should clear all cache" time="0.003">
      <failure>TypeError: Cannot read properties of undefined (reading &apos;info&apos;)
    at new info (/home/arligle/V1/Aiofix/aiofix-ai-saas-platform/packages/cache/src/services/memory-cache.service.ts:121:17)
    at TestingInjector.instantiateClass (/home/arligle/V1/Aiofix/aiofix-ai-saas-platform/node_modules/.pnpm/@nestjs+core@11.1.6_@nestjs+common@11.1.6_class-transformer@0.5.1_class-validator@0.14._bad85ac0f714a81162304b30d6edbbbf/node_modules/@nestjs/core/injector/injector.js:418:19)
    at callback (/home/arligle/V1/Aiofix/aiofix-ai-saas-platform/node_modules/.pnpm/@nestjs+core@11.1.6_@nestjs+common@11.1.6_class-transformer@0.5.1_class-validator@0.14._bad85ac0f714a81162304b30d6edbbbf/node_modules/@nestjs/core/injector/injector.js:70:45)
    at TestingInjector.resolveConstructorParams (/home/arligle/V1/Aiofix/aiofix-ai-saas-platform/node_modules/.pnpm/@nestjs+core@11.1.6_@nestjs+common@11.1.6_class-transformer@0.5.1_class-validator@0.14._bad85ac0f714a81162304b30d6edbbbf/node_modules/@nestjs/core/injector/injector.js:170:24)
    at TestingInjector.loadInstance (/home/arligle/V1/Aiofix/aiofix-ai-saas-platform/node_modules/.pnpm/@nestjs+core@11.1.6_@nestjs+common@11.1.6_class-transformer@0.5.1_class-validator@0.14._bad85ac0f714a81162304b30d6edbbbf/node_modules/@nestjs/core/injector/injector.js:75:13)
    at TestingInjector.loadProvider (/home/arligle/V1/Aiofix/aiofix-ai-saas-platform/node_modules/.pnpm/@nestjs+core@11.1.6_@nestjs+common@11.1.6_class-transformer@0.5.1_class-validator@0.14._bad85ac0f714a81162304b30d6edbbbf/node_modules/@nestjs/core/injector/injector.js:103:9)
    at /home/arligle/V1/Aiofix/aiofix-ai-saas-platform/node_modules/.pnpm/@nestjs+core@11.1.6_@nestjs+common@11.1.6_class-transformer@0.5.1_class-validator@0.14._bad85ac0f714a81162304b30d6edbbbf/node_modules/@nestjs/core/injector/instance-loader.js:56:13
    at async Promise.all (index 3)
    at TestingInstanceLoader.createInstancesOfProviders (/home/arligle/V1/Aiofix/aiofix-ai-saas-platform/node_modules/.pnpm/@nestjs+core@11.1.6_@nestjs+common@11.1.6_class-transformer@0.5.1_class-validator@0.14._bad85ac0f714a81162304b30d6edbbbf/node_modules/@nestjs/core/injector/instance-loader.js:55:9)
    at /home/arligle/V1/Aiofix/aiofix-ai-saas-platform/node_modules/.pnpm/@nestjs+core@11.1.6_@nestjs+common@11.1.6_class-transformer@0.5.1_class-validator@0.14._bad85ac0f714a81162304b30d6edbbbf/node_modules/@nestjs/core/injector/instance-loader.js:40:13
    at async Promise.all (index 1)
    at TestingInstanceLoader.createInstances (/home/arligle/V1/Aiofix/aiofix-ai-saas-platform/node_modules/.pnpm/@nestjs+core@11.1.6_@nestjs+common@11.1.6_class-transformer@0.5.1_class-validator@0.14._bad85ac0f714a81162304b30d6edbbbf/node_modules/@nestjs/core/injector/instance-loader.js:39:9)
    at TestingInstanceLoader.createInstancesOfDependencies (/home/arligle/V1/Aiofix/aiofix-ai-saas-platform/node_modules/.pnpm/@nestjs+core@11.1.6_@nestjs+common@11.1.6_class-transformer@0.5.1_class-validator@0.14._bad85ac0f714a81162304b30d6edbbbf/node_modules/@nestjs/core/injector/instance-loader.js:22:13)
    at TestingInstanceLoader.createInstancesOfDependencies (/home/arligle/V1/Aiofix/aiofix-ai-saas-platform/node_modules/.pnpm/@nestjs+testing@11.1.6_@nestjs+common@11.1.6_class-transformer@0.5.1_class-validator@0._ff6a79f0d3e76ddb2b73722d992783a6/node_modules/@nestjs/testing/testing-instance-loader.js:9:9)
    at TestingModuleBuilder.createInstancesOfDependencies (/home/arligle/V1/Aiofix/aiofix-ai-saas-platform/node_modules/.pnpm/@nestjs+testing@11.1.6_@nestjs+common@11.1.6_class-transformer@0.5.1_class-validator@0._ff6a79f0d3e76ddb2b73722d992783a6/node_modules/@nestjs/testing/testing-module.builder.js:118:9)
    at TestingModuleBuilder.compile (/home/arligle/V1/Aiofix/aiofix-ai-saas-platform/node_modules/.pnpm/@nestjs+testing@11.1.6_@nestjs+common@11.1.6_class-transformer@0.5.1_class-validator@0._ff6a79f0d3e76ddb2b73722d992783a6/node_modules/@nestjs/testing/testing-module.builder.js:74:9)
    at Object.&lt;anonymous&gt; (/home/arligle/V1/Aiofix/aiofix-ai-saas-platform/packages/cache/src/services/memory-cache.service.spec.ts:21:35)</failure>
      <failure>TypeError: Cannot read properties of undefined (reading &apos;onModuleDestroy&apos;)
    at Object.&lt;anonymous&gt; (/home/arligle/V1/Aiofix/aiofix-ai-saas-platform/packages/cache/src/services/memory-cache.service.spec.ts:52:19)
    at Promise.then.completed (/home/arligle/V1/Aiofix/aiofix-ai-saas-platform/node_modules/.pnpm/jest-circus@29.7.0/node_modules/jest-circus/build/utils.js:298:28)
    at new Promise (&lt;anonymous&gt;)
    at callAsyncCircusFn (/home/arligle/V1/Aiofix/aiofix-ai-saas-platform/node_modules/.pnpm/jest-circus@29.7.0/node_modules/jest-circus/build/utils.js:231:10)
    at _callCircusHook (/home/arligle/V1/Aiofix/aiofix-ai-saas-platform/node_modules/.pnpm/jest-circus@29.7.0/node_modules/jest-circus/build/run.js:281:40)
    at _runTest (/home/arligle/V1/Aiofix/aiofix-ai-saas-platform/node_modules/.pnpm/jest-circus@29.7.0/node_modules/jest-circus/build/run.js:254:5)
    at _runTestsForDescribeBlock (/home/arligle/V1/Aiofix/aiofix-ai-saas-platform/node_modules/.pnpm/jest-circus@29.7.0/node_modules/jest-circus/build/run.js:126:9)
    at _runTestsForDescribeBlock (/home/arligle/V1/Aiofix/aiofix-ai-saas-platform/node_modules/.pnpm/jest-circus@29.7.0/node_modules/jest-circus/build/run.js:121:9)
    at _runTestsForDescribeBlock (/home/arligle/V1/Aiofix/aiofix-ai-saas-platform/node_modules/.pnpm/jest-circus@29.7.0/node_modules/jest-circus/build/run.js:121:9)
    at run (/home/arligle/V1/Aiofix/aiofix-ai-saas-platform/node_modules/.pnpm/jest-circus@29.7.0/node_modules/jest-circus/build/run.js:71:3)
    at runAndTransformResultsToJestFormat (/home/arligle/V1/Aiofix/aiofix-ai-saas-platform/node_modules/.pnpm/jest-circus@29.7.0/node_modules/jest-circus/build/legacy-code-todo-rewrite/jestAdapterInit.js:122:21)
    at jestAdapter (/home/arligle/V1/Aiofix/aiofix-ai-saas-platform/node_modules/.pnpm/jest-circus@29.7.0/node_modules/jest-circus/build/legacy-code-todo-rewrite/jestAdapter.js:79:19)
    at runTestInternal (/home/arligle/V1/Aiofix/aiofix-ai-saas-platform/node_modules/.pnpm/jest-runner@29.7.0/node_modules/jest-runner/build/runTest.js:367:16)
    at runTest (/home/arligle/V1/Aiofix/aiofix-ai-saas-platform/node_modules/.pnpm/jest-runner@29.7.0/node_modules/jest-runner/build/runTest.js:444:34)</failure>
    </testcase>
    <testcase classname="MemoryCacheService › basic operations" name="should clear cache by namespace" time="0.001">
      <failure>TypeError: Cannot read properties of undefined (reading &apos;info&apos;)
    at new info (/home/arligle/V1/Aiofix/aiofix-ai-saas-platform/packages/cache/src/services/memory-cache.service.ts:121:17)
    at TestingInjector.instantiateClass (/home/arligle/V1/Aiofix/aiofix-ai-saas-platform/node_modules/.pnpm/@nestjs+core@11.1.6_@nestjs+common@11.1.6_class-transformer@0.5.1_class-validator@0.14._bad85ac0f714a81162304b30d6edbbbf/node_modules/@nestjs/core/injector/injector.js:418:19)
    at callback (/home/arligle/V1/Aiofix/aiofix-ai-saas-platform/node_modules/.pnpm/@nestjs+core@11.1.6_@nestjs+common@11.1.6_class-transformer@0.5.1_class-validator@0.14._bad85ac0f714a81162304b30d6edbbbf/node_modules/@nestjs/core/injector/injector.js:70:45)
    at TestingInjector.resolveConstructorParams (/home/arligle/V1/Aiofix/aiofix-ai-saas-platform/node_modules/.pnpm/@nestjs+core@11.1.6_@nestjs+common@11.1.6_class-transformer@0.5.1_class-validator@0.14._bad85ac0f714a81162304b30d6edbbbf/node_modules/@nestjs/core/injector/injector.js:170:24)
    at TestingInjector.loadInstance (/home/arligle/V1/Aiofix/aiofix-ai-saas-platform/node_modules/.pnpm/@nestjs+core@11.1.6_@nestjs+common@11.1.6_class-transformer@0.5.1_class-validator@0.14._bad85ac0f714a81162304b30d6edbbbf/node_modules/@nestjs/core/injector/injector.js:75:13)
    at TestingInjector.loadProvider (/home/arligle/V1/Aiofix/aiofix-ai-saas-platform/node_modules/.pnpm/@nestjs+core@11.1.6_@nestjs+common@11.1.6_class-transformer@0.5.1_class-validator@0.14._bad85ac0f714a81162304b30d6edbbbf/node_modules/@nestjs/core/injector/injector.js:103:9)
    at /home/arligle/V1/Aiofix/aiofix-ai-saas-platform/node_modules/.pnpm/@nestjs+core@11.1.6_@nestjs+common@11.1.6_class-transformer@0.5.1_class-validator@0.14._bad85ac0f714a81162304b30d6edbbbf/node_modules/@nestjs/core/injector/instance-loader.js:56:13
    at async Promise.all (index 3)
    at TestingInstanceLoader.createInstancesOfProviders (/home/arligle/V1/Aiofix/aiofix-ai-saas-platform/node_modules/.pnpm/@nestjs+core@11.1.6_@nestjs+common@11.1.6_class-transformer@0.5.1_class-validator@0.14._bad85ac0f714a81162304b30d6edbbbf/node_modules/@nestjs/core/injector/instance-loader.js:55:9)
    at /home/arligle/V1/Aiofix/aiofix-ai-saas-platform/node_modules/.pnpm/@nestjs+core@11.1.6_@nestjs+common@11.1.6_class-transformer@0.5.1_class-validator@0.14._bad85ac0f714a81162304b30d6edbbbf/node_modules/@nestjs/core/injector/instance-loader.js:40:13
    at async Promise.all (index 1)
    at TestingInstanceLoader.createInstances (/home/arligle/V1/Aiofix/aiofix-ai-saas-platform/node_modules/.pnpm/@nestjs+core@11.1.6_@nestjs+common@11.1.6_class-transformer@0.5.1_class-validator@0.14._bad85ac0f714a81162304b30d6edbbbf/node_modules/@nestjs/core/injector/instance-loader.js:39:9)
    at TestingInstanceLoader.createInstancesOfDependencies (/home/arligle/V1/Aiofix/aiofix-ai-saas-platform/node_modules/.pnpm/@nestjs+core@11.1.6_@nestjs+common@11.1.6_class-transformer@0.5.1_class-validator@0.14._bad85ac0f714a81162304b30d6edbbbf/node_modules/@nestjs/core/injector/instance-loader.js:22:13)
    at TestingInstanceLoader.createInstancesOfDependencies (/home/arligle/V1/Aiofix/aiofix-ai-saas-platform/node_modules/.pnpm/@nestjs+testing@11.1.6_@nestjs+common@11.1.6_class-transformer@0.5.1_class-validator@0._ff6a79f0d3e76ddb2b73722d992783a6/node_modules/@nestjs/testing/testing-instance-loader.js:9:9)
    at TestingModuleBuilder.createInstancesOfDependencies (/home/arligle/V1/Aiofix/aiofix-ai-saas-platform/node_modules/.pnpm/@nestjs+testing@11.1.6_@nestjs+common@11.1.6_class-transformer@0.5.1_class-validator@0._ff6a79f0d3e76ddb2b73722d992783a6/node_modules/@nestjs/testing/testing-module.builder.js:118:9)
    at TestingModuleBuilder.compile (/home/arligle/V1/Aiofix/aiofix-ai-saas-platform/node_modules/.pnpm/@nestjs+testing@11.1.6_@nestjs+common@11.1.6_class-transformer@0.5.1_class-validator@0._ff6a79f0d3e76ddb2b73722d992783a6/node_modules/@nestjs/testing/testing-module.builder.js:74:9)
    at Object.&lt;anonymous&gt; (/home/arligle/V1/Aiofix/aiofix-ai-saas-platform/packages/cache/src/services/memory-cache.service.spec.ts:21:35)</failure>
      <failure>TypeError: Cannot read properties of undefined (reading &apos;onModuleDestroy&apos;)
    at Object.&lt;anonymous&gt; (/home/arligle/V1/Aiofix/aiofix-ai-saas-platform/packages/cache/src/services/memory-cache.service.spec.ts:52:19)
    at Promise.then.completed (/home/arligle/V1/Aiofix/aiofix-ai-saas-platform/node_modules/.pnpm/jest-circus@29.7.0/node_modules/jest-circus/build/utils.js:298:28)
    at new Promise (&lt;anonymous&gt;)
    at callAsyncCircusFn (/home/arligle/V1/Aiofix/aiofix-ai-saas-platform/node_modules/.pnpm/jest-circus@29.7.0/node_modules/jest-circus/build/utils.js:231:10)
    at _callCircusHook (/home/arligle/V1/Aiofix/aiofix-ai-saas-platform/node_modules/.pnpm/jest-circus@29.7.0/node_modules/jest-circus/build/run.js:281:40)
    at _runTest (/home/arligle/V1/Aiofix/aiofix-ai-saas-platform/node_modules/.pnpm/jest-circus@29.7.0/node_modules/jest-circus/build/run.js:254:5)
    at _runTestsForDescribeBlock (/home/arligle/V1/Aiofix/aiofix-ai-saas-platform/node_modules/.pnpm/jest-circus@29.7.0/node_modules/jest-circus/build/run.js:126:9)
    at _runTestsForDescribeBlock (/home/arligle/V1/Aiofix/aiofix-ai-saas-platform/node_modules/.pnpm/jest-circus@29.7.0/node_modules/jest-circus/build/run.js:121:9)
    at _runTestsForDescribeBlock (/home/arligle/V1/Aiofix/aiofix-ai-saas-platform/node_modules/.pnpm/jest-circus@29.7.0/node_modules/jest-circus/build/run.js:121:9)
    at run (/home/arligle/V1/Aiofix/aiofix-ai-saas-platform/node_modules/.pnpm/jest-circus@29.7.0/node_modules/jest-circus/build/run.js:71:3)
    at runAndTransformResultsToJestFormat (/home/arligle/V1/Aiofix/aiofix-ai-saas-platform/node_modules/.pnpm/jest-circus@29.7.0/node_modules/jest-circus/build/legacy-code-todo-rewrite/jestAdapterInit.js:122:21)
    at jestAdapter (/home/arligle/V1/Aiofix/aiofix-ai-saas-platform/node_modules/.pnpm/jest-circus@29.7.0/node_modules/jest-circus/build/legacy-code-todo-rewrite/jestAdapter.js:79:19)
    at runTestInternal (/home/arligle/V1/Aiofix/aiofix-ai-saas-platform/node_modules/.pnpm/jest-runner@29.7.0/node_modules/jest-runner/build/runTest.js:367:16)
    at runTest (/home/arligle/V1/Aiofix/aiofix-ai-saas-platform/node_modules/.pnpm/jest-runner@29.7.0/node_modules/jest-runner/build/runTest.js:444:34)</failure>
    </testcase>
    <testcase classname="MemoryCacheService › TTL and expiration" name="should respect TTL setting" time="0.001">
      <failure>TypeError: Cannot read properties of undefined (reading &apos;info&apos;)
    at new info (/home/arligle/V1/Aiofix/aiofix-ai-saas-platform/packages/cache/src/services/memory-cache.service.ts:121:17)
    at TestingInjector.instantiateClass (/home/arligle/V1/Aiofix/aiofix-ai-saas-platform/node_modules/.pnpm/@nestjs+core@11.1.6_@nestjs+common@11.1.6_class-transformer@0.5.1_class-validator@0.14._bad85ac0f714a81162304b30d6edbbbf/node_modules/@nestjs/core/injector/injector.js:418:19)
    at callback (/home/arligle/V1/Aiofix/aiofix-ai-saas-platform/node_modules/.pnpm/@nestjs+core@11.1.6_@nestjs+common@11.1.6_class-transformer@0.5.1_class-validator@0.14._bad85ac0f714a81162304b30d6edbbbf/node_modules/@nestjs/core/injector/injector.js:70:45)
    at TestingInjector.resolveConstructorParams (/home/arligle/V1/Aiofix/aiofix-ai-saas-platform/node_modules/.pnpm/@nestjs+core@11.1.6_@nestjs+common@11.1.6_class-transformer@0.5.1_class-validator@0.14._bad85ac0f714a81162304b30d6edbbbf/node_modules/@nestjs/core/injector/injector.js:170:24)
    at TestingInjector.loadInstance (/home/arligle/V1/Aiofix/aiofix-ai-saas-platform/node_modules/.pnpm/@nestjs+core@11.1.6_@nestjs+common@11.1.6_class-transformer@0.5.1_class-validator@0.14._bad85ac0f714a81162304b30d6edbbbf/node_modules/@nestjs/core/injector/injector.js:75:13)
    at TestingInjector.loadProvider (/home/arligle/V1/Aiofix/aiofix-ai-saas-platform/node_modules/.pnpm/@nestjs+core@11.1.6_@nestjs+common@11.1.6_class-transformer@0.5.1_class-validator@0.14._bad85ac0f714a81162304b30d6edbbbf/node_modules/@nestjs/core/injector/injector.js:103:9)
    at /home/arligle/V1/Aiofix/aiofix-ai-saas-platform/node_modules/.pnpm/@nestjs+core@11.1.6_@nestjs+common@11.1.6_class-transformer@0.5.1_class-validator@0.14._bad85ac0f714a81162304b30d6edbbbf/node_modules/@nestjs/core/injector/instance-loader.js:56:13
    at async Promise.all (index 3)
    at TestingInstanceLoader.createInstancesOfProviders (/home/arligle/V1/Aiofix/aiofix-ai-saas-platform/node_modules/.pnpm/@nestjs+core@11.1.6_@nestjs+common@11.1.6_class-transformer@0.5.1_class-validator@0.14._bad85ac0f714a81162304b30d6edbbbf/node_modules/@nestjs/core/injector/instance-loader.js:55:9)
    at /home/arligle/V1/Aiofix/aiofix-ai-saas-platform/node_modules/.pnpm/@nestjs+core@11.1.6_@nestjs+common@11.1.6_class-transformer@0.5.1_class-validator@0.14._bad85ac0f714a81162304b30d6edbbbf/node_modules/@nestjs/core/injector/instance-loader.js:40:13
    at async Promise.all (index 1)
    at TestingInstanceLoader.createInstances (/home/arligle/V1/Aiofix/aiofix-ai-saas-platform/node_modules/.pnpm/@nestjs+core@11.1.6_@nestjs+common@11.1.6_class-transformer@0.5.1_class-validator@0.14._bad85ac0f714a81162304b30d6edbbbf/node_modules/@nestjs/core/injector/instance-loader.js:39:9)
    at TestingInstanceLoader.createInstancesOfDependencies (/home/arligle/V1/Aiofix/aiofix-ai-saas-platform/node_modules/.pnpm/@nestjs+core@11.1.6_@nestjs+common@11.1.6_class-transformer@0.5.1_class-validator@0.14._bad85ac0f714a81162304b30d6edbbbf/node_modules/@nestjs/core/injector/instance-loader.js:22:13)
    at TestingInstanceLoader.createInstancesOfDependencies (/home/arligle/V1/Aiofix/aiofix-ai-saas-platform/node_modules/.pnpm/@nestjs+testing@11.1.6_@nestjs+common@11.1.6_class-transformer@0.5.1_class-validator@0._ff6a79f0d3e76ddb2b73722d992783a6/node_modules/@nestjs/testing/testing-instance-loader.js:9:9)
    at TestingModuleBuilder.createInstancesOfDependencies (/home/arligle/V1/Aiofix/aiofix-ai-saas-platform/node_modules/.pnpm/@nestjs+testing@11.1.6_@nestjs+common@11.1.6_class-transformer@0.5.1_class-validator@0._ff6a79f0d3e76ddb2b73722d992783a6/node_modules/@nestjs/testing/testing-module.builder.js:118:9)
    at TestingModuleBuilder.compile (/home/arligle/V1/Aiofix/aiofix-ai-saas-platform/node_modules/.pnpm/@nestjs+testing@11.1.6_@nestjs+common@11.1.6_class-transformer@0.5.1_class-validator@0._ff6a79f0d3e76ddb2b73722d992783a6/node_modules/@nestjs/testing/testing-module.builder.js:74:9)
    at Object.&lt;anonymous&gt; (/home/arligle/V1/Aiofix/aiofix-ai-saas-platform/packages/cache/src/services/memory-cache.service.spec.ts:21:35)</failure>
      <failure>TypeError: Cannot read properties of undefined (reading &apos;onModuleDestroy&apos;)
    at Object.&lt;anonymous&gt; (/home/arligle/V1/Aiofix/aiofix-ai-saas-platform/packages/cache/src/services/memory-cache.service.spec.ts:52:19)
    at Promise.then.completed (/home/arligle/V1/Aiofix/aiofix-ai-saas-platform/node_modules/.pnpm/jest-circus@29.7.0/node_modules/jest-circus/build/utils.js:298:28)
    at new Promise (&lt;anonymous&gt;)
    at callAsyncCircusFn (/home/arligle/V1/Aiofix/aiofix-ai-saas-platform/node_modules/.pnpm/jest-circus@29.7.0/node_modules/jest-circus/build/utils.js:231:10)
    at _callCircusHook (/home/arligle/V1/Aiofix/aiofix-ai-saas-platform/node_modules/.pnpm/jest-circus@29.7.0/node_modules/jest-circus/build/run.js:281:40)
    at _runTest (/home/arligle/V1/Aiofix/aiofix-ai-saas-platform/node_modules/.pnpm/jest-circus@29.7.0/node_modules/jest-circus/build/run.js:254:5)
    at _runTestsForDescribeBlock (/home/arligle/V1/Aiofix/aiofix-ai-saas-platform/node_modules/.pnpm/jest-circus@29.7.0/node_modules/jest-circus/build/run.js:126:9)
    at _runTestsForDescribeBlock (/home/arligle/V1/Aiofix/aiofix-ai-saas-platform/node_modules/.pnpm/jest-circus@29.7.0/node_modules/jest-circus/build/run.js:121:9)
    at _runTestsForDescribeBlock (/home/arligle/V1/Aiofix/aiofix-ai-saas-platform/node_modules/.pnpm/jest-circus@29.7.0/node_modules/jest-circus/build/run.js:121:9)
    at run (/home/arligle/V1/Aiofix/aiofix-ai-saas-platform/node_modules/.pnpm/jest-circus@29.7.0/node_modules/jest-circus/build/run.js:71:3)
    at runAndTransformResultsToJestFormat (/home/arligle/V1/Aiofix/aiofix-ai-saas-platform/node_modules/.pnpm/jest-circus@29.7.0/node_modules/jest-circus/build/legacy-code-todo-rewrite/jestAdapterInit.js:122:21)
    at jestAdapter (/home/arligle/V1/Aiofix/aiofix-ai-saas-platform/node_modules/.pnpm/jest-circus@29.7.0/node_modules/jest-circus/build/legacy-code-todo-rewrite/jestAdapter.js:79:19)
    at runTestInternal (/home/arligle/V1/Aiofix/aiofix-ai-saas-platform/node_modules/.pnpm/jest-runner@29.7.0/node_modules/jest-runner/build/runTest.js:367:16)
    at runTest (/home/arligle/V1/Aiofix/aiofix-ai-saas-platform/node_modules/.pnpm/jest-runner@29.7.0/node_modules/jest-runner/build/runTest.js:444:34)</failure>
    </testcase>
    <testcase classname="MemoryCacheService › TTL and expiration" name="should handle zero TTL (no expiration)" time="0.001">
      <failure>TypeError: Cannot read properties of undefined (reading &apos;info&apos;)
    at new info (/home/arligle/V1/Aiofix/aiofix-ai-saas-platform/packages/cache/src/services/memory-cache.service.ts:121:17)
    at TestingInjector.instantiateClass (/home/arligle/V1/Aiofix/aiofix-ai-saas-platform/node_modules/.pnpm/@nestjs+core@11.1.6_@nestjs+common@11.1.6_class-transformer@0.5.1_class-validator@0.14._bad85ac0f714a81162304b30d6edbbbf/node_modules/@nestjs/core/injector/injector.js:418:19)
    at callback (/home/arligle/V1/Aiofix/aiofix-ai-saas-platform/node_modules/.pnpm/@nestjs+core@11.1.6_@nestjs+common@11.1.6_class-transformer@0.5.1_class-validator@0.14._bad85ac0f714a81162304b30d6edbbbf/node_modules/@nestjs/core/injector/injector.js:70:45)
    at TestingInjector.resolveConstructorParams (/home/arligle/V1/Aiofix/aiofix-ai-saas-platform/node_modules/.pnpm/@nestjs+core@11.1.6_@nestjs+common@11.1.6_class-transformer@0.5.1_class-validator@0.14._bad85ac0f714a81162304b30d6edbbbf/node_modules/@nestjs/core/injector/injector.js:170:24)
    at TestingInjector.loadInstance (/home/arligle/V1/Aiofix/aiofix-ai-saas-platform/node_modules/.pnpm/@nestjs+core@11.1.6_@nestjs+common@11.1.6_class-transformer@0.5.1_class-validator@0.14._bad85ac0f714a81162304b30d6edbbbf/node_modules/@nestjs/core/injector/injector.js:75:13)
    at TestingInjector.loadProvider (/home/arligle/V1/Aiofix/aiofix-ai-saas-platform/node_modules/.pnpm/@nestjs+core@11.1.6_@nestjs+common@11.1.6_class-transformer@0.5.1_class-validator@0.14._bad85ac0f714a81162304b30d6edbbbf/node_modules/@nestjs/core/injector/injector.js:103:9)
    at /home/arligle/V1/Aiofix/aiofix-ai-saas-platform/node_modules/.pnpm/@nestjs+core@11.1.6_@nestjs+common@11.1.6_class-transformer@0.5.1_class-validator@0.14._bad85ac0f714a81162304b30d6edbbbf/node_modules/@nestjs/core/injector/instance-loader.js:56:13
    at async Promise.all (index 3)
    at TestingInstanceLoader.createInstancesOfProviders (/home/arligle/V1/Aiofix/aiofix-ai-saas-platform/node_modules/.pnpm/@nestjs+core@11.1.6_@nestjs+common@11.1.6_class-transformer@0.5.1_class-validator@0.14._bad85ac0f714a81162304b30d6edbbbf/node_modules/@nestjs/core/injector/instance-loader.js:55:9)
    at /home/arligle/V1/Aiofix/aiofix-ai-saas-platform/node_modules/.pnpm/@nestjs+core@11.1.6_@nestjs+common@11.1.6_class-transformer@0.5.1_class-validator@0.14._bad85ac0f714a81162304b30d6edbbbf/node_modules/@nestjs/core/injector/instance-loader.js:40:13
    at async Promise.all (index 1)
    at TestingInstanceLoader.createInstances (/home/arligle/V1/Aiofix/aiofix-ai-saas-platform/node_modules/.pnpm/@nestjs+core@11.1.6_@nestjs+common@11.1.6_class-transformer@0.5.1_class-validator@0.14._bad85ac0f714a81162304b30d6edbbbf/node_modules/@nestjs/core/injector/instance-loader.js:39:9)
    at TestingInstanceLoader.createInstancesOfDependencies (/home/arligle/V1/Aiofix/aiofix-ai-saas-platform/node_modules/.pnpm/@nestjs+core@11.1.6_@nestjs+common@11.1.6_class-transformer@0.5.1_class-validator@0.14._bad85ac0f714a81162304b30d6edbbbf/node_modules/@nestjs/core/injector/instance-loader.js:22:13)
    at TestingInstanceLoader.createInstancesOfDependencies (/home/arligle/V1/Aiofix/aiofix-ai-saas-platform/node_modules/.pnpm/@nestjs+testing@11.1.6_@nestjs+common@11.1.6_class-transformer@0.5.1_class-validator@0._ff6a79f0d3e76ddb2b73722d992783a6/node_modules/@nestjs/testing/testing-instance-loader.js:9:9)
    at TestingModuleBuilder.createInstancesOfDependencies (/home/arligle/V1/Aiofix/aiofix-ai-saas-platform/node_modules/.pnpm/@nestjs+testing@11.1.6_@nestjs+common@11.1.6_class-transformer@0.5.1_class-validator@0._ff6a79f0d3e76ddb2b73722d992783a6/node_modules/@nestjs/testing/testing-module.builder.js:118:9)
    at TestingModuleBuilder.compile (/home/arligle/V1/Aiofix/aiofix-ai-saas-platform/node_modules/.pnpm/@nestjs+testing@11.1.6_@nestjs+common@11.1.6_class-transformer@0.5.1_class-validator@0._ff6a79f0d3e76ddb2b73722d992783a6/node_modules/@nestjs/testing/testing-module.builder.js:74:9)
    at Object.&lt;anonymous&gt; (/home/arligle/V1/Aiofix/aiofix-ai-saas-platform/packages/cache/src/services/memory-cache.service.spec.ts:21:35)</failure>
      <failure>TypeError: Cannot read properties of undefined (reading &apos;onModuleDestroy&apos;)
    at Object.&lt;anonymous&gt; (/home/arligle/V1/Aiofix/aiofix-ai-saas-platform/packages/cache/src/services/memory-cache.service.spec.ts:52:19)
    at Promise.then.completed (/home/arligle/V1/Aiofix/aiofix-ai-saas-platform/node_modules/.pnpm/jest-circus@29.7.0/node_modules/jest-circus/build/utils.js:298:28)
    at new Promise (&lt;anonymous&gt;)
    at callAsyncCircusFn (/home/arligle/V1/Aiofix/aiofix-ai-saas-platform/node_modules/.pnpm/jest-circus@29.7.0/node_modules/jest-circus/build/utils.js:231:10)
    at _callCircusHook (/home/arligle/V1/Aiofix/aiofix-ai-saas-platform/node_modules/.pnpm/jest-circus@29.7.0/node_modules/jest-circus/build/run.js:281:40)
    at _runTest (/home/arligle/V1/Aiofix/aiofix-ai-saas-platform/node_modules/.pnpm/jest-circus@29.7.0/node_modules/jest-circus/build/run.js:254:5)
    at _runTestsForDescribeBlock (/home/arligle/V1/Aiofix/aiofix-ai-saas-platform/node_modules/.pnpm/jest-circus@29.7.0/node_modules/jest-circus/build/run.js:126:9)
    at _runTestsForDescribeBlock (/home/arligle/V1/Aiofix/aiofix-ai-saas-platform/node_modules/.pnpm/jest-circus@29.7.0/node_modules/jest-circus/build/run.js:121:9)
    at _runTestsForDescribeBlock (/home/arligle/V1/Aiofix/aiofix-ai-saas-platform/node_modules/.pnpm/jest-circus@29.7.0/node_modules/jest-circus/build/run.js:121:9)
    at run (/home/arligle/V1/Aiofix/aiofix-ai-saas-platform/node_modules/.pnpm/jest-circus@29.7.0/node_modules/jest-circus/build/run.js:71:3)
    at runAndTransformResultsToJestFormat (/home/arligle/V1/Aiofix/aiofix-ai-saas-platform/node_modules/.pnpm/jest-circus@29.7.0/node_modules/jest-circus/build/legacy-code-todo-rewrite/jestAdapterInit.js:122:21)
    at jestAdapter (/home/arligle/V1/Aiofix/aiofix-ai-saas-platform/node_modules/.pnpm/jest-circus@29.7.0/node_modules/jest-circus/build/legacy-code-todo-rewrite/jestAdapter.js:79:19)
    at runTestInternal (/home/arligle/V1/Aiofix/aiofix-ai-saas-platform/node_modules/.pnpm/jest-runner@29.7.0/node_modules/jest-runner/build/runTest.js:367:16)
    at runTest (/home/arligle/V1/Aiofix/aiofix-ai-saas-platform/node_modules/.pnpm/jest-runner@29.7.0/node_modules/jest-runner/build/runTest.js:444:34)</failure>
    </testcase>
    <testcase classname="MemoryCacheService › TTL and expiration" name="should clean up expired entries automatically" time="0.001">
      <failure>TypeError: Cannot read properties of undefined (reading &apos;info&apos;)
    at new info (/home/arligle/V1/Aiofix/aiofix-ai-saas-platform/packages/cache/src/services/memory-cache.service.ts:121:17)
    at TestingInjector.instantiateClass (/home/arligle/V1/Aiofix/aiofix-ai-saas-platform/node_modules/.pnpm/@nestjs+core@11.1.6_@nestjs+common@11.1.6_class-transformer@0.5.1_class-validator@0.14._bad85ac0f714a81162304b30d6edbbbf/node_modules/@nestjs/core/injector/injector.js:418:19)
    at callback (/home/arligle/V1/Aiofix/aiofix-ai-saas-platform/node_modules/.pnpm/@nestjs+core@11.1.6_@nestjs+common@11.1.6_class-transformer@0.5.1_class-validator@0.14._bad85ac0f714a81162304b30d6edbbbf/node_modules/@nestjs/core/injector/injector.js:70:45)
    at TestingInjector.resolveConstructorParams (/home/arligle/V1/Aiofix/aiofix-ai-saas-platform/node_modules/.pnpm/@nestjs+core@11.1.6_@nestjs+common@11.1.6_class-transformer@0.5.1_class-validator@0.14._bad85ac0f714a81162304b30d6edbbbf/node_modules/@nestjs/core/injector/injector.js:170:24)
    at TestingInjector.loadInstance (/home/arligle/V1/Aiofix/aiofix-ai-saas-platform/node_modules/.pnpm/@nestjs+core@11.1.6_@nestjs+common@11.1.6_class-transformer@0.5.1_class-validator@0.14._bad85ac0f714a81162304b30d6edbbbf/node_modules/@nestjs/core/injector/injector.js:75:13)
    at TestingInjector.loadProvider (/home/arligle/V1/Aiofix/aiofix-ai-saas-platform/node_modules/.pnpm/@nestjs+core@11.1.6_@nestjs+common@11.1.6_class-transformer@0.5.1_class-validator@0.14._bad85ac0f714a81162304b30d6edbbbf/node_modules/@nestjs/core/injector/injector.js:103:9)
    at /home/arligle/V1/Aiofix/aiofix-ai-saas-platform/node_modules/.pnpm/@nestjs+core@11.1.6_@nestjs+common@11.1.6_class-transformer@0.5.1_class-validator@0.14._bad85ac0f714a81162304b30d6edbbbf/node_modules/@nestjs/core/injector/instance-loader.js:56:13
    at async Promise.all (index 3)
    at TestingInstanceLoader.createInstancesOfProviders (/home/arligle/V1/Aiofix/aiofix-ai-saas-platform/node_modules/.pnpm/@nestjs+core@11.1.6_@nestjs+common@11.1.6_class-transformer@0.5.1_class-validator@0.14._bad85ac0f714a81162304b30d6edbbbf/node_modules/@nestjs/core/injector/instance-loader.js:55:9)
    at /home/arligle/V1/Aiofix/aiofix-ai-saas-platform/node_modules/.pnpm/@nestjs+core@11.1.6_@nestjs+common@11.1.6_class-transformer@0.5.1_class-validator@0.14._bad85ac0f714a81162304b30d6edbbbf/node_modules/@nestjs/core/injector/instance-loader.js:40:13
    at async Promise.all (index 1)
    at TestingInstanceLoader.createInstances (/home/arligle/V1/Aiofix/aiofix-ai-saas-platform/node_modules/.pnpm/@nestjs+core@11.1.6_@nestjs+common@11.1.6_class-transformer@0.5.1_class-validator@0.14._bad85ac0f714a81162304b30d6edbbbf/node_modules/@nestjs/core/injector/instance-loader.js:39:9)
    at TestingInstanceLoader.createInstancesOfDependencies (/home/arligle/V1/Aiofix/aiofix-ai-saas-platform/node_modules/.pnpm/@nestjs+core@11.1.6_@nestjs+common@11.1.6_class-transformer@0.5.1_class-validator@0.14._bad85ac0f714a81162304b30d6edbbbf/node_modules/@nestjs/core/injector/instance-loader.js:22:13)
    at TestingInstanceLoader.createInstancesOfDependencies (/home/arligle/V1/Aiofix/aiofix-ai-saas-platform/node_modules/.pnpm/@nestjs+testing@11.1.6_@nestjs+common@11.1.6_class-transformer@0.5.1_class-validator@0._ff6a79f0d3e76ddb2b73722d992783a6/node_modules/@nestjs/testing/testing-instance-loader.js:9:9)
    at TestingModuleBuilder.createInstancesOfDependencies (/home/arligle/V1/Aiofix/aiofix-ai-saas-platform/node_modules/.pnpm/@nestjs+testing@11.1.6_@nestjs+common@11.1.6_class-transformer@0.5.1_class-validator@0._ff6a79f0d3e76ddb2b73722d992783a6/node_modules/@nestjs/testing/testing-module.builder.js:118:9)
    at TestingModuleBuilder.compile (/home/arligle/V1/Aiofix/aiofix-ai-saas-platform/node_modules/.pnpm/@nestjs+testing@11.1.6_@nestjs+common@11.1.6_class-transformer@0.5.1_class-validator@0._ff6a79f0d3e76ddb2b73722d992783a6/node_modules/@nestjs/testing/testing-module.builder.js:74:9)
    at Object.&lt;anonymous&gt; (/home/arligle/V1/Aiofix/aiofix-ai-saas-platform/packages/cache/src/services/memory-cache.service.spec.ts:21:35)</failure>
      <failure>TypeError: Cannot read properties of undefined (reading &apos;onModuleDestroy&apos;)
    at Object.&lt;anonymous&gt; (/home/arligle/V1/Aiofix/aiofix-ai-saas-platform/packages/cache/src/services/memory-cache.service.spec.ts:52:19)
    at Promise.then.completed (/home/arligle/V1/Aiofix/aiofix-ai-saas-platform/node_modules/.pnpm/jest-circus@29.7.0/node_modules/jest-circus/build/utils.js:298:28)
    at new Promise (&lt;anonymous&gt;)
    at callAsyncCircusFn (/home/arligle/V1/Aiofix/aiofix-ai-saas-platform/node_modules/.pnpm/jest-circus@29.7.0/node_modules/jest-circus/build/utils.js:231:10)
    at _callCircusHook (/home/arligle/V1/Aiofix/aiofix-ai-saas-platform/node_modules/.pnpm/jest-circus@29.7.0/node_modules/jest-circus/build/run.js:281:40)
    at _runTest (/home/arligle/V1/Aiofix/aiofix-ai-saas-platform/node_modules/.pnpm/jest-circus@29.7.0/node_modules/jest-circus/build/run.js:254:5)
    at _runTestsForDescribeBlock (/home/arligle/V1/Aiofix/aiofix-ai-saas-platform/node_modules/.pnpm/jest-circus@29.7.0/node_modules/jest-circus/build/run.js:126:9)
    at _runTestsForDescribeBlock (/home/arligle/V1/Aiofix/aiofix-ai-saas-platform/node_modules/.pnpm/jest-circus@29.7.0/node_modules/jest-circus/build/run.js:121:9)
    at _runTestsForDescribeBlock (/home/arligle/V1/Aiofix/aiofix-ai-saas-platform/node_modules/.pnpm/jest-circus@29.7.0/node_modules/jest-circus/build/run.js:121:9)
    at run (/home/arligle/V1/Aiofix/aiofix-ai-saas-platform/node_modules/.pnpm/jest-circus@29.7.0/node_modules/jest-circus/build/run.js:71:3)
    at runAndTransformResultsToJestFormat (/home/arligle/V1/Aiofix/aiofix-ai-saas-platform/node_modules/.pnpm/jest-circus@29.7.0/node_modules/jest-circus/build/legacy-code-todo-rewrite/jestAdapterInit.js:122:21)
    at jestAdapter (/home/arligle/V1/Aiofix/aiofix-ai-saas-platform/node_modules/.pnpm/jest-circus@29.7.0/node_modules/jest-circus/build/legacy-code-todo-rewrite/jestAdapter.js:79:19)
    at runTestInternal (/home/arligle/V1/Aiofix/aiofix-ai-saas-platform/node_modules/.pnpm/jest-runner@29.7.0/node_modules/jest-runner/build/runTest.js:367:16)
    at runTest (/home/arligle/V1/Aiofix/aiofix-ai-saas-platform/node_modules/.pnpm/jest-runner@29.7.0/node_modules/jest-runner/build/runTest.js:444:34)</failure>
    </testcase>
    <testcase classname="MemoryCacheService › cache strategies" name="should use LRU strategy for eviction" time="0.001">
      <failure>TypeError: Cannot read properties of undefined (reading &apos;info&apos;)
    at new info (/home/arligle/V1/Aiofix/aiofix-ai-saas-platform/packages/cache/src/services/memory-cache.service.ts:121:17)
    at TestingInjector.instantiateClass (/home/arligle/V1/Aiofix/aiofix-ai-saas-platform/node_modules/.pnpm/@nestjs+core@11.1.6_@nestjs+common@11.1.6_class-transformer@0.5.1_class-validator@0.14._bad85ac0f714a81162304b30d6edbbbf/node_modules/@nestjs/core/injector/injector.js:418:19)
    at callback (/home/arligle/V1/Aiofix/aiofix-ai-saas-platform/node_modules/.pnpm/@nestjs+core@11.1.6_@nestjs+common@11.1.6_class-transformer@0.5.1_class-validator@0.14._bad85ac0f714a81162304b30d6edbbbf/node_modules/@nestjs/core/injector/injector.js:70:45)
    at TestingInjector.resolveConstructorParams (/home/arligle/V1/Aiofix/aiofix-ai-saas-platform/node_modules/.pnpm/@nestjs+core@11.1.6_@nestjs+common@11.1.6_class-transformer@0.5.1_class-validator@0.14._bad85ac0f714a81162304b30d6edbbbf/node_modules/@nestjs/core/injector/injector.js:170:24)
    at TestingInjector.loadInstance (/home/arligle/V1/Aiofix/aiofix-ai-saas-platform/node_modules/.pnpm/@nestjs+core@11.1.6_@nestjs+common@11.1.6_class-transformer@0.5.1_class-validator@0.14._bad85ac0f714a81162304b30d6edbbbf/node_modules/@nestjs/core/injector/injector.js:75:13)
    at TestingInjector.loadProvider (/home/arligle/V1/Aiofix/aiofix-ai-saas-platform/node_modules/.pnpm/@nestjs+core@11.1.6_@nestjs+common@11.1.6_class-transformer@0.5.1_class-validator@0.14._bad85ac0f714a81162304b30d6edbbbf/node_modules/@nestjs/core/injector/injector.js:103:9)
    at /home/arligle/V1/Aiofix/aiofix-ai-saas-platform/node_modules/.pnpm/@nestjs+core@11.1.6_@nestjs+common@11.1.6_class-transformer@0.5.1_class-validator@0.14._bad85ac0f714a81162304b30d6edbbbf/node_modules/@nestjs/core/injector/instance-loader.js:56:13
    at async Promise.all (index 3)
    at TestingInstanceLoader.createInstancesOfProviders (/home/arligle/V1/Aiofix/aiofix-ai-saas-platform/node_modules/.pnpm/@nestjs+core@11.1.6_@nestjs+common@11.1.6_class-transformer@0.5.1_class-validator@0.14._bad85ac0f714a81162304b30d6edbbbf/node_modules/@nestjs/core/injector/instance-loader.js:55:9)
    at /home/arligle/V1/Aiofix/aiofix-ai-saas-platform/node_modules/.pnpm/@nestjs+core@11.1.6_@nestjs+common@11.1.6_class-transformer@0.5.1_class-validator@0.14._bad85ac0f714a81162304b30d6edbbbf/node_modules/@nestjs/core/injector/instance-loader.js:40:13
    at async Promise.all (index 1)
    at TestingInstanceLoader.createInstances (/home/arligle/V1/Aiofix/aiofix-ai-saas-platform/node_modules/.pnpm/@nestjs+core@11.1.6_@nestjs+common@11.1.6_class-transformer@0.5.1_class-validator@0.14._bad85ac0f714a81162304b30d6edbbbf/node_modules/@nestjs/core/injector/instance-loader.js:39:9)
    at TestingInstanceLoader.createInstancesOfDependencies (/home/arligle/V1/Aiofix/aiofix-ai-saas-platform/node_modules/.pnpm/@nestjs+core@11.1.6_@nestjs+common@11.1.6_class-transformer@0.5.1_class-validator@0.14._bad85ac0f714a81162304b30d6edbbbf/node_modules/@nestjs/core/injector/instance-loader.js:22:13)
    at TestingInstanceLoader.createInstancesOfDependencies (/home/arligle/V1/Aiofix/aiofix-ai-saas-platform/node_modules/.pnpm/@nestjs+testing@11.1.6_@nestjs+common@11.1.6_class-transformer@0.5.1_class-validator@0._ff6a79f0d3e76ddb2b73722d992783a6/node_modules/@nestjs/testing/testing-instance-loader.js:9:9)
    at TestingModuleBuilder.createInstancesOfDependencies (/home/arligle/V1/Aiofix/aiofix-ai-saas-platform/node_modules/.pnpm/@nestjs+testing@11.1.6_@nestjs+common@11.1.6_class-transformer@0.5.1_class-validator@0._ff6a79f0d3e76ddb2b73722d992783a6/node_modules/@nestjs/testing/testing-module.builder.js:118:9)
    at TestingModuleBuilder.compile (/home/arligle/V1/Aiofix/aiofix-ai-saas-platform/node_modules/.pnpm/@nestjs+testing@11.1.6_@nestjs+common@11.1.6_class-transformer@0.5.1_class-validator@0._ff6a79f0d3e76ddb2b73722d992783a6/node_modules/@nestjs/testing/testing-module.builder.js:74:9)
    at Object.&lt;anonymous&gt; (/home/arligle/V1/Aiofix/aiofix-ai-saas-platform/packages/cache/src/services/memory-cache.service.spec.ts:21:35)</failure>
      <failure>TypeError: Cannot read properties of undefined (reading &apos;onModuleDestroy&apos;)
    at Object.&lt;anonymous&gt; (/home/arligle/V1/Aiofix/aiofix-ai-saas-platform/packages/cache/src/services/memory-cache.service.spec.ts:52:19)
    at Promise.then.completed (/home/arligle/V1/Aiofix/aiofix-ai-saas-platform/node_modules/.pnpm/jest-circus@29.7.0/node_modules/jest-circus/build/utils.js:298:28)
    at new Promise (&lt;anonymous&gt;)
    at callAsyncCircusFn (/home/arligle/V1/Aiofix/aiofix-ai-saas-platform/node_modules/.pnpm/jest-circus@29.7.0/node_modules/jest-circus/build/utils.js:231:10)
    at _callCircusHook (/home/arligle/V1/Aiofix/aiofix-ai-saas-platform/node_modules/.pnpm/jest-circus@29.7.0/node_modules/jest-circus/build/run.js:281:40)
    at _runTest (/home/arligle/V1/Aiofix/aiofix-ai-saas-platform/node_modules/.pnpm/jest-circus@29.7.0/node_modules/jest-circus/build/run.js:254:5)
    at _runTestsForDescribeBlock (/home/arligle/V1/Aiofix/aiofix-ai-saas-platform/node_modules/.pnpm/jest-circus@29.7.0/node_modules/jest-circus/build/run.js:126:9)
    at _runTestsForDescribeBlock (/home/arligle/V1/Aiofix/aiofix-ai-saas-platform/node_modules/.pnpm/jest-circus@29.7.0/node_modules/jest-circus/build/run.js:121:9)
    at _runTestsForDescribeBlock (/home/arligle/V1/Aiofix/aiofix-ai-saas-platform/node_modules/.pnpm/jest-circus@29.7.0/node_modules/jest-circus/build/run.js:121:9)
    at run (/home/arligle/V1/Aiofix/aiofix-ai-saas-platform/node_modules/.pnpm/jest-circus@29.7.0/node_modules/jest-circus/build/run.js:71:3)
    at runAndTransformResultsToJestFormat (/home/arligle/V1/Aiofix/aiofix-ai-saas-platform/node_modules/.pnpm/jest-circus@29.7.0/node_modules/jest-circus/build/legacy-code-todo-rewrite/jestAdapterInit.js:122:21)
    at jestAdapter (/home/arligle/V1/Aiofix/aiofix-ai-saas-platform/node_modules/.pnpm/jest-circus@29.7.0/node_modules/jest-circus/build/legacy-code-todo-rewrite/jestAdapter.js:79:19)
    at runTestInternal (/home/arligle/V1/Aiofix/aiofix-ai-saas-platform/node_modules/.pnpm/jest-runner@29.7.0/node_modules/jest-runner/build/runTest.js:367:16)
    at runTest (/home/arligle/V1/Aiofix/aiofix-ai-saas-platform/node_modules/.pnpm/jest-runner@29.7.0/node_modules/jest-runner/build/runTest.js:444:34)</failure>
    </testcase>
    <testcase classname="MemoryCacheService › cache strategies" name="should use LFU strategy for eviction" time="0.002">
      <failure>TypeError: Cannot read properties of undefined (reading &apos;info&apos;)
    at new info (/home/arligle/V1/Aiofix/aiofix-ai-saas-platform/packages/cache/src/services/memory-cache.service.ts:121:17)
    at TestingInjector.instantiateClass (/home/arligle/V1/Aiofix/aiofix-ai-saas-platform/node_modules/.pnpm/@nestjs+core@11.1.6_@nestjs+common@11.1.6_class-transformer@0.5.1_class-validator@0.14._bad85ac0f714a81162304b30d6edbbbf/node_modules/@nestjs/core/injector/injector.js:418:19)
    at callback (/home/arligle/V1/Aiofix/aiofix-ai-saas-platform/node_modules/.pnpm/@nestjs+core@11.1.6_@nestjs+common@11.1.6_class-transformer@0.5.1_class-validator@0.14._bad85ac0f714a81162304b30d6edbbbf/node_modules/@nestjs/core/injector/injector.js:70:45)
    at TestingInjector.resolveConstructorParams (/home/arligle/V1/Aiofix/aiofix-ai-saas-platform/node_modules/.pnpm/@nestjs+core@11.1.6_@nestjs+common@11.1.6_class-transformer@0.5.1_class-validator@0.14._bad85ac0f714a81162304b30d6edbbbf/node_modules/@nestjs/core/injector/injector.js:170:24)
    at TestingInjector.loadInstance (/home/arligle/V1/Aiofix/aiofix-ai-saas-platform/node_modules/.pnpm/@nestjs+core@11.1.6_@nestjs+common@11.1.6_class-transformer@0.5.1_class-validator@0.14._bad85ac0f714a81162304b30d6edbbbf/node_modules/@nestjs/core/injector/injector.js:75:13)
    at TestingInjector.loadProvider (/home/arligle/V1/Aiofix/aiofix-ai-saas-platform/node_modules/.pnpm/@nestjs+core@11.1.6_@nestjs+common@11.1.6_class-transformer@0.5.1_class-validator@0.14._bad85ac0f714a81162304b30d6edbbbf/node_modules/@nestjs/core/injector/injector.js:103:9)
    at /home/arligle/V1/Aiofix/aiofix-ai-saas-platform/node_modules/.pnpm/@nestjs+core@11.1.6_@nestjs+common@11.1.6_class-transformer@0.5.1_class-validator@0.14._bad85ac0f714a81162304b30d6edbbbf/node_modules/@nestjs/core/injector/instance-loader.js:56:13
    at async Promise.all (index 3)
    at TestingInstanceLoader.createInstancesOfProviders (/home/arligle/V1/Aiofix/aiofix-ai-saas-platform/node_modules/.pnpm/@nestjs+core@11.1.6_@nestjs+common@11.1.6_class-transformer@0.5.1_class-validator@0.14._bad85ac0f714a81162304b30d6edbbbf/node_modules/@nestjs/core/injector/instance-loader.js:55:9)
    at /home/arligle/V1/Aiofix/aiofix-ai-saas-platform/node_modules/.pnpm/@nestjs+core@11.1.6_@nestjs+common@11.1.6_class-transformer@0.5.1_class-validator@0.14._bad85ac0f714a81162304b30d6edbbbf/node_modules/@nestjs/core/injector/instance-loader.js:40:13
    at async Promise.all (index 1)
    at TestingInstanceLoader.createInstances (/home/arligle/V1/Aiofix/aiofix-ai-saas-platform/node_modules/.pnpm/@nestjs+core@11.1.6_@nestjs+common@11.1.6_class-transformer@0.5.1_class-validator@0.14._bad85ac0f714a81162304b30d6edbbbf/node_modules/@nestjs/core/injector/instance-loader.js:39:9)
    at TestingInstanceLoader.createInstancesOfDependencies (/home/arligle/V1/Aiofix/aiofix-ai-saas-platform/node_modules/.pnpm/@nestjs+core@11.1.6_@nestjs+common@11.1.6_class-transformer@0.5.1_class-validator@0.14._bad85ac0f714a81162304b30d6edbbbf/node_modules/@nestjs/core/injector/instance-loader.js:22:13)
    at TestingInstanceLoader.createInstancesOfDependencies (/home/arligle/V1/Aiofix/aiofix-ai-saas-platform/node_modules/.pnpm/@nestjs+testing@11.1.6_@nestjs+common@11.1.6_class-transformer@0.5.1_class-validator@0._ff6a79f0d3e76ddb2b73722d992783a6/node_modules/@nestjs/testing/testing-instance-loader.js:9:9)
    at TestingModuleBuilder.createInstancesOfDependencies (/home/arligle/V1/Aiofix/aiofix-ai-saas-platform/node_modules/.pnpm/@nestjs+testing@11.1.6_@nestjs+common@11.1.6_class-transformer@0.5.1_class-validator@0._ff6a79f0d3e76ddb2b73722d992783a6/node_modules/@nestjs/testing/testing-module.builder.js:118:9)
    at TestingModuleBuilder.compile (/home/arligle/V1/Aiofix/aiofix-ai-saas-platform/node_modules/.pnpm/@nestjs+testing@11.1.6_@nestjs+common@11.1.6_class-transformer@0.5.1_class-validator@0._ff6a79f0d3e76ddb2b73722d992783a6/node_modules/@nestjs/testing/testing-module.builder.js:74:9)
    at Object.&lt;anonymous&gt; (/home/arligle/V1/Aiofix/aiofix-ai-saas-platform/packages/cache/src/services/memory-cache.service.spec.ts:21:35)</failure>
      <failure>TypeError: Cannot read properties of undefined (reading &apos;onModuleDestroy&apos;)
    at Object.&lt;anonymous&gt; (/home/arligle/V1/Aiofix/aiofix-ai-saas-platform/packages/cache/src/services/memory-cache.service.spec.ts:52:19)
    at Promise.then.completed (/home/arligle/V1/Aiofix/aiofix-ai-saas-platform/node_modules/.pnpm/jest-circus@29.7.0/node_modules/jest-circus/build/utils.js:298:28)
    at new Promise (&lt;anonymous&gt;)
    at callAsyncCircusFn (/home/arligle/V1/Aiofix/aiofix-ai-saas-platform/node_modules/.pnpm/jest-circus@29.7.0/node_modules/jest-circus/build/utils.js:231:10)
    at _callCircusHook (/home/arligle/V1/Aiofix/aiofix-ai-saas-platform/node_modules/.pnpm/jest-circus@29.7.0/node_modules/jest-circus/build/run.js:281:40)
    at _runTest (/home/arligle/V1/Aiofix/aiofix-ai-saas-platform/node_modules/.pnpm/jest-circus@29.7.0/node_modules/jest-circus/build/run.js:254:5)
    at _runTestsForDescribeBlock (/home/arligle/V1/Aiofix/aiofix-ai-saas-platform/node_modules/.pnpm/jest-circus@29.7.0/node_modules/jest-circus/build/run.js:126:9)
    at _runTestsForDescribeBlock (/home/arligle/V1/Aiofix/aiofix-ai-saas-platform/node_modules/.pnpm/jest-circus@29.7.0/node_modules/jest-circus/build/run.js:121:9)
    at _runTestsForDescribeBlock (/home/arligle/V1/Aiofix/aiofix-ai-saas-platform/node_modules/.pnpm/jest-circus@29.7.0/node_modules/jest-circus/build/run.js:121:9)
    at run (/home/arligle/V1/Aiofix/aiofix-ai-saas-platform/node_modules/.pnpm/jest-circus@29.7.0/node_modules/jest-circus/build/run.js:71:3)
    at runAndTransformResultsToJestFormat (/home/arligle/V1/Aiofix/aiofix-ai-saas-platform/node_modules/.pnpm/jest-circus@29.7.0/node_modules/jest-circus/build/legacy-code-todo-rewrite/jestAdapterInit.js:122:21)
    at jestAdapter (/home/arligle/V1/Aiofix/aiofix-ai-saas-platform/node_modules/.pnpm/jest-circus@29.7.0/node_modules/jest-circus/build/legacy-code-todo-rewrite/jestAdapter.js:79:19)
    at runTestInternal (/home/arligle/V1/Aiofix/aiofix-ai-saas-platform/node_modules/.pnpm/jest-runner@29.7.0/node_modules/jest-runner/build/runTest.js:367:16)
    at runTest (/home/arligle/V1/Aiofix/aiofix-ai-saas-platform/node_modules/.pnpm/jest-runner@29.7.0/node_modules/jest-runner/build/runTest.js:444:34)</failure>
    </testcase>
    <testcase classname="MemoryCacheService › cache strategies" name="should use FIFO strategy for eviction" time="0.001">
      <failure>TypeError: Cannot read properties of undefined (reading &apos;info&apos;)
    at new info (/home/arligle/V1/Aiofix/aiofix-ai-saas-platform/packages/cache/src/services/memory-cache.service.ts:121:17)
    at TestingInjector.instantiateClass (/home/arligle/V1/Aiofix/aiofix-ai-saas-platform/node_modules/.pnpm/@nestjs+core@11.1.6_@nestjs+common@11.1.6_class-transformer@0.5.1_class-validator@0.14._bad85ac0f714a81162304b30d6edbbbf/node_modules/@nestjs/core/injector/injector.js:418:19)
    at callback (/home/arligle/V1/Aiofix/aiofix-ai-saas-platform/node_modules/.pnpm/@nestjs+core@11.1.6_@nestjs+common@11.1.6_class-transformer@0.5.1_class-validator@0.14._bad85ac0f714a81162304b30d6edbbbf/node_modules/@nestjs/core/injector/injector.js:70:45)
    at TestingInjector.resolveConstructorParams (/home/arligle/V1/Aiofix/aiofix-ai-saas-platform/node_modules/.pnpm/@nestjs+core@11.1.6_@nestjs+common@11.1.6_class-transformer@0.5.1_class-validator@0.14._bad85ac0f714a81162304b30d6edbbbf/node_modules/@nestjs/core/injector/injector.js:170:24)
    at TestingInjector.loadInstance (/home/arligle/V1/Aiofix/aiofix-ai-saas-platform/node_modules/.pnpm/@nestjs+core@11.1.6_@nestjs+common@11.1.6_class-transformer@0.5.1_class-validator@0.14._bad85ac0f714a81162304b30d6edbbbf/node_modules/@nestjs/core/injector/injector.js:75:13)
    at TestingInjector.loadProvider (/home/arligle/V1/Aiofix/aiofix-ai-saas-platform/node_modules/.pnpm/@nestjs+core@11.1.6_@nestjs+common@11.1.6_class-transformer@0.5.1_class-validator@0.14._bad85ac0f714a81162304b30d6edbbbf/node_modules/@nestjs/core/injector/injector.js:103:9)
    at /home/arligle/V1/Aiofix/aiofix-ai-saas-platform/node_modules/.pnpm/@nestjs+core@11.1.6_@nestjs+common@11.1.6_class-transformer@0.5.1_class-validator@0.14._bad85ac0f714a81162304b30d6edbbbf/node_modules/@nestjs/core/injector/instance-loader.js:56:13
    at async Promise.all (index 3)
    at TestingInstanceLoader.createInstancesOfProviders (/home/arligle/V1/Aiofix/aiofix-ai-saas-platform/node_modules/.pnpm/@nestjs+core@11.1.6_@nestjs+common@11.1.6_class-transformer@0.5.1_class-validator@0.14._bad85ac0f714a81162304b30d6edbbbf/node_modules/@nestjs/core/injector/instance-loader.js:55:9)
    at /home/arligle/V1/Aiofix/aiofix-ai-saas-platform/node_modules/.pnpm/@nestjs+core@11.1.6_@nestjs+common@11.1.6_class-transformer@0.5.1_class-validator@0.14._bad85ac0f714a81162304b30d6edbbbf/node_modules/@nestjs/core/injector/instance-loader.js:40:13
    at async Promise.all (index 1)
    at TestingInstanceLoader.createInstances (/home/arligle/V1/Aiofix/aiofix-ai-saas-platform/node_modules/.pnpm/@nestjs+core@11.1.6_@nestjs+common@11.1.6_class-transformer@0.5.1_class-validator@0.14._bad85ac0f714a81162304b30d6edbbbf/node_modules/@nestjs/core/injector/instance-loader.js:39:9)
    at TestingInstanceLoader.createInstancesOfDependencies (/home/arligle/V1/Aiofix/aiofix-ai-saas-platform/node_modules/.pnpm/@nestjs+core@11.1.6_@nestjs+common@11.1.6_class-transformer@0.5.1_class-validator@0.14._bad85ac0f714a81162304b30d6edbbbf/node_modules/@nestjs/core/injector/instance-loader.js:22:13)
    at TestingInstanceLoader.createInstancesOfDependencies (/home/arligle/V1/Aiofix/aiofix-ai-saas-platform/node_modules/.pnpm/@nestjs+testing@11.1.6_@nestjs+common@11.1.6_class-transformer@0.5.1_class-validator@0._ff6a79f0d3e76ddb2b73722d992783a6/node_modules/@nestjs/testing/testing-instance-loader.js:9:9)
    at TestingModuleBuilder.createInstancesOfDependencies (/home/arligle/V1/Aiofix/aiofix-ai-saas-platform/node_modules/.pnpm/@nestjs+testing@11.1.6_@nestjs+common@11.1.6_class-transformer@0.5.1_class-validator@0._ff6a79f0d3e76ddb2b73722d992783a6/node_modules/@nestjs/testing/testing-module.builder.js:118:9)
    at TestingModuleBuilder.compile (/home/arligle/V1/Aiofix/aiofix-ai-saas-platform/node_modules/.pnpm/@nestjs+testing@11.1.6_@nestjs+common@11.1.6_class-transformer@0.5.1_class-validator@0._ff6a79f0d3e76ddb2b73722d992783a6/node_modules/@nestjs/testing/testing-module.builder.js:74:9)
    at Object.&lt;anonymous&gt; (/home/arligle/V1/Aiofix/aiofix-ai-saas-platform/packages/cache/src/services/memory-cache.service.spec.ts:21:35)</failure>
      <failure>TypeError: Cannot read properties of undefined (reading &apos;onModuleDestroy&apos;)
    at Object.&lt;anonymous&gt; (/home/arligle/V1/Aiofix/aiofix-ai-saas-platform/packages/cache/src/services/memory-cache.service.spec.ts:52:19)
    at Promise.then.completed (/home/arligle/V1/Aiofix/aiofix-ai-saas-platform/node_modules/.pnpm/jest-circus@29.7.0/node_modules/jest-circus/build/utils.js:298:28)
    at new Promise (&lt;anonymous&gt;)
    at callAsyncCircusFn (/home/arligle/V1/Aiofix/aiofix-ai-saas-platform/node_modules/.pnpm/jest-circus@29.7.0/node_modules/jest-circus/build/utils.js:231:10)
    at _callCircusHook (/home/arligle/V1/Aiofix/aiofix-ai-saas-platform/node_modules/.pnpm/jest-circus@29.7.0/node_modules/jest-circus/build/run.js:281:40)
    at _runTest (/home/arligle/V1/Aiofix/aiofix-ai-saas-platform/node_modules/.pnpm/jest-circus@29.7.0/node_modules/jest-circus/build/run.js:254:5)
    at _runTestsForDescribeBlock (/home/arligle/V1/Aiofix/aiofix-ai-saas-platform/node_modules/.pnpm/jest-circus@29.7.0/node_modules/jest-circus/build/run.js:126:9)
    at _runTestsForDescribeBlock (/home/arligle/V1/Aiofix/aiofix-ai-saas-platform/node_modules/.pnpm/jest-circus@29.7.0/node_modules/jest-circus/build/run.js:121:9)
    at _runTestsForDescribeBlock (/home/arligle/V1/Aiofix/aiofix-ai-saas-platform/node_modules/.pnpm/jest-circus@29.7.0/node_modules/jest-circus/build/run.js:121:9)
    at run (/home/arligle/V1/Aiofix/aiofix-ai-saas-platform/node_modules/.pnpm/jest-circus@29.7.0/node_modules/jest-circus/build/run.js:71:3)
    at runAndTransformResultsToJestFormat (/home/arligle/V1/Aiofix/aiofix-ai-saas-platform/node_modules/.pnpm/jest-circus@29.7.0/node_modules/jest-circus/build/legacy-code-todo-rewrite/jestAdapterInit.js:122:21)
    at jestAdapter (/home/arligle/V1/Aiofix/aiofix-ai-saas-platform/node_modules/.pnpm/jest-circus@29.7.0/node_modules/jest-circus/build/legacy-code-todo-rewrite/jestAdapter.js:79:19)
    at runTestInternal (/home/arligle/V1/Aiofix/aiofix-ai-saas-platform/node_modules/.pnpm/jest-runner@29.7.0/node_modules/jest-runner/build/runTest.js:367:16)
    at runTest (/home/arligle/V1/Aiofix/aiofix-ai-saas-platform/node_modules/.pnpm/jest-runner@29.7.0/node_modules/jest-runner/build/runTest.js:444:34)</failure>
    </testcase>
    <testcase classname="MemoryCacheService › statistics" name="should track cache statistics" time="0.001">
      <failure>TypeError: Cannot read properties of undefined (reading &apos;info&apos;)
    at new info (/home/arligle/V1/Aiofix/aiofix-ai-saas-platform/packages/cache/src/services/memory-cache.service.ts:121:17)
    at TestingInjector.instantiateClass (/home/arligle/V1/Aiofix/aiofix-ai-saas-platform/node_modules/.pnpm/@nestjs+core@11.1.6_@nestjs+common@11.1.6_class-transformer@0.5.1_class-validator@0.14._bad85ac0f714a81162304b30d6edbbbf/node_modules/@nestjs/core/injector/injector.js:418:19)
    at callback (/home/arligle/V1/Aiofix/aiofix-ai-saas-platform/node_modules/.pnpm/@nestjs+core@11.1.6_@nestjs+common@11.1.6_class-transformer@0.5.1_class-validator@0.14._bad85ac0f714a81162304b30d6edbbbf/node_modules/@nestjs/core/injector/injector.js:70:45)
    at TestingInjector.resolveConstructorParams (/home/arligle/V1/Aiofix/aiofix-ai-saas-platform/node_modules/.pnpm/@nestjs+core@11.1.6_@nestjs+common@11.1.6_class-transformer@0.5.1_class-validator@0.14._bad85ac0f714a81162304b30d6edbbbf/node_modules/@nestjs/core/injector/injector.js:170:24)
    at TestingInjector.loadInstance (/home/arligle/V1/Aiofix/aiofix-ai-saas-platform/node_modules/.pnpm/@nestjs+core@11.1.6_@nestjs+common@11.1.6_class-transformer@0.5.1_class-validator@0.14._bad85ac0f714a81162304b30d6edbbbf/node_modules/@nestjs/core/injector/injector.js:75:13)
    at TestingInjector.loadProvider (/home/arligle/V1/Aiofix/aiofix-ai-saas-platform/node_modules/.pnpm/@nestjs+core@11.1.6_@nestjs+common@11.1.6_class-transformer@0.5.1_class-validator@0.14._bad85ac0f714a81162304b30d6edbbbf/node_modules/@nestjs/core/injector/injector.js:103:9)
    at /home/arligle/V1/Aiofix/aiofix-ai-saas-platform/node_modules/.pnpm/@nestjs+core@11.1.6_@nestjs+common@11.1.6_class-transformer@0.5.1_class-validator@0.14._bad85ac0f714a81162304b30d6edbbbf/node_modules/@nestjs/core/injector/instance-loader.js:56:13
    at async Promise.all (index 3)
    at TestingInstanceLoader.createInstancesOfProviders (/home/arligle/V1/Aiofix/aiofix-ai-saas-platform/node_modules/.pnpm/@nestjs+core@11.1.6_@nestjs+common@11.1.6_class-transformer@0.5.1_class-validator@0.14._bad85ac0f714a81162304b30d6edbbbf/node_modules/@nestjs/core/injector/instance-loader.js:55:9)
    at /home/arligle/V1/Aiofix/aiofix-ai-saas-platform/node_modules/.pnpm/@nestjs+core@11.1.6_@nestjs+common@11.1.6_class-transformer@0.5.1_class-validator@0.14._bad85ac0f714a81162304b30d6edbbbf/node_modules/@nestjs/core/injector/instance-loader.js:40:13
    at async Promise.all (index 1)
    at TestingInstanceLoader.createInstances (/home/arligle/V1/Aiofix/aiofix-ai-saas-platform/node_modules/.pnpm/@nestjs+core@11.1.6_@nestjs+common@11.1.6_class-transformer@0.5.1_class-validator@0.14._bad85ac0f714a81162304b30d6edbbbf/node_modules/@nestjs/core/injector/instance-loader.js:39:9)
    at TestingInstanceLoader.createInstancesOfDependencies (/home/arligle/V1/Aiofix/aiofix-ai-saas-platform/node_modules/.pnpm/@nestjs+core@11.1.6_@nestjs+common@11.1.6_class-transformer@0.5.1_class-validator@0.14._bad85ac0f714a81162304b30d6edbbbf/node_modules/@nestjs/core/injector/instance-loader.js:22:13)
    at TestingInstanceLoader.createInstancesOfDependencies (/home/arligle/V1/Aiofix/aiofix-ai-saas-platform/node_modules/.pnpm/@nestjs+testing@11.1.6_@nestjs+common@11.1.6_class-transformer@0.5.1_class-validator@0._ff6a79f0d3e76ddb2b73722d992783a6/node_modules/@nestjs/testing/testing-instance-loader.js:9:9)
    at TestingModuleBuilder.createInstancesOfDependencies (/home/arligle/V1/Aiofix/aiofix-ai-saas-platform/node_modules/.pnpm/@nestjs+testing@11.1.6_@nestjs+common@11.1.6_class-transformer@0.5.1_class-validator@0._ff6a79f0d3e76ddb2b73722d992783a6/node_modules/@nestjs/testing/testing-module.builder.js:118:9)
    at TestingModuleBuilder.compile (/home/arligle/V1/Aiofix/aiofix-ai-saas-platform/node_modules/.pnpm/@nestjs+testing@11.1.6_@nestjs+common@11.1.6_class-transformer@0.5.1_class-validator@0._ff6a79f0d3e76ddb2b73722d992783a6/node_modules/@nestjs/testing/testing-module.builder.js:74:9)
    at Object.&lt;anonymous&gt; (/home/arligle/V1/Aiofix/aiofix-ai-saas-platform/packages/cache/src/services/memory-cache.service.spec.ts:21:35)</failure>
      <failure>TypeError: Cannot read properties of undefined (reading &apos;onModuleDestroy&apos;)
    at Object.&lt;anonymous&gt; (/home/arligle/V1/Aiofix/aiofix-ai-saas-platform/packages/cache/src/services/memory-cache.service.spec.ts:52:19)
    at Promise.then.completed (/home/arligle/V1/Aiofix/aiofix-ai-saas-platform/node_modules/.pnpm/jest-circus@29.7.0/node_modules/jest-circus/build/utils.js:298:28)
    at new Promise (&lt;anonymous&gt;)
    at callAsyncCircusFn (/home/arligle/V1/Aiofix/aiofix-ai-saas-platform/node_modules/.pnpm/jest-circus@29.7.0/node_modules/jest-circus/build/utils.js:231:10)
    at _callCircusHook (/home/arligle/V1/Aiofix/aiofix-ai-saas-platform/node_modules/.pnpm/jest-circus@29.7.0/node_modules/jest-circus/build/run.js:281:40)
    at _runTest (/home/arligle/V1/Aiofix/aiofix-ai-saas-platform/node_modules/.pnpm/jest-circus@29.7.0/node_modules/jest-circus/build/run.js:254:5)
    at _runTestsForDescribeBlock (/home/arligle/V1/Aiofix/aiofix-ai-saas-platform/node_modules/.pnpm/jest-circus@29.7.0/node_modules/jest-circus/build/run.js:126:9)
    at _runTestsForDescribeBlock (/home/arligle/V1/Aiofix/aiofix-ai-saas-platform/node_modules/.pnpm/jest-circus@29.7.0/node_modules/jest-circus/build/run.js:121:9)
    at _runTestsForDescribeBlock (/home/arligle/V1/Aiofix/aiofix-ai-saas-platform/node_modules/.pnpm/jest-circus@29.7.0/node_modules/jest-circus/build/run.js:121:9)
    at run (/home/arligle/V1/Aiofix/aiofix-ai-saas-platform/node_modules/.pnpm/jest-circus@29.7.0/node_modules/jest-circus/build/run.js:71:3)
    at runAndTransformResultsToJestFormat (/home/arligle/V1/Aiofix/aiofix-ai-saas-platform/node_modules/.pnpm/jest-circus@29.7.0/node_modules/jest-circus/build/legacy-code-todo-rewrite/jestAdapterInit.js:122:21)
    at jestAdapter (/home/arligle/V1/Aiofix/aiofix-ai-saas-platform/node_modules/.pnpm/jest-circus@29.7.0/node_modules/jest-circus/build/legacy-code-todo-rewrite/jestAdapter.js:79:19)
    at runTestInternal (/home/arligle/V1/Aiofix/aiofix-ai-saas-platform/node_modules/.pnpm/jest-runner@29.7.0/node_modules/jest-runner/build/runTest.js:367:16)
    at runTest (/home/arligle/V1/Aiofix/aiofix-ai-saas-platform/node_modules/.pnpm/jest-runner@29.7.0/node_modules/jest-runner/build/runTest.js:444:34)</failure>
    </testcase>
    <testcase classname="MemoryCacheService › statistics" name="should reset statistics" time="0.001">
      <failure>TypeError: Cannot read properties of undefined (reading &apos;info&apos;)
    at new info (/home/arligle/V1/Aiofix/aiofix-ai-saas-platform/packages/cache/src/services/memory-cache.service.ts:121:17)
    at TestingInjector.instantiateClass (/home/arligle/V1/Aiofix/aiofix-ai-saas-platform/node_modules/.pnpm/@nestjs+core@11.1.6_@nestjs+common@11.1.6_class-transformer@0.5.1_class-validator@0.14._bad85ac0f714a81162304b30d6edbbbf/node_modules/@nestjs/core/injector/injector.js:418:19)
    at callback (/home/arligle/V1/Aiofix/aiofix-ai-saas-platform/node_modules/.pnpm/@nestjs+core@11.1.6_@nestjs+common@11.1.6_class-transformer@0.5.1_class-validator@0.14._bad85ac0f714a81162304b30d6edbbbf/node_modules/@nestjs/core/injector/injector.js:70:45)
    at TestingInjector.resolveConstructorParams (/home/arligle/V1/Aiofix/aiofix-ai-saas-platform/node_modules/.pnpm/@nestjs+core@11.1.6_@nestjs+common@11.1.6_class-transformer@0.5.1_class-validator@0.14._bad85ac0f714a81162304b30d6edbbbf/node_modules/@nestjs/core/injector/injector.js:170:24)
    at TestingInjector.loadInstance (/home/arligle/V1/Aiofix/aiofix-ai-saas-platform/node_modules/.pnpm/@nestjs+core@11.1.6_@nestjs+common@11.1.6_class-transformer@0.5.1_class-validator@0.14._bad85ac0f714a81162304b30d6edbbbf/node_modules/@nestjs/core/injector/injector.js:75:13)
    at TestingInjector.loadProvider (/home/arligle/V1/Aiofix/aiofix-ai-saas-platform/node_modules/.pnpm/@nestjs+core@11.1.6_@nestjs+common@11.1.6_class-transformer@0.5.1_class-validator@0.14._bad85ac0f714a81162304b30d6edbbbf/node_modules/@nestjs/core/injector/injector.js:103:9)
    at /home/arligle/V1/Aiofix/aiofix-ai-saas-platform/node_modules/.pnpm/@nestjs+core@11.1.6_@nestjs+common@11.1.6_class-transformer@0.5.1_class-validator@0.14._bad85ac0f714a81162304b30d6edbbbf/node_modules/@nestjs/core/injector/instance-loader.js:56:13
    at async Promise.all (index 3)
    at TestingInstanceLoader.createInstancesOfProviders (/home/arligle/V1/Aiofix/aiofix-ai-saas-platform/node_modules/.pnpm/@nestjs+core@11.1.6_@nestjs+common@11.1.6_class-transformer@0.5.1_class-validator@0.14._bad85ac0f714a81162304b30d6edbbbf/node_modules/@nestjs/core/injector/instance-loader.js:55:9)
    at /home/arligle/V1/Aiofix/aiofix-ai-saas-platform/node_modules/.pnpm/@nestjs+core@11.1.6_@nestjs+common@11.1.6_class-transformer@0.5.1_class-validator@0.14._bad85ac0f714a81162304b30d6edbbbf/node_modules/@nestjs/core/injector/instance-loader.js:40:13
    at async Promise.all (index 1)
    at TestingInstanceLoader.createInstances (/home/arligle/V1/Aiofix/aiofix-ai-saas-platform/node_modules/.pnpm/@nestjs+core@11.1.6_@nestjs+common@11.1.6_class-transformer@0.5.1_class-validator@0.14._bad85ac0f714a81162304b30d6edbbbf/node_modules/@nestjs/core/injector/instance-loader.js:39:9)
    at TestingInstanceLoader.createInstancesOfDependencies (/home/arligle/V1/Aiofix/aiofix-ai-saas-platform/node_modules/.pnpm/@nestjs+core@11.1.6_@nestjs+common@11.1.6_class-transformer@0.5.1_class-validator@0.14._bad85ac0f714a81162304b30d6edbbbf/node_modules/@nestjs/core/injector/instance-loader.js:22:13)
    at TestingInstanceLoader.createInstancesOfDependencies (/home/arligle/V1/Aiofix/aiofix-ai-saas-platform/node_modules/.pnpm/@nestjs+testing@11.1.6_@nestjs+common@11.1.6_class-transformer@0.5.1_class-validator@0._ff6a79f0d3e76ddb2b73722d992783a6/node_modules/@nestjs/testing/testing-instance-loader.js:9:9)
    at TestingModuleBuilder.createInstancesOfDependencies (/home/arligle/V1/Aiofix/aiofix-ai-saas-platform/node_modules/.pnpm/@nestjs+testing@11.1.6_@nestjs+common@11.1.6_class-transformer@0.5.1_class-validator@0._ff6a79f0d3e76ddb2b73722d992783a6/node_modules/@nestjs/testing/testing-module.builder.js:118:9)
    at TestingModuleBuilder.compile (/home/arligle/V1/Aiofix/aiofix-ai-saas-platform/node_modules/.pnpm/@nestjs+testing@11.1.6_@nestjs+common@11.1.6_class-transformer@0.5.1_class-validator@0._ff6a79f0d3e76ddb2b73722d992783a6/node_modules/@nestjs/testing/testing-module.builder.js:74:9)
    at Object.&lt;anonymous&gt; (/home/arligle/V1/Aiofix/aiofix-ai-saas-platform/packages/cache/src/services/memory-cache.service.spec.ts:21:35)</failure>
      <failure>TypeError: Cannot read properties of undefined (reading &apos;onModuleDestroy&apos;)
    at Object.&lt;anonymous&gt; (/home/arligle/V1/Aiofix/aiofix-ai-saas-platform/packages/cache/src/services/memory-cache.service.spec.ts:52:19)
    at Promise.then.completed (/home/arligle/V1/Aiofix/aiofix-ai-saas-platform/node_modules/.pnpm/jest-circus@29.7.0/node_modules/jest-circus/build/utils.js:298:28)
    at new Promise (&lt;anonymous&gt;)
    at callAsyncCircusFn (/home/arligle/V1/Aiofix/aiofix-ai-saas-platform/node_modules/.pnpm/jest-circus@29.7.0/node_modules/jest-circus/build/utils.js:231:10)
    at _callCircusHook (/home/arligle/V1/Aiofix/aiofix-ai-saas-platform/node_modules/.pnpm/jest-circus@29.7.0/node_modules/jest-circus/build/run.js:281:40)
    at _runTest (/home/arligle/V1/Aiofix/aiofix-ai-saas-platform/node_modules/.pnpm/jest-circus@29.7.0/node_modules/jest-circus/build/run.js:254:5)
    at _runTestsForDescribeBlock (/home/arligle/V1/Aiofix/aiofix-ai-saas-platform/node_modules/.pnpm/jest-circus@29.7.0/node_modules/jest-circus/build/run.js:126:9)
    at _runTestsForDescribeBlock (/home/arligle/V1/Aiofix/aiofix-ai-saas-platform/node_modules/.pnpm/jest-circus@29.7.0/node_modules/jest-circus/build/run.js:121:9)
    at _runTestsForDescribeBlock (/home/arligle/V1/Aiofix/aiofix-ai-saas-platform/node_modules/.pnpm/jest-circus@29.7.0/node_modules/jest-circus/build/run.js:121:9)
    at run (/home/arligle/V1/Aiofix/aiofix-ai-saas-platform/node_modules/.pnpm/jest-circus@29.7.0/node_modules/jest-circus/build/run.js:71:3)
    at runAndTransformResultsToJestFormat (/home/arligle/V1/Aiofix/aiofix-ai-saas-platform/node_modules/.pnpm/jest-circus@29.7.0/node_modules/jest-circus/build/legacy-code-todo-rewrite/jestAdapterInit.js:122:21)
    at jestAdapter (/home/arligle/V1/Aiofix/aiofix-ai-saas-platform/node_modules/.pnpm/jest-circus@29.7.0/node_modules/jest-circus/build/legacy-code-todo-rewrite/jestAdapter.js:79:19)
    at runTestInternal (/home/arligle/V1/Aiofix/aiofix-ai-saas-platform/node_modules/.pnpm/jest-runner@29.7.0/node_modules/jest-runner/build/runTest.js:367:16)
    at runTest (/home/arligle/V1/Aiofix/aiofix-ai-saas-platform/node_modules/.pnpm/jest-runner@29.7.0/node_modules/jest-runner/build/runTest.js:444:34)</failure>
    </testcase>
    <testcase classname="MemoryCacheService › health check" name="should return healthy status" time="0.002">
      <failure>TypeError: Cannot read properties of undefined (reading &apos;info&apos;)
    at new info (/home/arligle/V1/Aiofix/aiofix-ai-saas-platform/packages/cache/src/services/memory-cache.service.ts:121:17)
    at TestingInjector.instantiateClass (/home/arligle/V1/Aiofix/aiofix-ai-saas-platform/node_modules/.pnpm/@nestjs+core@11.1.6_@nestjs+common@11.1.6_class-transformer@0.5.1_class-validator@0.14._bad85ac0f714a81162304b30d6edbbbf/node_modules/@nestjs/core/injector/injector.js:418:19)
    at callback (/home/arligle/V1/Aiofix/aiofix-ai-saas-platform/node_modules/.pnpm/@nestjs+core@11.1.6_@nestjs+common@11.1.6_class-transformer@0.5.1_class-validator@0.14._bad85ac0f714a81162304b30d6edbbbf/node_modules/@nestjs/core/injector/injector.js:70:45)
    at TestingInjector.resolveConstructorParams (/home/arligle/V1/Aiofix/aiofix-ai-saas-platform/node_modules/.pnpm/@nestjs+core@11.1.6_@nestjs+common@11.1.6_class-transformer@0.5.1_class-validator@0.14._bad85ac0f714a81162304b30d6edbbbf/node_modules/@nestjs/core/injector/injector.js:170:24)
    at TestingInjector.loadInstance (/home/arligle/V1/Aiofix/aiofix-ai-saas-platform/node_modules/.pnpm/@nestjs+core@11.1.6_@nestjs+common@11.1.6_class-transformer@0.5.1_class-validator@0.14._bad85ac0f714a81162304b30d6edbbbf/node_modules/@nestjs/core/injector/injector.js:75:13)
    at TestingInjector.loadProvider (/home/arligle/V1/Aiofix/aiofix-ai-saas-platform/node_modules/.pnpm/@nestjs+core@11.1.6_@nestjs+common@11.1.6_class-transformer@0.5.1_class-validator@0.14._bad85ac0f714a81162304b30d6edbbbf/node_modules/@nestjs/core/injector/injector.js:103:9)
    at /home/arligle/V1/Aiofix/aiofix-ai-saas-platform/node_modules/.pnpm/@nestjs+core@11.1.6_@nestjs+common@11.1.6_class-transformer@0.5.1_class-validator@0.14._bad85ac0f714a81162304b30d6edbbbf/node_modules/@nestjs/core/injector/instance-loader.js:56:13
    at async Promise.all (index 3)
    at TestingInstanceLoader.createInstancesOfProviders (/home/arligle/V1/Aiofix/aiofix-ai-saas-platform/node_modules/.pnpm/@nestjs+core@11.1.6_@nestjs+common@11.1.6_class-transformer@0.5.1_class-validator@0.14._bad85ac0f714a81162304b30d6edbbbf/node_modules/@nestjs/core/injector/instance-loader.js:55:9)
    at /home/arligle/V1/Aiofix/aiofix-ai-saas-platform/node_modules/.pnpm/@nestjs+core@11.1.6_@nestjs+common@11.1.6_class-transformer@0.5.1_class-validator@0.14._bad85ac0f714a81162304b30d6edbbbf/node_modules/@nestjs/core/injector/instance-loader.js:40:13
    at async Promise.all (index 1)
    at TestingInstanceLoader.createInstances (/home/arligle/V1/Aiofix/aiofix-ai-saas-platform/node_modules/.pnpm/@nestjs+core@11.1.6_@nestjs+common@11.1.6_class-transformer@0.5.1_class-validator@0.14._bad85ac0f714a81162304b30d6edbbbf/node_modules/@nestjs/core/injector/instance-loader.js:39:9)
    at TestingInstanceLoader.createInstancesOfDependencies (/home/arligle/V1/Aiofix/aiofix-ai-saas-platform/node_modules/.pnpm/@nestjs+core@11.1.6_@nestjs+common@11.1.6_class-transformer@0.5.1_class-validator@0.14._bad85ac0f714a81162304b30d6edbbbf/node_modules/@nestjs/core/injector/instance-loader.js:22:13)
    at TestingInstanceLoader.createInstancesOfDependencies (/home/arligle/V1/Aiofix/aiofix-ai-saas-platform/node_modules/.pnpm/@nestjs+testing@11.1.6_@nestjs+common@11.1.6_class-transformer@0.5.1_class-validator@0._ff6a79f0d3e76ddb2b73722d992783a6/node_modules/@nestjs/testing/testing-instance-loader.js:9:9)
    at TestingModuleBuilder.createInstancesOfDependencies (/home/arligle/V1/Aiofix/aiofix-ai-saas-platform/node_modules/.pnpm/@nestjs+testing@11.1.6_@nestjs+common@11.1.6_class-transformer@0.5.1_class-validator@0._ff6a79f0d3e76ddb2b73722d992783a6/node_modules/@nestjs/testing/testing-module.builder.js:118:9)
    at TestingModuleBuilder.compile (/home/arligle/V1/Aiofix/aiofix-ai-saas-platform/node_modules/.pnpm/@nestjs+testing@11.1.6_@nestjs+common@11.1.6_class-transformer@0.5.1_class-validator@0._ff6a79f0d3e76ddb2b73722d992783a6/node_modules/@nestjs/testing/testing-module.builder.js:74:9)
    at Object.&lt;anonymous&gt; (/home/arligle/V1/Aiofix/aiofix-ai-saas-platform/packages/cache/src/services/memory-cache.service.spec.ts:21:35)</failure>
      <failure>TypeError: Cannot read properties of undefined (reading &apos;onModuleDestroy&apos;)
    at Object.&lt;anonymous&gt; (/home/arligle/V1/Aiofix/aiofix-ai-saas-platform/packages/cache/src/services/memory-cache.service.spec.ts:52:19)
    at Promise.then.completed (/home/arligle/V1/Aiofix/aiofix-ai-saas-platform/node_modules/.pnpm/jest-circus@29.7.0/node_modules/jest-circus/build/utils.js:298:28)
    at new Promise (&lt;anonymous&gt;)
    at callAsyncCircusFn (/home/arligle/V1/Aiofix/aiofix-ai-saas-platform/node_modules/.pnpm/jest-circus@29.7.0/node_modules/jest-circus/build/utils.js:231:10)
    at _callCircusHook (/home/arligle/V1/Aiofix/aiofix-ai-saas-platform/node_modules/.pnpm/jest-circus@29.7.0/node_modules/jest-circus/build/run.js:281:40)
    at _runTest (/home/arligle/V1/Aiofix/aiofix-ai-saas-platform/node_modules/.pnpm/jest-circus@29.7.0/node_modules/jest-circus/build/run.js:254:5)
    at _runTestsForDescribeBlock (/home/arligle/V1/Aiofix/aiofix-ai-saas-platform/node_modules/.pnpm/jest-circus@29.7.0/node_modules/jest-circus/build/run.js:126:9)
    at _runTestsForDescribeBlock (/home/arligle/V1/Aiofix/aiofix-ai-saas-platform/node_modules/.pnpm/jest-circus@29.7.0/node_modules/jest-circus/build/run.js:121:9)
    at _runTestsForDescribeBlock (/home/arligle/V1/Aiofix/aiofix-ai-saas-platform/node_modules/.pnpm/jest-circus@29.7.0/node_modules/jest-circus/build/run.js:121:9)
    at run (/home/arligle/V1/Aiofix/aiofix-ai-saas-platform/node_modules/.pnpm/jest-circus@29.7.0/node_modules/jest-circus/build/run.js:71:3)
    at runAndTransformResultsToJestFormat (/home/arligle/V1/Aiofix/aiofix-ai-saas-platform/node_modules/.pnpm/jest-circus@29.7.0/node_modules/jest-circus/build/legacy-code-todo-rewrite/jestAdapterInit.js:122:21)
    at jestAdapter (/home/arligle/V1/Aiofix/aiofix-ai-saas-platform/node_modules/.pnpm/jest-circus@29.7.0/node_modules/jest-circus/build/legacy-code-todo-rewrite/jestAdapter.js:79:19)
    at runTestInternal (/home/arligle/V1/Aiofix/aiofix-ai-saas-platform/node_modules/.pnpm/jest-runner@29.7.0/node_modules/jest-runner/build/runTest.js:367:16)
    at runTest (/home/arligle/V1/Aiofix/aiofix-ai-saas-platform/node_modules/.pnpm/jest-runner@29.7.0/node_modules/jest-runner/build/runTest.js:444:34)</failure>
    </testcase>
    <testcase classname="MemoryCacheService › health check" name="should handle health check errors" time="0.001">
      <failure>TypeError: Cannot read properties of undefined (reading &apos;info&apos;)
    at new info (/home/arligle/V1/Aiofix/aiofix-ai-saas-platform/packages/cache/src/services/memory-cache.service.ts:121:17)
    at TestingInjector.instantiateClass (/home/arligle/V1/Aiofix/aiofix-ai-saas-platform/node_modules/.pnpm/@nestjs+core@11.1.6_@nestjs+common@11.1.6_class-transformer@0.5.1_class-validator@0.14._bad85ac0f714a81162304b30d6edbbbf/node_modules/@nestjs/core/injector/injector.js:418:19)
    at callback (/home/arligle/V1/Aiofix/aiofix-ai-saas-platform/node_modules/.pnpm/@nestjs+core@11.1.6_@nestjs+common@11.1.6_class-transformer@0.5.1_class-validator@0.14._bad85ac0f714a81162304b30d6edbbbf/node_modules/@nestjs/core/injector/injector.js:70:45)
    at TestingInjector.resolveConstructorParams (/home/arligle/V1/Aiofix/aiofix-ai-saas-platform/node_modules/.pnpm/@nestjs+core@11.1.6_@nestjs+common@11.1.6_class-transformer@0.5.1_class-validator@0.14._bad85ac0f714a81162304b30d6edbbbf/node_modules/@nestjs/core/injector/injector.js:170:24)
    at TestingInjector.loadInstance (/home/arligle/V1/Aiofix/aiofix-ai-saas-platform/node_modules/.pnpm/@nestjs+core@11.1.6_@nestjs+common@11.1.6_class-transformer@0.5.1_class-validator@0.14._bad85ac0f714a81162304b30d6edbbbf/node_modules/@nestjs/core/injector/injector.js:75:13)
    at TestingInjector.loadProvider (/home/arligle/V1/Aiofix/aiofix-ai-saas-platform/node_modules/.pnpm/@nestjs+core@11.1.6_@nestjs+common@11.1.6_class-transformer@0.5.1_class-validator@0.14._bad85ac0f714a81162304b30d6edbbbf/node_modules/@nestjs/core/injector/injector.js:103:9)
    at /home/arligle/V1/Aiofix/aiofix-ai-saas-platform/node_modules/.pnpm/@nestjs+core@11.1.6_@nestjs+common@11.1.6_class-transformer@0.5.1_class-validator@0.14._bad85ac0f714a81162304b30d6edbbbf/node_modules/@nestjs/core/injector/instance-loader.js:56:13
    at async Promise.all (index 3)
    at TestingInstanceLoader.createInstancesOfProviders (/home/arligle/V1/Aiofix/aiofix-ai-saas-platform/node_modules/.pnpm/@nestjs+core@11.1.6_@nestjs+common@11.1.6_class-transformer@0.5.1_class-validator@0.14._bad85ac0f714a81162304b30d6edbbbf/node_modules/@nestjs/core/injector/instance-loader.js:55:9)
    at /home/arligle/V1/Aiofix/aiofix-ai-saas-platform/node_modules/.pnpm/@nestjs+core@11.1.6_@nestjs+common@11.1.6_class-transformer@0.5.1_class-validator@0.14._bad85ac0f714a81162304b30d6edbbbf/node_modules/@nestjs/core/injector/instance-loader.js:40:13
    at async Promise.all (index 1)
    at TestingInstanceLoader.createInstances (/home/arligle/V1/Aiofix/aiofix-ai-saas-platform/node_modules/.pnpm/@nestjs+core@11.1.6_@nestjs+common@11.1.6_class-transformer@0.5.1_class-validator@0.14._bad85ac0f714a81162304b30d6edbbbf/node_modules/@nestjs/core/injector/instance-loader.js:39:9)
    at TestingInstanceLoader.createInstancesOfDependencies (/home/arligle/V1/Aiofix/aiofix-ai-saas-platform/node_modules/.pnpm/@nestjs+core@11.1.6_@nestjs+common@11.1.6_class-transformer@0.5.1_class-validator@0.14._bad85ac0f714a81162304b30d6edbbbf/node_modules/@nestjs/core/injector/instance-loader.js:22:13)
    at TestingInstanceLoader.createInstancesOfDependencies (/home/arligle/V1/Aiofix/aiofix-ai-saas-platform/node_modules/.pnpm/@nestjs+testing@11.1.6_@nestjs+common@11.1.6_class-transformer@0.5.1_class-validator@0._ff6a79f0d3e76ddb2b73722d992783a6/node_modules/@nestjs/testing/testing-instance-loader.js:9:9)
    at TestingModuleBuilder.createInstancesOfDependencies (/home/arligle/V1/Aiofix/aiofix-ai-saas-platform/node_modules/.pnpm/@nestjs+testing@11.1.6_@nestjs+common@11.1.6_class-transformer@0.5.1_class-validator@0._ff6a79f0d3e76ddb2b73722d992783a6/node_modules/@nestjs/testing/testing-module.builder.js:118:9)
    at TestingModuleBuilder.compile (/home/arligle/V1/Aiofix/aiofix-ai-saas-platform/node_modules/.pnpm/@nestjs+testing@11.1.6_@nestjs+common@11.1.6_class-transformer@0.5.1_class-validator@0._ff6a79f0d3e76ddb2b73722d992783a6/node_modules/@nestjs/testing/testing-module.builder.js:74:9)
    at Object.&lt;anonymous&gt; (/home/arligle/V1/Aiofix/aiofix-ai-saas-platform/packages/cache/src/services/memory-cache.service.spec.ts:21:35)</failure>
      <failure>TypeError: Cannot read properties of undefined (reading &apos;onModuleDestroy&apos;)
    at Object.&lt;anonymous&gt; (/home/arligle/V1/Aiofix/aiofix-ai-saas-platform/packages/cache/src/services/memory-cache.service.spec.ts:52:19)
    at Promise.then.completed (/home/arligle/V1/Aiofix/aiofix-ai-saas-platform/node_modules/.pnpm/jest-circus@29.7.0/node_modules/jest-circus/build/utils.js:298:28)
    at new Promise (&lt;anonymous&gt;)
    at callAsyncCircusFn (/home/arligle/V1/Aiofix/aiofix-ai-saas-platform/node_modules/.pnpm/jest-circus@29.7.0/node_modules/jest-circus/build/utils.js:231:10)
    at _callCircusHook (/home/arligle/V1/Aiofix/aiofix-ai-saas-platform/node_modules/.pnpm/jest-circus@29.7.0/node_modules/jest-circus/build/run.js:281:40)
    at _runTest (/home/arligle/V1/Aiofix/aiofix-ai-saas-platform/node_modules/.pnpm/jest-circus@29.7.0/node_modules/jest-circus/build/run.js:254:5)
    at _runTestsForDescribeBlock (/home/arligle/V1/Aiofix/aiofix-ai-saas-platform/node_modules/.pnpm/jest-circus@29.7.0/node_modules/jest-circus/build/run.js:126:9)
    at _runTestsForDescribeBlock (/home/arligle/V1/Aiofix/aiofix-ai-saas-platform/node_modules/.pnpm/jest-circus@29.7.0/node_modules/jest-circus/build/run.js:121:9)
    at _runTestsForDescribeBlock (/home/arligle/V1/Aiofix/aiofix-ai-saas-platform/node_modules/.pnpm/jest-circus@29.7.0/node_modules/jest-circus/build/run.js:121:9)
    at run (/home/arligle/V1/Aiofix/aiofix-ai-saas-platform/node_modules/.pnpm/jest-circus@29.7.0/node_modules/jest-circus/build/run.js:71:3)
    at runAndTransformResultsToJestFormat (/home/arligle/V1/Aiofix/aiofix-ai-saas-platform/node_modules/.pnpm/jest-circus@29.7.0/node_modules/jest-circus/build/legacy-code-todo-rewrite/jestAdapterInit.js:122:21)
    at jestAdapter (/home/arligle/V1/Aiofix/aiofix-ai-saas-platform/node_modules/.pnpm/jest-circus@29.7.0/node_modules/jest-circus/build/legacy-code-todo-rewrite/jestAdapter.js:79:19)
    at runTestInternal (/home/arligle/V1/Aiofix/aiofix-ai-saas-platform/node_modules/.pnpm/jest-runner@29.7.0/node_modules/jest-runner/build/runTest.js:367:16)
    at runTest (/home/arligle/V1/Aiofix/aiofix-ai-saas-platform/node_modules/.pnpm/jest-runner@29.7.0/node_modules/jest-runner/build/runTest.js:444:34)</failure>
    </testcase>
    <testcase classname="MemoryCacheService › complex data types" name="should handle complex objects" time="0.002">
      <failure>TypeError: Cannot read properties of undefined (reading &apos;info&apos;)
    at new info (/home/arligle/V1/Aiofix/aiofix-ai-saas-platform/packages/cache/src/services/memory-cache.service.ts:121:17)
    at TestingInjector.instantiateClass (/home/arligle/V1/Aiofix/aiofix-ai-saas-platform/node_modules/.pnpm/@nestjs+core@11.1.6_@nestjs+common@11.1.6_class-transformer@0.5.1_class-validator@0.14._bad85ac0f714a81162304b30d6edbbbf/node_modules/@nestjs/core/injector/injector.js:418:19)
    at callback (/home/arligle/V1/Aiofix/aiofix-ai-saas-platform/node_modules/.pnpm/@nestjs+core@11.1.6_@nestjs+common@11.1.6_class-transformer@0.5.1_class-validator@0.14._bad85ac0f714a81162304b30d6edbbbf/node_modules/@nestjs/core/injector/injector.js:70:45)
    at TestingInjector.resolveConstructorParams (/home/arligle/V1/Aiofix/aiofix-ai-saas-platform/node_modules/.pnpm/@nestjs+core@11.1.6_@nestjs+common@11.1.6_class-transformer@0.5.1_class-validator@0.14._bad85ac0f714a81162304b30d6edbbbf/node_modules/@nestjs/core/injector/injector.js:170:24)
    at TestingInjector.loadInstance (/home/arligle/V1/Aiofix/aiofix-ai-saas-platform/node_modules/.pnpm/@nestjs+core@11.1.6_@nestjs+common@11.1.6_class-transformer@0.5.1_class-validator@0.14._bad85ac0f714a81162304b30d6edbbbf/node_modules/@nestjs/core/injector/injector.js:75:13)
    at TestingInjector.loadProvider (/home/arligle/V1/Aiofix/aiofix-ai-saas-platform/node_modules/.pnpm/@nestjs+core@11.1.6_@nestjs+common@11.1.6_class-transformer@0.5.1_class-validator@0.14._bad85ac0f714a81162304b30d6edbbbf/node_modules/@nestjs/core/injector/injector.js:103:9)
    at /home/arligle/V1/Aiofix/aiofix-ai-saas-platform/node_modules/.pnpm/@nestjs+core@11.1.6_@nestjs+common@11.1.6_class-transformer@0.5.1_class-validator@0.14._bad85ac0f714a81162304b30d6edbbbf/node_modules/@nestjs/core/injector/instance-loader.js:56:13
    at async Promise.all (index 3)
    at TestingInstanceLoader.createInstancesOfProviders (/home/arligle/V1/Aiofix/aiofix-ai-saas-platform/node_modules/.pnpm/@nestjs+core@11.1.6_@nestjs+common@11.1.6_class-transformer@0.5.1_class-validator@0.14._bad85ac0f714a81162304b30d6edbbbf/node_modules/@nestjs/core/injector/instance-loader.js:55:9)
    at /home/arligle/V1/Aiofix/aiofix-ai-saas-platform/node_modules/.pnpm/@nestjs+core@11.1.6_@nestjs+common@11.1.6_class-transformer@0.5.1_class-validator@0.14._bad85ac0f714a81162304b30d6edbbbf/node_modules/@nestjs/core/injector/instance-loader.js:40:13
    at async Promise.all (index 1)
    at TestingInstanceLoader.createInstances (/home/arligle/V1/Aiofix/aiofix-ai-saas-platform/node_modules/.pnpm/@nestjs+core@11.1.6_@nestjs+common@11.1.6_class-transformer@0.5.1_class-validator@0.14._bad85ac0f714a81162304b30d6edbbbf/node_modules/@nestjs/core/injector/instance-loader.js:39:9)
    at TestingInstanceLoader.createInstancesOfDependencies (/home/arligle/V1/Aiofix/aiofix-ai-saas-platform/node_modules/.pnpm/@nestjs+core@11.1.6_@nestjs+common@11.1.6_class-transformer@0.5.1_class-validator@0.14._bad85ac0f714a81162304b30d6edbbbf/node_modules/@nestjs/core/injector/instance-loader.js:22:13)
    at TestingInstanceLoader.createInstancesOfDependencies (/home/arligle/V1/Aiofix/aiofix-ai-saas-platform/node_modules/.pnpm/@nestjs+testing@11.1.6_@nestjs+common@11.1.6_class-transformer@0.5.1_class-validator@0._ff6a79f0d3e76ddb2b73722d992783a6/node_modules/@nestjs/testing/testing-instance-loader.js:9:9)
    at TestingModuleBuilder.createInstancesOfDependencies (/home/arligle/V1/Aiofix/aiofix-ai-saas-platform/node_modules/.pnpm/@nestjs+testing@11.1.6_@nestjs+common@11.1.6_class-transformer@0.5.1_class-validator@0._ff6a79f0d3e76ddb2b73722d992783a6/node_modules/@nestjs/testing/testing-module.builder.js:118:9)
    at TestingModuleBuilder.compile (/home/arligle/V1/Aiofix/aiofix-ai-saas-platform/node_modules/.pnpm/@nestjs+testing@11.1.6_@nestjs+common@11.1.6_class-transformer@0.5.1_class-validator@0._ff6a79f0d3e76ddb2b73722d992783a6/node_modules/@nestjs/testing/testing-module.builder.js:74:9)
    at Object.&lt;anonymous&gt; (/home/arligle/V1/Aiofix/aiofix-ai-saas-platform/packages/cache/src/services/memory-cache.service.spec.ts:21:35)</failure>
      <failure>TypeError: Cannot read properties of undefined (reading &apos;onModuleDestroy&apos;)
    at Object.&lt;anonymous&gt; (/home/arligle/V1/Aiofix/aiofix-ai-saas-platform/packages/cache/src/services/memory-cache.service.spec.ts:52:19)
    at Promise.then.completed (/home/arligle/V1/Aiofix/aiofix-ai-saas-platform/node_modules/.pnpm/jest-circus@29.7.0/node_modules/jest-circus/build/utils.js:298:28)
    at new Promise (&lt;anonymous&gt;)
    at callAsyncCircusFn (/home/arligle/V1/Aiofix/aiofix-ai-saas-platform/node_modules/.pnpm/jest-circus@29.7.0/node_modules/jest-circus/build/utils.js:231:10)
    at _callCircusHook (/home/arligle/V1/Aiofix/aiofix-ai-saas-platform/node_modules/.pnpm/jest-circus@29.7.0/node_modules/jest-circus/build/run.js:281:40)
    at _runTest (/home/arligle/V1/Aiofix/aiofix-ai-saas-platform/node_modules/.pnpm/jest-circus@29.7.0/node_modules/jest-circus/build/run.js:254:5)
    at _runTestsForDescribeBlock (/home/arligle/V1/Aiofix/aiofix-ai-saas-platform/node_modules/.pnpm/jest-circus@29.7.0/node_modules/jest-circus/build/run.js:126:9)
    at _runTestsForDescribeBlock (/home/arligle/V1/Aiofix/aiofix-ai-saas-platform/node_modules/.pnpm/jest-circus@29.7.0/node_modules/jest-circus/build/run.js:121:9)
    at _runTestsForDescribeBlock (/home/arligle/V1/Aiofix/aiofix-ai-saas-platform/node_modules/.pnpm/jest-circus@29.7.0/node_modules/jest-circus/build/run.js:121:9)
    at run (/home/arligle/V1/Aiofix/aiofix-ai-saas-platform/node_modules/.pnpm/jest-circus@29.7.0/node_modules/jest-circus/build/run.js:71:3)
    at runAndTransformResultsToJestFormat (/home/arligle/V1/Aiofix/aiofix-ai-saas-platform/node_modules/.pnpm/jest-circus@29.7.0/node_modules/jest-circus/build/legacy-code-todo-rewrite/jestAdapterInit.js:122:21)
    at jestAdapter (/home/arligle/V1/Aiofix/aiofix-ai-saas-platform/node_modules/.pnpm/jest-circus@29.7.0/node_modules/jest-circus/build/legacy-code-todo-rewrite/jestAdapter.js:79:19)
    at runTestInternal (/home/arligle/V1/Aiofix/aiofix-ai-saas-platform/node_modules/.pnpm/jest-runner@29.7.0/node_modules/jest-runner/build/runTest.js:367:16)
    at runTest (/home/arligle/V1/Aiofix/aiofix-ai-saas-platform/node_modules/.pnpm/jest-runner@29.7.0/node_modules/jest-runner/build/runTest.js:444:34)</failure>
    </testcase>
    <testcase classname="MemoryCacheService › complex data types" name="should handle arrays" time="0.001">
      <failure>TypeError: Cannot read properties of undefined (reading &apos;info&apos;)
    at new info (/home/arligle/V1/Aiofix/aiofix-ai-saas-platform/packages/cache/src/services/memory-cache.service.ts:121:17)
    at TestingInjector.instantiateClass (/home/arligle/V1/Aiofix/aiofix-ai-saas-platform/node_modules/.pnpm/@nestjs+core@11.1.6_@nestjs+common@11.1.6_class-transformer@0.5.1_class-validator@0.14._bad85ac0f714a81162304b30d6edbbbf/node_modules/@nestjs/core/injector/injector.js:418:19)
    at callback (/home/arligle/V1/Aiofix/aiofix-ai-saas-platform/node_modules/.pnpm/@nestjs+core@11.1.6_@nestjs+common@11.1.6_class-transformer@0.5.1_class-validator@0.14._bad85ac0f714a81162304b30d6edbbbf/node_modules/@nestjs/core/injector/injector.js:70:45)
    at TestingInjector.resolveConstructorParams (/home/arligle/V1/Aiofix/aiofix-ai-saas-platform/node_modules/.pnpm/@nestjs+core@11.1.6_@nestjs+common@11.1.6_class-transformer@0.5.1_class-validator@0.14._bad85ac0f714a81162304b30d6edbbbf/node_modules/@nestjs/core/injector/injector.js:170:24)
    at TestingInjector.loadInstance (/home/arligle/V1/Aiofix/aiofix-ai-saas-platform/node_modules/.pnpm/@nestjs+core@11.1.6_@nestjs+common@11.1.6_class-transformer@0.5.1_class-validator@0.14._bad85ac0f714a81162304b30d6edbbbf/node_modules/@nestjs/core/injector/injector.js:75:13)
    at TestingInjector.loadProvider (/home/arligle/V1/Aiofix/aiofix-ai-saas-platform/node_modules/.pnpm/@nestjs+core@11.1.6_@nestjs+common@11.1.6_class-transformer@0.5.1_class-validator@0.14._bad85ac0f714a81162304b30d6edbbbf/node_modules/@nestjs/core/injector/injector.js:103:9)
    at /home/arligle/V1/Aiofix/aiofix-ai-saas-platform/node_modules/.pnpm/@nestjs+core@11.1.6_@nestjs+common@11.1.6_class-transformer@0.5.1_class-validator@0.14._bad85ac0f714a81162304b30d6edbbbf/node_modules/@nestjs/core/injector/instance-loader.js:56:13
    at async Promise.all (index 3)
    at TestingInstanceLoader.createInstancesOfProviders (/home/arligle/V1/Aiofix/aiofix-ai-saas-platform/node_modules/.pnpm/@nestjs+core@11.1.6_@nestjs+common@11.1.6_class-transformer@0.5.1_class-validator@0.14._bad85ac0f714a81162304b30d6edbbbf/node_modules/@nestjs/core/injector/instance-loader.js:55:9)
    at /home/arligle/V1/Aiofix/aiofix-ai-saas-platform/node_modules/.pnpm/@nestjs+core@11.1.6_@nestjs+common@11.1.6_class-transformer@0.5.1_class-validator@0.14._bad85ac0f714a81162304b30d6edbbbf/node_modules/@nestjs/core/injector/instance-loader.js:40:13
    at async Promise.all (index 1)
    at TestingInstanceLoader.createInstances (/home/arligle/V1/Aiofix/aiofix-ai-saas-platform/node_modules/.pnpm/@nestjs+core@11.1.6_@nestjs+common@11.1.6_class-transformer@0.5.1_class-validator@0.14._bad85ac0f714a81162304b30d6edbbbf/node_modules/@nestjs/core/injector/instance-loader.js:39:9)
    at TestingInstanceLoader.createInstancesOfDependencies (/home/arligle/V1/Aiofix/aiofix-ai-saas-platform/node_modules/.pnpm/@nestjs+core@11.1.6_@nestjs+common@11.1.6_class-transformer@0.5.1_class-validator@0.14._bad85ac0f714a81162304b30d6edbbbf/node_modules/@nestjs/core/injector/instance-loader.js:22:13)
    at TestingInstanceLoader.createInstancesOfDependencies (/home/arligle/V1/Aiofix/aiofix-ai-saas-platform/node_modules/.pnpm/@nestjs+testing@11.1.6_@nestjs+common@11.1.6_class-transformer@0.5.1_class-validator@0._ff6a79f0d3e76ddb2b73722d992783a6/node_modules/@nestjs/testing/testing-instance-loader.js:9:9)
    at TestingModuleBuilder.createInstancesOfDependencies (/home/arligle/V1/Aiofix/aiofix-ai-saas-platform/node_modules/.pnpm/@nestjs+testing@11.1.6_@nestjs+common@11.1.6_class-transformer@0.5.1_class-validator@0._ff6a79f0d3e76ddb2b73722d992783a6/node_modules/@nestjs/testing/testing-module.builder.js:118:9)
    at TestingModuleBuilder.compile (/home/arligle/V1/Aiofix/aiofix-ai-saas-platform/node_modules/.pnpm/@nestjs+testing@11.1.6_@nestjs+common@11.1.6_class-transformer@0.5.1_class-validator@0._ff6a79f0d3e76ddb2b73722d992783a6/node_modules/@nestjs/testing/testing-module.builder.js:74:9)
    at Object.&lt;anonymous&gt; (/home/arligle/V1/Aiofix/aiofix-ai-saas-platform/packages/cache/src/services/memory-cache.service.spec.ts:21:35)</failure>
      <failure>TypeError: Cannot read properties of undefined (reading &apos;onModuleDestroy&apos;)
    at Object.&lt;anonymous&gt; (/home/arligle/V1/Aiofix/aiofix-ai-saas-platform/packages/cache/src/services/memory-cache.service.spec.ts:52:19)
    at Promise.then.completed (/home/arligle/V1/Aiofix/aiofix-ai-saas-platform/node_modules/.pnpm/jest-circus@29.7.0/node_modules/jest-circus/build/utils.js:298:28)
    at new Promise (&lt;anonymous&gt;)
    at callAsyncCircusFn (/home/arligle/V1/Aiofix/aiofix-ai-saas-platform/node_modules/.pnpm/jest-circus@29.7.0/node_modules/jest-circus/build/utils.js:231:10)
    at _callCircusHook (/home/arligle/V1/Aiofix/aiofix-ai-saas-platform/node_modules/.pnpm/jest-circus@29.7.0/node_modules/jest-circus/build/run.js:281:40)
    at _runTest (/home/arligle/V1/Aiofix/aiofix-ai-saas-platform/node_modules/.pnpm/jest-circus@29.7.0/node_modules/jest-circus/build/run.js:254:5)
    at _runTestsForDescribeBlock (/home/arligle/V1/Aiofix/aiofix-ai-saas-platform/node_modules/.pnpm/jest-circus@29.7.0/node_modules/jest-circus/build/run.js:126:9)
    at _runTestsForDescribeBlock (/home/arligle/V1/Aiofix/aiofix-ai-saas-platform/node_modules/.pnpm/jest-circus@29.7.0/node_modules/jest-circus/build/run.js:121:9)
    at _runTestsForDescribeBlock (/home/arligle/V1/Aiofix/aiofix-ai-saas-platform/node_modules/.pnpm/jest-circus@29.7.0/node_modules/jest-circus/build/run.js:121:9)
    at run (/home/arligle/V1/Aiofix/aiofix-ai-saas-platform/node_modules/.pnpm/jest-circus@29.7.0/node_modules/jest-circus/build/run.js:71:3)
    at runAndTransformResultsToJestFormat (/home/arligle/V1/Aiofix/aiofix-ai-saas-platform/node_modules/.pnpm/jest-circus@29.7.0/node_modules/jest-circus/build/legacy-code-todo-rewrite/jestAdapterInit.js:122:21)
    at jestAdapter (/home/arligle/V1/Aiofix/aiofix-ai-saas-platform/node_modules/.pnpm/jest-circus@29.7.0/node_modules/jest-circus/build/legacy-code-todo-rewrite/jestAdapter.js:79:19)
    at runTestInternal (/home/arligle/V1/Aiofix/aiofix-ai-saas-platform/node_modules/.pnpm/jest-runner@29.7.0/node_modules/jest-runner/build/runTest.js:367:16)
    at runTest (/home/arligle/V1/Aiofix/aiofix-ai-saas-platform/node_modules/.pnpm/jest-runner@29.7.0/node_modules/jest-runner/build/runTest.js:444:34)</failure>
    </testcase>
    <testcase classname="MemoryCacheService › complex data types" name="should handle primitive values" time="0.001">
      <failure>TypeError: Cannot read properties of undefined (reading &apos;info&apos;)
    at new info (/home/arligle/V1/Aiofix/aiofix-ai-saas-platform/packages/cache/src/services/memory-cache.service.ts:121:17)
    at TestingInjector.instantiateClass (/home/arligle/V1/Aiofix/aiofix-ai-saas-platform/node_modules/.pnpm/@nestjs+core@11.1.6_@nestjs+common@11.1.6_class-transformer@0.5.1_class-validator@0.14._bad85ac0f714a81162304b30d6edbbbf/node_modules/@nestjs/core/injector/injector.js:418:19)
    at callback (/home/arligle/V1/Aiofix/aiofix-ai-saas-platform/node_modules/.pnpm/@nestjs+core@11.1.6_@nestjs+common@11.1.6_class-transformer@0.5.1_class-validator@0.14._bad85ac0f714a81162304b30d6edbbbf/node_modules/@nestjs/core/injector/injector.js:70:45)
    at TestingInjector.resolveConstructorParams (/home/arligle/V1/Aiofix/aiofix-ai-saas-platform/node_modules/.pnpm/@nestjs+core@11.1.6_@nestjs+common@11.1.6_class-transformer@0.5.1_class-validator@0.14._bad85ac0f714a81162304b30d6edbbbf/node_modules/@nestjs/core/injector/injector.js:170:24)
    at TestingInjector.loadInstance (/home/arligle/V1/Aiofix/aiofix-ai-saas-platform/node_modules/.pnpm/@nestjs+core@11.1.6_@nestjs+common@11.1.6_class-transformer@0.5.1_class-validator@0.14._bad85ac0f714a81162304b30d6edbbbf/node_modules/@nestjs/core/injector/injector.js:75:13)
    at TestingInjector.loadProvider (/home/arligle/V1/Aiofix/aiofix-ai-saas-platform/node_modules/.pnpm/@nestjs+core@11.1.6_@nestjs+common@11.1.6_class-transformer@0.5.1_class-validator@0.14._bad85ac0f714a81162304b30d6edbbbf/node_modules/@nestjs/core/injector/injector.js:103:9)
    at /home/arligle/V1/Aiofix/aiofix-ai-saas-platform/node_modules/.pnpm/@nestjs+core@11.1.6_@nestjs+common@11.1.6_class-transformer@0.5.1_class-validator@0.14._bad85ac0f714a81162304b30d6edbbbf/node_modules/@nestjs/core/injector/instance-loader.js:56:13
    at async Promise.all (index 3)
    at TestingInstanceLoader.createInstancesOfProviders (/home/arligle/V1/Aiofix/aiofix-ai-saas-platform/node_modules/.pnpm/@nestjs+core@11.1.6_@nestjs+common@11.1.6_class-transformer@0.5.1_class-validator@0.14._bad85ac0f714a81162304b30d6edbbbf/node_modules/@nestjs/core/injector/instance-loader.js:55:9)
    at /home/arligle/V1/Aiofix/aiofix-ai-saas-platform/node_modules/.pnpm/@nestjs+core@11.1.6_@nestjs+common@11.1.6_class-transformer@0.5.1_class-validator@0.14._bad85ac0f714a81162304b30d6edbbbf/node_modules/@nestjs/core/injector/instance-loader.js:40:13
    at async Promise.all (index 1)
    at TestingInstanceLoader.createInstances (/home/arligle/V1/Aiofix/aiofix-ai-saas-platform/node_modules/.pnpm/@nestjs+core@11.1.6_@nestjs+common@11.1.6_class-transformer@0.5.1_class-validator@0.14._bad85ac0f714a81162304b30d6edbbbf/node_modules/@nestjs/core/injector/instance-loader.js:39:9)
    at TestingInstanceLoader.createInstancesOfDependencies (/home/arligle/V1/Aiofix/aiofix-ai-saas-platform/node_modules/.pnpm/@nestjs+core@11.1.6_@nestjs+common@11.1.6_class-transformer@0.5.1_class-validator@0.14._bad85ac0f714a81162304b30d6edbbbf/node_modules/@nestjs/core/injector/instance-loader.js:22:13)
    at TestingInstanceLoader.createInstancesOfDependencies (/home/arligle/V1/Aiofix/aiofix-ai-saas-platform/node_modules/.pnpm/@nestjs+testing@11.1.6_@nestjs+common@11.1.6_class-transformer@0.5.1_class-validator@0._ff6a79f0d3e76ddb2b73722d992783a6/node_modules/@nestjs/testing/testing-instance-loader.js:9:9)
    at TestingModuleBuilder.createInstancesOfDependencies (/home/arligle/V1/Aiofix/aiofix-ai-saas-platform/node_modules/.pnpm/@nestjs+testing@11.1.6_@nestjs+common@11.1.6_class-transformer@0.5.1_class-validator@0._ff6a79f0d3e76ddb2b73722d992783a6/node_modules/@nestjs/testing/testing-module.builder.js:118:9)
    at TestingModuleBuilder.compile (/home/arligle/V1/Aiofix/aiofix-ai-saas-platform/node_modules/.pnpm/@nestjs+testing@11.1.6_@nestjs+common@11.1.6_class-transformer@0.5.1_class-validator@0._ff6a79f0d3e76ddb2b73722d992783a6/node_modules/@nestjs/testing/testing-module.builder.js:74:9)
    at Object.&lt;anonymous&gt; (/home/arligle/V1/Aiofix/aiofix-ai-saas-platform/packages/cache/src/services/memory-cache.service.spec.ts:21:35)</failure>
      <failure>TypeError: Cannot read properties of undefined (reading &apos;onModuleDestroy&apos;)
    at Object.&lt;anonymous&gt; (/home/arligle/V1/Aiofix/aiofix-ai-saas-platform/packages/cache/src/services/memory-cache.service.spec.ts:52:19)
    at Promise.then.completed (/home/arligle/V1/Aiofix/aiofix-ai-saas-platform/node_modules/.pnpm/jest-circus@29.7.0/node_modules/jest-circus/build/utils.js:298:28)
    at new Promise (&lt;anonymous&gt;)
    at callAsyncCircusFn (/home/arligle/V1/Aiofix/aiofix-ai-saas-platform/node_modules/.pnpm/jest-circus@29.7.0/node_modules/jest-circus/build/utils.js:231:10)
    at _callCircusHook (/home/arligle/V1/Aiofix/aiofix-ai-saas-platform/node_modules/.pnpm/jest-circus@29.7.0/node_modules/jest-circus/build/run.js:281:40)
    at _runTest (/home/arligle/V1/Aiofix/aiofix-ai-saas-platform/node_modules/.pnpm/jest-circus@29.7.0/node_modules/jest-circus/build/run.js:254:5)
    at _runTestsForDescribeBlock (/home/arligle/V1/Aiofix/aiofix-ai-saas-platform/node_modules/.pnpm/jest-circus@29.7.0/node_modules/jest-circus/build/run.js:126:9)
    at _runTestsForDescribeBlock (/home/arligle/V1/Aiofix/aiofix-ai-saas-platform/node_modules/.pnpm/jest-circus@29.7.0/node_modules/jest-circus/build/run.js:121:9)
    at _runTestsForDescribeBlock (/home/arligle/V1/Aiofix/aiofix-ai-saas-platform/node_modules/.pnpm/jest-circus@29.7.0/node_modules/jest-circus/build/run.js:121:9)
    at run (/home/arligle/V1/Aiofix/aiofix-ai-saas-platform/node_modules/.pnpm/jest-circus@29.7.0/node_modules/jest-circus/build/run.js:71:3)
    at runAndTransformResultsToJestFormat (/home/arligle/V1/Aiofix/aiofix-ai-saas-platform/node_modules/.pnpm/jest-circus@29.7.0/node_modules/jest-circus/build/legacy-code-todo-rewrite/jestAdapterInit.js:122:21)
    at jestAdapter (/home/arligle/V1/Aiofix/aiofix-ai-saas-platform/node_modules/.pnpm/jest-circus@29.7.0/node_modules/jest-circus/build/legacy-code-todo-rewrite/jestAdapter.js:79:19)
    at runTestInternal (/home/arligle/V1/Aiofix/aiofix-ai-saas-platform/node_modules/.pnpm/jest-runner@29.7.0/node_modules/jest-runner/build/runTest.js:367:16)
    at runTest (/home/arligle/V1/Aiofix/aiofix-ai-saas-platform/node_modules/.pnpm/jest-runner@29.7.0/node_modules/jest-runner/build/runTest.js:444:34)</failure>
    </testcase>
    <testcase classname="MemoryCacheService › concurrent access" name="should handle concurrent set operations" time="0.001">
      <failure>TypeError: Cannot read properties of undefined (reading &apos;info&apos;)
    at new info (/home/arligle/V1/Aiofix/aiofix-ai-saas-platform/packages/cache/src/services/memory-cache.service.ts:121:17)
    at TestingInjector.instantiateClass (/home/arligle/V1/Aiofix/aiofix-ai-saas-platform/node_modules/.pnpm/@nestjs+core@11.1.6_@nestjs+common@11.1.6_class-transformer@0.5.1_class-validator@0.14._bad85ac0f714a81162304b30d6edbbbf/node_modules/@nestjs/core/injector/injector.js:418:19)
    at callback (/home/arligle/V1/Aiofix/aiofix-ai-saas-platform/node_modules/.pnpm/@nestjs+core@11.1.6_@nestjs+common@11.1.6_class-transformer@0.5.1_class-validator@0.14._bad85ac0f714a81162304b30d6edbbbf/node_modules/@nestjs/core/injector/injector.js:70:45)
    at TestingInjector.resolveConstructorParams (/home/arligle/V1/Aiofix/aiofix-ai-saas-platform/node_modules/.pnpm/@nestjs+core@11.1.6_@nestjs+common@11.1.6_class-transformer@0.5.1_class-validator@0.14._bad85ac0f714a81162304b30d6edbbbf/node_modules/@nestjs/core/injector/injector.js:170:24)
    at TestingInjector.loadInstance (/home/arligle/V1/Aiofix/aiofix-ai-saas-platform/node_modules/.pnpm/@nestjs+core@11.1.6_@nestjs+common@11.1.6_class-transformer@0.5.1_class-validator@0.14._bad85ac0f714a81162304b30d6edbbbf/node_modules/@nestjs/core/injector/injector.js:75:13)
    at TestingInjector.loadProvider (/home/arligle/V1/Aiofix/aiofix-ai-saas-platform/node_modules/.pnpm/@nestjs+core@11.1.6_@nestjs+common@11.1.6_class-transformer@0.5.1_class-validator@0.14._bad85ac0f714a81162304b30d6edbbbf/node_modules/@nestjs/core/injector/injector.js:103:9)
    at /home/arligle/V1/Aiofix/aiofix-ai-saas-platform/node_modules/.pnpm/@nestjs+core@11.1.6_@nestjs+common@11.1.6_class-transformer@0.5.1_class-validator@0.14._bad85ac0f714a81162304b30d6edbbbf/node_modules/@nestjs/core/injector/instance-loader.js:56:13
    at async Promise.all (index 3)
    at TestingInstanceLoader.createInstancesOfProviders (/home/arligle/V1/Aiofix/aiofix-ai-saas-platform/node_modules/.pnpm/@nestjs+core@11.1.6_@nestjs+common@11.1.6_class-transformer@0.5.1_class-validator@0.14._bad85ac0f714a81162304b30d6edbbbf/node_modules/@nestjs/core/injector/instance-loader.js:55:9)
    at /home/arligle/V1/Aiofix/aiofix-ai-saas-platform/node_modules/.pnpm/@nestjs+core@11.1.6_@nestjs+common@11.1.6_class-transformer@0.5.1_class-validator@0.14._bad85ac0f714a81162304b30d6edbbbf/node_modules/@nestjs/core/injector/instance-loader.js:40:13
    at async Promise.all (index 1)
    at TestingInstanceLoader.createInstances (/home/arligle/V1/Aiofix/aiofix-ai-saas-platform/node_modules/.pnpm/@nestjs+core@11.1.6_@nestjs+common@11.1.6_class-transformer@0.5.1_class-validator@0.14._bad85ac0f714a81162304b30d6edbbbf/node_modules/@nestjs/core/injector/instance-loader.js:39:9)
    at TestingInstanceLoader.createInstancesOfDependencies (/home/arligle/V1/Aiofix/aiofix-ai-saas-platform/node_modules/.pnpm/@nestjs+core@11.1.6_@nestjs+common@11.1.6_class-transformer@0.5.1_class-validator@0.14._bad85ac0f714a81162304b30d6edbbbf/node_modules/@nestjs/core/injector/instance-loader.js:22:13)
    at TestingInstanceLoader.createInstancesOfDependencies (/home/arligle/V1/Aiofix/aiofix-ai-saas-platform/node_modules/.pnpm/@nestjs+testing@11.1.6_@nestjs+common@11.1.6_class-transformer@0.5.1_class-validator@0._ff6a79f0d3e76ddb2b73722d992783a6/node_modules/@nestjs/testing/testing-instance-loader.js:9:9)
    at TestingModuleBuilder.createInstancesOfDependencies (/home/arligle/V1/Aiofix/aiofix-ai-saas-platform/node_modules/.pnpm/@nestjs+testing@11.1.6_@nestjs+common@11.1.6_class-transformer@0.5.1_class-validator@0._ff6a79f0d3e76ddb2b73722d992783a6/node_modules/@nestjs/testing/testing-module.builder.js:118:9)
    at TestingModuleBuilder.compile (/home/arligle/V1/Aiofix/aiofix-ai-saas-platform/node_modules/.pnpm/@nestjs+testing@11.1.6_@nestjs+common@11.1.6_class-transformer@0.5.1_class-validator@0._ff6a79f0d3e76ddb2b73722d992783a6/node_modules/@nestjs/testing/testing-module.builder.js:74:9)
    at Object.&lt;anonymous&gt; (/home/arligle/V1/Aiofix/aiofix-ai-saas-platform/packages/cache/src/services/memory-cache.service.spec.ts:21:35)</failure>
      <failure>TypeError: Cannot read properties of undefined (reading &apos;onModuleDestroy&apos;)
    at Object.&lt;anonymous&gt; (/home/arligle/V1/Aiofix/aiofix-ai-saas-platform/packages/cache/src/services/memory-cache.service.spec.ts:52:19)
    at Promise.then.completed (/home/arligle/V1/Aiofix/aiofix-ai-saas-platform/node_modules/.pnpm/jest-circus@29.7.0/node_modules/jest-circus/build/utils.js:298:28)
    at new Promise (&lt;anonymous&gt;)
    at callAsyncCircusFn (/home/arligle/V1/Aiofix/aiofix-ai-saas-platform/node_modules/.pnpm/jest-circus@29.7.0/node_modules/jest-circus/build/utils.js:231:10)
    at _callCircusHook (/home/arligle/V1/Aiofix/aiofix-ai-saas-platform/node_modules/.pnpm/jest-circus@29.7.0/node_modules/jest-circus/build/run.js:281:40)
    at _runTest (/home/arligle/V1/Aiofix/aiofix-ai-saas-platform/node_modules/.pnpm/jest-circus@29.7.0/node_modules/jest-circus/build/run.js:254:5)
    at _runTestsForDescribeBlock (/home/arligle/V1/Aiofix/aiofix-ai-saas-platform/node_modules/.pnpm/jest-circus@29.7.0/node_modules/jest-circus/build/run.js:126:9)
    at _runTestsForDescribeBlock (/home/arligle/V1/Aiofix/aiofix-ai-saas-platform/node_modules/.pnpm/jest-circus@29.7.0/node_modules/jest-circus/build/run.js:121:9)
    at _runTestsForDescribeBlock (/home/arligle/V1/Aiofix/aiofix-ai-saas-platform/node_modules/.pnpm/jest-circus@29.7.0/node_modules/jest-circus/build/run.js:121:9)
    at run (/home/arligle/V1/Aiofix/aiofix-ai-saas-platform/node_modules/.pnpm/jest-circus@29.7.0/node_modules/jest-circus/build/run.js:71:3)
    at runAndTransformResultsToJestFormat (/home/arligle/V1/Aiofix/aiofix-ai-saas-platform/node_modules/.pnpm/jest-circus@29.7.0/node_modules/jest-circus/build/legacy-code-todo-rewrite/jestAdapterInit.js:122:21)
    at jestAdapter (/home/arligle/V1/Aiofix/aiofix-ai-saas-platform/node_modules/.pnpm/jest-circus@29.7.0/node_modules/jest-circus/build/legacy-code-todo-rewrite/jestAdapter.js:79:19)
    at runTestInternal (/home/arligle/V1/Aiofix/aiofix-ai-saas-platform/node_modules/.pnpm/jest-runner@29.7.0/node_modules/jest-runner/build/runTest.js:367:16)
    at runTest (/home/arligle/V1/Aiofix/aiofix-ai-saas-platform/node_modules/.pnpm/jest-runner@29.7.0/node_modules/jest-runner/build/runTest.js:444:34)</failure>
    </testcase>
    <testcase classname="MemoryCacheService › concurrent access" name="should handle concurrent get operations" time="0.001">
      <failure>TypeError: Cannot read properties of undefined (reading &apos;info&apos;)
    at new info (/home/arligle/V1/Aiofix/aiofix-ai-saas-platform/packages/cache/src/services/memory-cache.service.ts:121:17)
    at TestingInjector.instantiateClass (/home/arligle/V1/Aiofix/aiofix-ai-saas-platform/node_modules/.pnpm/@nestjs+core@11.1.6_@nestjs+common@11.1.6_class-transformer@0.5.1_class-validator@0.14._bad85ac0f714a81162304b30d6edbbbf/node_modules/@nestjs/core/injector/injector.js:418:19)
    at callback (/home/arligle/V1/Aiofix/aiofix-ai-saas-platform/node_modules/.pnpm/@nestjs+core@11.1.6_@nestjs+common@11.1.6_class-transformer@0.5.1_class-validator@0.14._bad85ac0f714a81162304b30d6edbbbf/node_modules/@nestjs/core/injector/injector.js:70:45)
    at TestingInjector.resolveConstructorParams (/home/arligle/V1/Aiofix/aiofix-ai-saas-platform/node_modules/.pnpm/@nestjs+core@11.1.6_@nestjs+common@11.1.6_class-transformer@0.5.1_class-validator@0.14._bad85ac0f714a81162304b30d6edbbbf/node_modules/@nestjs/core/injector/injector.js:170:24)
    at TestingInjector.loadInstance (/home/arligle/V1/Aiofix/aiofix-ai-saas-platform/node_modules/.pnpm/@nestjs+core@11.1.6_@nestjs+common@11.1.6_class-transformer@0.5.1_class-validator@0.14._bad85ac0f714a81162304b30d6edbbbf/node_modules/@nestjs/core/injector/injector.js:75:13)
    at TestingInjector.loadProvider (/home/arligle/V1/Aiofix/aiofix-ai-saas-platform/node_modules/.pnpm/@nestjs+core@11.1.6_@nestjs+common@11.1.6_class-transformer@0.5.1_class-validator@0.14._bad85ac0f714a81162304b30d6edbbbf/node_modules/@nestjs/core/injector/injector.js:103:9)
    at /home/arligle/V1/Aiofix/aiofix-ai-saas-platform/node_modules/.pnpm/@nestjs+core@11.1.6_@nestjs+common@11.1.6_class-transformer@0.5.1_class-validator@0.14._bad85ac0f714a81162304b30d6edbbbf/node_modules/@nestjs/core/injector/instance-loader.js:56:13
    at async Promise.all (index 3)
    at TestingInstanceLoader.createInstancesOfProviders (/home/arligle/V1/Aiofix/aiofix-ai-saas-platform/node_modules/.pnpm/@nestjs+core@11.1.6_@nestjs+common@11.1.6_class-transformer@0.5.1_class-validator@0.14._bad85ac0f714a81162304b30d6edbbbf/node_modules/@nestjs/core/injector/instance-loader.js:55:9)
    at /home/arligle/V1/Aiofix/aiofix-ai-saas-platform/node_modules/.pnpm/@nestjs+core@11.1.6_@nestjs+common@11.1.6_class-transformer@0.5.1_class-validator@0.14._bad85ac0f714a81162304b30d6edbbbf/node_modules/@nestjs/core/injector/instance-loader.js:40:13
    at async Promise.all (index 1)
    at TestingInstanceLoader.createInstances (/home/arligle/V1/Aiofix/aiofix-ai-saas-platform/node_modules/.pnpm/@nestjs+core@11.1.6_@nestjs+common@11.1.6_class-transformer@0.5.1_class-validator@0.14._bad85ac0f714a81162304b30d6edbbbf/node_modules/@nestjs/core/injector/instance-loader.js:39:9)
    at TestingInstanceLoader.createInstancesOfDependencies (/home/arligle/V1/Aiofix/aiofix-ai-saas-platform/node_modules/.pnpm/@nestjs+core@11.1.6_@nestjs+common@11.1.6_class-transformer@0.5.1_class-validator@0.14._bad85ac0f714a81162304b30d6edbbbf/node_modules/@nestjs/core/injector/instance-loader.js:22:13)
    at TestingInstanceLoader.createInstancesOfDependencies (/home/arligle/V1/Aiofix/aiofix-ai-saas-platform/node_modules/.pnpm/@nestjs+testing@11.1.6_@nestjs+common@11.1.6_class-transformer@0.5.1_class-validator@0._ff6a79f0d3e76ddb2b73722d992783a6/node_modules/@nestjs/testing/testing-instance-loader.js:9:9)
    at TestingModuleBuilder.createInstancesOfDependencies (/home/arligle/V1/Aiofix/aiofix-ai-saas-platform/node_modules/.pnpm/@nestjs+testing@11.1.6_@nestjs+common@11.1.6_class-transformer@0.5.1_class-validator@0._ff6a79f0d3e76ddb2b73722d992783a6/node_modules/@nestjs/testing/testing-module.builder.js:118:9)
    at TestingModuleBuilder.compile (/home/arligle/V1/Aiofix/aiofix-ai-saas-platform/node_modules/.pnpm/@nestjs+testing@11.1.6_@nestjs+common@11.1.6_class-transformer@0.5.1_class-validator@0._ff6a79f0d3e76ddb2b73722d992783a6/node_modules/@nestjs/testing/testing-module.builder.js:74:9)
    at Object.&lt;anonymous&gt; (/home/arligle/V1/Aiofix/aiofix-ai-saas-platform/packages/cache/src/services/memory-cache.service.spec.ts:21:35)</failure>
      <failure>TypeError: Cannot read properties of undefined (reading &apos;onModuleDestroy&apos;)
    at Object.&lt;anonymous&gt; (/home/arligle/V1/Aiofix/aiofix-ai-saas-platform/packages/cache/src/services/memory-cache.service.spec.ts:52:19)
    at Promise.then.completed (/home/arligle/V1/Aiofix/aiofix-ai-saas-platform/node_modules/.pnpm/jest-circus@29.7.0/node_modules/jest-circus/build/utils.js:298:28)
    at new Promise (&lt;anonymous&gt;)
    at callAsyncCircusFn (/home/arligle/V1/Aiofix/aiofix-ai-saas-platform/node_modules/.pnpm/jest-circus@29.7.0/node_modules/jest-circus/build/utils.js:231:10)
    at _callCircusHook (/home/arligle/V1/Aiofix/aiofix-ai-saas-platform/node_modules/.pnpm/jest-circus@29.7.0/node_modules/jest-circus/build/run.js:281:40)
    at _runTest (/home/arligle/V1/Aiofix/aiofix-ai-saas-platform/node_modules/.pnpm/jest-circus@29.7.0/node_modules/jest-circus/build/run.js:254:5)
    at _runTestsForDescribeBlock (/home/arligle/V1/Aiofix/aiofix-ai-saas-platform/node_modules/.pnpm/jest-circus@29.7.0/node_modules/jest-circus/build/run.js:126:9)
    at _runTestsForDescribeBlock (/home/arligle/V1/Aiofix/aiofix-ai-saas-platform/node_modules/.pnpm/jest-circus@29.7.0/node_modules/jest-circus/build/run.js:121:9)
    at _runTestsForDescribeBlock (/home/arligle/V1/Aiofix/aiofix-ai-saas-platform/node_modules/.pnpm/jest-circus@29.7.0/node_modules/jest-circus/build/run.js:121:9)
    at run (/home/arligle/V1/Aiofix/aiofix-ai-saas-platform/node_modules/.pnpm/jest-circus@29.7.0/node_modules/jest-circus/build/run.js:71:3)
    at runAndTransformResultsToJestFormat (/home/arligle/V1/Aiofix/aiofix-ai-saas-platform/node_modules/.pnpm/jest-circus@29.7.0/node_modules/jest-circus/build/legacy-code-todo-rewrite/jestAdapterInit.js:122:21)
    at jestAdapter (/home/arligle/V1/Aiofix/aiofix-ai-saas-platform/node_modules/.pnpm/jest-circus@29.7.0/node_modules/jest-circus/build/legacy-code-todo-rewrite/jestAdapter.js:79:19)
    at runTestInternal (/home/arligle/V1/Aiofix/aiofix-ai-saas-platform/node_modules/.pnpm/jest-runner@29.7.0/node_modules/jest-runner/build/runTest.js:367:16)
    at runTest (/home/arligle/V1/Aiofix/aiofix-ai-saas-platform/node_modules/.pnpm/jest-runner@29.7.0/node_modules/jest-runner/build/runTest.js:444:34)</failure>
    </testcase>
    <testcase classname="MemoryCacheService › module lifecycle" name="should clean up resources on destroy" time="0.001">
      <failure>TypeError: Cannot read properties of undefined (reading &apos;info&apos;)
    at new info (/home/arligle/V1/Aiofix/aiofix-ai-saas-platform/packages/cache/src/services/memory-cache.service.ts:121:17)
    at TestingInjector.instantiateClass (/home/arligle/V1/Aiofix/aiofix-ai-saas-platform/node_modules/.pnpm/@nestjs+core@11.1.6_@nestjs+common@11.1.6_class-transformer@0.5.1_class-validator@0.14._bad85ac0f714a81162304b30d6edbbbf/node_modules/@nestjs/core/injector/injector.js:418:19)
    at callback (/home/arligle/V1/Aiofix/aiofix-ai-saas-platform/node_modules/.pnpm/@nestjs+core@11.1.6_@nestjs+common@11.1.6_class-transformer@0.5.1_class-validator@0.14._bad85ac0f714a81162304b30d6edbbbf/node_modules/@nestjs/core/injector/injector.js:70:45)
    at TestingInjector.resolveConstructorParams (/home/arligle/V1/Aiofix/aiofix-ai-saas-platform/node_modules/.pnpm/@nestjs+core@11.1.6_@nestjs+common@11.1.6_class-transformer@0.5.1_class-validator@0.14._bad85ac0f714a81162304b30d6edbbbf/node_modules/@nestjs/core/injector/injector.js:170:24)
    at TestingInjector.loadInstance (/home/arligle/V1/Aiofix/aiofix-ai-saas-platform/node_modules/.pnpm/@nestjs+core@11.1.6_@nestjs+common@11.1.6_class-transformer@0.5.1_class-validator@0.14._bad85ac0f714a81162304b30d6edbbbf/node_modules/@nestjs/core/injector/injector.js:75:13)
    at TestingInjector.loadProvider (/home/arligle/V1/Aiofix/aiofix-ai-saas-platform/node_modules/.pnpm/@nestjs+core@11.1.6_@nestjs+common@11.1.6_class-transformer@0.5.1_class-validator@0.14._bad85ac0f714a81162304b30d6edbbbf/node_modules/@nestjs/core/injector/injector.js:103:9)
    at /home/arligle/V1/Aiofix/aiofix-ai-saas-platform/node_modules/.pnpm/@nestjs+core@11.1.6_@nestjs+common@11.1.6_class-transformer@0.5.1_class-validator@0.14._bad85ac0f714a81162304b30d6edbbbf/node_modules/@nestjs/core/injector/instance-loader.js:56:13
    at async Promise.all (index 3)
    at TestingInstanceLoader.createInstancesOfProviders (/home/arligle/V1/Aiofix/aiofix-ai-saas-platform/node_modules/.pnpm/@nestjs+core@11.1.6_@nestjs+common@11.1.6_class-transformer@0.5.1_class-validator@0.14._bad85ac0f714a81162304b30d6edbbbf/node_modules/@nestjs/core/injector/instance-loader.js:55:9)
    at /home/arligle/V1/Aiofix/aiofix-ai-saas-platform/node_modules/.pnpm/@nestjs+core@11.1.6_@nestjs+common@11.1.6_class-transformer@0.5.1_class-validator@0.14._bad85ac0f714a81162304b30d6edbbbf/node_modules/@nestjs/core/injector/instance-loader.js:40:13
    at async Promise.all (index 1)
    at TestingInstanceLoader.createInstances (/home/arligle/V1/Aiofix/aiofix-ai-saas-platform/node_modules/.pnpm/@nestjs+core@11.1.6_@nestjs+common@11.1.6_class-transformer@0.5.1_class-validator@0.14._bad85ac0f714a81162304b30d6edbbbf/node_modules/@nestjs/core/injector/instance-loader.js:39:9)
    at TestingInstanceLoader.createInstancesOfDependencies (/home/arligle/V1/Aiofix/aiofix-ai-saas-platform/node_modules/.pnpm/@nestjs+core@11.1.6_@nestjs+common@11.1.6_class-transformer@0.5.1_class-validator@0.14._bad85ac0f714a81162304b30d6edbbbf/node_modules/@nestjs/core/injector/instance-loader.js:22:13)
    at TestingInstanceLoader.createInstancesOfDependencies (/home/arligle/V1/Aiofix/aiofix-ai-saas-platform/node_modules/.pnpm/@nestjs+testing@11.1.6_@nestjs+common@11.1.6_class-transformer@0.5.1_class-validator@0._ff6a79f0d3e76ddb2b73722d992783a6/node_modules/@nestjs/testing/testing-instance-loader.js:9:9)
    at TestingModuleBuilder.createInstancesOfDependencies (/home/arligle/V1/Aiofix/aiofix-ai-saas-platform/node_modules/.pnpm/@nestjs+testing@11.1.6_@nestjs+common@11.1.6_class-transformer@0.5.1_class-validator@0._ff6a79f0d3e76ddb2b73722d992783a6/node_modules/@nestjs/testing/testing-module.builder.js:118:9)
    at TestingModuleBuilder.compile (/home/arligle/V1/Aiofix/aiofix-ai-saas-platform/node_modules/.pnpm/@nestjs+testing@11.1.6_@nestjs+common@11.1.6_class-transformer@0.5.1_class-validator@0._ff6a79f0d3e76ddb2b73722d992783a6/node_modules/@nestjs/testing/testing-module.builder.js:74:9)
    at Object.&lt;anonymous&gt; (/home/arligle/V1/Aiofix/aiofix-ai-saas-platform/packages/cache/src/services/memory-cache.service.spec.ts:21:35)</failure>
      <failure>TypeError: Cannot read properties of undefined (reading &apos;onModuleDestroy&apos;)
    at Object.&lt;anonymous&gt; (/home/arligle/V1/Aiofix/aiofix-ai-saas-platform/packages/cache/src/services/memory-cache.service.spec.ts:52:19)
    at Promise.then.completed (/home/arligle/V1/Aiofix/aiofix-ai-saas-platform/node_modules/.pnpm/jest-circus@29.7.0/node_modules/jest-circus/build/utils.js:298:28)
    at new Promise (&lt;anonymous&gt;)
    at callAsyncCircusFn (/home/arligle/V1/Aiofix/aiofix-ai-saas-platform/node_modules/.pnpm/jest-circus@29.7.0/node_modules/jest-circus/build/utils.js:231:10)
    at _callCircusHook (/home/arligle/V1/Aiofix/aiofix-ai-saas-platform/node_modules/.pnpm/jest-circus@29.7.0/node_modules/jest-circus/build/run.js:281:40)
    at _runTest (/home/arligle/V1/Aiofix/aiofix-ai-saas-platform/node_modules/.pnpm/jest-circus@29.7.0/node_modules/jest-circus/build/run.js:254:5)
    at _runTestsForDescribeBlock (/home/arligle/V1/Aiofix/aiofix-ai-saas-platform/node_modules/.pnpm/jest-circus@29.7.0/node_modules/jest-circus/build/run.js:126:9)
    at _runTestsForDescribeBlock (/home/arligle/V1/Aiofix/aiofix-ai-saas-platform/node_modules/.pnpm/jest-circus@29.7.0/node_modules/jest-circus/build/run.js:121:9)
    at _runTestsForDescribeBlock (/home/arligle/V1/Aiofix/aiofix-ai-saas-platform/node_modules/.pnpm/jest-circus@29.7.0/node_modules/jest-circus/build/run.js:121:9)
    at run (/home/arligle/V1/Aiofix/aiofix-ai-saas-platform/node_modules/.pnpm/jest-circus@29.7.0/node_modules/jest-circus/build/run.js:71:3)
    at runAndTransformResultsToJestFormat (/home/arligle/V1/Aiofix/aiofix-ai-saas-platform/node_modules/.pnpm/jest-circus@29.7.0/node_modules/jest-circus/build/legacy-code-todo-rewrite/jestAdapterInit.js:122:21)
    at jestAdapter (/home/arligle/V1/Aiofix/aiofix-ai-saas-platform/node_modules/.pnpm/jest-circus@29.7.0/node_modules/jest-circus/build/legacy-code-todo-rewrite/jestAdapter.js:79:19)
    at runTestInternal (/home/arligle/V1/Aiofix/aiofix-ai-saas-platform/node_modules/.pnpm/jest-runner@29.7.0/node_modules/jest-runner/build/runTest.js:367:16)
    at runTest (/home/arligle/V1/Aiofix/aiofix-ai-saas-platform/node_modules/.pnpm/jest-runner@29.7.0/node_modules/jest-runner/build/runTest.js:444:34)</failure>
    </testcase>
  </testsuite>
  <testsuite name="RedisCacheService" errors="0" failures="24" skipped="0" timestamp="2025-09-06T16:56:46" time="0.452" tests="24">
    <testcase classname="RedisCacheService › onModuleInit" name="should connect to Redis successfully" time="0.008">
      <failure>Error: expect(received).toBeDefined()

Received: undefined
    at Object.&lt;anonymous&gt; (/home/arligle/V1/Aiofix/aiofix-ai-saas-platform/packages/cache/src/services/redis-cache.service.spec.ts:104:31)</failure>
    </testcase>
    <testcase classname="RedisCacheService › onModuleInit" name="should handle connection error" time="0.002">
      <failure>Error: expect(received).toBeDefined()

Received: undefined
    at Object.&lt;anonymous&gt; (/home/arligle/V1/Aiofix/aiofix-ai-saas-platform/packages/cache/src/services/redis-cache.service.spec.ts:104:31)</failure>
    </testcase>
    <testcase classname="RedisCacheService › onModuleDestroy" name="should disconnect from Redis" time="0.001">
      <failure>Error: expect(received).toBeDefined()

Received: undefined
    at Object.&lt;anonymous&gt; (/home/arligle/V1/Aiofix/aiofix-ai-saas-platform/packages/cache/src/services/redis-cache.service.spec.ts:104:31)</failure>
    </testcase>
    <testcase classname="RedisCacheService › get" name="should get cache value successfully" time="0.002">
      <failure>Error: expect(received).toBeDefined()

Received: undefined
    at Object.&lt;anonymous&gt; (/home/arligle/V1/Aiofix/aiofix-ai-saas-platform/packages/cache/src/services/redis-cache.service.spec.ts:104:31)</failure>
    </testcase>
    <testcase classname="RedisCacheService › get" name="should return null for non-existent key" time="0.003">
      <failure>Error: expect(received).toBeDefined()

Received: undefined
    at Object.&lt;anonymous&gt; (/home/arligle/V1/Aiofix/aiofix-ai-saas-platform/packages/cache/src/services/redis-cache.service.spec.ts:104:31)</failure>
    </testcase>
    <testcase classname="RedisCacheService › get" name="should return null for expired cache" time="0.002">
      <failure>Error: expect(received).toBeDefined()

Received: undefined
    at Object.&lt;anonymous&gt; (/home/arligle/V1/Aiofix/aiofix-ai-saas-platform/packages/cache/src/services/redis-cache.service.spec.ts:104:31)</failure>
    </testcase>
    <testcase classname="RedisCacheService › get" name="should handle Redis error" time="0.004">
      <failure>Error: expect(received).toBeDefined()

Received: undefined
    at Object.&lt;anonymous&gt; (/home/arligle/V1/Aiofix/aiofix-ai-saas-platform/packages/cache/src/services/redis-cache.service.spec.ts:104:31)</failure>
    </testcase>
    <testcase classname="RedisCacheService › set" name="should set cache value successfully" time="0.002">
      <failure>Error: expect(received).toBeDefined()

Received: undefined
    at Object.&lt;anonymous&gt; (/home/arligle/V1/Aiofix/aiofix-ai-saas-platform/packages/cache/src/services/redis-cache.service.spec.ts:104:31)</failure>
    </testcase>
    <testcase classname="RedisCacheService › set" name="should set cache value without TTL" time="0.002">
      <failure>Error: expect(received).toBeDefined()

Received: undefined
    at Object.&lt;anonymous&gt; (/home/arligle/V1/Aiofix/aiofix-ai-saas-platform/packages/cache/src/services/redis-cache.service.spec.ts:104:31)</failure>
    </testcase>
    <testcase classname="RedisCacheService › set" name="should handle Redis error" time="0.001">
      <failure>Error: expect(received).toBeDefined()

Received: undefined
    at Object.&lt;anonymous&gt; (/home/arligle/V1/Aiofix/aiofix-ai-saas-platform/packages/cache/src/services/redis-cache.service.spec.ts:104:31)</failure>
    </testcase>
    <testcase classname="RedisCacheService › delete" name="should delete cache value successfully" time="0.002">
      <failure>Error: expect(received).toBeDefined()

Received: undefined
    at Object.&lt;anonymous&gt; (/home/arligle/V1/Aiofix/aiofix-ai-saas-platform/packages/cache/src/services/redis-cache.service.spec.ts:104:31)</failure>
    </testcase>
    <testcase classname="RedisCacheService › delete" name="should return false for non-existent key" time="0.001">
      <failure>Error: expect(received).toBeDefined()

Received: undefined
    at Object.&lt;anonymous&gt; (/home/arligle/V1/Aiofix/aiofix-ai-saas-platform/packages/cache/src/services/redis-cache.service.spec.ts:104:31)</failure>
    </testcase>
    <testcase classname="RedisCacheService › delete" name="should handle Redis error" time="0.002">
      <failure>Error: expect(received).toBeDefined()

Received: undefined
    at Object.&lt;anonymous&gt; (/home/arligle/V1/Aiofix/aiofix-ai-saas-platform/packages/cache/src/services/redis-cache.service.spec.ts:104:31)</failure>
    </testcase>
    <testcase classname="RedisCacheService › exists" name="should return true for existing key" time="0.001">
      <failure>Error: expect(received).toBeDefined()

Received: undefined
    at Object.&lt;anonymous&gt; (/home/arligle/V1/Aiofix/aiofix-ai-saas-platform/packages/cache/src/services/redis-cache.service.spec.ts:104:31)</failure>
    </testcase>
    <testcase classname="RedisCacheService › exists" name="should return false for non-existing key" time="0.001">
      <failure>Error: expect(received).toBeDefined()

Received: undefined
    at Object.&lt;anonymous&gt; (/home/arligle/V1/Aiofix/aiofix-ai-saas-platform/packages/cache/src/services/redis-cache.service.spec.ts:104:31)</failure>
    </testcase>
    <testcase classname="RedisCacheService › exists" name="should handle Redis error" time="0.001">
      <failure>Error: expect(received).toBeDefined()

Received: undefined
    at Object.&lt;anonymous&gt; (/home/arligle/V1/Aiofix/aiofix-ai-saas-platform/packages/cache/src/services/redis-cache.service.spec.ts:104:31)</failure>
    </testcase>
    <testcase classname="RedisCacheService › clear" name="should clear all cache" time="0.001">
      <failure>Error: expect(received).toBeDefined()

Received: undefined
    at Object.&lt;anonymous&gt; (/home/arligle/V1/Aiofix/aiofix-ai-saas-platform/packages/cache/src/services/redis-cache.service.spec.ts:104:31)</failure>
    </testcase>
    <testcase classname="RedisCacheService › clear" name="should clear cache by namespace" time="0.001">
      <failure>Error: expect(received).toBeDefined()

Received: undefined
    at Object.&lt;anonymous&gt; (/home/arligle/V1/Aiofix/aiofix-ai-saas-platform/packages/cache/src/services/redis-cache.service.spec.ts:104:31)</failure>
    </testcase>
    <testcase classname="RedisCacheService › clear" name="should handle Redis error" time="0.001">
      <failure>Error: expect(received).toBeDefined()

Received: undefined
    at Object.&lt;anonymous&gt; (/home/arligle/V1/Aiofix/aiofix-ai-saas-platform/packages/cache/src/services/redis-cache.service.spec.ts:104:31)</failure>
    </testcase>
    <testcase classname="RedisCacheService › getStats" name="should return cache statistics" time="0.001">
      <failure>Error: expect(received).toBeDefined()

Received: undefined
    at Object.&lt;anonymous&gt; (/home/arligle/V1/Aiofix/aiofix-ai-saas-platform/packages/cache/src/services/redis-cache.service.spec.ts:104:31)</failure>
    </testcase>
    <testcase classname="RedisCacheService › getStats" name="should handle Redis error" time="0.002">
      <failure>Error: expect(received).toBeDefined()

Received: undefined
    at Object.&lt;anonymous&gt; (/home/arligle/V1/Aiofix/aiofix-ai-saas-platform/packages/cache/src/services/redis-cache.service.spec.ts:104:31)</failure>
    </testcase>
    <testcase classname="RedisCacheService › getHealth" name="should return healthy status" time="0.002">
      <failure>Error: expect(received).toBeDefined()

Received: undefined
    at Object.&lt;anonymous&gt; (/home/arligle/V1/Aiofix/aiofix-ai-saas-platform/packages/cache/src/services/redis-cache.service.spec.ts:104:31)</failure>
    </testcase>
    <testcase classname="RedisCacheService › getHealth" name="should return unhealthy status on error" time="0.001">
      <failure>Error: expect(received).toBeDefined()

Received: undefined
    at Object.&lt;anonymous&gt; (/home/arligle/V1/Aiofix/aiofix-ai-saas-platform/packages/cache/src/services/redis-cache.service.spec.ts:104:31)</failure>
    </testcase>
    <testcase classname="RedisCacheService › resetStats" name="should reset cache statistics" time="0.002">
      <failure>Error: expect(received).toBeDefined()

Received: undefined
    at Object.&lt;anonymous&gt; (/home/arligle/V1/Aiofix/aiofix-ai-saas-platform/packages/cache/src/services/redis-cache.service.spec.ts:104:31)</failure>
    </testcase>
  </testsuite>
  <testsuite name="CacheManagerService" errors="0" failures="17" skipped="0" timestamp="2025-09-06T16:56:46" time="0.511" tests="17">
    <testcase classname="CacheManagerService › basic operations" name="should be defined" time="0.004">
      <failure>TypeError: Cannot read properties of undefined (reading &apos;info&apos;)
    at _classThis.info [as startMonitoring] (/home/arligle/V1/Aiofix/aiofix-ai-saas-platform/packages/cache/src/services/cache-manager.service.ts:826:19)
    at new startMonitoring (/home/arligle/V1/Aiofix/aiofix-ai-saas-platform/packages/cache/src/services/cache-manager.service.ts:152:10)
    at TestingInjector.instantiateClass (/home/arligle/V1/Aiofix/aiofix-ai-saas-platform/node_modules/.pnpm/@nestjs+core@11.1.6_@nestjs+common@11.1.6_class-transformer@0.5.1_class-validator@0.14._bad85ac0f714a81162304b30d6edbbbf/node_modules/@nestjs/core/injector/injector.js:418:19)
    at callback (/home/arligle/V1/Aiofix/aiofix-ai-saas-platform/node_modules/.pnpm/@nestjs+core@11.1.6_@nestjs+common@11.1.6_class-transformer@0.5.1_class-validator@0.14._bad85ac0f714a81162304b30d6edbbbf/node_modules/@nestjs/core/injector/injector.js:70:45)
    at TestingInjector.resolveConstructorParams (/home/arligle/V1/Aiofix/aiofix-ai-saas-platform/node_modules/.pnpm/@nestjs+core@11.1.6_@nestjs+common@11.1.6_class-transformer@0.5.1_class-validator@0.14._bad85ac0f714a81162304b30d6edbbbf/node_modules/@nestjs/core/injector/injector.js:170:24)
    at TestingInjector.loadInstance (/home/arligle/V1/Aiofix/aiofix-ai-saas-platform/node_modules/.pnpm/@nestjs+core@11.1.6_@nestjs+common@11.1.6_class-transformer@0.5.1_class-validator@0.14._bad85ac0f714a81162304b30d6edbbbf/node_modules/@nestjs/core/injector/injector.js:75:13)
    at TestingInjector.loadProvider (/home/arligle/V1/Aiofix/aiofix-ai-saas-platform/node_modules/.pnpm/@nestjs+core@11.1.6_@nestjs+common@11.1.6_class-transformer@0.5.1_class-validator@0.14._bad85ac0f714a81162304b30d6edbbbf/node_modules/@nestjs/core/injector/injector.js:103:9)
    at /home/arligle/V1/Aiofix/aiofix-ai-saas-platform/node_modules/.pnpm/@nestjs+core@11.1.6_@nestjs+common@11.1.6_class-transformer@0.5.1_class-validator@0.14._bad85ac0f714a81162304b30d6edbbbf/node_modules/@nestjs/core/injector/instance-loader.js:56:13
    at async Promise.all (index 3)
    at TestingInstanceLoader.createInstancesOfProviders (/home/arligle/V1/Aiofix/aiofix-ai-saas-platform/node_modules/.pnpm/@nestjs+core@11.1.6_@nestjs+common@11.1.6_class-transformer@0.5.1_class-validator@0.14._bad85ac0f714a81162304b30d6edbbbf/node_modules/@nestjs/core/injector/instance-loader.js:55:9)
    at /home/arligle/V1/Aiofix/aiofix-ai-saas-platform/node_modules/.pnpm/@nestjs+core@11.1.6_@nestjs+common@11.1.6_class-transformer@0.5.1_class-validator@0.14._bad85ac0f714a81162304b30d6edbbbf/node_modules/@nestjs/core/injector/instance-loader.js:40:13
    at async Promise.all (index 1)
    at TestingInstanceLoader.createInstances (/home/arligle/V1/Aiofix/aiofix-ai-saas-platform/node_modules/.pnpm/@nestjs+core@11.1.6_@nestjs+common@11.1.6_class-transformer@0.5.1_class-validator@0.14._bad85ac0f714a81162304b30d6edbbbf/node_modules/@nestjs/core/injector/instance-loader.js:39:9)
    at TestingInstanceLoader.createInstancesOfDependencies (/home/arligle/V1/Aiofix/aiofix-ai-saas-platform/node_modules/.pnpm/@nestjs+core@11.1.6_@nestjs+common@11.1.6_class-transformer@0.5.1_class-validator@0.14._bad85ac0f714a81162304b30d6edbbbf/node_modules/@nestjs/core/injector/instance-loader.js:22:13)
    at TestingInstanceLoader.createInstancesOfDependencies (/home/arligle/V1/Aiofix/aiofix-ai-saas-platform/node_modules/.pnpm/@nestjs+testing@11.1.6_@nestjs+common@11.1.6_class-transformer@0.5.1_class-validator@0._ff6a79f0d3e76ddb2b73722d992783a6/node_modules/@nestjs/testing/testing-instance-loader.js:9:9)
    at TestingModuleBuilder.createInstancesOfDependencies (/home/arligle/V1/Aiofix/aiofix-ai-saas-platform/node_modules/.pnpm/@nestjs+testing@11.1.6_@nestjs+common@11.1.6_class-transformer@0.5.1_class-validator@0._ff6a79f0d3e76ddb2b73722d992783a6/node_modules/@nestjs/testing/testing-module.builder.js:118:9)
    at TestingModuleBuilder.compile (/home/arligle/V1/Aiofix/aiofix-ai-saas-platform/node_modules/.pnpm/@nestjs+testing@11.1.6_@nestjs+common@11.1.6_class-transformer@0.5.1_class-validator@0._ff6a79f0d3e76ddb2b73722d992783a6/node_modules/@nestjs/testing/testing-module.builder.js:74:9)
    at Object.&lt;anonymous&gt; (/home/arligle/V1/Aiofix/aiofix-ai-saas-platform/packages/cache/src/services/cache-manager.service.spec.ts:196:35)</failure>
      <failure>TypeError: Cannot read properties of undefined (reading &apos;onDestroy&apos;)
    at Object.&lt;anonymous&gt; (/home/arligle/V1/Aiofix/aiofix-ai-saas-platform/packages/cache/src/services/cache-manager.service.spec.ts:222:13)
    at Promise.then.completed (/home/arligle/V1/Aiofix/aiofix-ai-saas-platform/node_modules/.pnpm/jest-circus@29.7.0/node_modules/jest-circus/build/utils.js:298:28)
    at new Promise (&lt;anonymous&gt;)
    at callAsyncCircusFn (/home/arligle/V1/Aiofix/aiofix-ai-saas-platform/node_modules/.pnpm/jest-circus@29.7.0/node_modules/jest-circus/build/utils.js:231:10)
    at _callCircusHook (/home/arligle/V1/Aiofix/aiofix-ai-saas-platform/node_modules/.pnpm/jest-circus@29.7.0/node_modules/jest-circus/build/run.js:281:40)
    at _runTest (/home/arligle/V1/Aiofix/aiofix-ai-saas-platform/node_modules/.pnpm/jest-circus@29.7.0/node_modules/jest-circus/build/run.js:254:5)
    at _runTestsForDescribeBlock (/home/arligle/V1/Aiofix/aiofix-ai-saas-platform/node_modules/.pnpm/jest-circus@29.7.0/node_modules/jest-circus/build/run.js:126:9)
    at _runTestsForDescribeBlock (/home/arligle/V1/Aiofix/aiofix-ai-saas-platform/node_modules/.pnpm/jest-circus@29.7.0/node_modules/jest-circus/build/run.js:121:9)
    at _runTestsForDescribeBlock (/home/arligle/V1/Aiofix/aiofix-ai-saas-platform/node_modules/.pnpm/jest-circus@29.7.0/node_modules/jest-circus/build/run.js:121:9)
    at run (/home/arligle/V1/Aiofix/aiofix-ai-saas-platform/node_modules/.pnpm/jest-circus@29.7.0/node_modules/jest-circus/build/run.js:71:3)
    at runAndTransformResultsToJestFormat (/home/arligle/V1/Aiofix/aiofix-ai-saas-platform/node_modules/.pnpm/jest-circus@29.7.0/node_modules/jest-circus/build/legacy-code-todo-rewrite/jestAdapterInit.js:122:21)
    at jestAdapter (/home/arligle/V1/Aiofix/aiofix-ai-saas-platform/node_modules/.pnpm/jest-circus@29.7.0/node_modules/jest-circus/build/legacy-code-todo-rewrite/jestAdapter.js:79:19)
    at runTestInternal (/home/arligle/V1/Aiofix/aiofix-ai-saas-platform/node_modules/.pnpm/jest-runner@29.7.0/node_modules/jest-runner/build/runTest.js:367:16)
    at runTest (/home/arligle/V1/Aiofix/aiofix-ai-saas-platform/node_modules/.pnpm/jest-runner@29.7.0/node_modules/jest-runner/build/runTest.js:444:34)</failure>
    </testcase>
    <testcase classname="CacheManagerService › basic operations" name="should add cache layer" time="0.002">
      <failure>TypeError: Cannot read properties of undefined (reading &apos;info&apos;)
    at _classThis.info [as startMonitoring] (/home/arligle/V1/Aiofix/aiofix-ai-saas-platform/packages/cache/src/services/cache-manager.service.ts:826:19)
    at new startMonitoring (/home/arligle/V1/Aiofix/aiofix-ai-saas-platform/packages/cache/src/services/cache-manager.service.ts:152:10)
    at TestingInjector.instantiateClass (/home/arligle/V1/Aiofix/aiofix-ai-saas-platform/node_modules/.pnpm/@nestjs+core@11.1.6_@nestjs+common@11.1.6_class-transformer@0.5.1_class-validator@0.14._bad85ac0f714a81162304b30d6edbbbf/node_modules/@nestjs/core/injector/injector.js:418:19)
    at callback (/home/arligle/V1/Aiofix/aiofix-ai-saas-platform/node_modules/.pnpm/@nestjs+core@11.1.6_@nestjs+common@11.1.6_class-transformer@0.5.1_class-validator@0.14._bad85ac0f714a81162304b30d6edbbbf/node_modules/@nestjs/core/injector/injector.js:70:45)
    at TestingInjector.resolveConstructorParams (/home/arligle/V1/Aiofix/aiofix-ai-saas-platform/node_modules/.pnpm/@nestjs+core@11.1.6_@nestjs+common@11.1.6_class-transformer@0.5.1_class-validator@0.14._bad85ac0f714a81162304b30d6edbbbf/node_modules/@nestjs/core/injector/injector.js:170:24)
    at TestingInjector.loadInstance (/home/arligle/V1/Aiofix/aiofix-ai-saas-platform/node_modules/.pnpm/@nestjs+core@11.1.6_@nestjs+common@11.1.6_class-transformer@0.5.1_class-validator@0.14._bad85ac0f714a81162304b30d6edbbbf/node_modules/@nestjs/core/injector/injector.js:75:13)
    at TestingInjector.loadProvider (/home/arligle/V1/Aiofix/aiofix-ai-saas-platform/node_modules/.pnpm/@nestjs+core@11.1.6_@nestjs+common@11.1.6_class-transformer@0.5.1_class-validator@0.14._bad85ac0f714a81162304b30d6edbbbf/node_modules/@nestjs/core/injector/injector.js:103:9)
    at /home/arligle/V1/Aiofix/aiofix-ai-saas-platform/node_modules/.pnpm/@nestjs+core@11.1.6_@nestjs+common@11.1.6_class-transformer@0.5.1_class-validator@0.14._bad85ac0f714a81162304b30d6edbbbf/node_modules/@nestjs/core/injector/instance-loader.js:56:13
    at async Promise.all (index 3)
    at TestingInstanceLoader.createInstancesOfProviders (/home/arligle/V1/Aiofix/aiofix-ai-saas-platform/node_modules/.pnpm/@nestjs+core@11.1.6_@nestjs+common@11.1.6_class-transformer@0.5.1_class-validator@0.14._bad85ac0f714a81162304b30d6edbbbf/node_modules/@nestjs/core/injector/instance-loader.js:55:9)
    at /home/arligle/V1/Aiofix/aiofix-ai-saas-platform/node_modules/.pnpm/@nestjs+core@11.1.6_@nestjs+common@11.1.6_class-transformer@0.5.1_class-validator@0.14._bad85ac0f714a81162304b30d6edbbbf/node_modules/@nestjs/core/injector/instance-loader.js:40:13
    at async Promise.all (index 1)
    at TestingInstanceLoader.createInstances (/home/arligle/V1/Aiofix/aiofix-ai-saas-platform/node_modules/.pnpm/@nestjs+core@11.1.6_@nestjs+common@11.1.6_class-transformer@0.5.1_class-validator@0.14._bad85ac0f714a81162304b30d6edbbbf/node_modules/@nestjs/core/injector/instance-loader.js:39:9)
    at TestingInstanceLoader.createInstancesOfDependencies (/home/arligle/V1/Aiofix/aiofix-ai-saas-platform/node_modules/.pnpm/@nestjs+core@11.1.6_@nestjs+common@11.1.6_class-transformer@0.5.1_class-validator@0.14._bad85ac0f714a81162304b30d6edbbbf/node_modules/@nestjs/core/injector/instance-loader.js:22:13)
    at TestingInstanceLoader.createInstancesOfDependencies (/home/arligle/V1/Aiofix/aiofix-ai-saas-platform/node_modules/.pnpm/@nestjs+testing@11.1.6_@nestjs+common@11.1.6_class-transformer@0.5.1_class-validator@0._ff6a79f0d3e76ddb2b73722d992783a6/node_modules/@nestjs/testing/testing-instance-loader.js:9:9)
    at TestingModuleBuilder.createInstancesOfDependencies (/home/arligle/V1/Aiofix/aiofix-ai-saas-platform/node_modules/.pnpm/@nestjs+testing@11.1.6_@nestjs+common@11.1.6_class-transformer@0.5.1_class-validator@0._ff6a79f0d3e76ddb2b73722d992783a6/node_modules/@nestjs/testing/testing-module.builder.js:118:9)
    at TestingModuleBuilder.compile (/home/arligle/V1/Aiofix/aiofix-ai-saas-platform/node_modules/.pnpm/@nestjs+testing@11.1.6_@nestjs+common@11.1.6_class-transformer@0.5.1_class-validator@0._ff6a79f0d3e76ddb2b73722d992783a6/node_modules/@nestjs/testing/testing-module.builder.js:74:9)
    at Object.&lt;anonymous&gt; (/home/arligle/V1/Aiofix/aiofix-ai-saas-platform/packages/cache/src/services/cache-manager.service.spec.ts:196:35)</failure>
      <failure>TypeError: Cannot read properties of undefined (reading &apos;onDestroy&apos;)
    at Object.&lt;anonymous&gt; (/home/arligle/V1/Aiofix/aiofix-ai-saas-platform/packages/cache/src/services/cache-manager.service.spec.ts:222:13)
    at Promise.then.completed (/home/arligle/V1/Aiofix/aiofix-ai-saas-platform/node_modules/.pnpm/jest-circus@29.7.0/node_modules/jest-circus/build/utils.js:298:28)
    at new Promise (&lt;anonymous&gt;)
    at callAsyncCircusFn (/home/arligle/V1/Aiofix/aiofix-ai-saas-platform/node_modules/.pnpm/jest-circus@29.7.0/node_modules/jest-circus/build/utils.js:231:10)
    at _callCircusHook (/home/arligle/V1/Aiofix/aiofix-ai-saas-platform/node_modules/.pnpm/jest-circus@29.7.0/node_modules/jest-circus/build/run.js:281:40)
    at _runTest (/home/arligle/V1/Aiofix/aiofix-ai-saas-platform/node_modules/.pnpm/jest-circus@29.7.0/node_modules/jest-circus/build/run.js:254:5)
    at _runTestsForDescribeBlock (/home/arligle/V1/Aiofix/aiofix-ai-saas-platform/node_modules/.pnpm/jest-circus@29.7.0/node_modules/jest-circus/build/run.js:126:9)
    at _runTestsForDescribeBlock (/home/arligle/V1/Aiofix/aiofix-ai-saas-platform/node_modules/.pnpm/jest-circus@29.7.0/node_modules/jest-circus/build/run.js:121:9)
    at _runTestsForDescribeBlock (/home/arligle/V1/Aiofix/aiofix-ai-saas-platform/node_modules/.pnpm/jest-circus@29.7.0/node_modules/jest-circus/build/run.js:121:9)
    at run (/home/arligle/V1/Aiofix/aiofix-ai-saas-platform/node_modules/.pnpm/jest-circus@29.7.0/node_modules/jest-circus/build/run.js:71:3)
    at runAndTransformResultsToJestFormat (/home/arligle/V1/Aiofix/aiofix-ai-saas-platform/node_modules/.pnpm/jest-circus@29.7.0/node_modules/jest-circus/build/legacy-code-todo-rewrite/jestAdapterInit.js:122:21)
    at jestAdapter (/home/arligle/V1/Aiofix/aiofix-ai-saas-platform/node_modules/.pnpm/jest-circus@29.7.0/node_modules/jest-circus/build/legacy-code-todo-rewrite/jestAdapter.js:79:19)
    at runTestInternal (/home/arligle/V1/Aiofix/aiofix-ai-saas-platform/node_modules/.pnpm/jest-runner@29.7.0/node_modules/jest-runner/build/runTest.js:367:16)
    at runTest (/home/arligle/V1/Aiofix/aiofix-ai-saas-platform/node_modules/.pnpm/jest-runner@29.7.0/node_modules/jest-runner/build/runTest.js:444:34)</failure>
    </testcase>
    <testcase classname="CacheManagerService › basic operations" name="should remove cache layer" time="0.001">
      <failure>TypeError: Cannot read properties of undefined (reading &apos;info&apos;)
    at _classThis.info [as startMonitoring] (/home/arligle/V1/Aiofix/aiofix-ai-saas-platform/packages/cache/src/services/cache-manager.service.ts:826:19)
    at new startMonitoring (/home/arligle/V1/Aiofix/aiofix-ai-saas-platform/packages/cache/src/services/cache-manager.service.ts:152:10)
    at TestingInjector.instantiateClass (/home/arligle/V1/Aiofix/aiofix-ai-saas-platform/node_modules/.pnpm/@nestjs+core@11.1.6_@nestjs+common@11.1.6_class-transformer@0.5.1_class-validator@0.14._bad85ac0f714a81162304b30d6edbbbf/node_modules/@nestjs/core/injector/injector.js:418:19)
    at callback (/home/arligle/V1/Aiofix/aiofix-ai-saas-platform/node_modules/.pnpm/@nestjs+core@11.1.6_@nestjs+common@11.1.6_class-transformer@0.5.1_class-validator@0.14._bad85ac0f714a81162304b30d6edbbbf/node_modules/@nestjs/core/injector/injector.js:70:45)
    at TestingInjector.resolveConstructorParams (/home/arligle/V1/Aiofix/aiofix-ai-saas-platform/node_modules/.pnpm/@nestjs+core@11.1.6_@nestjs+common@11.1.6_class-transformer@0.5.1_class-validator@0.14._bad85ac0f714a81162304b30d6edbbbf/node_modules/@nestjs/core/injector/injector.js:170:24)
    at TestingInjector.loadInstance (/home/arligle/V1/Aiofix/aiofix-ai-saas-platform/node_modules/.pnpm/@nestjs+core@11.1.6_@nestjs+common@11.1.6_class-transformer@0.5.1_class-validator@0.14._bad85ac0f714a81162304b30d6edbbbf/node_modules/@nestjs/core/injector/injector.js:75:13)
    at TestingInjector.loadProvider (/home/arligle/V1/Aiofix/aiofix-ai-saas-platform/node_modules/.pnpm/@nestjs+core@11.1.6_@nestjs+common@11.1.6_class-transformer@0.5.1_class-validator@0.14._bad85ac0f714a81162304b30d6edbbbf/node_modules/@nestjs/core/injector/injector.js:103:9)
    at /home/arligle/V1/Aiofix/aiofix-ai-saas-platform/node_modules/.pnpm/@nestjs+core@11.1.6_@nestjs+common@11.1.6_class-transformer@0.5.1_class-validator@0.14._bad85ac0f714a81162304b30d6edbbbf/node_modules/@nestjs/core/injector/instance-loader.js:56:13
    at async Promise.all (index 3)
    at TestingInstanceLoader.createInstancesOfProviders (/home/arligle/V1/Aiofix/aiofix-ai-saas-platform/node_modules/.pnpm/@nestjs+core@11.1.6_@nestjs+common@11.1.6_class-transformer@0.5.1_class-validator@0.14._bad85ac0f714a81162304b30d6edbbbf/node_modules/@nestjs/core/injector/instance-loader.js:55:9)
    at /home/arligle/V1/Aiofix/aiofix-ai-saas-platform/node_modules/.pnpm/@nestjs+core@11.1.6_@nestjs+common@11.1.6_class-transformer@0.5.1_class-validator@0.14._bad85ac0f714a81162304b30d6edbbbf/node_modules/@nestjs/core/injector/instance-loader.js:40:13
    at async Promise.all (index 1)
    at TestingInstanceLoader.createInstances (/home/arligle/V1/Aiofix/aiofix-ai-saas-platform/node_modules/.pnpm/@nestjs+core@11.1.6_@nestjs+common@11.1.6_class-transformer@0.5.1_class-validator@0.14._bad85ac0f714a81162304b30d6edbbbf/node_modules/@nestjs/core/injector/instance-loader.js:39:9)
    at TestingInstanceLoader.createInstancesOfDependencies (/home/arligle/V1/Aiofix/aiofix-ai-saas-platform/node_modules/.pnpm/@nestjs+core@11.1.6_@nestjs+common@11.1.6_class-transformer@0.5.1_class-validator@0.14._bad85ac0f714a81162304b30d6edbbbf/node_modules/@nestjs/core/injector/instance-loader.js:22:13)
    at TestingInstanceLoader.createInstancesOfDependencies (/home/arligle/V1/Aiofix/aiofix-ai-saas-platform/node_modules/.pnpm/@nestjs+testing@11.1.6_@nestjs+common@11.1.6_class-transformer@0.5.1_class-validator@0._ff6a79f0d3e76ddb2b73722d992783a6/node_modules/@nestjs/testing/testing-instance-loader.js:9:9)
    at TestingModuleBuilder.createInstancesOfDependencies (/home/arligle/V1/Aiofix/aiofix-ai-saas-platform/node_modules/.pnpm/@nestjs+testing@11.1.6_@nestjs+common@11.1.6_class-transformer@0.5.1_class-validator@0._ff6a79f0d3e76ddb2b73722d992783a6/node_modules/@nestjs/testing/testing-module.builder.js:118:9)
    at TestingModuleBuilder.compile (/home/arligle/V1/Aiofix/aiofix-ai-saas-platform/node_modules/.pnpm/@nestjs+testing@11.1.6_@nestjs+common@11.1.6_class-transformer@0.5.1_class-validator@0._ff6a79f0d3e76ddb2b73722d992783a6/node_modules/@nestjs/testing/testing-module.builder.js:74:9)
    at Object.&lt;anonymous&gt; (/home/arligle/V1/Aiofix/aiofix-ai-saas-platform/packages/cache/src/services/cache-manager.service.spec.ts:196:35)</failure>
      <failure>TypeError: Cannot read properties of undefined (reading &apos;onDestroy&apos;)
    at Object.&lt;anonymous&gt; (/home/arligle/V1/Aiofix/aiofix-ai-saas-platform/packages/cache/src/services/cache-manager.service.spec.ts:222:13)
    at Promise.then.completed (/home/arligle/V1/Aiofix/aiofix-ai-saas-platform/node_modules/.pnpm/jest-circus@29.7.0/node_modules/jest-circus/build/utils.js:298:28)
    at new Promise (&lt;anonymous&gt;)
    at callAsyncCircusFn (/home/arligle/V1/Aiofix/aiofix-ai-saas-platform/node_modules/.pnpm/jest-circus@29.7.0/node_modules/jest-circus/build/utils.js:231:10)
    at _callCircusHook (/home/arligle/V1/Aiofix/aiofix-ai-saas-platform/node_modules/.pnpm/jest-circus@29.7.0/node_modules/jest-circus/build/run.js:281:40)
    at _runTest (/home/arligle/V1/Aiofix/aiofix-ai-saas-platform/node_modules/.pnpm/jest-circus@29.7.0/node_modules/jest-circus/build/run.js:254:5)
    at _runTestsForDescribeBlock (/home/arligle/V1/Aiofix/aiofix-ai-saas-platform/node_modules/.pnpm/jest-circus@29.7.0/node_modules/jest-circus/build/run.js:126:9)
    at _runTestsForDescribeBlock (/home/arligle/V1/Aiofix/aiofix-ai-saas-platform/node_modules/.pnpm/jest-circus@29.7.0/node_modules/jest-circus/build/run.js:121:9)
    at _runTestsForDescribeBlock (/home/arligle/V1/Aiofix/aiofix-ai-saas-platform/node_modules/.pnpm/jest-circus@29.7.0/node_modules/jest-circus/build/run.js:121:9)
    at run (/home/arligle/V1/Aiofix/aiofix-ai-saas-platform/node_modules/.pnpm/jest-circus@29.7.0/node_modules/jest-circus/build/run.js:71:3)
    at runAndTransformResultsToJestFormat (/home/arligle/V1/Aiofix/aiofix-ai-saas-platform/node_modules/.pnpm/jest-circus@29.7.0/node_modules/jest-circus/build/legacy-code-todo-rewrite/jestAdapterInit.js:122:21)
    at jestAdapter (/home/arligle/V1/Aiofix/aiofix-ai-saas-platform/node_modules/.pnpm/jest-circus@29.7.0/node_modules/jest-circus/build/legacy-code-todo-rewrite/jestAdapter.js:79:19)
    at runTestInternal (/home/arligle/V1/Aiofix/aiofix-ai-saas-platform/node_modules/.pnpm/jest-runner@29.7.0/node_modules/jest-runner/build/runTest.js:367:16)
    at runTest (/home/arligle/V1/Aiofix/aiofix-ai-saas-platform/node_modules/.pnpm/jest-runner@29.7.0/node_modules/jest-runner/build/runTest.js:444:34)</failure>
    </testcase>
    <testcase classname="CacheManagerService › basic operations" name="should enable/disable cache layer" time="0.001">
      <failure>TypeError: Cannot read properties of undefined (reading &apos;info&apos;)
    at _classThis.info [as startMonitoring] (/home/arligle/V1/Aiofix/aiofix-ai-saas-platform/packages/cache/src/services/cache-manager.service.ts:826:19)
    at new startMonitoring (/home/arligle/V1/Aiofix/aiofix-ai-saas-platform/packages/cache/src/services/cache-manager.service.ts:152:10)
    at TestingInjector.instantiateClass (/home/arligle/V1/Aiofix/aiofix-ai-saas-platform/node_modules/.pnpm/@nestjs+core@11.1.6_@nestjs+common@11.1.6_class-transformer@0.5.1_class-validator@0.14._bad85ac0f714a81162304b30d6edbbbf/node_modules/@nestjs/core/injector/injector.js:418:19)
    at callback (/home/arligle/V1/Aiofix/aiofix-ai-saas-platform/node_modules/.pnpm/@nestjs+core@11.1.6_@nestjs+common@11.1.6_class-transformer@0.5.1_class-validator@0.14._bad85ac0f714a81162304b30d6edbbbf/node_modules/@nestjs/core/injector/injector.js:70:45)
    at TestingInjector.resolveConstructorParams (/home/arligle/V1/Aiofix/aiofix-ai-saas-platform/node_modules/.pnpm/@nestjs+core@11.1.6_@nestjs+common@11.1.6_class-transformer@0.5.1_class-validator@0.14._bad85ac0f714a81162304b30d6edbbbf/node_modules/@nestjs/core/injector/injector.js:170:24)
    at TestingInjector.loadInstance (/home/arligle/V1/Aiofix/aiofix-ai-saas-platform/node_modules/.pnpm/@nestjs+core@11.1.6_@nestjs+common@11.1.6_class-transformer@0.5.1_class-validator@0.14._bad85ac0f714a81162304b30d6edbbbf/node_modules/@nestjs/core/injector/injector.js:75:13)
    at TestingInjector.loadProvider (/home/arligle/V1/Aiofix/aiofix-ai-saas-platform/node_modules/.pnpm/@nestjs+core@11.1.6_@nestjs+common@11.1.6_class-transformer@0.5.1_class-validator@0.14._bad85ac0f714a81162304b30d6edbbbf/node_modules/@nestjs/core/injector/injector.js:103:9)
    at /home/arligle/V1/Aiofix/aiofix-ai-saas-platform/node_modules/.pnpm/@nestjs+core@11.1.6_@nestjs+common@11.1.6_class-transformer@0.5.1_class-validator@0.14._bad85ac0f714a81162304b30d6edbbbf/node_modules/@nestjs/core/injector/instance-loader.js:56:13
    at async Promise.all (index 3)
    at TestingInstanceLoader.createInstancesOfProviders (/home/arligle/V1/Aiofix/aiofix-ai-saas-platform/node_modules/.pnpm/@nestjs+core@11.1.6_@nestjs+common@11.1.6_class-transformer@0.5.1_class-validator@0.14._bad85ac0f714a81162304b30d6edbbbf/node_modules/@nestjs/core/injector/instance-loader.js:55:9)
    at /home/arligle/V1/Aiofix/aiofix-ai-saas-platform/node_modules/.pnpm/@nestjs+core@11.1.6_@nestjs+common@11.1.6_class-transformer@0.5.1_class-validator@0.14._bad85ac0f714a81162304b30d6edbbbf/node_modules/@nestjs/core/injector/instance-loader.js:40:13
    at async Promise.all (index 1)
    at TestingInstanceLoader.createInstances (/home/arligle/V1/Aiofix/aiofix-ai-saas-platform/node_modules/.pnpm/@nestjs+core@11.1.6_@nestjs+common@11.1.6_class-transformer@0.5.1_class-validator@0.14._bad85ac0f714a81162304b30d6edbbbf/node_modules/@nestjs/core/injector/instance-loader.js:39:9)
    at TestingInstanceLoader.createInstancesOfDependencies (/home/arligle/V1/Aiofix/aiofix-ai-saas-platform/node_modules/.pnpm/@nestjs+core@11.1.6_@nestjs+common@11.1.6_class-transformer@0.5.1_class-validator@0.14._bad85ac0f714a81162304b30d6edbbbf/node_modules/@nestjs/core/injector/instance-loader.js:22:13)
    at TestingInstanceLoader.createInstancesOfDependencies (/home/arligle/V1/Aiofix/aiofix-ai-saas-platform/node_modules/.pnpm/@nestjs+testing@11.1.6_@nestjs+common@11.1.6_class-transformer@0.5.1_class-validator@0._ff6a79f0d3e76ddb2b73722d992783a6/node_modules/@nestjs/testing/testing-instance-loader.js:9:9)
    at TestingModuleBuilder.createInstancesOfDependencies (/home/arligle/V1/Aiofix/aiofix-ai-saas-platform/node_modules/.pnpm/@nestjs+testing@11.1.6_@nestjs+common@11.1.6_class-transformer@0.5.1_class-validator@0._ff6a79f0d3e76ddb2b73722d992783a6/node_modules/@nestjs/testing/testing-module.builder.js:118:9)
    at TestingModuleBuilder.compile (/home/arligle/V1/Aiofix/aiofix-ai-saas-platform/node_modules/.pnpm/@nestjs+testing@11.1.6_@nestjs+common@11.1.6_class-transformer@0.5.1_class-validator@0._ff6a79f0d3e76ddb2b73722d992783a6/node_modules/@nestjs/testing/testing-module.builder.js:74:9)
    at Object.&lt;anonymous&gt; (/home/arligle/V1/Aiofix/aiofix-ai-saas-platform/packages/cache/src/services/cache-manager.service.spec.ts:196:35)</failure>
      <failure>TypeError: Cannot read properties of undefined (reading &apos;onDestroy&apos;)
    at Object.&lt;anonymous&gt; (/home/arligle/V1/Aiofix/aiofix-ai-saas-platform/packages/cache/src/services/cache-manager.service.spec.ts:222:13)
    at Promise.then.completed (/home/arligle/V1/Aiofix/aiofix-ai-saas-platform/node_modules/.pnpm/jest-circus@29.7.0/node_modules/jest-circus/build/utils.js:298:28)
    at new Promise (&lt;anonymous&gt;)
    at callAsyncCircusFn (/home/arligle/V1/Aiofix/aiofix-ai-saas-platform/node_modules/.pnpm/jest-circus@29.7.0/node_modules/jest-circus/build/utils.js:231:10)
    at _callCircusHook (/home/arligle/V1/Aiofix/aiofix-ai-saas-platform/node_modules/.pnpm/jest-circus@29.7.0/node_modules/jest-circus/build/run.js:281:40)
    at _runTest (/home/arligle/V1/Aiofix/aiofix-ai-saas-platform/node_modules/.pnpm/jest-circus@29.7.0/node_modules/jest-circus/build/run.js:254:5)
    at _runTestsForDescribeBlock (/home/arligle/V1/Aiofix/aiofix-ai-saas-platform/node_modules/.pnpm/jest-circus@29.7.0/node_modules/jest-circus/build/run.js:126:9)
    at _runTestsForDescribeBlock (/home/arligle/V1/Aiofix/aiofix-ai-saas-platform/node_modules/.pnpm/jest-circus@29.7.0/node_modules/jest-circus/build/run.js:121:9)
    at _runTestsForDescribeBlock (/home/arligle/V1/Aiofix/aiofix-ai-saas-platform/node_modules/.pnpm/jest-circus@29.7.0/node_modules/jest-circus/build/run.js:121:9)
    at run (/home/arligle/V1/Aiofix/aiofix-ai-saas-platform/node_modules/.pnpm/jest-circus@29.7.0/node_modules/jest-circus/build/run.js:71:3)
    at runAndTransformResultsToJestFormat (/home/arligle/V1/Aiofix/aiofix-ai-saas-platform/node_modules/.pnpm/jest-circus@29.7.0/node_modules/jest-circus/build/legacy-code-todo-rewrite/jestAdapterInit.js:122:21)
    at jestAdapter (/home/arligle/V1/Aiofix/aiofix-ai-saas-platform/node_modules/.pnpm/jest-circus@29.7.0/node_modules/jest-circus/build/legacy-code-todo-rewrite/jestAdapter.js:79:19)
    at runTestInternal (/home/arligle/V1/Aiofix/aiofix-ai-saas-platform/node_modules/.pnpm/jest-runner@29.7.0/node_modules/jest-runner/build/runTest.js:367:16)
    at runTest (/home/arligle/V1/Aiofix/aiofix-ai-saas-platform/node_modules/.pnpm/jest-runner@29.7.0/node_modules/jest-runner/build/runTest.js:444:34)</failure>
    </testcase>
    <testcase classname="CacheManagerService › cache operations" name="should get value from cache" time="0.005">
      <failure>TypeError: Cannot read properties of undefined (reading &apos;info&apos;)
    at _classThis.info [as startMonitoring] (/home/arligle/V1/Aiofix/aiofix-ai-saas-platform/packages/cache/src/services/cache-manager.service.ts:826:19)
    at new startMonitoring (/home/arligle/V1/Aiofix/aiofix-ai-saas-platform/packages/cache/src/services/cache-manager.service.ts:152:10)
    at TestingInjector.instantiateClass (/home/arligle/V1/Aiofix/aiofix-ai-saas-platform/node_modules/.pnpm/@nestjs+core@11.1.6_@nestjs+common@11.1.6_class-transformer@0.5.1_class-validator@0.14._bad85ac0f714a81162304b30d6edbbbf/node_modules/@nestjs/core/injector/injector.js:418:19)
    at callback (/home/arligle/V1/Aiofix/aiofix-ai-saas-platform/node_modules/.pnpm/@nestjs+core@11.1.6_@nestjs+common@11.1.6_class-transformer@0.5.1_class-validator@0.14._bad85ac0f714a81162304b30d6edbbbf/node_modules/@nestjs/core/injector/injector.js:70:45)
    at TestingInjector.resolveConstructorParams (/home/arligle/V1/Aiofix/aiofix-ai-saas-platform/node_modules/.pnpm/@nestjs+core@11.1.6_@nestjs+common@11.1.6_class-transformer@0.5.1_class-validator@0.14._bad85ac0f714a81162304b30d6edbbbf/node_modules/@nestjs/core/injector/injector.js:170:24)
    at TestingInjector.loadInstance (/home/arligle/V1/Aiofix/aiofix-ai-saas-platform/node_modules/.pnpm/@nestjs+core@11.1.6_@nestjs+common@11.1.6_class-transformer@0.5.1_class-validator@0.14._bad85ac0f714a81162304b30d6edbbbf/node_modules/@nestjs/core/injector/injector.js:75:13)
    at TestingInjector.loadProvider (/home/arligle/V1/Aiofix/aiofix-ai-saas-platform/node_modules/.pnpm/@nestjs+core@11.1.6_@nestjs+common@11.1.6_class-transformer@0.5.1_class-validator@0.14._bad85ac0f714a81162304b30d6edbbbf/node_modules/@nestjs/core/injector/injector.js:103:9)
    at /home/arligle/V1/Aiofix/aiofix-ai-saas-platform/node_modules/.pnpm/@nestjs+core@11.1.6_@nestjs+common@11.1.6_class-transformer@0.5.1_class-validator@0.14._bad85ac0f714a81162304b30d6edbbbf/node_modules/@nestjs/core/injector/instance-loader.js:56:13
    at async Promise.all (index 3)
    at TestingInstanceLoader.createInstancesOfProviders (/home/arligle/V1/Aiofix/aiofix-ai-saas-platform/node_modules/.pnpm/@nestjs+core@11.1.6_@nestjs+common@11.1.6_class-transformer@0.5.1_class-validator@0.14._bad85ac0f714a81162304b30d6edbbbf/node_modules/@nestjs/core/injector/instance-loader.js:55:9)
    at /home/arligle/V1/Aiofix/aiofix-ai-saas-platform/node_modules/.pnpm/@nestjs+core@11.1.6_@nestjs+common@11.1.6_class-transformer@0.5.1_class-validator@0.14._bad85ac0f714a81162304b30d6edbbbf/node_modules/@nestjs/core/injector/instance-loader.js:40:13
    at async Promise.all (index 1)
    at TestingInstanceLoader.createInstances (/home/arligle/V1/Aiofix/aiofix-ai-saas-platform/node_modules/.pnpm/@nestjs+core@11.1.6_@nestjs+common@11.1.6_class-transformer@0.5.1_class-validator@0.14._bad85ac0f714a81162304b30d6edbbbf/node_modules/@nestjs/core/injector/instance-loader.js:39:9)
    at TestingInstanceLoader.createInstancesOfDependencies (/home/arligle/V1/Aiofix/aiofix-ai-saas-platform/node_modules/.pnpm/@nestjs+core@11.1.6_@nestjs+common@11.1.6_class-transformer@0.5.1_class-validator@0.14._bad85ac0f714a81162304b30d6edbbbf/node_modules/@nestjs/core/injector/instance-loader.js:22:13)
    at TestingInstanceLoader.createInstancesOfDependencies (/home/arligle/V1/Aiofix/aiofix-ai-saas-platform/node_modules/.pnpm/@nestjs+testing@11.1.6_@nestjs+common@11.1.6_class-transformer@0.5.1_class-validator@0._ff6a79f0d3e76ddb2b73722d992783a6/node_modules/@nestjs/testing/testing-instance-loader.js:9:9)
    at TestingModuleBuilder.createInstancesOfDependencies (/home/arligle/V1/Aiofix/aiofix-ai-saas-platform/node_modules/.pnpm/@nestjs+testing@11.1.6_@nestjs+common@11.1.6_class-transformer@0.5.1_class-validator@0._ff6a79f0d3e76ddb2b73722d992783a6/node_modules/@nestjs/testing/testing-module.builder.js:118:9)
    at TestingModuleBuilder.compile (/home/arligle/V1/Aiofix/aiofix-ai-saas-platform/node_modules/.pnpm/@nestjs+testing@11.1.6_@nestjs+common@11.1.6_class-transformer@0.5.1_class-validator@0._ff6a79f0d3e76ddb2b73722d992783a6/node_modules/@nestjs/testing/testing-module.builder.js:74:9)
    at Object.&lt;anonymous&gt; (/home/arligle/V1/Aiofix/aiofix-ai-saas-platform/packages/cache/src/services/cache-manager.service.spec.ts:196:35)</failure>
      <failure>TypeError: Cannot read properties of undefined (reading &apos;onDestroy&apos;)
    at Object.&lt;anonymous&gt; (/home/arligle/V1/Aiofix/aiofix-ai-saas-platform/packages/cache/src/services/cache-manager.service.spec.ts:222:13)
    at Promise.then.completed (/home/arligle/V1/Aiofix/aiofix-ai-saas-platform/node_modules/.pnpm/jest-circus@29.7.0/node_modules/jest-circus/build/utils.js:298:28)
    at new Promise (&lt;anonymous&gt;)
    at callAsyncCircusFn (/home/arligle/V1/Aiofix/aiofix-ai-saas-platform/node_modules/.pnpm/jest-circus@29.7.0/node_modules/jest-circus/build/utils.js:231:10)
    at _callCircusHook (/home/arligle/V1/Aiofix/aiofix-ai-saas-platform/node_modules/.pnpm/jest-circus@29.7.0/node_modules/jest-circus/build/run.js:281:40)
    at _runTest (/home/arligle/V1/Aiofix/aiofix-ai-saas-platform/node_modules/.pnpm/jest-circus@29.7.0/node_modules/jest-circus/build/run.js:254:5)
    at _runTestsForDescribeBlock (/home/arligle/V1/Aiofix/aiofix-ai-saas-platform/node_modules/.pnpm/jest-circus@29.7.0/node_modules/jest-circus/build/run.js:126:9)
    at _runTestsForDescribeBlock (/home/arligle/V1/Aiofix/aiofix-ai-saas-platform/node_modules/.pnpm/jest-circus@29.7.0/node_modules/jest-circus/build/run.js:121:9)
    at _runTestsForDescribeBlock (/home/arligle/V1/Aiofix/aiofix-ai-saas-platform/node_modules/.pnpm/jest-circus@29.7.0/node_modules/jest-circus/build/run.js:121:9)
    at run (/home/arligle/V1/Aiofix/aiofix-ai-saas-platform/node_modules/.pnpm/jest-circus@29.7.0/node_modules/jest-circus/build/run.js:71:3)
    at runAndTransformResultsToJestFormat (/home/arligle/V1/Aiofix/aiofix-ai-saas-platform/node_modules/.pnpm/jest-circus@29.7.0/node_modules/jest-circus/build/legacy-code-todo-rewrite/jestAdapterInit.js:122:21)
    at jestAdapter (/home/arligle/V1/Aiofix/aiofix-ai-saas-platform/node_modules/.pnpm/jest-circus@29.7.0/node_modules/jest-circus/build/legacy-code-todo-rewrite/jestAdapter.js:79:19)
    at runTestInternal (/home/arligle/V1/Aiofix/aiofix-ai-saas-platform/node_modules/.pnpm/jest-runner@29.7.0/node_modules/jest-runner/build/runTest.js:367:16)
    at runTest (/home/arligle/V1/Aiofix/aiofix-ai-saas-platform/node_modules/.pnpm/jest-runner@29.7.0/node_modules/jest-runner/build/runTest.js:444:34)</failure>
    </testcase>
    <testcase classname="CacheManagerService › cache operations" name="should return null for non-existent key" time="0.001">
      <failure>TypeError: Cannot read properties of undefined (reading &apos;info&apos;)
    at _classThis.info [as startMonitoring] (/home/arligle/V1/Aiofix/aiofix-ai-saas-platform/packages/cache/src/services/cache-manager.service.ts:826:19)
    at new startMonitoring (/home/arligle/V1/Aiofix/aiofix-ai-saas-platform/packages/cache/src/services/cache-manager.service.ts:152:10)
    at TestingInjector.instantiateClass (/home/arligle/V1/Aiofix/aiofix-ai-saas-platform/node_modules/.pnpm/@nestjs+core@11.1.6_@nestjs+common@11.1.6_class-transformer@0.5.1_class-validator@0.14._bad85ac0f714a81162304b30d6edbbbf/node_modules/@nestjs/core/injector/injector.js:418:19)
    at callback (/home/arligle/V1/Aiofix/aiofix-ai-saas-platform/node_modules/.pnpm/@nestjs+core@11.1.6_@nestjs+common@11.1.6_class-transformer@0.5.1_class-validator@0.14._bad85ac0f714a81162304b30d6edbbbf/node_modules/@nestjs/core/injector/injector.js:70:45)
    at TestingInjector.resolveConstructorParams (/home/arligle/V1/Aiofix/aiofix-ai-saas-platform/node_modules/.pnpm/@nestjs+core@11.1.6_@nestjs+common@11.1.6_class-transformer@0.5.1_class-validator@0.14._bad85ac0f714a81162304b30d6edbbbf/node_modules/@nestjs/core/injector/injector.js:170:24)
    at TestingInjector.loadInstance (/home/arligle/V1/Aiofix/aiofix-ai-saas-platform/node_modules/.pnpm/@nestjs+core@11.1.6_@nestjs+common@11.1.6_class-transformer@0.5.1_class-validator@0.14._bad85ac0f714a81162304b30d6edbbbf/node_modules/@nestjs/core/injector/injector.js:75:13)
    at TestingInjector.loadProvider (/home/arligle/V1/Aiofix/aiofix-ai-saas-platform/node_modules/.pnpm/@nestjs+core@11.1.6_@nestjs+common@11.1.6_class-transformer@0.5.1_class-validator@0.14._bad85ac0f714a81162304b30d6edbbbf/node_modules/@nestjs/core/injector/injector.js:103:9)
    at /home/arligle/V1/Aiofix/aiofix-ai-saas-platform/node_modules/.pnpm/@nestjs+core@11.1.6_@nestjs+common@11.1.6_class-transformer@0.5.1_class-validator@0.14._bad85ac0f714a81162304b30d6edbbbf/node_modules/@nestjs/core/injector/instance-loader.js:56:13
    at async Promise.all (index 3)
    at TestingInstanceLoader.createInstancesOfProviders (/home/arligle/V1/Aiofix/aiofix-ai-saas-platform/node_modules/.pnpm/@nestjs+core@11.1.6_@nestjs+common@11.1.6_class-transformer@0.5.1_class-validator@0.14._bad85ac0f714a81162304b30d6edbbbf/node_modules/@nestjs/core/injector/instance-loader.js:55:9)
    at /home/arligle/V1/Aiofix/aiofix-ai-saas-platform/node_modules/.pnpm/@nestjs+core@11.1.6_@nestjs+common@11.1.6_class-transformer@0.5.1_class-validator@0.14._bad85ac0f714a81162304b30d6edbbbf/node_modules/@nestjs/core/injector/instance-loader.js:40:13
    at async Promise.all (index 1)
    at TestingInstanceLoader.createInstances (/home/arligle/V1/Aiofix/aiofix-ai-saas-platform/node_modules/.pnpm/@nestjs+core@11.1.6_@nestjs+common@11.1.6_class-transformer@0.5.1_class-validator@0.14._bad85ac0f714a81162304b30d6edbbbf/node_modules/@nestjs/core/injector/instance-loader.js:39:9)
    at TestingInstanceLoader.createInstancesOfDependencies (/home/arligle/V1/Aiofix/aiofix-ai-saas-platform/node_modules/.pnpm/@nestjs+core@11.1.6_@nestjs+common@11.1.6_class-transformer@0.5.1_class-validator@0.14._bad85ac0f714a81162304b30d6edbbbf/node_modules/@nestjs/core/injector/instance-loader.js:22:13)
    at TestingInstanceLoader.createInstancesOfDependencies (/home/arligle/V1/Aiofix/aiofix-ai-saas-platform/node_modules/.pnpm/@nestjs+testing@11.1.6_@nestjs+common@11.1.6_class-transformer@0.5.1_class-validator@0._ff6a79f0d3e76ddb2b73722d992783a6/node_modules/@nestjs/testing/testing-instance-loader.js:9:9)
    at TestingModuleBuilder.createInstancesOfDependencies (/home/arligle/V1/Aiofix/aiofix-ai-saas-platform/node_modules/.pnpm/@nestjs+testing@11.1.6_@nestjs+common@11.1.6_class-transformer@0.5.1_class-validator@0._ff6a79f0d3e76ddb2b73722d992783a6/node_modules/@nestjs/testing/testing-module.builder.js:118:9)
    at TestingModuleBuilder.compile (/home/arligle/V1/Aiofix/aiofix-ai-saas-platform/node_modules/.pnpm/@nestjs+testing@11.1.6_@nestjs+common@11.1.6_class-transformer@0.5.1_class-validator@0._ff6a79f0d3e76ddb2b73722d992783a6/node_modules/@nestjs/testing/testing-module.builder.js:74:9)
    at Object.&lt;anonymous&gt; (/home/arligle/V1/Aiofix/aiofix-ai-saas-platform/packages/cache/src/services/cache-manager.service.spec.ts:196:35)</failure>
      <failure>TypeError: Cannot read properties of undefined (reading &apos;onDestroy&apos;)
    at Object.&lt;anonymous&gt; (/home/arligle/V1/Aiofix/aiofix-ai-saas-platform/packages/cache/src/services/cache-manager.service.spec.ts:222:13)
    at Promise.then.completed (/home/arligle/V1/Aiofix/aiofix-ai-saas-platform/node_modules/.pnpm/jest-circus@29.7.0/node_modules/jest-circus/build/utils.js:298:28)
    at new Promise (&lt;anonymous&gt;)
    at callAsyncCircusFn (/home/arligle/V1/Aiofix/aiofix-ai-saas-platform/node_modules/.pnpm/jest-circus@29.7.0/node_modules/jest-circus/build/utils.js:231:10)
    at _callCircusHook (/home/arligle/V1/Aiofix/aiofix-ai-saas-platform/node_modules/.pnpm/jest-circus@29.7.0/node_modules/jest-circus/build/run.js:281:40)
    at _runTest (/home/arligle/V1/Aiofix/aiofix-ai-saas-platform/node_modules/.pnpm/jest-circus@29.7.0/node_modules/jest-circus/build/run.js:254:5)
    at _runTestsForDescribeBlock (/home/arligle/V1/Aiofix/aiofix-ai-saas-platform/node_modules/.pnpm/jest-circus@29.7.0/node_modules/jest-circus/build/run.js:126:9)
    at _runTestsForDescribeBlock (/home/arligle/V1/Aiofix/aiofix-ai-saas-platform/node_modules/.pnpm/jest-circus@29.7.0/node_modules/jest-circus/build/run.js:121:9)
    at _runTestsForDescribeBlock (/home/arligle/V1/Aiofix/aiofix-ai-saas-platform/node_modules/.pnpm/jest-circus@29.7.0/node_modules/jest-circus/build/run.js:121:9)
    at run (/home/arligle/V1/Aiofix/aiofix-ai-saas-platform/node_modules/.pnpm/jest-circus@29.7.0/node_modules/jest-circus/build/run.js:71:3)
    at runAndTransformResultsToJestFormat (/home/arligle/V1/Aiofix/aiofix-ai-saas-platform/node_modules/.pnpm/jest-circus@29.7.0/node_modules/jest-circus/build/legacy-code-todo-rewrite/jestAdapterInit.js:122:21)
    at jestAdapter (/home/arligle/V1/Aiofix/aiofix-ai-saas-platform/node_modules/.pnpm/jest-circus@29.7.0/node_modules/jest-circus/build/legacy-code-todo-rewrite/jestAdapter.js:79:19)
    at runTestInternal (/home/arligle/V1/Aiofix/aiofix-ai-saas-platform/node_modules/.pnpm/jest-runner@29.7.0/node_modules/jest-runner/build/runTest.js:367:16)
    at runTest (/home/arligle/V1/Aiofix/aiofix-ai-saas-platform/node_modules/.pnpm/jest-runner@29.7.0/node_modules/jest-runner/build/runTest.js:444:34)</failure>
    </testcase>
    <testcase classname="CacheManagerService › cache operations" name="should set value in all layers" time="0.002">
      <failure>TypeError: Cannot read properties of undefined (reading &apos;info&apos;)
    at _classThis.info [as startMonitoring] (/home/arligle/V1/Aiofix/aiofix-ai-saas-platform/packages/cache/src/services/cache-manager.service.ts:826:19)
    at new startMonitoring (/home/arligle/V1/Aiofix/aiofix-ai-saas-platform/packages/cache/src/services/cache-manager.service.ts:152:10)
    at TestingInjector.instantiateClass (/home/arligle/V1/Aiofix/aiofix-ai-saas-platform/node_modules/.pnpm/@nestjs+core@11.1.6_@nestjs+common@11.1.6_class-transformer@0.5.1_class-validator@0.14._bad85ac0f714a81162304b30d6edbbbf/node_modules/@nestjs/core/injector/injector.js:418:19)
    at callback (/home/arligle/V1/Aiofix/aiofix-ai-saas-platform/node_modules/.pnpm/@nestjs+core@11.1.6_@nestjs+common@11.1.6_class-transformer@0.5.1_class-validator@0.14._bad85ac0f714a81162304b30d6edbbbf/node_modules/@nestjs/core/injector/injector.js:70:45)
    at TestingInjector.resolveConstructorParams (/home/arligle/V1/Aiofix/aiofix-ai-saas-platform/node_modules/.pnpm/@nestjs+core@11.1.6_@nestjs+common@11.1.6_class-transformer@0.5.1_class-validator@0.14._bad85ac0f714a81162304b30d6edbbbf/node_modules/@nestjs/core/injector/injector.js:170:24)
    at TestingInjector.loadInstance (/home/arligle/V1/Aiofix/aiofix-ai-saas-platform/node_modules/.pnpm/@nestjs+core@11.1.6_@nestjs+common@11.1.6_class-transformer@0.5.1_class-validator@0.14._bad85ac0f714a81162304b30d6edbbbf/node_modules/@nestjs/core/injector/injector.js:75:13)
    at TestingInjector.loadProvider (/home/arligle/V1/Aiofix/aiofix-ai-saas-platform/node_modules/.pnpm/@nestjs+core@11.1.6_@nestjs+common@11.1.6_class-transformer@0.5.1_class-validator@0.14._bad85ac0f714a81162304b30d6edbbbf/node_modules/@nestjs/core/injector/injector.js:103:9)
    at /home/arligle/V1/Aiofix/aiofix-ai-saas-platform/node_modules/.pnpm/@nestjs+core@11.1.6_@nestjs+common@11.1.6_class-transformer@0.5.1_class-validator@0.14._bad85ac0f714a81162304b30d6edbbbf/node_modules/@nestjs/core/injector/instance-loader.js:56:13
    at async Promise.all (index 3)
    at TestingInstanceLoader.createInstancesOfProviders (/home/arligle/V1/Aiofix/aiofix-ai-saas-platform/node_modules/.pnpm/@nestjs+core@11.1.6_@nestjs+common@11.1.6_class-transformer@0.5.1_class-validator@0.14._bad85ac0f714a81162304b30d6edbbbf/node_modules/@nestjs/core/injector/instance-loader.js:55:9)
    at /home/arligle/V1/Aiofix/aiofix-ai-saas-platform/node_modules/.pnpm/@nestjs+core@11.1.6_@nestjs+common@11.1.6_class-transformer@0.5.1_class-validator@0.14._bad85ac0f714a81162304b30d6edbbbf/node_modules/@nestjs/core/injector/instance-loader.js:40:13
    at async Promise.all (index 1)
    at TestingInstanceLoader.createInstances (/home/arligle/V1/Aiofix/aiofix-ai-saas-platform/node_modules/.pnpm/@nestjs+core@11.1.6_@nestjs+common@11.1.6_class-transformer@0.5.1_class-validator@0.14._bad85ac0f714a81162304b30d6edbbbf/node_modules/@nestjs/core/injector/instance-loader.js:39:9)
    at TestingInstanceLoader.createInstancesOfDependencies (/home/arligle/V1/Aiofix/aiofix-ai-saas-platform/node_modules/.pnpm/@nestjs+core@11.1.6_@nestjs+common@11.1.6_class-transformer@0.5.1_class-validator@0.14._bad85ac0f714a81162304b30d6edbbbf/node_modules/@nestjs/core/injector/instance-loader.js:22:13)
    at TestingInstanceLoader.createInstancesOfDependencies (/home/arligle/V1/Aiofix/aiofix-ai-saas-platform/node_modules/.pnpm/@nestjs+testing@11.1.6_@nestjs+common@11.1.6_class-transformer@0.5.1_class-validator@0._ff6a79f0d3e76ddb2b73722d992783a6/node_modules/@nestjs/testing/testing-instance-loader.js:9:9)
    at TestingModuleBuilder.createInstancesOfDependencies (/home/arligle/V1/Aiofix/aiofix-ai-saas-platform/node_modules/.pnpm/@nestjs+testing@11.1.6_@nestjs+common@11.1.6_class-transformer@0.5.1_class-validator@0._ff6a79f0d3e76ddb2b73722d992783a6/node_modules/@nestjs/testing/testing-module.builder.js:118:9)
    at TestingModuleBuilder.compile (/home/arligle/V1/Aiofix/aiofix-ai-saas-platform/node_modules/.pnpm/@nestjs+testing@11.1.6_@nestjs+common@11.1.6_class-transformer@0.5.1_class-validator@0._ff6a79f0d3e76ddb2b73722d992783a6/node_modules/@nestjs/testing/testing-module.builder.js:74:9)
    at Object.&lt;anonymous&gt; (/home/arligle/V1/Aiofix/aiofix-ai-saas-platform/packages/cache/src/services/cache-manager.service.spec.ts:196:35)</failure>
      <failure>TypeError: Cannot read properties of undefined (reading &apos;onDestroy&apos;)
    at Object.&lt;anonymous&gt; (/home/arligle/V1/Aiofix/aiofix-ai-saas-platform/packages/cache/src/services/cache-manager.service.spec.ts:222:13)
    at Promise.then.completed (/home/arligle/V1/Aiofix/aiofix-ai-saas-platform/node_modules/.pnpm/jest-circus@29.7.0/node_modules/jest-circus/build/utils.js:298:28)
    at new Promise (&lt;anonymous&gt;)
    at callAsyncCircusFn (/home/arligle/V1/Aiofix/aiofix-ai-saas-platform/node_modules/.pnpm/jest-circus@29.7.0/node_modules/jest-circus/build/utils.js:231:10)
    at _callCircusHook (/home/arligle/V1/Aiofix/aiofix-ai-saas-platform/node_modules/.pnpm/jest-circus@29.7.0/node_modules/jest-circus/build/run.js:281:40)
    at _runTest (/home/arligle/V1/Aiofix/aiofix-ai-saas-platform/node_modules/.pnpm/jest-circus@29.7.0/node_modules/jest-circus/build/run.js:254:5)
    at _runTestsForDescribeBlock (/home/arligle/V1/Aiofix/aiofix-ai-saas-platform/node_modules/.pnpm/jest-circus@29.7.0/node_modules/jest-circus/build/run.js:126:9)
    at _runTestsForDescribeBlock (/home/arligle/V1/Aiofix/aiofix-ai-saas-platform/node_modules/.pnpm/jest-circus@29.7.0/node_modules/jest-circus/build/run.js:121:9)
    at _runTestsForDescribeBlock (/home/arligle/V1/Aiofix/aiofix-ai-saas-platform/node_modules/.pnpm/jest-circus@29.7.0/node_modules/jest-circus/build/run.js:121:9)
    at run (/home/arligle/V1/Aiofix/aiofix-ai-saas-platform/node_modules/.pnpm/jest-circus@29.7.0/node_modules/jest-circus/build/run.js:71:3)
    at runAndTransformResultsToJestFormat (/home/arligle/V1/Aiofix/aiofix-ai-saas-platform/node_modules/.pnpm/jest-circus@29.7.0/node_modules/jest-circus/build/legacy-code-todo-rewrite/jestAdapterInit.js:122:21)
    at jestAdapter (/home/arligle/V1/Aiofix/aiofix-ai-saas-platform/node_modules/.pnpm/jest-circus@29.7.0/node_modules/jest-circus/build/legacy-code-todo-rewrite/jestAdapter.js:79:19)
    at runTestInternal (/home/arligle/V1/Aiofix/aiofix-ai-saas-platform/node_modules/.pnpm/jest-runner@29.7.0/node_modules/jest-runner/build/runTest.js:367:16)
    at runTest (/home/arligle/V1/Aiofix/aiofix-ai-saas-platform/node_modules/.pnpm/jest-runner@29.7.0/node_modules/jest-runner/build/runTest.js:444:34)</failure>
    </testcase>
    <testcase classname="CacheManagerService › cache operations" name="should delete value from all layers" time="0.002">
      <failure>TypeError: Cannot read properties of undefined (reading &apos;info&apos;)
    at _classThis.info [as startMonitoring] (/home/arligle/V1/Aiofix/aiofix-ai-saas-platform/packages/cache/src/services/cache-manager.service.ts:826:19)
    at new startMonitoring (/home/arligle/V1/Aiofix/aiofix-ai-saas-platform/packages/cache/src/services/cache-manager.service.ts:152:10)
    at TestingInjector.instantiateClass (/home/arligle/V1/Aiofix/aiofix-ai-saas-platform/node_modules/.pnpm/@nestjs+core@11.1.6_@nestjs+common@11.1.6_class-transformer@0.5.1_class-validator@0.14._bad85ac0f714a81162304b30d6edbbbf/node_modules/@nestjs/core/injector/injector.js:418:19)
    at callback (/home/arligle/V1/Aiofix/aiofix-ai-saas-platform/node_modules/.pnpm/@nestjs+core@11.1.6_@nestjs+common@11.1.6_class-transformer@0.5.1_class-validator@0.14._bad85ac0f714a81162304b30d6edbbbf/node_modules/@nestjs/core/injector/injector.js:70:45)
    at TestingInjector.resolveConstructorParams (/home/arligle/V1/Aiofix/aiofix-ai-saas-platform/node_modules/.pnpm/@nestjs+core@11.1.6_@nestjs+common@11.1.6_class-transformer@0.5.1_class-validator@0.14._bad85ac0f714a81162304b30d6edbbbf/node_modules/@nestjs/core/injector/injector.js:170:24)
    at TestingInjector.loadInstance (/home/arligle/V1/Aiofix/aiofix-ai-saas-platform/node_modules/.pnpm/@nestjs+core@11.1.6_@nestjs+common@11.1.6_class-transformer@0.5.1_class-validator@0.14._bad85ac0f714a81162304b30d6edbbbf/node_modules/@nestjs/core/injector/injector.js:75:13)
    at TestingInjector.loadProvider (/home/arligle/V1/Aiofix/aiofix-ai-saas-platform/node_modules/.pnpm/@nestjs+core@11.1.6_@nestjs+common@11.1.6_class-transformer@0.5.1_class-validator@0.14._bad85ac0f714a81162304b30d6edbbbf/node_modules/@nestjs/core/injector/injector.js:103:9)
    at /home/arligle/V1/Aiofix/aiofix-ai-saas-platform/node_modules/.pnpm/@nestjs+core@11.1.6_@nestjs+common@11.1.6_class-transformer@0.5.1_class-validator@0.14._bad85ac0f714a81162304b30d6edbbbf/node_modules/@nestjs/core/injector/instance-loader.js:56:13
    at async Promise.all (index 3)
    at TestingInstanceLoader.createInstancesOfProviders (/home/arligle/V1/Aiofix/aiofix-ai-saas-platform/node_modules/.pnpm/@nestjs+core@11.1.6_@nestjs+common@11.1.6_class-transformer@0.5.1_class-validator@0.14._bad85ac0f714a81162304b30d6edbbbf/node_modules/@nestjs/core/injector/instance-loader.js:55:9)
    at /home/arligle/V1/Aiofix/aiofix-ai-saas-platform/node_modules/.pnpm/@nestjs+core@11.1.6_@nestjs+common@11.1.6_class-transformer@0.5.1_class-validator@0.14._bad85ac0f714a81162304b30d6edbbbf/node_modules/@nestjs/core/injector/instance-loader.js:40:13
    at async Promise.all (index 1)
    at TestingInstanceLoader.createInstances (/home/arligle/V1/Aiofix/aiofix-ai-saas-platform/node_modules/.pnpm/@nestjs+core@11.1.6_@nestjs+common@11.1.6_class-transformer@0.5.1_class-validator@0.14._bad85ac0f714a81162304b30d6edbbbf/node_modules/@nestjs/core/injector/instance-loader.js:39:9)
    at TestingInstanceLoader.createInstancesOfDependencies (/home/arligle/V1/Aiofix/aiofix-ai-saas-platform/node_modules/.pnpm/@nestjs+core@11.1.6_@nestjs+common@11.1.6_class-transformer@0.5.1_class-validator@0.14._bad85ac0f714a81162304b30d6edbbbf/node_modules/@nestjs/core/injector/instance-loader.js:22:13)
    at TestingInstanceLoader.createInstancesOfDependencies (/home/arligle/V1/Aiofix/aiofix-ai-saas-platform/node_modules/.pnpm/@nestjs+testing@11.1.6_@nestjs+common@11.1.6_class-transformer@0.5.1_class-validator@0._ff6a79f0d3e76ddb2b73722d992783a6/node_modules/@nestjs/testing/testing-instance-loader.js:9:9)
    at TestingModuleBuilder.createInstancesOfDependencies (/home/arligle/V1/Aiofix/aiofix-ai-saas-platform/node_modules/.pnpm/@nestjs+testing@11.1.6_@nestjs+common@11.1.6_class-transformer@0.5.1_class-validator@0._ff6a79f0d3e76ddb2b73722d992783a6/node_modules/@nestjs/testing/testing-module.builder.js:118:9)
    at TestingModuleBuilder.compile (/home/arligle/V1/Aiofix/aiofix-ai-saas-platform/node_modules/.pnpm/@nestjs+testing@11.1.6_@nestjs+common@11.1.6_class-transformer@0.5.1_class-validator@0._ff6a79f0d3e76ddb2b73722d992783a6/node_modules/@nestjs/testing/testing-module.builder.js:74:9)
    at Object.&lt;anonymous&gt; (/home/arligle/V1/Aiofix/aiofix-ai-saas-platform/packages/cache/src/services/cache-manager.service.spec.ts:196:35)</failure>
      <failure>TypeError: Cannot read properties of undefined (reading &apos;onDestroy&apos;)
    at Object.&lt;anonymous&gt; (/home/arligle/V1/Aiofix/aiofix-ai-saas-platform/packages/cache/src/services/cache-manager.service.spec.ts:222:13)
    at Promise.then.completed (/home/arligle/V1/Aiofix/aiofix-ai-saas-platform/node_modules/.pnpm/jest-circus@29.7.0/node_modules/jest-circus/build/utils.js:298:28)
    at new Promise (&lt;anonymous&gt;)
    at callAsyncCircusFn (/home/arligle/V1/Aiofix/aiofix-ai-saas-platform/node_modules/.pnpm/jest-circus@29.7.0/node_modules/jest-circus/build/utils.js:231:10)
    at _callCircusHook (/home/arligle/V1/Aiofix/aiofix-ai-saas-platform/node_modules/.pnpm/jest-circus@29.7.0/node_modules/jest-circus/build/run.js:281:40)
    at _runTest (/home/arligle/V1/Aiofix/aiofix-ai-saas-platform/node_modules/.pnpm/jest-circus@29.7.0/node_modules/jest-circus/build/run.js:254:5)
    at _runTestsForDescribeBlock (/home/arligle/V1/Aiofix/aiofix-ai-saas-platform/node_modules/.pnpm/jest-circus@29.7.0/node_modules/jest-circus/build/run.js:126:9)
    at _runTestsForDescribeBlock (/home/arligle/V1/Aiofix/aiofix-ai-saas-platform/node_modules/.pnpm/jest-circus@29.7.0/node_modules/jest-circus/build/run.js:121:9)
    at _runTestsForDescribeBlock (/home/arligle/V1/Aiofix/aiofix-ai-saas-platform/node_modules/.pnpm/jest-circus@29.7.0/node_modules/jest-circus/build/run.js:121:9)
    at run (/home/arligle/V1/Aiofix/aiofix-ai-saas-platform/node_modules/.pnpm/jest-circus@29.7.0/node_modules/jest-circus/build/run.js:71:3)
    at runAndTransformResultsToJestFormat (/home/arligle/V1/Aiofix/aiofix-ai-saas-platform/node_modules/.pnpm/jest-circus@29.7.0/node_modules/jest-circus/build/legacy-code-todo-rewrite/jestAdapterInit.js:122:21)
    at jestAdapter (/home/arligle/V1/Aiofix/aiofix-ai-saas-platform/node_modules/.pnpm/jest-circus@29.7.0/node_modules/jest-circus/build/legacy-code-todo-rewrite/jestAdapter.js:79:19)
    at runTestInternal (/home/arligle/V1/Aiofix/aiofix-ai-saas-platform/node_modules/.pnpm/jest-runner@29.7.0/node_modules/jest-runner/build/runTest.js:367:16)
    at runTest (/home/arligle/V1/Aiofix/aiofix-ai-saas-platform/node_modules/.pnpm/jest-runner@29.7.0/node_modules/jest-runner/build/runTest.js:444:34)</failure>
    </testcase>
    <testcase classname="CacheManagerService › cache operations" name="should check if key exists" time="0.001">
      <failure>TypeError: Cannot read properties of undefined (reading &apos;info&apos;)
    at _classThis.info [as startMonitoring] (/home/arligle/V1/Aiofix/aiofix-ai-saas-platform/packages/cache/src/services/cache-manager.service.ts:826:19)
    at new startMonitoring (/home/arligle/V1/Aiofix/aiofix-ai-saas-platform/packages/cache/src/services/cache-manager.service.ts:152:10)
    at TestingInjector.instantiateClass (/home/arligle/V1/Aiofix/aiofix-ai-saas-platform/node_modules/.pnpm/@nestjs+core@11.1.6_@nestjs+common@11.1.6_class-transformer@0.5.1_class-validator@0.14._bad85ac0f714a81162304b30d6edbbbf/node_modules/@nestjs/core/injector/injector.js:418:19)
    at callback (/home/arligle/V1/Aiofix/aiofix-ai-saas-platform/node_modules/.pnpm/@nestjs+core@11.1.6_@nestjs+common@11.1.6_class-transformer@0.5.1_class-validator@0.14._bad85ac0f714a81162304b30d6edbbbf/node_modules/@nestjs/core/injector/injector.js:70:45)
    at TestingInjector.resolveConstructorParams (/home/arligle/V1/Aiofix/aiofix-ai-saas-platform/node_modules/.pnpm/@nestjs+core@11.1.6_@nestjs+common@11.1.6_class-transformer@0.5.1_class-validator@0.14._bad85ac0f714a81162304b30d6edbbbf/node_modules/@nestjs/core/injector/injector.js:170:24)
    at TestingInjector.loadInstance (/home/arligle/V1/Aiofix/aiofix-ai-saas-platform/node_modules/.pnpm/@nestjs+core@11.1.6_@nestjs+common@11.1.6_class-transformer@0.5.1_class-validator@0.14._bad85ac0f714a81162304b30d6edbbbf/node_modules/@nestjs/core/injector/injector.js:75:13)
    at TestingInjector.loadProvider (/home/arligle/V1/Aiofix/aiofix-ai-saas-platform/node_modules/.pnpm/@nestjs+core@11.1.6_@nestjs+common@11.1.6_class-transformer@0.5.1_class-validator@0.14._bad85ac0f714a81162304b30d6edbbbf/node_modules/@nestjs/core/injector/injector.js:103:9)
    at /home/arligle/V1/Aiofix/aiofix-ai-saas-platform/node_modules/.pnpm/@nestjs+core@11.1.6_@nestjs+common@11.1.6_class-transformer@0.5.1_class-validator@0.14._bad85ac0f714a81162304b30d6edbbbf/node_modules/@nestjs/core/injector/instance-loader.js:56:13
    at async Promise.all (index 3)
    at TestingInstanceLoader.createInstancesOfProviders (/home/arligle/V1/Aiofix/aiofix-ai-saas-platform/node_modules/.pnpm/@nestjs+core@11.1.6_@nestjs+common@11.1.6_class-transformer@0.5.1_class-validator@0.14._bad85ac0f714a81162304b30d6edbbbf/node_modules/@nestjs/core/injector/instance-loader.js:55:9)
    at /home/arligle/V1/Aiofix/aiofix-ai-saas-platform/node_modules/.pnpm/@nestjs+core@11.1.6_@nestjs+common@11.1.6_class-transformer@0.5.1_class-validator@0.14._bad85ac0f714a81162304b30d6edbbbf/node_modules/@nestjs/core/injector/instance-loader.js:40:13
    at async Promise.all (index 1)
    at TestingInstanceLoader.createInstances (/home/arligle/V1/Aiofix/aiofix-ai-saas-platform/node_modules/.pnpm/@nestjs+core@11.1.6_@nestjs+common@11.1.6_class-transformer@0.5.1_class-validator@0.14._bad85ac0f714a81162304b30d6edbbbf/node_modules/@nestjs/core/injector/instance-loader.js:39:9)
    at TestingInstanceLoader.createInstancesOfDependencies (/home/arligle/V1/Aiofix/aiofix-ai-saas-platform/node_modules/.pnpm/@nestjs+core@11.1.6_@nestjs+common@11.1.6_class-transformer@0.5.1_class-validator@0.14._bad85ac0f714a81162304b30d6edbbbf/node_modules/@nestjs/core/injector/instance-loader.js:22:13)
    at TestingInstanceLoader.createInstancesOfDependencies (/home/arligle/V1/Aiofix/aiofix-ai-saas-platform/node_modules/.pnpm/@nestjs+testing@11.1.6_@nestjs+common@11.1.6_class-transformer@0.5.1_class-validator@0._ff6a79f0d3e76ddb2b73722d992783a6/node_modules/@nestjs/testing/testing-instance-loader.js:9:9)
    at TestingModuleBuilder.createInstancesOfDependencies (/home/arligle/V1/Aiofix/aiofix-ai-saas-platform/node_modules/.pnpm/@nestjs+testing@11.1.6_@nestjs+common@11.1.6_class-transformer@0.5.1_class-validator@0._ff6a79f0d3e76ddb2b73722d992783a6/node_modules/@nestjs/testing/testing-module.builder.js:118:9)
    at TestingModuleBuilder.compile (/home/arligle/V1/Aiofix/aiofix-ai-saas-platform/node_modules/.pnpm/@nestjs+testing@11.1.6_@nestjs+common@11.1.6_class-transformer@0.5.1_class-validator@0._ff6a79f0d3e76ddb2b73722d992783a6/node_modules/@nestjs/testing/testing-module.builder.js:74:9)
    at Object.&lt;anonymous&gt; (/home/arligle/V1/Aiofix/aiofix-ai-saas-platform/packages/cache/src/services/cache-manager.service.spec.ts:196:35)</failure>
      <failure>TypeError: Cannot read properties of undefined (reading &apos;onDestroy&apos;)
    at Object.&lt;anonymous&gt; (/home/arligle/V1/Aiofix/aiofix-ai-saas-platform/packages/cache/src/services/cache-manager.service.spec.ts:222:13)
    at Promise.then.completed (/home/arligle/V1/Aiofix/aiofix-ai-saas-platform/node_modules/.pnpm/jest-circus@29.7.0/node_modules/jest-circus/build/utils.js:298:28)
    at new Promise (&lt;anonymous&gt;)
    at callAsyncCircusFn (/home/arligle/V1/Aiofix/aiofix-ai-saas-platform/node_modules/.pnpm/jest-circus@29.7.0/node_modules/jest-circus/build/utils.js:231:10)
    at _callCircusHook (/home/arligle/V1/Aiofix/aiofix-ai-saas-platform/node_modules/.pnpm/jest-circus@29.7.0/node_modules/jest-circus/build/run.js:281:40)
    at _runTest (/home/arligle/V1/Aiofix/aiofix-ai-saas-platform/node_modules/.pnpm/jest-circus@29.7.0/node_modules/jest-circus/build/run.js:254:5)
    at _runTestsForDescribeBlock (/home/arligle/V1/Aiofix/aiofix-ai-saas-platform/node_modules/.pnpm/jest-circus@29.7.0/node_modules/jest-circus/build/run.js:126:9)
    at _runTestsForDescribeBlock (/home/arligle/V1/Aiofix/aiofix-ai-saas-platform/node_modules/.pnpm/jest-circus@29.7.0/node_modules/jest-circus/build/run.js:121:9)
    at _runTestsForDescribeBlock (/home/arligle/V1/Aiofix/aiofix-ai-saas-platform/node_modules/.pnpm/jest-circus@29.7.0/node_modules/jest-circus/build/run.js:121:9)
    at run (/home/arligle/V1/Aiofix/aiofix-ai-saas-platform/node_modules/.pnpm/jest-circus@29.7.0/node_modules/jest-circus/build/run.js:71:3)
    at runAndTransformResultsToJestFormat (/home/arligle/V1/Aiofix/aiofix-ai-saas-platform/node_modules/.pnpm/jest-circus@29.7.0/node_modules/jest-circus/build/legacy-code-todo-rewrite/jestAdapterInit.js:122:21)
    at jestAdapter (/home/arligle/V1/Aiofix/aiofix-ai-saas-platform/node_modules/.pnpm/jest-circus@29.7.0/node_modules/jest-circus/build/legacy-code-todo-rewrite/jestAdapter.js:79:19)
    at runTestInternal (/home/arligle/V1/Aiofix/aiofix-ai-saas-platform/node_modules/.pnpm/jest-runner@29.7.0/node_modules/jest-runner/build/runTest.js:367:16)
    at runTest (/home/arligle/V1/Aiofix/aiofix-ai-saas-platform/node_modules/.pnpm/jest-runner@29.7.0/node_modules/jest-runner/build/runTest.js:444:34)</failure>
    </testcase>
    <testcase classname="CacheManagerService › cache operations" name="should clear all layers" time="0.001">
      <failure>TypeError: Cannot read properties of undefined (reading &apos;info&apos;)
    at _classThis.info [as startMonitoring] (/home/arligle/V1/Aiofix/aiofix-ai-saas-platform/packages/cache/src/services/cache-manager.service.ts:826:19)
    at new startMonitoring (/home/arligle/V1/Aiofix/aiofix-ai-saas-platform/packages/cache/src/services/cache-manager.service.ts:152:10)
    at TestingInjector.instantiateClass (/home/arligle/V1/Aiofix/aiofix-ai-saas-platform/node_modules/.pnpm/@nestjs+core@11.1.6_@nestjs+common@11.1.6_class-transformer@0.5.1_class-validator@0.14._bad85ac0f714a81162304b30d6edbbbf/node_modules/@nestjs/core/injector/injector.js:418:19)
    at callback (/home/arligle/V1/Aiofix/aiofix-ai-saas-platform/node_modules/.pnpm/@nestjs+core@11.1.6_@nestjs+common@11.1.6_class-transformer@0.5.1_class-validator@0.14._bad85ac0f714a81162304b30d6edbbbf/node_modules/@nestjs/core/injector/injector.js:70:45)
    at TestingInjector.resolveConstructorParams (/home/arligle/V1/Aiofix/aiofix-ai-saas-platform/node_modules/.pnpm/@nestjs+core@11.1.6_@nestjs+common@11.1.6_class-transformer@0.5.1_class-validator@0.14._bad85ac0f714a81162304b30d6edbbbf/node_modules/@nestjs/core/injector/injector.js:170:24)
    at TestingInjector.loadInstance (/home/arligle/V1/Aiofix/aiofix-ai-saas-platform/node_modules/.pnpm/@nestjs+core@11.1.6_@nestjs+common@11.1.6_class-transformer@0.5.1_class-validator@0.14._bad85ac0f714a81162304b30d6edbbbf/node_modules/@nestjs/core/injector/injector.js:75:13)
    at TestingInjector.loadProvider (/home/arligle/V1/Aiofix/aiofix-ai-saas-platform/node_modules/.pnpm/@nestjs+core@11.1.6_@nestjs+common@11.1.6_class-transformer@0.5.1_class-validator@0.14._bad85ac0f714a81162304b30d6edbbbf/node_modules/@nestjs/core/injector/injector.js:103:9)
    at /home/arligle/V1/Aiofix/aiofix-ai-saas-platform/node_modules/.pnpm/@nestjs+core@11.1.6_@nestjs+common@11.1.6_class-transformer@0.5.1_class-validator@0.14._bad85ac0f714a81162304b30d6edbbbf/node_modules/@nestjs/core/injector/instance-loader.js:56:13
    at async Promise.all (index 3)
    at TestingInstanceLoader.createInstancesOfProviders (/home/arligle/V1/Aiofix/aiofix-ai-saas-platform/node_modules/.pnpm/@nestjs+core@11.1.6_@nestjs+common@11.1.6_class-transformer@0.5.1_class-validator@0.14._bad85ac0f714a81162304b30d6edbbbf/node_modules/@nestjs/core/injector/instance-loader.js:55:9)
    at /home/arligle/V1/Aiofix/aiofix-ai-saas-platform/node_modules/.pnpm/@nestjs+core@11.1.6_@nestjs+common@11.1.6_class-transformer@0.5.1_class-validator@0.14._bad85ac0f714a81162304b30d6edbbbf/node_modules/@nestjs/core/injector/instance-loader.js:40:13
    at async Promise.all (index 1)
    at TestingInstanceLoader.createInstances (/home/arligle/V1/Aiofix/aiofix-ai-saas-platform/node_modules/.pnpm/@nestjs+core@11.1.6_@nestjs+common@11.1.6_class-transformer@0.5.1_class-validator@0.14._bad85ac0f714a81162304b30d6edbbbf/node_modules/@nestjs/core/injector/instance-loader.js:39:9)
    at TestingInstanceLoader.createInstancesOfDependencies (/home/arligle/V1/Aiofix/aiofix-ai-saas-platform/node_modules/.pnpm/@nestjs+core@11.1.6_@nestjs+common@11.1.6_class-transformer@0.5.1_class-validator@0.14._bad85ac0f714a81162304b30d6edbbbf/node_modules/@nestjs/core/injector/instance-loader.js:22:13)
    at TestingInstanceLoader.createInstancesOfDependencies (/home/arligle/V1/Aiofix/aiofix-ai-saas-platform/node_modules/.pnpm/@nestjs+testing@11.1.6_@nestjs+common@11.1.6_class-transformer@0.5.1_class-validator@0._ff6a79f0d3e76ddb2b73722d992783a6/node_modules/@nestjs/testing/testing-instance-loader.js:9:9)
    at TestingModuleBuilder.createInstancesOfDependencies (/home/arligle/V1/Aiofix/aiofix-ai-saas-platform/node_modules/.pnpm/@nestjs+testing@11.1.6_@nestjs+common@11.1.6_class-transformer@0.5.1_class-validator@0._ff6a79f0d3e76ddb2b73722d992783a6/node_modules/@nestjs/testing/testing-module.builder.js:118:9)
    at TestingModuleBuilder.compile (/home/arligle/V1/Aiofix/aiofix-ai-saas-platform/node_modules/.pnpm/@nestjs+testing@11.1.6_@nestjs+common@11.1.6_class-transformer@0.5.1_class-validator@0._ff6a79f0d3e76ddb2b73722d992783a6/node_modules/@nestjs/testing/testing-module.builder.js:74:9)
    at Object.&lt;anonymous&gt; (/home/arligle/V1/Aiofix/aiofix-ai-saas-platform/packages/cache/src/services/cache-manager.service.spec.ts:196:35)</failure>
      <failure>TypeError: Cannot read properties of undefined (reading &apos;onDestroy&apos;)
    at Object.&lt;anonymous&gt; (/home/arligle/V1/Aiofix/aiofix-ai-saas-platform/packages/cache/src/services/cache-manager.service.spec.ts:222:13)
    at Promise.then.completed (/home/arligle/V1/Aiofix/aiofix-ai-saas-platform/node_modules/.pnpm/jest-circus@29.7.0/node_modules/jest-circus/build/utils.js:298:28)
    at new Promise (&lt;anonymous&gt;)
    at callAsyncCircusFn (/home/arligle/V1/Aiofix/aiofix-ai-saas-platform/node_modules/.pnpm/jest-circus@29.7.0/node_modules/jest-circus/build/utils.js:231:10)
    at _callCircusHook (/home/arligle/V1/Aiofix/aiofix-ai-saas-platform/node_modules/.pnpm/jest-circus@29.7.0/node_modules/jest-circus/build/run.js:281:40)
    at _runTest (/home/arligle/V1/Aiofix/aiofix-ai-saas-platform/node_modules/.pnpm/jest-circus@29.7.0/node_modules/jest-circus/build/run.js:254:5)
    at _runTestsForDescribeBlock (/home/arligle/V1/Aiofix/aiofix-ai-saas-platform/node_modules/.pnpm/jest-circus@29.7.0/node_modules/jest-circus/build/run.js:126:9)
    at _runTestsForDescribeBlock (/home/arligle/V1/Aiofix/aiofix-ai-saas-platform/node_modules/.pnpm/jest-circus@29.7.0/node_modules/jest-circus/build/run.js:121:9)
    at _runTestsForDescribeBlock (/home/arligle/V1/Aiofix/aiofix-ai-saas-platform/node_modules/.pnpm/jest-circus@29.7.0/node_modules/jest-circus/build/run.js:121:9)
    at run (/home/arligle/V1/Aiofix/aiofix-ai-saas-platform/node_modules/.pnpm/jest-circus@29.7.0/node_modules/jest-circus/build/run.js:71:3)
    at runAndTransformResultsToJestFormat (/home/arligle/V1/Aiofix/aiofix-ai-saas-platform/node_modules/.pnpm/jest-circus@29.7.0/node_modules/jest-circus/build/legacy-code-todo-rewrite/jestAdapterInit.js:122:21)
    at jestAdapter (/home/arligle/V1/Aiofix/aiofix-ai-saas-platform/node_modules/.pnpm/jest-circus@29.7.0/node_modules/jest-circus/build/legacy-code-todo-rewrite/jestAdapter.js:79:19)
    at runTestInternal (/home/arligle/V1/Aiofix/aiofix-ai-saas-platform/node_modules/.pnpm/jest-runner@29.7.0/node_modules/jest-runner/build/runTest.js:367:16)
    at runTest (/home/arligle/V1/Aiofix/aiofix-ai-saas-platform/node_modules/.pnpm/jest-runner@29.7.0/node_modules/jest-runner/build/runTest.js:444:34)</failure>
    </testcase>
    <testcase classname="CacheManagerService › statistics" name="should get cache stats" time="0.001">
      <failure>TypeError: Cannot read properties of undefined (reading &apos;info&apos;)
    at _classThis.info [as startMonitoring] (/home/arligle/V1/Aiofix/aiofix-ai-saas-platform/packages/cache/src/services/cache-manager.service.ts:826:19)
    at new startMonitoring (/home/arligle/V1/Aiofix/aiofix-ai-saas-platform/packages/cache/src/services/cache-manager.service.ts:152:10)
    at TestingInjector.instantiateClass (/home/arligle/V1/Aiofix/aiofix-ai-saas-platform/node_modules/.pnpm/@nestjs+core@11.1.6_@nestjs+common@11.1.6_class-transformer@0.5.1_class-validator@0.14._bad85ac0f714a81162304b30d6edbbbf/node_modules/@nestjs/core/injector/injector.js:418:19)
    at callback (/home/arligle/V1/Aiofix/aiofix-ai-saas-platform/node_modules/.pnpm/@nestjs+core@11.1.6_@nestjs+common@11.1.6_class-transformer@0.5.1_class-validator@0.14._bad85ac0f714a81162304b30d6edbbbf/node_modules/@nestjs/core/injector/injector.js:70:45)
    at TestingInjector.resolveConstructorParams (/home/arligle/V1/Aiofix/aiofix-ai-saas-platform/node_modules/.pnpm/@nestjs+core@11.1.6_@nestjs+common@11.1.6_class-transformer@0.5.1_class-validator@0.14._bad85ac0f714a81162304b30d6edbbbf/node_modules/@nestjs/core/injector/injector.js:170:24)
    at TestingInjector.loadInstance (/home/arligle/V1/Aiofix/aiofix-ai-saas-platform/node_modules/.pnpm/@nestjs+core@11.1.6_@nestjs+common@11.1.6_class-transformer@0.5.1_class-validator@0.14._bad85ac0f714a81162304b30d6edbbbf/node_modules/@nestjs/core/injector/injector.js:75:13)
    at TestingInjector.loadProvider (/home/arligle/V1/Aiofix/aiofix-ai-saas-platform/node_modules/.pnpm/@nestjs+core@11.1.6_@nestjs+common@11.1.6_class-transformer@0.5.1_class-validator@0.14._bad85ac0f714a81162304b30d6edbbbf/node_modules/@nestjs/core/injector/injector.js:103:9)
    at /home/arligle/V1/Aiofix/aiofix-ai-saas-platform/node_modules/.pnpm/@nestjs+core@11.1.6_@nestjs+common@11.1.6_class-transformer@0.5.1_class-validator@0.14._bad85ac0f714a81162304b30d6edbbbf/node_modules/@nestjs/core/injector/instance-loader.js:56:13
    at async Promise.all (index 3)
    at TestingInstanceLoader.createInstancesOfProviders (/home/arligle/V1/Aiofix/aiofix-ai-saas-platform/node_modules/.pnpm/@nestjs+core@11.1.6_@nestjs+common@11.1.6_class-transformer@0.5.1_class-validator@0.14._bad85ac0f714a81162304b30d6edbbbf/node_modules/@nestjs/core/injector/instance-loader.js:55:9)
    at /home/arligle/V1/Aiofix/aiofix-ai-saas-platform/node_modules/.pnpm/@nestjs+core@11.1.6_@nestjs+common@11.1.6_class-transformer@0.5.1_class-validator@0.14._bad85ac0f714a81162304b30d6edbbbf/node_modules/@nestjs/core/injector/instance-loader.js:40:13
    at async Promise.all (index 1)
    at TestingInstanceLoader.createInstances (/home/arligle/V1/Aiofix/aiofix-ai-saas-platform/node_modules/.pnpm/@nestjs+core@11.1.6_@nestjs+common@11.1.6_class-transformer@0.5.1_class-validator@0.14._bad85ac0f714a81162304b30d6edbbbf/node_modules/@nestjs/core/injector/instance-loader.js:39:9)
    at TestingInstanceLoader.createInstancesOfDependencies (/home/arligle/V1/Aiofix/aiofix-ai-saas-platform/node_modules/.pnpm/@nestjs+core@11.1.6_@nestjs+common@11.1.6_class-transformer@0.5.1_class-validator@0.14._bad85ac0f714a81162304b30d6edbbbf/node_modules/@nestjs/core/injector/instance-loader.js:22:13)
    at TestingInstanceLoader.createInstancesOfDependencies (/home/arligle/V1/Aiofix/aiofix-ai-saas-platform/node_modules/.pnpm/@nestjs+testing@11.1.6_@nestjs+common@11.1.6_class-transformer@0.5.1_class-validator@0._ff6a79f0d3e76ddb2b73722d992783a6/node_modules/@nestjs/testing/testing-instance-loader.js:9:9)
    at TestingModuleBuilder.createInstancesOfDependencies (/home/arligle/V1/Aiofix/aiofix-ai-saas-platform/node_modules/.pnpm/@nestjs+testing@11.1.6_@nestjs+common@11.1.6_class-transformer@0.5.1_class-validator@0._ff6a79f0d3e76ddb2b73722d992783a6/node_modules/@nestjs/testing/testing-module.builder.js:118:9)
    at TestingModuleBuilder.compile (/home/arligle/V1/Aiofix/aiofix-ai-saas-platform/node_modules/.pnpm/@nestjs+testing@11.1.6_@nestjs+common@11.1.6_class-transformer@0.5.1_class-validator@0._ff6a79f0d3e76ddb2b73722d992783a6/node_modules/@nestjs/testing/testing-module.builder.js:74:9)
    at Object.&lt;anonymous&gt; (/home/arligle/V1/Aiofix/aiofix-ai-saas-platform/packages/cache/src/services/cache-manager.service.spec.ts:196:35)</failure>
      <failure>TypeError: Cannot read properties of undefined (reading &apos;onDestroy&apos;)
    at Object.&lt;anonymous&gt; (/home/arligle/V1/Aiofix/aiofix-ai-saas-platform/packages/cache/src/services/cache-manager.service.spec.ts:222:13)
    at Promise.then.completed (/home/arligle/V1/Aiofix/aiofix-ai-saas-platform/node_modules/.pnpm/jest-circus@29.7.0/node_modules/jest-circus/build/utils.js:298:28)
    at new Promise (&lt;anonymous&gt;)
    at callAsyncCircusFn (/home/arligle/V1/Aiofix/aiofix-ai-saas-platform/node_modules/.pnpm/jest-circus@29.7.0/node_modules/jest-circus/build/utils.js:231:10)
    at _callCircusHook (/home/arligle/V1/Aiofix/aiofix-ai-saas-platform/node_modules/.pnpm/jest-circus@29.7.0/node_modules/jest-circus/build/run.js:281:40)
    at _runTest (/home/arligle/V1/Aiofix/aiofix-ai-saas-platform/node_modules/.pnpm/jest-circus@29.7.0/node_modules/jest-circus/build/run.js:254:5)
    at _runTestsForDescribeBlock (/home/arligle/V1/Aiofix/aiofix-ai-saas-platform/node_modules/.pnpm/jest-circus@29.7.0/node_modules/jest-circus/build/run.js:126:9)
    at _runTestsForDescribeBlock (/home/arligle/V1/Aiofix/aiofix-ai-saas-platform/node_modules/.pnpm/jest-circus@29.7.0/node_modules/jest-circus/build/run.js:121:9)
    at _runTestsForDescribeBlock (/home/arligle/V1/Aiofix/aiofix-ai-saas-platform/node_modules/.pnpm/jest-circus@29.7.0/node_modules/jest-circus/build/run.js:121:9)
    at run (/home/arligle/V1/Aiofix/aiofix-ai-saas-platform/node_modules/.pnpm/jest-circus@29.7.0/node_modules/jest-circus/build/run.js:71:3)
    at runAndTransformResultsToJestFormat (/home/arligle/V1/Aiofix/aiofix-ai-saas-platform/node_modules/.pnpm/jest-circus@29.7.0/node_modules/jest-circus/build/legacy-code-todo-rewrite/jestAdapterInit.js:122:21)
    at jestAdapter (/home/arligle/V1/Aiofix/aiofix-ai-saas-platform/node_modules/.pnpm/jest-circus@29.7.0/node_modules/jest-circus/build/legacy-code-todo-rewrite/jestAdapter.js:79:19)
    at runTestInternal (/home/arligle/V1/Aiofix/aiofix-ai-saas-platform/node_modules/.pnpm/jest-runner@29.7.0/node_modules/jest-runner/build/runTest.js:367:16)
    at runTest (/home/arligle/V1/Aiofix/aiofix-ai-saas-platform/node_modules/.pnpm/jest-runner@29.7.0/node_modules/jest-runner/build/runTest.js:444:34)</failure>
    </testcase>
    <testcase classname="CacheManagerService › statistics" name="should reset cache stats" time="0.001">
      <failure>TypeError: Cannot read properties of undefined (reading &apos;info&apos;)
    at _classThis.info [as startMonitoring] (/home/arligle/V1/Aiofix/aiofix-ai-saas-platform/packages/cache/src/services/cache-manager.service.ts:826:19)
    at new startMonitoring (/home/arligle/V1/Aiofix/aiofix-ai-saas-platform/packages/cache/src/services/cache-manager.service.ts:152:10)
    at TestingInjector.instantiateClass (/home/arligle/V1/Aiofix/aiofix-ai-saas-platform/node_modules/.pnpm/@nestjs+core@11.1.6_@nestjs+common@11.1.6_class-transformer@0.5.1_class-validator@0.14._bad85ac0f714a81162304b30d6edbbbf/node_modules/@nestjs/core/injector/injector.js:418:19)
    at callback (/home/arligle/V1/Aiofix/aiofix-ai-saas-platform/node_modules/.pnpm/@nestjs+core@11.1.6_@nestjs+common@11.1.6_class-transformer@0.5.1_class-validator@0.14._bad85ac0f714a81162304b30d6edbbbf/node_modules/@nestjs/core/injector/injector.js:70:45)
    at TestingInjector.resolveConstructorParams (/home/arligle/V1/Aiofix/aiofix-ai-saas-platform/node_modules/.pnpm/@nestjs+core@11.1.6_@nestjs+common@11.1.6_class-transformer@0.5.1_class-validator@0.14._bad85ac0f714a81162304b30d6edbbbf/node_modules/@nestjs/core/injector/injector.js:170:24)
    at TestingInjector.loadInstance (/home/arligle/V1/Aiofix/aiofix-ai-saas-platform/node_modules/.pnpm/@nestjs+core@11.1.6_@nestjs+common@11.1.6_class-transformer@0.5.1_class-validator@0.14._bad85ac0f714a81162304b30d6edbbbf/node_modules/@nestjs/core/injector/injector.js:75:13)
    at TestingInjector.loadProvider (/home/arligle/V1/Aiofix/aiofix-ai-saas-platform/node_modules/.pnpm/@nestjs+core@11.1.6_@nestjs+common@11.1.6_class-transformer@0.5.1_class-validator@0.14._bad85ac0f714a81162304b30d6edbbbf/node_modules/@nestjs/core/injector/injector.js:103:9)
    at /home/arligle/V1/Aiofix/aiofix-ai-saas-platform/node_modules/.pnpm/@nestjs+core@11.1.6_@nestjs+common@11.1.6_class-transformer@0.5.1_class-validator@0.14._bad85ac0f714a81162304b30d6edbbbf/node_modules/@nestjs/core/injector/instance-loader.js:56:13
    at async Promise.all (index 3)
    at TestingInstanceLoader.createInstancesOfProviders (/home/arligle/V1/Aiofix/aiofix-ai-saas-platform/node_modules/.pnpm/@nestjs+core@11.1.6_@nestjs+common@11.1.6_class-transformer@0.5.1_class-validator@0.14._bad85ac0f714a81162304b30d6edbbbf/node_modules/@nestjs/core/injector/instance-loader.js:55:9)
    at /home/arligle/V1/Aiofix/aiofix-ai-saas-platform/node_modules/.pnpm/@nestjs+core@11.1.6_@nestjs+common@11.1.6_class-transformer@0.5.1_class-validator@0.14._bad85ac0f714a81162304b30d6edbbbf/node_modules/@nestjs/core/injector/instance-loader.js:40:13
    at async Promise.all (index 1)
    at TestingInstanceLoader.createInstances (/home/arligle/V1/Aiofix/aiofix-ai-saas-platform/node_modules/.pnpm/@nestjs+core@11.1.6_@nestjs+common@11.1.6_class-transformer@0.5.1_class-validator@0.14._bad85ac0f714a81162304b30d6edbbbf/node_modules/@nestjs/core/injector/instance-loader.js:39:9)
    at TestingInstanceLoader.createInstancesOfDependencies (/home/arligle/V1/Aiofix/aiofix-ai-saas-platform/node_modules/.pnpm/@nestjs+core@11.1.6_@nestjs+common@11.1.6_class-transformer@0.5.1_class-validator@0.14._bad85ac0f714a81162304b30d6edbbbf/node_modules/@nestjs/core/injector/instance-loader.js:22:13)
    at TestingInstanceLoader.createInstancesOfDependencies (/home/arligle/V1/Aiofix/aiofix-ai-saas-platform/node_modules/.pnpm/@nestjs+testing@11.1.6_@nestjs+common@11.1.6_class-transformer@0.5.1_class-validator@0._ff6a79f0d3e76ddb2b73722d992783a6/node_modules/@nestjs/testing/testing-instance-loader.js:9:9)
    at TestingModuleBuilder.createInstancesOfDependencies (/home/arligle/V1/Aiofix/aiofix-ai-saas-platform/node_modules/.pnpm/@nestjs+testing@11.1.6_@nestjs+common@11.1.6_class-transformer@0.5.1_class-validator@0._ff6a79f0d3e76ddb2b73722d992783a6/node_modules/@nestjs/testing/testing-module.builder.js:118:9)
    at TestingModuleBuilder.compile (/home/arligle/V1/Aiofix/aiofix-ai-saas-platform/node_modules/.pnpm/@nestjs+testing@11.1.6_@nestjs+common@11.1.6_class-transformer@0.5.1_class-validator@0._ff6a79f0d3e76ddb2b73722d992783a6/node_modules/@nestjs/testing/testing-module.builder.js:74:9)
    at Object.&lt;anonymous&gt; (/home/arligle/V1/Aiofix/aiofix-ai-saas-platform/packages/cache/src/services/cache-manager.service.spec.ts:196:35)</failure>
      <failure>TypeError: Cannot read properties of undefined (reading &apos;onDestroy&apos;)
    at Object.&lt;anonymous&gt; (/home/arligle/V1/Aiofix/aiofix-ai-saas-platform/packages/cache/src/services/cache-manager.service.spec.ts:222:13)
    at Promise.then.completed (/home/arligle/V1/Aiofix/aiofix-ai-saas-platform/node_modules/.pnpm/jest-circus@29.7.0/node_modules/jest-circus/build/utils.js:298:28)
    at new Promise (&lt;anonymous&gt;)
    at callAsyncCircusFn (/home/arligle/V1/Aiofix/aiofix-ai-saas-platform/node_modules/.pnpm/jest-circus@29.7.0/node_modules/jest-circus/build/utils.js:231:10)
    at _callCircusHook (/home/arligle/V1/Aiofix/aiofix-ai-saas-platform/node_modules/.pnpm/jest-circus@29.7.0/node_modules/jest-circus/build/run.js:281:40)
    at _runTest (/home/arligle/V1/Aiofix/aiofix-ai-saas-platform/node_modules/.pnpm/jest-circus@29.7.0/node_modules/jest-circus/build/run.js:254:5)
    at _runTestsForDescribeBlock (/home/arligle/V1/Aiofix/aiofix-ai-saas-platform/node_modules/.pnpm/jest-circus@29.7.0/node_modules/jest-circus/build/run.js:126:9)
    at _runTestsForDescribeBlock (/home/arligle/V1/Aiofix/aiofix-ai-saas-platform/node_modules/.pnpm/jest-circus@29.7.0/node_modules/jest-circus/build/run.js:121:9)
    at _runTestsForDescribeBlock (/home/arligle/V1/Aiofix/aiofix-ai-saas-platform/node_modules/.pnpm/jest-circus@29.7.0/node_modules/jest-circus/build/run.js:121:9)
    at run (/home/arligle/V1/Aiofix/aiofix-ai-saas-platform/node_modules/.pnpm/jest-circus@29.7.0/node_modules/jest-circus/build/run.js:71:3)
    at runAndTransformResultsToJestFormat (/home/arligle/V1/Aiofix/aiofix-ai-saas-platform/node_modules/.pnpm/jest-circus@29.7.0/node_modules/jest-circus/build/legacy-code-todo-rewrite/jestAdapterInit.js:122:21)
    at jestAdapter (/home/arligle/V1/Aiofix/aiofix-ai-saas-platform/node_modules/.pnpm/jest-circus@29.7.0/node_modules/jest-circus/build/legacy-code-todo-rewrite/jestAdapter.js:79:19)
    at runTestInternal (/home/arligle/V1/Aiofix/aiofix-ai-saas-platform/node_modules/.pnpm/jest-runner@29.7.0/node_modules/jest-runner/build/runTest.js:367:16)
    at runTest (/home/arligle/V1/Aiofix/aiofix-ai-saas-platform/node_modules/.pnpm/jest-runner@29.7.0/node_modules/jest-runner/build/runTest.js:444:34)</failure>
    </testcase>
    <testcase classname="CacheManagerService › health check" name="should get cache health" time="0.001">
      <failure>TypeError: Cannot read properties of undefined (reading &apos;info&apos;)
    at _classThis.info [as startMonitoring] (/home/arligle/V1/Aiofix/aiofix-ai-saas-platform/packages/cache/src/services/cache-manager.service.ts:826:19)
    at new startMonitoring (/home/arligle/V1/Aiofix/aiofix-ai-saas-platform/packages/cache/src/services/cache-manager.service.ts:152:10)
    at TestingInjector.instantiateClass (/home/arligle/V1/Aiofix/aiofix-ai-saas-platform/node_modules/.pnpm/@nestjs+core@11.1.6_@nestjs+common@11.1.6_class-transformer@0.5.1_class-validator@0.14._bad85ac0f714a81162304b30d6edbbbf/node_modules/@nestjs/core/injector/injector.js:418:19)
    at callback (/home/arligle/V1/Aiofix/aiofix-ai-saas-platform/node_modules/.pnpm/@nestjs+core@11.1.6_@nestjs+common@11.1.6_class-transformer@0.5.1_class-validator@0.14._bad85ac0f714a81162304b30d6edbbbf/node_modules/@nestjs/core/injector/injector.js:70:45)
    at TestingInjector.resolveConstructorParams (/home/arligle/V1/Aiofix/aiofix-ai-saas-platform/node_modules/.pnpm/@nestjs+core@11.1.6_@nestjs+common@11.1.6_class-transformer@0.5.1_class-validator@0.14._bad85ac0f714a81162304b30d6edbbbf/node_modules/@nestjs/core/injector/injector.js:170:24)
    at TestingInjector.loadInstance (/home/arligle/V1/Aiofix/aiofix-ai-saas-platform/node_modules/.pnpm/@nestjs+core@11.1.6_@nestjs+common@11.1.6_class-transformer@0.5.1_class-validator@0.14._bad85ac0f714a81162304b30d6edbbbf/node_modules/@nestjs/core/injector/injector.js:75:13)
    at TestingInjector.loadProvider (/home/arligle/V1/Aiofix/aiofix-ai-saas-platform/node_modules/.pnpm/@nestjs+core@11.1.6_@nestjs+common@11.1.6_class-transformer@0.5.1_class-validator@0.14._bad85ac0f714a81162304b30d6edbbbf/node_modules/@nestjs/core/injector/injector.js:103:9)
    at /home/arligle/V1/Aiofix/aiofix-ai-saas-platform/node_modules/.pnpm/@nestjs+core@11.1.6_@nestjs+common@11.1.6_class-transformer@0.5.1_class-validator@0.14._bad85ac0f714a81162304b30d6edbbbf/node_modules/@nestjs/core/injector/instance-loader.js:56:13
    at async Promise.all (index 3)
    at TestingInstanceLoader.createInstancesOfProviders (/home/arligle/V1/Aiofix/aiofix-ai-saas-platform/node_modules/.pnpm/@nestjs+core@11.1.6_@nestjs+common@11.1.6_class-transformer@0.5.1_class-validator@0.14._bad85ac0f714a81162304b30d6edbbbf/node_modules/@nestjs/core/injector/instance-loader.js:55:9)
    at /home/arligle/V1/Aiofix/aiofix-ai-saas-platform/node_modules/.pnpm/@nestjs+core@11.1.6_@nestjs+common@11.1.6_class-transformer@0.5.1_class-validator@0.14._bad85ac0f714a81162304b30d6edbbbf/node_modules/@nestjs/core/injector/instance-loader.js:40:13
    at async Promise.all (index 1)
    at TestingInstanceLoader.createInstances (/home/arligle/V1/Aiofix/aiofix-ai-saas-platform/node_modules/.pnpm/@nestjs+core@11.1.6_@nestjs+common@11.1.6_class-transformer@0.5.1_class-validator@0.14._bad85ac0f714a81162304b30d6edbbbf/node_modules/@nestjs/core/injector/instance-loader.js:39:9)
    at TestingInstanceLoader.createInstancesOfDependencies (/home/arligle/V1/Aiofix/aiofix-ai-saas-platform/node_modules/.pnpm/@nestjs+core@11.1.6_@nestjs+common@11.1.6_class-transformer@0.5.1_class-validator@0.14._bad85ac0f714a81162304b30d6edbbbf/node_modules/@nestjs/core/injector/instance-loader.js:22:13)
    at TestingInstanceLoader.createInstancesOfDependencies (/home/arligle/V1/Aiofix/aiofix-ai-saas-platform/node_modules/.pnpm/@nestjs+testing@11.1.6_@nestjs+common@11.1.6_class-transformer@0.5.1_class-validator@0._ff6a79f0d3e76ddb2b73722d992783a6/node_modules/@nestjs/testing/testing-instance-loader.js:9:9)
    at TestingModuleBuilder.createInstancesOfDependencies (/home/arligle/V1/Aiofix/aiofix-ai-saas-platform/node_modules/.pnpm/@nestjs+testing@11.1.6_@nestjs+common@11.1.6_class-transformer@0.5.1_class-validator@0._ff6a79f0d3e76ddb2b73722d992783a6/node_modules/@nestjs/testing/testing-module.builder.js:118:9)
    at TestingModuleBuilder.compile (/home/arligle/V1/Aiofix/aiofix-ai-saas-platform/node_modules/.pnpm/@nestjs+testing@11.1.6_@nestjs+common@11.1.6_class-transformer@0.5.1_class-validator@0._ff6a79f0d3e76ddb2b73722d992783a6/node_modules/@nestjs/testing/testing-module.builder.js:74:9)
    at Object.&lt;anonymous&gt; (/home/arligle/V1/Aiofix/aiofix-ai-saas-platform/packages/cache/src/services/cache-manager.service.spec.ts:196:35)</failure>
      <failure>TypeError: Cannot read properties of undefined (reading &apos;onDestroy&apos;)
    at Object.&lt;anonymous&gt; (/home/arligle/V1/Aiofix/aiofix-ai-saas-platform/packages/cache/src/services/cache-manager.service.spec.ts:222:13)
    at Promise.then.completed (/home/arligle/V1/Aiofix/aiofix-ai-saas-platform/node_modules/.pnpm/jest-circus@29.7.0/node_modules/jest-circus/build/utils.js:298:28)
    at new Promise (&lt;anonymous&gt;)
    at callAsyncCircusFn (/home/arligle/V1/Aiofix/aiofix-ai-saas-platform/node_modules/.pnpm/jest-circus@29.7.0/node_modules/jest-circus/build/utils.js:231:10)
    at _callCircusHook (/home/arligle/V1/Aiofix/aiofix-ai-saas-platform/node_modules/.pnpm/jest-circus@29.7.0/node_modules/jest-circus/build/run.js:281:40)
    at _runTest (/home/arligle/V1/Aiofix/aiofix-ai-saas-platform/node_modules/.pnpm/jest-circus@29.7.0/node_modules/jest-circus/build/run.js:254:5)
    at _runTestsForDescribeBlock (/home/arligle/V1/Aiofix/aiofix-ai-saas-platform/node_modules/.pnpm/jest-circus@29.7.0/node_modules/jest-circus/build/run.js:126:9)
    at _runTestsForDescribeBlock (/home/arligle/V1/Aiofix/aiofix-ai-saas-platform/node_modules/.pnpm/jest-circus@29.7.0/node_modules/jest-circus/build/run.js:121:9)
    at _runTestsForDescribeBlock (/home/arligle/V1/Aiofix/aiofix-ai-saas-platform/node_modules/.pnpm/jest-circus@29.7.0/node_modules/jest-circus/build/run.js:121:9)
    at run (/home/arligle/V1/Aiofix/aiofix-ai-saas-platform/node_modules/.pnpm/jest-circus@29.7.0/node_modules/jest-circus/build/run.js:71:3)
    at runAndTransformResultsToJestFormat (/home/arligle/V1/Aiofix/aiofix-ai-saas-platform/node_modules/.pnpm/jest-circus@29.7.0/node_modules/jest-circus/build/legacy-code-todo-rewrite/jestAdapterInit.js:122:21)
    at jestAdapter (/home/arligle/V1/Aiofix/aiofix-ai-saas-platform/node_modules/.pnpm/jest-circus@29.7.0/node_modules/jest-circus/build/legacy-code-todo-rewrite/jestAdapter.js:79:19)
    at runTestInternal (/home/arligle/V1/Aiofix/aiofix-ai-saas-platform/node_modules/.pnpm/jest-runner@29.7.0/node_modules/jest-runner/build/runTest.js:367:16)
    at runTest (/home/arligle/V1/Aiofix/aiofix-ai-saas-platform/node_modules/.pnpm/jest-runner@29.7.0/node_modules/jest-runner/build/runTest.js:444:34)</failure>
    </testcase>
    <testcase classname="CacheManagerService › layer management" name="should handle read-only layers" time="0.001">
      <failure>TypeError: Cannot read properties of undefined (reading &apos;info&apos;)
    at _classThis.info [as startMonitoring] (/home/arligle/V1/Aiofix/aiofix-ai-saas-platform/packages/cache/src/services/cache-manager.service.ts:826:19)
    at new startMonitoring (/home/arligle/V1/Aiofix/aiofix-ai-saas-platform/packages/cache/src/services/cache-manager.service.ts:152:10)
    at TestingInjector.instantiateClass (/home/arligle/V1/Aiofix/aiofix-ai-saas-platform/node_modules/.pnpm/@nestjs+core@11.1.6_@nestjs+common@11.1.6_class-transformer@0.5.1_class-validator@0.14._bad85ac0f714a81162304b30d6edbbbf/node_modules/@nestjs/core/injector/injector.js:418:19)
    at callback (/home/arligle/V1/Aiofix/aiofix-ai-saas-platform/node_modules/.pnpm/@nestjs+core@11.1.6_@nestjs+common@11.1.6_class-transformer@0.5.1_class-validator@0.14._bad85ac0f714a81162304b30d6edbbbf/node_modules/@nestjs/core/injector/injector.js:70:45)
    at TestingInjector.resolveConstructorParams (/home/arligle/V1/Aiofix/aiofix-ai-saas-platform/node_modules/.pnpm/@nestjs+core@11.1.6_@nestjs+common@11.1.6_class-transformer@0.5.1_class-validator@0.14._bad85ac0f714a81162304b30d6edbbbf/node_modules/@nestjs/core/injector/injector.js:170:24)
    at TestingInjector.loadInstance (/home/arligle/V1/Aiofix/aiofix-ai-saas-platform/node_modules/.pnpm/@nestjs+core@11.1.6_@nestjs+common@11.1.6_class-transformer@0.5.1_class-validator@0.14._bad85ac0f714a81162304b30d6edbbbf/node_modules/@nestjs/core/injector/injector.js:75:13)
    at TestingInjector.loadProvider (/home/arligle/V1/Aiofix/aiofix-ai-saas-platform/node_modules/.pnpm/@nestjs+core@11.1.6_@nestjs+common@11.1.6_class-transformer@0.5.1_class-validator@0.14._bad85ac0f714a81162304b30d6edbbbf/node_modules/@nestjs/core/injector/injector.js:103:9)
    at /home/arligle/V1/Aiofix/aiofix-ai-saas-platform/node_modules/.pnpm/@nestjs+core@11.1.6_@nestjs+common@11.1.6_class-transformer@0.5.1_class-validator@0.14._bad85ac0f714a81162304b30d6edbbbf/node_modules/@nestjs/core/injector/instance-loader.js:56:13
    at async Promise.all (index 3)
    at TestingInstanceLoader.createInstancesOfProviders (/home/arligle/V1/Aiofix/aiofix-ai-saas-platform/node_modules/.pnpm/@nestjs+core@11.1.6_@nestjs+common@11.1.6_class-transformer@0.5.1_class-validator@0.14._bad85ac0f714a81162304b30d6edbbbf/node_modules/@nestjs/core/injector/instance-loader.js:55:9)
    at /home/arligle/V1/Aiofix/aiofix-ai-saas-platform/node_modules/.pnpm/@nestjs+core@11.1.6_@nestjs+common@11.1.6_class-transformer@0.5.1_class-validator@0.14._bad85ac0f714a81162304b30d6edbbbf/node_modules/@nestjs/core/injector/instance-loader.js:40:13
    at async Promise.all (index 1)
    at TestingInstanceLoader.createInstances (/home/arligle/V1/Aiofix/aiofix-ai-saas-platform/node_modules/.pnpm/@nestjs+core@11.1.6_@nestjs+common@11.1.6_class-transformer@0.5.1_class-validator@0.14._bad85ac0f714a81162304b30d6edbbbf/node_modules/@nestjs/core/injector/instance-loader.js:39:9)
    at TestingInstanceLoader.createInstancesOfDependencies (/home/arligle/V1/Aiofix/aiofix-ai-saas-platform/node_modules/.pnpm/@nestjs+core@11.1.6_@nestjs+common@11.1.6_class-transformer@0.5.1_class-validator@0.14._bad85ac0f714a81162304b30d6edbbbf/node_modules/@nestjs/core/injector/instance-loader.js:22:13)
    at TestingInstanceLoader.createInstancesOfDependencies (/home/arligle/V1/Aiofix/aiofix-ai-saas-platform/node_modules/.pnpm/@nestjs+testing@11.1.6_@nestjs+common@11.1.6_class-transformer@0.5.1_class-validator@0._ff6a79f0d3e76ddb2b73722d992783a6/node_modules/@nestjs/testing/testing-instance-loader.js:9:9)
    at TestingModuleBuilder.createInstancesOfDependencies (/home/arligle/V1/Aiofix/aiofix-ai-saas-platform/node_modules/.pnpm/@nestjs+testing@11.1.6_@nestjs+common@11.1.6_class-transformer@0.5.1_class-validator@0._ff6a79f0d3e76ddb2b73722d992783a6/node_modules/@nestjs/testing/testing-module.builder.js:118:9)
    at TestingModuleBuilder.compile (/home/arligle/V1/Aiofix/aiofix-ai-saas-platform/node_modules/.pnpm/@nestjs+testing@11.1.6_@nestjs+common@11.1.6_class-transformer@0.5.1_class-validator@0._ff6a79f0d3e76ddb2b73722d992783a6/node_modules/@nestjs/testing/testing-module.builder.js:74:9)
    at Object.&lt;anonymous&gt; (/home/arligle/V1/Aiofix/aiofix-ai-saas-platform/packages/cache/src/services/cache-manager.service.spec.ts:196:35)</failure>
      <failure>TypeError: Cannot read properties of undefined (reading &apos;onDestroy&apos;)
    at Object.&lt;anonymous&gt; (/home/arligle/V1/Aiofix/aiofix-ai-saas-platform/packages/cache/src/services/cache-manager.service.spec.ts:222:13)
    at Promise.then.completed (/home/arligle/V1/Aiofix/aiofix-ai-saas-platform/node_modules/.pnpm/jest-circus@29.7.0/node_modules/jest-circus/build/utils.js:298:28)
    at new Promise (&lt;anonymous&gt;)
    at callAsyncCircusFn (/home/arligle/V1/Aiofix/aiofix-ai-saas-platform/node_modules/.pnpm/jest-circus@29.7.0/node_modules/jest-circus/build/utils.js:231:10)
    at _callCircusHook (/home/arligle/V1/Aiofix/aiofix-ai-saas-platform/node_modules/.pnpm/jest-circus@29.7.0/node_modules/jest-circus/build/run.js:281:40)
    at _runTest (/home/arligle/V1/Aiofix/aiofix-ai-saas-platform/node_modules/.pnpm/jest-circus@29.7.0/node_modules/jest-circus/build/run.js:254:5)
    at _runTestsForDescribeBlock (/home/arligle/V1/Aiofix/aiofix-ai-saas-platform/node_modules/.pnpm/jest-circus@29.7.0/node_modules/jest-circus/build/run.js:126:9)
    at _runTestsForDescribeBlock (/home/arligle/V1/Aiofix/aiofix-ai-saas-platform/node_modules/.pnpm/jest-circus@29.7.0/node_modules/jest-circus/build/run.js:121:9)
    at _runTestsForDescribeBlock (/home/arligle/V1/Aiofix/aiofix-ai-saas-platform/node_modules/.pnpm/jest-circus@29.7.0/node_modules/jest-circus/build/run.js:121:9)
    at run (/home/arligle/V1/Aiofix/aiofix-ai-saas-platform/node_modules/.pnpm/jest-circus@29.7.0/node_modules/jest-circus/build/run.js:71:3)
    at runAndTransformResultsToJestFormat (/home/arligle/V1/Aiofix/aiofix-ai-saas-platform/node_modules/.pnpm/jest-circus@29.7.0/node_modules/jest-circus/build/legacy-code-todo-rewrite/jestAdapterInit.js:122:21)
    at jestAdapter (/home/arligle/V1/Aiofix/aiofix-ai-saas-platform/node_modules/.pnpm/jest-circus@29.7.0/node_modules/jest-circus/build/legacy-code-todo-rewrite/jestAdapter.js:79:19)
    at runTestInternal (/home/arligle/V1/Aiofix/aiofix-ai-saas-platform/node_modules/.pnpm/jest-runner@29.7.0/node_modules/jest-runner/build/runTest.js:367:16)
    at runTest (/home/arligle/V1/Aiofix/aiofix-ai-saas-platform/node_modules/.pnpm/jest-runner@29.7.0/node_modules/jest-runner/build/runTest.js:444:34)</failure>
    </testcase>
    <testcase classname="CacheManagerService › layer management" name="should handle disabled layers" time="0.001">
      <failure>TypeError: Cannot read properties of undefined (reading &apos;info&apos;)
    at _classThis.info [as startMonitoring] (/home/arligle/V1/Aiofix/aiofix-ai-saas-platform/packages/cache/src/services/cache-manager.service.ts:826:19)
    at new startMonitoring (/home/arligle/V1/Aiofix/aiofix-ai-saas-platform/packages/cache/src/services/cache-manager.service.ts:152:10)
    at TestingInjector.instantiateClass (/home/arligle/V1/Aiofix/aiofix-ai-saas-platform/node_modules/.pnpm/@nestjs+core@11.1.6_@nestjs+common@11.1.6_class-transformer@0.5.1_class-validator@0.14._bad85ac0f714a81162304b30d6edbbbf/node_modules/@nestjs/core/injector/injector.js:418:19)
    at callback (/home/arligle/V1/Aiofix/aiofix-ai-saas-platform/node_modules/.pnpm/@nestjs+core@11.1.6_@nestjs+common@11.1.6_class-transformer@0.5.1_class-validator@0.14._bad85ac0f714a81162304b30d6edbbbf/node_modules/@nestjs/core/injector/injector.js:70:45)
    at TestingInjector.resolveConstructorParams (/home/arligle/V1/Aiofix/aiofix-ai-saas-platform/node_modules/.pnpm/@nestjs+core@11.1.6_@nestjs+common@11.1.6_class-transformer@0.5.1_class-validator@0.14._bad85ac0f714a81162304b30d6edbbbf/node_modules/@nestjs/core/injector/injector.js:170:24)
    at TestingInjector.loadInstance (/home/arligle/V1/Aiofix/aiofix-ai-saas-platform/node_modules/.pnpm/@nestjs+core@11.1.6_@nestjs+common@11.1.6_class-transformer@0.5.1_class-validator@0.14._bad85ac0f714a81162304b30d6edbbbf/node_modules/@nestjs/core/injector/injector.js:75:13)
    at TestingInjector.loadProvider (/home/arligle/V1/Aiofix/aiofix-ai-saas-platform/node_modules/.pnpm/@nestjs+core@11.1.6_@nestjs+common@11.1.6_class-transformer@0.5.1_class-validator@0.14._bad85ac0f714a81162304b30d6edbbbf/node_modules/@nestjs/core/injector/injector.js:103:9)
    at /home/arligle/V1/Aiofix/aiofix-ai-saas-platform/node_modules/.pnpm/@nestjs+core@11.1.6_@nestjs+common@11.1.6_class-transformer@0.5.1_class-validator@0.14._bad85ac0f714a81162304b30d6edbbbf/node_modules/@nestjs/core/injector/instance-loader.js:56:13
    at async Promise.all (index 3)
    at TestingInstanceLoader.createInstancesOfProviders (/home/arligle/V1/Aiofix/aiofix-ai-saas-platform/node_modules/.pnpm/@nestjs+core@11.1.6_@nestjs+common@11.1.6_class-transformer@0.5.1_class-validator@0.14._bad85ac0f714a81162304b30d6edbbbf/node_modules/@nestjs/core/injector/instance-loader.js:55:9)
    at /home/arligle/V1/Aiofix/aiofix-ai-saas-platform/node_modules/.pnpm/@nestjs+core@11.1.6_@nestjs+common@11.1.6_class-transformer@0.5.1_class-validator@0.14._bad85ac0f714a81162304b30d6edbbbf/node_modules/@nestjs/core/injector/instance-loader.js:40:13
    at async Promise.all (index 1)
    at TestingInstanceLoader.createInstances (/home/arligle/V1/Aiofix/aiofix-ai-saas-platform/node_modules/.pnpm/@nestjs+core@11.1.6_@nestjs+common@11.1.6_class-transformer@0.5.1_class-validator@0.14._bad85ac0f714a81162304b30d6edbbbf/node_modules/@nestjs/core/injector/instance-loader.js:39:9)
    at TestingInstanceLoader.createInstancesOfDependencies (/home/arligle/V1/Aiofix/aiofix-ai-saas-platform/node_modules/.pnpm/@nestjs+core@11.1.6_@nestjs+common@11.1.6_class-transformer@0.5.1_class-validator@0.14._bad85ac0f714a81162304b30d6edbbbf/node_modules/@nestjs/core/injector/instance-loader.js:22:13)
    at TestingInstanceLoader.createInstancesOfDependencies (/home/arligle/V1/Aiofix/aiofix-ai-saas-platform/node_modules/.pnpm/@nestjs+testing@11.1.6_@nestjs+common@11.1.6_class-transformer@0.5.1_class-validator@0._ff6a79f0d3e76ddb2b73722d992783a6/node_modules/@nestjs/testing/testing-instance-loader.js:9:9)
    at TestingModuleBuilder.createInstancesOfDependencies (/home/arligle/V1/Aiofix/aiofix-ai-saas-platform/node_modules/.pnpm/@nestjs+testing@11.1.6_@nestjs+common@11.1.6_class-transformer@0.5.1_class-validator@0._ff6a79f0d3e76ddb2b73722d992783a6/node_modules/@nestjs/testing/testing-module.builder.js:118:9)
    at TestingModuleBuilder.compile (/home/arligle/V1/Aiofix/aiofix-ai-saas-platform/node_modules/.pnpm/@nestjs+testing@11.1.6_@nestjs+common@11.1.6_class-transformer@0.5.1_class-validator@0._ff6a79f0d3e76ddb2b73722d992783a6/node_modules/@nestjs/testing/testing-module.builder.js:74:9)
    at Object.&lt;anonymous&gt; (/home/arligle/V1/Aiofix/aiofix-ai-saas-platform/packages/cache/src/services/cache-manager.service.spec.ts:196:35)</failure>
      <failure>TypeError: Cannot read properties of undefined (reading &apos;onDestroy&apos;)
    at Object.&lt;anonymous&gt; (/home/arligle/V1/Aiofix/aiofix-ai-saas-platform/packages/cache/src/services/cache-manager.service.spec.ts:222:13)
    at Promise.then.completed (/home/arligle/V1/Aiofix/aiofix-ai-saas-platform/node_modules/.pnpm/jest-circus@29.7.0/node_modules/jest-circus/build/utils.js:298:28)
    at new Promise (&lt;anonymous&gt;)
    at callAsyncCircusFn (/home/arligle/V1/Aiofix/aiofix-ai-saas-platform/node_modules/.pnpm/jest-circus@29.7.0/node_modules/jest-circus/build/utils.js:231:10)
    at _callCircusHook (/home/arligle/V1/Aiofix/aiofix-ai-saas-platform/node_modules/.pnpm/jest-circus@29.7.0/node_modules/jest-circus/build/run.js:281:40)
    at _runTest (/home/arligle/V1/Aiofix/aiofix-ai-saas-platform/node_modules/.pnpm/jest-circus@29.7.0/node_modules/jest-circus/build/run.js:254:5)
    at _runTestsForDescribeBlock (/home/arligle/V1/Aiofix/aiofix-ai-saas-platform/node_modules/.pnpm/jest-circus@29.7.0/node_modules/jest-circus/build/run.js:126:9)
    at _runTestsForDescribeBlock (/home/arligle/V1/Aiofix/aiofix-ai-saas-platform/node_modules/.pnpm/jest-circus@29.7.0/node_modules/jest-circus/build/run.js:121:9)
    at _runTestsForDescribeBlock (/home/arligle/V1/Aiofix/aiofix-ai-saas-platform/node_modules/.pnpm/jest-circus@29.7.0/node_modules/jest-circus/build/run.js:121:9)
    at run (/home/arligle/V1/Aiofix/aiofix-ai-saas-platform/node_modules/.pnpm/jest-circus@29.7.0/node_modules/jest-circus/build/run.js:71:3)
    at runAndTransformResultsToJestFormat (/home/arligle/V1/Aiofix/aiofix-ai-saas-platform/node_modules/.pnpm/jest-circus@29.7.0/node_modules/jest-circus/build/legacy-code-todo-rewrite/jestAdapterInit.js:122:21)
    at jestAdapter (/home/arligle/V1/Aiofix/aiofix-ai-saas-platform/node_modules/.pnpm/jest-circus@29.7.0/node_modules/jest-circus/build/legacy-code-todo-rewrite/jestAdapter.js:79:19)
    at runTestInternal (/home/arligle/V1/Aiofix/aiofix-ai-saas-platform/node_modules/.pnpm/jest-runner@29.7.0/node_modules/jest-runner/build/runTest.js:367:16)
    at runTest (/home/arligle/V1/Aiofix/aiofix-ai-saas-platform/node_modules/.pnpm/jest-runner@29.7.0/node_modules/jest-runner/build/runTest.js:444:34)</failure>
    </testcase>
    <testcase classname="CacheManagerService › error handling" name="should handle layer errors gracefully" time="0.001">
      <failure>TypeError: Cannot read properties of undefined (reading &apos;info&apos;)
    at _classThis.info [as startMonitoring] (/home/arligle/V1/Aiofix/aiofix-ai-saas-platform/packages/cache/src/services/cache-manager.service.ts:826:19)
    at new startMonitoring (/home/arligle/V1/Aiofix/aiofix-ai-saas-platform/packages/cache/src/services/cache-manager.service.ts:152:10)
    at TestingInjector.instantiateClass (/home/arligle/V1/Aiofix/aiofix-ai-saas-platform/node_modules/.pnpm/@nestjs+core@11.1.6_@nestjs+common@11.1.6_class-transformer@0.5.1_class-validator@0.14._bad85ac0f714a81162304b30d6edbbbf/node_modules/@nestjs/core/injector/injector.js:418:19)
    at callback (/home/arligle/V1/Aiofix/aiofix-ai-saas-platform/node_modules/.pnpm/@nestjs+core@11.1.6_@nestjs+common@11.1.6_class-transformer@0.5.1_class-validator@0.14._bad85ac0f714a81162304b30d6edbbbf/node_modules/@nestjs/core/injector/injector.js:70:45)
    at TestingInjector.resolveConstructorParams (/home/arligle/V1/Aiofix/aiofix-ai-saas-platform/node_modules/.pnpm/@nestjs+core@11.1.6_@nestjs+common@11.1.6_class-transformer@0.5.1_class-validator@0.14._bad85ac0f714a81162304b30d6edbbbf/node_modules/@nestjs/core/injector/injector.js:170:24)
    at TestingInjector.loadInstance (/home/arligle/V1/Aiofix/aiofix-ai-saas-platform/node_modules/.pnpm/@nestjs+core@11.1.6_@nestjs+common@11.1.6_class-transformer@0.5.1_class-validator@0.14._bad85ac0f714a81162304b30d6edbbbf/node_modules/@nestjs/core/injector/injector.js:75:13)
    at TestingInjector.loadProvider (/home/arligle/V1/Aiofix/aiofix-ai-saas-platform/node_modules/.pnpm/@nestjs+core@11.1.6_@nestjs+common@11.1.6_class-transformer@0.5.1_class-validator@0.14._bad85ac0f714a81162304b30d6edbbbf/node_modules/@nestjs/core/injector/injector.js:103:9)
    at /home/arligle/V1/Aiofix/aiofix-ai-saas-platform/node_modules/.pnpm/@nestjs+core@11.1.6_@nestjs+common@11.1.6_class-transformer@0.5.1_class-validator@0.14._bad85ac0f714a81162304b30d6edbbbf/node_modules/@nestjs/core/injector/instance-loader.js:56:13
    at async Promise.all (index 3)
    at TestingInstanceLoader.createInstancesOfProviders (/home/arligle/V1/Aiofix/aiofix-ai-saas-platform/node_modules/.pnpm/@nestjs+core@11.1.6_@nestjs+common@11.1.6_class-transformer@0.5.1_class-validator@0.14._bad85ac0f714a81162304b30d6edbbbf/node_modules/@nestjs/core/injector/instance-loader.js:55:9)
    at /home/arligle/V1/Aiofix/aiofix-ai-saas-platform/node_modules/.pnpm/@nestjs+core@11.1.6_@nestjs+common@11.1.6_class-transformer@0.5.1_class-validator@0.14._bad85ac0f714a81162304b30d6edbbbf/node_modules/@nestjs/core/injector/instance-loader.js:40:13
    at async Promise.all (index 1)
    at TestingInstanceLoader.createInstances (/home/arligle/V1/Aiofix/aiofix-ai-saas-platform/node_modules/.pnpm/@nestjs+core@11.1.6_@nestjs+common@11.1.6_class-transformer@0.5.1_class-validator@0.14._bad85ac0f714a81162304b30d6edbbbf/node_modules/@nestjs/core/injector/instance-loader.js:39:9)
    at TestingInstanceLoader.createInstancesOfDependencies (/home/arligle/V1/Aiofix/aiofix-ai-saas-platform/node_modules/.pnpm/@nestjs+core@11.1.6_@nestjs+common@11.1.6_class-transformer@0.5.1_class-validator@0.14._bad85ac0f714a81162304b30d6edbbbf/node_modules/@nestjs/core/injector/instance-loader.js:22:13)
    at TestingInstanceLoader.createInstancesOfDependencies (/home/arligle/V1/Aiofix/aiofix-ai-saas-platform/node_modules/.pnpm/@nestjs+testing@11.1.6_@nestjs+common@11.1.6_class-transformer@0.5.1_class-validator@0._ff6a79f0d3e76ddb2b73722d992783a6/node_modules/@nestjs/testing/testing-instance-loader.js:9:9)
    at TestingModuleBuilder.createInstancesOfDependencies (/home/arligle/V1/Aiofix/aiofix-ai-saas-platform/node_modules/.pnpm/@nestjs+testing@11.1.6_@nestjs+common@11.1.6_class-transformer@0.5.1_class-validator@0._ff6a79f0d3e76ddb2b73722d992783a6/node_modules/@nestjs/testing/testing-module.builder.js:118:9)
    at TestingModuleBuilder.compile (/home/arligle/V1/Aiofix/aiofix-ai-saas-platform/node_modules/.pnpm/@nestjs+testing@11.1.6_@nestjs+common@11.1.6_class-transformer@0.5.1_class-validator@0._ff6a79f0d3e76ddb2b73722d992783a6/node_modules/@nestjs/testing/testing-module.builder.js:74:9)
    at Object.&lt;anonymous&gt; (/home/arligle/V1/Aiofix/aiofix-ai-saas-platform/packages/cache/src/services/cache-manager.service.spec.ts:196:35)</failure>
      <failure>TypeError: Cannot read properties of undefined (reading &apos;onDestroy&apos;)
    at Object.&lt;anonymous&gt; (/home/arligle/V1/Aiofix/aiofix-ai-saas-platform/packages/cache/src/services/cache-manager.service.spec.ts:222:13)
    at Promise.then.completed (/home/arligle/V1/Aiofix/aiofix-ai-saas-platform/node_modules/.pnpm/jest-circus@29.7.0/node_modules/jest-circus/build/utils.js:298:28)
    at new Promise (&lt;anonymous&gt;)
    at callAsyncCircusFn (/home/arligle/V1/Aiofix/aiofix-ai-saas-platform/node_modules/.pnpm/jest-circus@29.7.0/node_modules/jest-circus/build/utils.js:231:10)
    at _callCircusHook (/home/arligle/V1/Aiofix/aiofix-ai-saas-platform/node_modules/.pnpm/jest-circus@29.7.0/node_modules/jest-circus/build/run.js:281:40)
    at _runTest (/home/arligle/V1/Aiofix/aiofix-ai-saas-platform/node_modules/.pnpm/jest-circus@29.7.0/node_modules/jest-circus/build/run.js:254:5)
    at _runTestsForDescribeBlock (/home/arligle/V1/Aiofix/aiofix-ai-saas-platform/node_modules/.pnpm/jest-circus@29.7.0/node_modules/jest-circus/build/run.js:126:9)
    at _runTestsForDescribeBlock (/home/arligle/V1/Aiofix/aiofix-ai-saas-platform/node_modules/.pnpm/jest-circus@29.7.0/node_modules/jest-circus/build/run.js:121:9)
    at _runTestsForDescribeBlock (/home/arligle/V1/Aiofix/aiofix-ai-saas-platform/node_modules/.pnpm/jest-circus@29.7.0/node_modules/jest-circus/build/run.js:121:9)
    at run (/home/arligle/V1/Aiofix/aiofix-ai-saas-platform/node_modules/.pnpm/jest-circus@29.7.0/node_modules/jest-circus/build/run.js:71:3)
    at runAndTransformResultsToJestFormat (/home/arligle/V1/Aiofix/aiofix-ai-saas-platform/node_modules/.pnpm/jest-circus@29.7.0/node_modules/jest-circus/build/legacy-code-todo-rewrite/jestAdapterInit.js:122:21)
    at jestAdapter (/home/arligle/V1/Aiofix/aiofix-ai-saas-platform/node_modules/.pnpm/jest-circus@29.7.0/node_modules/jest-circus/build/legacy-code-todo-rewrite/jestAdapter.js:79:19)
    at runTestInternal (/home/arligle/V1/Aiofix/aiofix-ai-saas-platform/node_modules/.pnpm/jest-runner@29.7.0/node_modules/jest-runner/build/runTest.js:367:16)
    at runTest (/home/arligle/V1/Aiofix/aiofix-ai-saas-platform/node_modules/.pnpm/jest-runner@29.7.0/node_modules/jest-runner/build/runTest.js:444:34)</failure>
    </testcase>
    <testcase classname="CacheManagerService › event emission" name="should emit cache events" time="0.001">
      <failure>TypeError: Cannot read properties of undefined (reading &apos;info&apos;)
    at _classThis.info [as startMonitoring] (/home/arligle/V1/Aiofix/aiofix-ai-saas-platform/packages/cache/src/services/cache-manager.service.ts:826:19)
    at new startMonitoring (/home/arligle/V1/Aiofix/aiofix-ai-saas-platform/packages/cache/src/services/cache-manager.service.ts:152:10)
    at TestingInjector.instantiateClass (/home/arligle/V1/Aiofix/aiofix-ai-saas-platform/node_modules/.pnpm/@nestjs+core@11.1.6_@nestjs+common@11.1.6_class-transformer@0.5.1_class-validator@0.14._bad85ac0f714a81162304b30d6edbbbf/node_modules/@nestjs/core/injector/injector.js:418:19)
    at callback (/home/arligle/V1/Aiofix/aiofix-ai-saas-platform/node_modules/.pnpm/@nestjs+core@11.1.6_@nestjs+common@11.1.6_class-transformer@0.5.1_class-validator@0.14._bad85ac0f714a81162304b30d6edbbbf/node_modules/@nestjs/core/injector/injector.js:70:45)
    at TestingInjector.resolveConstructorParams (/home/arligle/V1/Aiofix/aiofix-ai-saas-platform/node_modules/.pnpm/@nestjs+core@11.1.6_@nestjs+common@11.1.6_class-transformer@0.5.1_class-validator@0.14._bad85ac0f714a81162304b30d6edbbbf/node_modules/@nestjs/core/injector/injector.js:170:24)
    at TestingInjector.loadInstance (/home/arligle/V1/Aiofix/aiofix-ai-saas-platform/node_modules/.pnpm/@nestjs+core@11.1.6_@nestjs+common@11.1.6_class-transformer@0.5.1_class-validator@0.14._bad85ac0f714a81162304b30d6edbbbf/node_modules/@nestjs/core/injector/injector.js:75:13)
    at TestingInjector.loadProvider (/home/arligle/V1/Aiofix/aiofix-ai-saas-platform/node_modules/.pnpm/@nestjs+core@11.1.6_@nestjs+common@11.1.6_class-transformer@0.5.1_class-validator@0.14._bad85ac0f714a81162304b30d6edbbbf/node_modules/@nestjs/core/injector/injector.js:103:9)
    at /home/arligle/V1/Aiofix/aiofix-ai-saas-platform/node_modules/.pnpm/@nestjs+core@11.1.6_@nestjs+common@11.1.6_class-transformer@0.5.1_class-validator@0.14._bad85ac0f714a81162304b30d6edbbbf/node_modules/@nestjs/core/injector/instance-loader.js:56:13
    at async Promise.all (index 3)
    at TestingInstanceLoader.createInstancesOfProviders (/home/arligle/V1/Aiofix/aiofix-ai-saas-platform/node_modules/.pnpm/@nestjs+core@11.1.6_@nestjs+common@11.1.6_class-transformer@0.5.1_class-validator@0.14._bad85ac0f714a81162304b30d6edbbbf/node_modules/@nestjs/core/injector/instance-loader.js:55:9)
    at /home/arligle/V1/Aiofix/aiofix-ai-saas-platform/node_modules/.pnpm/@nestjs+core@11.1.6_@nestjs+common@11.1.6_class-transformer@0.5.1_class-validator@0.14._bad85ac0f714a81162304b30d6edbbbf/node_modules/@nestjs/core/injector/instance-loader.js:40:13
    at async Promise.all (index 1)
    at TestingInstanceLoader.createInstances (/home/arligle/V1/Aiofix/aiofix-ai-saas-platform/node_modules/.pnpm/@nestjs+core@11.1.6_@nestjs+common@11.1.6_class-transformer@0.5.1_class-validator@0.14._bad85ac0f714a81162304b30d6edbbbf/node_modules/@nestjs/core/injector/instance-loader.js:39:9)
    at TestingInstanceLoader.createInstancesOfDependencies (/home/arligle/V1/Aiofix/aiofix-ai-saas-platform/node_modules/.pnpm/@nestjs+core@11.1.6_@nestjs+common@11.1.6_class-transformer@0.5.1_class-validator@0.14._bad85ac0f714a81162304b30d6edbbbf/node_modules/@nestjs/core/injector/instance-loader.js:22:13)
    at TestingInstanceLoader.createInstancesOfDependencies (/home/arligle/V1/Aiofix/aiofix-ai-saas-platform/node_modules/.pnpm/@nestjs+testing@11.1.6_@nestjs+common@11.1.6_class-transformer@0.5.1_class-validator@0._ff6a79f0d3e76ddb2b73722d992783a6/node_modules/@nestjs/testing/testing-instance-loader.js:9:9)
    at TestingModuleBuilder.createInstancesOfDependencies (/home/arligle/V1/Aiofix/aiofix-ai-saas-platform/node_modules/.pnpm/@nestjs+testing@11.1.6_@nestjs+common@11.1.6_class-transformer@0.5.1_class-validator@0._ff6a79f0d3e76ddb2b73722d992783a6/node_modules/@nestjs/testing/testing-module.builder.js:118:9)
    at TestingModuleBuilder.compile (/home/arligle/V1/Aiofix/aiofix-ai-saas-platform/node_modules/.pnpm/@nestjs+testing@11.1.6_@nestjs+common@11.1.6_class-transformer@0.5.1_class-validator@0._ff6a79f0d3e76ddb2b73722d992783a6/node_modules/@nestjs/testing/testing-module.builder.js:74:9)
    at Object.&lt;anonymous&gt; (/home/arligle/V1/Aiofix/aiofix-ai-saas-platform/packages/cache/src/services/cache-manager.service.spec.ts:196:35)</failure>
      <failure>TypeError: Cannot read properties of undefined (reading &apos;onDestroy&apos;)
    at Object.&lt;anonymous&gt; (/home/arligle/V1/Aiofix/aiofix-ai-saas-platform/packages/cache/src/services/cache-manager.service.spec.ts:222:13)
    at Promise.then.completed (/home/arligle/V1/Aiofix/aiofix-ai-saas-platform/node_modules/.pnpm/jest-circus@29.7.0/node_modules/jest-circus/build/utils.js:298:28)
    at new Promise (&lt;anonymous&gt;)
    at callAsyncCircusFn (/home/arligle/V1/Aiofix/aiofix-ai-saas-platform/node_modules/.pnpm/jest-circus@29.7.0/node_modules/jest-circus/build/utils.js:231:10)
    at _callCircusHook (/home/arligle/V1/Aiofix/aiofix-ai-saas-platform/node_modules/.pnpm/jest-circus@29.7.0/node_modules/jest-circus/build/run.js:281:40)
    at _runTest (/home/arligle/V1/Aiofix/aiofix-ai-saas-platform/node_modules/.pnpm/jest-circus@29.7.0/node_modules/jest-circus/build/run.js:254:5)
    at _runTestsForDescribeBlock (/home/arligle/V1/Aiofix/aiofix-ai-saas-platform/node_modules/.pnpm/jest-circus@29.7.0/node_modules/jest-circus/build/run.js:126:9)
    at _runTestsForDescribeBlock (/home/arligle/V1/Aiofix/aiofix-ai-saas-platform/node_modules/.pnpm/jest-circus@29.7.0/node_modules/jest-circus/build/run.js:121:9)
    at _runTestsForDescribeBlock (/home/arligle/V1/Aiofix/aiofix-ai-saas-platform/node_modules/.pnpm/jest-circus@29.7.0/node_modules/jest-circus/build/run.js:121:9)
    at run (/home/arligle/V1/Aiofix/aiofix-ai-saas-platform/node_modules/.pnpm/jest-circus@29.7.0/node_modules/jest-circus/build/run.js:71:3)
    at runAndTransformResultsToJestFormat (/home/arligle/V1/Aiofix/aiofix-ai-saas-platform/node_modules/.pnpm/jest-circus@29.7.0/node_modules/jest-circus/build/legacy-code-todo-rewrite/jestAdapterInit.js:122:21)
    at jestAdapter (/home/arligle/V1/Aiofix/aiofix-ai-saas-platform/node_modules/.pnpm/jest-circus@29.7.0/node_modules/jest-circus/build/legacy-code-todo-rewrite/jestAdapter.js:79:19)
    at runTestInternal (/home/arligle/V1/Aiofix/aiofix-ai-saas-platform/node_modules/.pnpm/jest-runner@29.7.0/node_modules/jest-runner/build/runTest.js:367:16)
    at runTest (/home/arligle/V1/Aiofix/aiofix-ai-saas-platform/node_modules/.pnpm/jest-runner@29.7.0/node_modules/jest-runner/build/runTest.js:444:34)</failure>
    </testcase>
  </testsuite>
  <testsuite name="PinoLoggingMiddleware" errors="0" failures="11" skipped="0" timestamp="2025-09-06T16:56:47" time="0.177" tests="12">
    <testcase classname="PinoLoggingMiddleware" name="should be defined" time="0.003">
    </testcase>
    <testcase classname="PinoLoggingMiddleware › request logging" name="should log request information" time="0.002">
      <failure>TypeError: Cannot read properties of undefined (reading &apos;info&apos;)
    at _classThis.info [as logRequest] (/home/arligle/V1/Aiofix/aiofix-ai-saas-platform/packages/logging/src/middleware/pino-logging.middleware.ts:207:17)
    at _classThis.logRequest [as use] (/home/arligle/V1/Aiofix/aiofix-ai-saas-platform/packages/logging/src/middleware/pino-logging.middleware.ts:81:10)
    at Object.&lt;anonymous&gt; (/home/arligle/V1/Aiofix/aiofix-ai-saas-platform/packages/logging/src/middleware/pino-logging.middleware.spec.ts:69:18)
    at Promise.then.completed (/home/arligle/V1/Aiofix/aiofix-ai-saas-platform/node_modules/.pnpm/jest-circus@29.7.0/node_modules/jest-circus/build/utils.js:298:28)
    at new Promise (&lt;anonymous&gt;)
    at callAsyncCircusFn (/home/arligle/V1/Aiofix/aiofix-ai-saas-platform/node_modules/.pnpm/jest-circus@29.7.0/node_modules/jest-circus/build/utils.js:231:10)
    at _callCircusTest (/home/arligle/V1/Aiofix/aiofix-ai-saas-platform/node_modules/.pnpm/jest-circus@29.7.0/node_modules/jest-circus/build/run.js:316:40)
    at _runTest (/home/arligle/V1/Aiofix/aiofix-ai-saas-platform/node_modules/.pnpm/jest-circus@29.7.0/node_modules/jest-circus/build/run.js:252:3)
    at _runTestsForDescribeBlock (/home/arligle/V1/Aiofix/aiofix-ai-saas-platform/node_modules/.pnpm/jest-circus@29.7.0/node_modules/jest-circus/build/run.js:126:9)
    at _runTestsForDescribeBlock (/home/arligle/V1/Aiofix/aiofix-ai-saas-platform/node_modules/.pnpm/jest-circus@29.7.0/node_modules/jest-circus/build/run.js:121:9)
    at _runTestsForDescribeBlock (/home/arligle/V1/Aiofix/aiofix-ai-saas-platform/node_modules/.pnpm/jest-circus@29.7.0/node_modules/jest-circus/build/run.js:121:9)
    at run (/home/arligle/V1/Aiofix/aiofix-ai-saas-platform/node_modules/.pnpm/jest-circus@29.7.0/node_modules/jest-circus/build/run.js:71:3)
    at runAndTransformResultsToJestFormat (/home/arligle/V1/Aiofix/aiofix-ai-saas-platform/node_modules/.pnpm/jest-circus@29.7.0/node_modules/jest-circus/build/legacy-code-todo-rewrite/jestAdapterInit.js:122:21)
    at jestAdapter (/home/arligle/V1/Aiofix/aiofix-ai-saas-platform/node_modules/.pnpm/jest-circus@29.7.0/node_modules/jest-circus/build/legacy-code-todo-rewrite/jestAdapter.js:79:19)
    at runTestInternal (/home/arligle/V1/Aiofix/aiofix-ai-saas-platform/node_modules/.pnpm/jest-runner@29.7.0/node_modules/jest-runner/build/runTest.js:367:16)
    at runTest (/home/arligle/V1/Aiofix/aiofix-ai-saas-platform/node_modules/.pnpm/jest-runner@29.7.0/node_modules/jest-runner/build/runTest.js:444:34)</failure>
    </testcase>
    <testcase classname="PinoLoggingMiddleware › request logging" name="should generate unique request ID" time="0.002">
      <failure>TypeError: Cannot read properties of undefined (reading &apos;info&apos;)
    at _classThis.info [as logRequest] (/home/arligle/V1/Aiofix/aiofix-ai-saas-platform/packages/logging/src/middleware/pino-logging.middleware.ts:207:17)
    at _classThis.logRequest [as use] (/home/arligle/V1/Aiofix/aiofix-ai-saas-platform/packages/logging/src/middleware/pino-logging.middleware.ts:81:10)
    at Object.&lt;anonymous&gt; (/home/arligle/V1/Aiofix/aiofix-ai-saas-platform/packages/logging/src/middleware/pino-logging.middleware.spec.ts:99:18)
    at Promise.then.completed (/home/arligle/V1/Aiofix/aiofix-ai-saas-platform/node_modules/.pnpm/jest-circus@29.7.0/node_modules/jest-circus/build/utils.js:298:28)
    at new Promise (&lt;anonymous&gt;)
    at callAsyncCircusFn (/home/arligle/V1/Aiofix/aiofix-ai-saas-platform/node_modules/.pnpm/jest-circus@29.7.0/node_modules/jest-circus/build/utils.js:231:10)
    at _callCircusTest (/home/arligle/V1/Aiofix/aiofix-ai-saas-platform/node_modules/.pnpm/jest-circus@29.7.0/node_modules/jest-circus/build/run.js:316:40)
    at _runTest (/home/arligle/V1/Aiofix/aiofix-ai-saas-platform/node_modules/.pnpm/jest-circus@29.7.0/node_modules/jest-circus/build/run.js:252:3)
    at _runTestsForDescribeBlock (/home/arligle/V1/Aiofix/aiofix-ai-saas-platform/node_modules/.pnpm/jest-circus@29.7.0/node_modules/jest-circus/build/run.js:126:9)
    at _runTestsForDescribeBlock (/home/arligle/V1/Aiofix/aiofix-ai-saas-platform/node_modules/.pnpm/jest-circus@29.7.0/node_modules/jest-circus/build/run.js:121:9)
    at _runTestsForDescribeBlock (/home/arligle/V1/Aiofix/aiofix-ai-saas-platform/node_modules/.pnpm/jest-circus@29.7.0/node_modules/jest-circus/build/run.js:121:9)
    at run (/home/arligle/V1/Aiofix/aiofix-ai-saas-platform/node_modules/.pnpm/jest-circus@29.7.0/node_modules/jest-circus/build/run.js:71:3)
    at runAndTransformResultsToJestFormat (/home/arligle/V1/Aiofix/aiofix-ai-saas-platform/node_modules/.pnpm/jest-circus@29.7.0/node_modules/jest-circus/build/legacy-code-todo-rewrite/jestAdapterInit.js:122:21)
    at jestAdapter (/home/arligle/V1/Aiofix/aiofix-ai-saas-platform/node_modules/.pnpm/jest-circus@29.7.0/node_modules/jest-circus/build/legacy-code-todo-rewrite/jestAdapter.js:79:19)
    at runTestInternal (/home/arligle/V1/Aiofix/aiofix-ai-saas-platform/node_modules/.pnpm/jest-runner@29.7.0/node_modules/jest-runner/build/runTest.js:367:16)
    at runTest (/home/arligle/V1/Aiofix/aiofix-ai-saas-platform/node_modules/.pnpm/jest-runner@29.7.0/node_modules/jest-runner/build/runTest.js:444:34)</failure>
    </testcase>
    <testcase classname="PinoLoggingMiddleware › request logging" name="should extract tenant ID from different sources" time="0.001">
      <failure>TypeError: Cannot read properties of undefined (reading &apos;info&apos;)
    at _classThis.info [as logRequest] (/home/arligle/V1/Aiofix/aiofix-ai-saas-platform/packages/logging/src/middleware/pino-logging.middleware.ts:207:17)
    at _classThis.logRequest [as use] (/home/arligle/V1/Aiofix/aiofix-ai-saas-platform/packages/logging/src/middleware/pino-logging.middleware.ts:81:10)
    at Object.&lt;anonymous&gt; (/home/arligle/V1/Aiofix/aiofix-ai-saas-platform/packages/logging/src/middleware/pino-logging.middleware.spec.ts:119:18)
    at Promise.then.completed (/home/arligle/V1/Aiofix/aiofix-ai-saas-platform/node_modules/.pnpm/jest-circus@29.7.0/node_modules/jest-circus/build/utils.js:298:28)
    at new Promise (&lt;anonymous&gt;)
    at callAsyncCircusFn (/home/arligle/V1/Aiofix/aiofix-ai-saas-platform/node_modules/.pnpm/jest-circus@29.7.0/node_modules/jest-circus/build/utils.js:231:10)
    at _callCircusTest (/home/arligle/V1/Aiofix/aiofix-ai-saas-platform/node_modules/.pnpm/jest-circus@29.7.0/node_modules/jest-circus/build/run.js:316:40)
    at _runTest (/home/arligle/V1/Aiofix/aiofix-ai-saas-platform/node_modules/.pnpm/jest-circus@29.7.0/node_modules/jest-circus/build/run.js:252:3)
    at _runTestsForDescribeBlock (/home/arligle/V1/Aiofix/aiofix-ai-saas-platform/node_modules/.pnpm/jest-circus@29.7.0/node_modules/jest-circus/build/run.js:126:9)
    at _runTestsForDescribeBlock (/home/arligle/V1/Aiofix/aiofix-ai-saas-platform/node_modules/.pnpm/jest-circus@29.7.0/node_modules/jest-circus/build/run.js:121:9)
    at _runTestsForDescribeBlock (/home/arligle/V1/Aiofix/aiofix-ai-saas-platform/node_modules/.pnpm/jest-circus@29.7.0/node_modules/jest-circus/build/run.js:121:9)
    at run (/home/arligle/V1/Aiofix/aiofix-ai-saas-platform/node_modules/.pnpm/jest-circus@29.7.0/node_modules/jest-circus/build/run.js:71:3)
    at runAndTransformResultsToJestFormat (/home/arligle/V1/Aiofix/aiofix-ai-saas-platform/node_modules/.pnpm/jest-circus@29.7.0/node_modules/jest-circus/build/legacy-code-todo-rewrite/jestAdapterInit.js:122:21)
    at jestAdapter (/home/arligle/V1/Aiofix/aiofix-ai-saas-platform/node_modules/.pnpm/jest-circus@29.7.0/node_modules/jest-circus/build/legacy-code-todo-rewrite/jestAdapter.js:79:19)
    at runTestInternal (/home/arligle/V1/Aiofix/aiofix-ai-saas-platform/node_modules/.pnpm/jest-runner@29.7.0/node_modules/jest-runner/build/runTest.js:367:16)
    at runTest (/home/arligle/V1/Aiofix/aiofix-ai-saas-platform/node_modules/.pnpm/jest-runner@29.7.0/node_modules/jest-runner/build/runTest.js:444:34)</failure>
    </testcase>
    <testcase classname="PinoLoggingMiddleware › request logging" name="should extract user ID from different sources" time="0.001">
      <failure>TypeError: Cannot read properties of undefined (reading &apos;info&apos;)
    at _classThis.info [as logRequest] (/home/arligle/V1/Aiofix/aiofix-ai-saas-platform/packages/logging/src/middleware/pino-logging.middleware.ts:207:17)
    at _classThis.logRequest [as use] (/home/arligle/V1/Aiofix/aiofix-ai-saas-platform/packages/logging/src/middleware/pino-logging.middleware.ts:81:10)
    at Object.&lt;anonymous&gt; (/home/arligle/V1/Aiofix/aiofix-ai-saas-platform/packages/logging/src/middleware/pino-logging.middleware.spec.ts:139:18)
    at Promise.then.completed (/home/arligle/V1/Aiofix/aiofix-ai-saas-platform/node_modules/.pnpm/jest-circus@29.7.0/node_modules/jest-circus/build/utils.js:298:28)
    at new Promise (&lt;anonymous&gt;)
    at callAsyncCircusFn (/home/arligle/V1/Aiofix/aiofix-ai-saas-platform/node_modules/.pnpm/jest-circus@29.7.0/node_modules/jest-circus/build/utils.js:231:10)
    at _callCircusTest (/home/arligle/V1/Aiofix/aiofix-ai-saas-platform/node_modules/.pnpm/jest-circus@29.7.0/node_modules/jest-circus/build/run.js:316:40)
    at _runTest (/home/arligle/V1/Aiofix/aiofix-ai-saas-platform/node_modules/.pnpm/jest-circus@29.7.0/node_modules/jest-circus/build/run.js:252:3)
    at _runTestsForDescribeBlock (/home/arligle/V1/Aiofix/aiofix-ai-saas-platform/node_modules/.pnpm/jest-circus@29.7.0/node_modules/jest-circus/build/run.js:126:9)
    at _runTestsForDescribeBlock (/home/arligle/V1/Aiofix/aiofix-ai-saas-platform/node_modules/.pnpm/jest-circus@29.7.0/node_modules/jest-circus/build/run.js:121:9)
    at _runTestsForDescribeBlock (/home/arligle/V1/Aiofix/aiofix-ai-saas-platform/node_modules/.pnpm/jest-circus@29.7.0/node_modules/jest-circus/build/run.js:121:9)
    at run (/home/arligle/V1/Aiofix/aiofix-ai-saas-platform/node_modules/.pnpm/jest-circus@29.7.0/node_modules/jest-circus/build/run.js:71:3)
    at runAndTransformResultsToJestFormat (/home/arligle/V1/Aiofix/aiofix-ai-saas-platform/node_modules/.pnpm/jest-circus@29.7.0/node_modules/jest-circus/build/legacy-code-todo-rewrite/jestAdapterInit.js:122:21)
    at jestAdapter (/home/arligle/V1/Aiofix/aiofix-ai-saas-platform/node_modules/.pnpm/jest-circus@29.7.0/node_modules/jest-circus/build/legacy-code-todo-rewrite/jestAdapter.js:79:19)
    at runTestInternal (/home/arligle/V1/Aiofix/aiofix-ai-saas-platform/node_modules/.pnpm/jest-runner@29.7.0/node_modules/jest-runner/build/runTest.js:367:16)
    at runTest (/home/arligle/V1/Aiofix/aiofix-ai-saas-platform/node_modules/.pnpm/jest-runner@29.7.0/node_modules/jest-runner/build/runTest.js:444:34)</failure>
    </testcase>
    <testcase classname="PinoLoggingMiddleware › response logging" name="should log successful response" time="0.001">
      <failure>TypeError: Cannot read properties of undefined (reading &apos;info&apos;)
    at _classThis.info [as logRequest] (/home/arligle/V1/Aiofix/aiofix-ai-saas-platform/packages/logging/src/middleware/pino-logging.middleware.ts:207:17)
    at _classThis.logRequest [as use] (/home/arligle/V1/Aiofix/aiofix-ai-saas-platform/packages/logging/src/middleware/pino-logging.middleware.ts:81:10)
    at Object.&lt;anonymous&gt; (/home/arligle/V1/Aiofix/aiofix-ai-saas-platform/packages/logging/src/middleware/pino-logging.middleware.spec.ts:157:18)
    at Promise.then.completed (/home/arligle/V1/Aiofix/aiofix-ai-saas-platform/node_modules/.pnpm/jest-circus@29.7.0/node_modules/jest-circus/build/utils.js:290:26)
    at new Promise (&lt;anonymous&gt;)
    at callAsyncCircusFn (/home/arligle/V1/Aiofix/aiofix-ai-saas-platform/node_modules/.pnpm/jest-circus@29.7.0/node_modules/jest-circus/build/utils.js:231:10)
    at _callCircusTest (/home/arligle/V1/Aiofix/aiofix-ai-saas-platform/node_modules/.pnpm/jest-circus@29.7.0/node_modules/jest-circus/build/run.js:316:40)
    at _runTest (/home/arligle/V1/Aiofix/aiofix-ai-saas-platform/node_modules/.pnpm/jest-circus@29.7.0/node_modules/jest-circus/build/run.js:252:3)
    at _runTestsForDescribeBlock (/home/arligle/V1/Aiofix/aiofix-ai-saas-platform/node_modules/.pnpm/jest-circus@29.7.0/node_modules/jest-circus/build/run.js:126:9)
    at _runTestsForDescribeBlock (/home/arligle/V1/Aiofix/aiofix-ai-saas-platform/node_modules/.pnpm/jest-circus@29.7.0/node_modules/jest-circus/build/run.js:121:9)
    at _runTestsForDescribeBlock (/home/arligle/V1/Aiofix/aiofix-ai-saas-platform/node_modules/.pnpm/jest-circus@29.7.0/node_modules/jest-circus/build/run.js:121:9)
    at run (/home/arligle/V1/Aiofix/aiofix-ai-saas-platform/node_modules/.pnpm/jest-circus@29.7.0/node_modules/jest-circus/build/run.js:71:3)
    at runAndTransformResultsToJestFormat (/home/arligle/V1/Aiofix/aiofix-ai-saas-platform/node_modules/.pnpm/jest-circus@29.7.0/node_modules/jest-circus/build/legacy-code-todo-rewrite/jestAdapterInit.js:122:21)
    at jestAdapter (/home/arligle/V1/Aiofix/aiofix-ai-saas-platform/node_modules/.pnpm/jest-circus@29.7.0/node_modules/jest-circus/build/legacy-code-todo-rewrite/jestAdapter.js:79:19)
    at runTestInternal (/home/arligle/V1/Aiofix/aiofix-ai-saas-platform/node_modules/.pnpm/jest-runner@29.7.0/node_modules/jest-runner/build/runTest.js:367:16)
    at runTest (/home/arligle/V1/Aiofix/aiofix-ai-saas-platform/node_modules/.pnpm/jest-runner@29.7.0/node_modules/jest-runner/build/runTest.js:444:34)</failure>
    </testcase>
    <testcase classname="PinoLoggingMiddleware › response logging" name="should log error response as warning" time="0.001">
      <failure>TypeError: Cannot read properties of undefined (reading &apos;info&apos;)
    at _classThis.info [as logRequest] (/home/arligle/V1/Aiofix/aiofix-ai-saas-platform/packages/logging/src/middleware/pino-logging.middleware.ts:207:17)
    at _classThis.logRequest [as use] (/home/arligle/V1/Aiofix/aiofix-ai-saas-platform/packages/logging/src/middleware/pino-logging.middleware.ts:81:10)
    at Object.&lt;anonymous&gt; (/home/arligle/V1/Aiofix/aiofix-ai-saas-platform/packages/logging/src/middleware/pino-logging.middleware.spec.ts:183:18)
    at Promise.then.completed (/home/arligle/V1/Aiofix/aiofix-ai-saas-platform/node_modules/.pnpm/jest-circus@29.7.0/node_modules/jest-circus/build/utils.js:290:26)
    at new Promise (&lt;anonymous&gt;)
    at callAsyncCircusFn (/home/arligle/V1/Aiofix/aiofix-ai-saas-platform/node_modules/.pnpm/jest-circus@29.7.0/node_modules/jest-circus/build/utils.js:231:10)
    at _callCircusTest (/home/arligle/V1/Aiofix/aiofix-ai-saas-platform/node_modules/.pnpm/jest-circus@29.7.0/node_modules/jest-circus/build/run.js:316:40)
    at _runTest (/home/arligle/V1/Aiofix/aiofix-ai-saas-platform/node_modules/.pnpm/jest-circus@29.7.0/node_modules/jest-circus/build/run.js:252:3)
    at _runTestsForDescribeBlock (/home/arligle/V1/Aiofix/aiofix-ai-saas-platform/node_modules/.pnpm/jest-circus@29.7.0/node_modules/jest-circus/build/run.js:126:9)
    at _runTestsForDescribeBlock (/home/arligle/V1/Aiofix/aiofix-ai-saas-platform/node_modules/.pnpm/jest-circus@29.7.0/node_modules/jest-circus/build/run.js:121:9)
    at _runTestsForDescribeBlock (/home/arligle/V1/Aiofix/aiofix-ai-saas-platform/node_modules/.pnpm/jest-circus@29.7.0/node_modules/jest-circus/build/run.js:121:9)
    at run (/home/arligle/V1/Aiofix/aiofix-ai-saas-platform/node_modules/.pnpm/jest-circus@29.7.0/node_modules/jest-circus/build/run.js:71:3)
    at runAndTransformResultsToJestFormat (/home/arligle/V1/Aiofix/aiofix-ai-saas-platform/node_modules/.pnpm/jest-circus@29.7.0/node_modules/jest-circus/build/legacy-code-todo-rewrite/jestAdapterInit.js:122:21)
    at jestAdapter (/home/arligle/V1/Aiofix/aiofix-ai-saas-platform/node_modules/.pnpm/jest-circus@29.7.0/node_modules/jest-circus/build/legacy-code-todo-rewrite/jestAdapter.js:79:19)
    at runTestInternal (/home/arligle/V1/Aiofix/aiofix-ai-saas-platform/node_modules/.pnpm/jest-runner@29.7.0/node_modules/jest-runner/build/runTest.js:367:16)
    at runTest (/home/arligle/V1/Aiofix/aiofix-ai-saas-platform/node_modules/.pnpm/jest-runner@29.7.0/node_modules/jest-runner/build/runTest.js:444:34)</failure>
    </testcase>
    <testcase classname="PinoLoggingMiddleware › response logging" name="should capture response size" time="0.013">
      <failure>TypeError: Cannot read properties of undefined (reading &apos;info&apos;)
    at _classThis.info [as logRequest] (/home/arligle/V1/Aiofix/aiofix-ai-saas-platform/packages/logging/src/middleware/pino-logging.middleware.ts:207:17)
    at _classThis.logRequest [as use] (/home/arligle/V1/Aiofix/aiofix-ai-saas-platform/packages/logging/src/middleware/pino-logging.middleware.ts:81:10)
    at Object.&lt;anonymous&gt; (/home/arligle/V1/Aiofix/aiofix-ai-saas-platform/packages/logging/src/middleware/pino-logging.middleware.spec.ts:206:18)
    at Promise.then.completed (/home/arligle/V1/Aiofix/aiofix-ai-saas-platform/node_modules/.pnpm/jest-circus@29.7.0/node_modules/jest-circus/build/utils.js:290:26)
    at new Promise (&lt;anonymous&gt;)
    at callAsyncCircusFn (/home/arligle/V1/Aiofix/aiofix-ai-saas-platform/node_modules/.pnpm/jest-circus@29.7.0/node_modules/jest-circus/build/utils.js:231:10)
    at _callCircusTest (/home/arligle/V1/Aiofix/aiofix-ai-saas-platform/node_modules/.pnpm/jest-circus@29.7.0/node_modules/jest-circus/build/run.js:316:40)
    at _runTest (/home/arligle/V1/Aiofix/aiofix-ai-saas-platform/node_modules/.pnpm/jest-circus@29.7.0/node_modules/jest-circus/build/run.js:252:3)
    at _runTestsForDescribeBlock (/home/arligle/V1/Aiofix/aiofix-ai-saas-platform/node_modules/.pnpm/jest-circus@29.7.0/node_modules/jest-circus/build/run.js:126:9)
    at _runTestsForDescribeBlock (/home/arligle/V1/Aiofix/aiofix-ai-saas-platform/node_modules/.pnpm/jest-circus@29.7.0/node_modules/jest-circus/build/run.js:121:9)
    at _runTestsForDescribeBlock (/home/arligle/V1/Aiofix/aiofix-ai-saas-platform/node_modules/.pnpm/jest-circus@29.7.0/node_modules/jest-circus/build/run.js:121:9)
    at run (/home/arligle/V1/Aiofix/aiofix-ai-saas-platform/node_modules/.pnpm/jest-circus@29.7.0/node_modules/jest-circus/build/run.js:71:3)
    at runAndTransformResultsToJestFormat (/home/arligle/V1/Aiofix/aiofix-ai-saas-platform/node_modules/.pnpm/jest-circus@29.7.0/node_modules/jest-circus/build/legacy-code-todo-rewrite/jestAdapterInit.js:122:21)
    at jestAdapter (/home/arligle/V1/Aiofix/aiofix-ai-saas-platform/node_modules/.pnpm/jest-circus@29.7.0/node_modules/jest-circus/build/legacy-code-todo-rewrite/jestAdapter.js:79:19)
    at runTestInternal (/home/arligle/V1/Aiofix/aiofix-ai-saas-platform/node_modules/.pnpm/jest-runner@29.7.0/node_modules/jest-runner/build/runTest.js:367:16)
    at runTest (/home/arligle/V1/Aiofix/aiofix-ai-saas-platform/node_modules/.pnpm/jest-runner@29.7.0/node_modules/jest-runner/build/runTest.js:444:34)</failure>
    </testcase>
    <testcase classname="PinoLoggingMiddleware › security features" name="should sanitize sensitive headers" time="0.004">
      <failure>TypeError: Cannot read properties of undefined (reading &apos;info&apos;)
    at _classThis.info [as logRequest] (/home/arligle/V1/Aiofix/aiofix-ai-saas-platform/packages/logging/src/middleware/pino-logging.middleware.ts:207:17)
    at _classThis.logRequest [as use] (/home/arligle/V1/Aiofix/aiofix-ai-saas-platform/packages/logging/src/middleware/pino-logging.middleware.ts:81:10)
    at Object.&lt;anonymous&gt; (/home/arligle/V1/Aiofix/aiofix-ai-saas-platform/packages/logging/src/middleware/pino-logging.middleware.spec.ts:231:18)
    at Promise.then.completed (/home/arligle/V1/Aiofix/aiofix-ai-saas-platform/node_modules/.pnpm/jest-circus@29.7.0/node_modules/jest-circus/build/utils.js:298:28)
    at new Promise (&lt;anonymous&gt;)
    at callAsyncCircusFn (/home/arligle/V1/Aiofix/aiofix-ai-saas-platform/node_modules/.pnpm/jest-circus@29.7.0/node_modules/jest-circus/build/utils.js:231:10)
    at _callCircusTest (/home/arligle/V1/Aiofix/aiofix-ai-saas-platform/node_modules/.pnpm/jest-circus@29.7.0/node_modules/jest-circus/build/run.js:316:40)
    at _runTest (/home/arligle/V1/Aiofix/aiofix-ai-saas-platform/node_modules/.pnpm/jest-circus@29.7.0/node_modules/jest-circus/build/run.js:252:3)
    at _runTestsForDescribeBlock (/home/arligle/V1/Aiofix/aiofix-ai-saas-platform/node_modules/.pnpm/jest-circus@29.7.0/node_modules/jest-circus/build/run.js:126:9)
    at _runTestsForDescribeBlock (/home/arligle/V1/Aiofix/aiofix-ai-saas-platform/node_modules/.pnpm/jest-circus@29.7.0/node_modules/jest-circus/build/run.js:121:9)
    at _runTestsForDescribeBlock (/home/arligle/V1/Aiofix/aiofix-ai-saas-platform/node_modules/.pnpm/jest-circus@29.7.0/node_modules/jest-circus/build/run.js:121:9)
    at run (/home/arligle/V1/Aiofix/aiofix-ai-saas-platform/node_modules/.pnpm/jest-circus@29.7.0/node_modules/jest-circus/build/run.js:71:3)
    at runAndTransformResultsToJestFormat (/home/arligle/V1/Aiofix/aiofix-ai-saas-platform/node_modules/.pnpm/jest-circus@29.7.0/node_modules/jest-circus/build/legacy-code-todo-rewrite/jestAdapterInit.js:122:21)
    at jestAdapter (/home/arligle/V1/Aiofix/aiofix-ai-saas-platform/node_modules/.pnpm/jest-circus@29.7.0/node_modules/jest-circus/build/legacy-code-todo-rewrite/jestAdapter.js:79:19)
    at runTestInternal (/home/arligle/V1/Aiofix/aiofix-ai-saas-platform/node_modules/.pnpm/jest-runner@29.7.0/node_modules/jest-runner/build/runTest.js:367:16)
    at runTest (/home/arligle/V1/Aiofix/aiofix-ai-saas-platform/node_modules/.pnpm/jest-runner@29.7.0/node_modules/jest-runner/build/runTest.js:444:34)</failure>
    </testcase>
    <testcase classname="PinoLoggingMiddleware › security features" name="should sanitize sensitive body fields" time="0.002">
      <failure>TypeError: Cannot read properties of undefined (reading &apos;info&apos;)
    at _classThis.info [as logRequest] (/home/arligle/V1/Aiofix/aiofix-ai-saas-platform/packages/logging/src/middleware/pino-logging.middleware.ts:207:17)
    at _classThis.logRequest [as use] (/home/arligle/V1/Aiofix/aiofix-ai-saas-platform/packages/logging/src/middleware/pino-logging.middleware.ts:81:10)
    at Object.&lt;anonymous&gt; (/home/arligle/V1/Aiofix/aiofix-ai-saas-platform/packages/logging/src/middleware/pino-logging.middleware.spec.ts:257:18)
    at Promise.then.completed (/home/arligle/V1/Aiofix/aiofix-ai-saas-platform/node_modules/.pnpm/jest-circus@29.7.0/node_modules/jest-circus/build/utils.js:298:28)
    at new Promise (&lt;anonymous&gt;)
    at callAsyncCircusFn (/home/arligle/V1/Aiofix/aiofix-ai-saas-platform/node_modules/.pnpm/jest-circus@29.7.0/node_modules/jest-circus/build/utils.js:231:10)
    at _callCircusTest (/home/arligle/V1/Aiofix/aiofix-ai-saas-platform/node_modules/.pnpm/jest-circus@29.7.0/node_modules/jest-circus/build/run.js:316:40)
    at _runTest (/home/arligle/V1/Aiofix/aiofix-ai-saas-platform/node_modules/.pnpm/jest-circus@29.7.0/node_modules/jest-circus/build/run.js:252:3)
    at _runTestsForDescribeBlock (/home/arligle/V1/Aiofix/aiofix-ai-saas-platform/node_modules/.pnpm/jest-circus@29.7.0/node_modules/jest-circus/build/run.js:126:9)
    at _runTestsForDescribeBlock (/home/arligle/V1/Aiofix/aiofix-ai-saas-platform/node_modules/.pnpm/jest-circus@29.7.0/node_modules/jest-circus/build/run.js:121:9)
    at _runTestsForDescribeBlock (/home/arligle/V1/Aiofix/aiofix-ai-saas-platform/node_modules/.pnpm/jest-circus@29.7.0/node_modules/jest-circus/build/run.js:121:9)
    at run (/home/arligle/V1/Aiofix/aiofix-ai-saas-platform/node_modules/.pnpm/jest-circus@29.7.0/node_modules/jest-circus/build/run.js:71:3)
    at runAndTransformResultsToJestFormat (/home/arligle/V1/Aiofix/aiofix-ai-saas-platform/node_modules/.pnpm/jest-circus@29.7.0/node_modules/jest-circus/build/legacy-code-todo-rewrite/jestAdapterInit.js:122:21)
    at jestAdapter (/home/arligle/V1/Aiofix/aiofix-ai-saas-platform/node_modules/.pnpm/jest-circus@29.7.0/node_modules/jest-circus/build/legacy-code-todo-rewrite/jestAdapter.js:79:19)
    at runTestInternal (/home/arligle/V1/Aiofix/aiofix-ai-saas-platform/node_modules/.pnpm/jest-runner@29.7.0/node_modules/jest-runner/build/runTest.js:367:16)
    at runTest (/home/arligle/V1/Aiofix/aiofix-ai-saas-platform/node_modules/.pnpm/jest-runner@29.7.0/node_modules/jest-runner/build/runTest.js:444:34)</failure>
    </testcase>
    <testcase classname="PinoLoggingMiddleware › client IP detection" name="should detect IP from X-Forwarded-For header" time="0.001">
      <failure>TypeError: Cannot read properties of undefined (reading &apos;info&apos;)
    at _classThis.info [as logRequest] (/home/arligle/V1/Aiofix/aiofix-ai-saas-platform/packages/logging/src/middleware/pino-logging.middleware.ts:207:17)
    at _classThis.logRequest [as use] (/home/arligle/V1/Aiofix/aiofix-ai-saas-platform/packages/logging/src/middleware/pino-logging.middleware.ts:81:10)
    at Object.&lt;anonymous&gt; (/home/arligle/V1/Aiofix/aiofix-ai-saas-platform/packages/logging/src/middleware/pino-logging.middleware.spec.ts:289:18)
    at Promise.then.completed (/home/arligle/V1/Aiofix/aiofix-ai-saas-platform/node_modules/.pnpm/jest-circus@29.7.0/node_modules/jest-circus/build/utils.js:298:28)
    at new Promise (&lt;anonymous&gt;)
    at callAsyncCircusFn (/home/arligle/V1/Aiofix/aiofix-ai-saas-platform/node_modules/.pnpm/jest-circus@29.7.0/node_modules/jest-circus/build/utils.js:231:10)
    at _callCircusTest (/home/arligle/V1/Aiofix/aiofix-ai-saas-platform/node_modules/.pnpm/jest-circus@29.7.0/node_modules/jest-circus/build/run.js:316:40)
    at _runTest (/home/arligle/V1/Aiofix/aiofix-ai-saas-platform/node_modules/.pnpm/jest-circus@29.7.0/node_modules/jest-circus/build/run.js:252:3)
    at _runTestsForDescribeBlock (/home/arligle/V1/Aiofix/aiofix-ai-saas-platform/node_modules/.pnpm/jest-circus@29.7.0/node_modules/jest-circus/build/run.js:126:9)
    at _runTestsForDescribeBlock (/home/arligle/V1/Aiofix/aiofix-ai-saas-platform/node_modules/.pnpm/jest-circus@29.7.0/node_modules/jest-circus/build/run.js:121:9)
    at _runTestsForDescribeBlock (/home/arligle/V1/Aiofix/aiofix-ai-saas-platform/node_modules/.pnpm/jest-circus@29.7.0/node_modules/jest-circus/build/run.js:121:9)
    at run (/home/arligle/V1/Aiofix/aiofix-ai-saas-platform/node_modules/.pnpm/jest-circus@29.7.0/node_modules/jest-circus/build/run.js:71:3)
    at runAndTransformResultsToJestFormat (/home/arligle/V1/Aiofix/aiofix-ai-saas-platform/node_modules/.pnpm/jest-circus@29.7.0/node_modules/jest-circus/build/legacy-code-todo-rewrite/jestAdapterInit.js:122:21)
    at jestAdapter (/home/arligle/V1/Aiofix/aiofix-ai-saas-platform/node_modules/.pnpm/jest-circus@29.7.0/node_modules/jest-circus/build/legacy-code-todo-rewrite/jestAdapter.js:79:19)
    at runTestInternal (/home/arligle/V1/Aiofix/aiofix-ai-saas-platform/node_modules/.pnpm/jest-runner@29.7.0/node_modules/jest-runner/build/runTest.js:367:16)
    at runTest (/home/arligle/V1/Aiofix/aiofix-ai-saas-platform/node_modules/.pnpm/jest-runner@29.7.0/node_modules/jest-runner/build/runTest.js:444:34)</failure>
    </testcase>
    <testcase classname="PinoLoggingMiddleware › client IP detection" name="should fallback to connection remote address" time="0.002">
      <failure>TypeError: Cannot read properties of undefined (reading &apos;info&apos;)
    at _classThis.info [as logRequest] (/home/arligle/V1/Aiofix/aiofix-ai-saas-platform/packages/logging/src/middleware/pino-logging.middleware.ts:207:17)
    at _classThis.logRequest [as use] (/home/arligle/V1/Aiofix/aiofix-ai-saas-platform/packages/logging/src/middleware/pino-logging.middleware.ts:81:10)
    at Object.&lt;anonymous&gt; (/home/arligle/V1/Aiofix/aiofix-ai-saas-platform/packages/logging/src/middleware/pino-logging.middleware.spec.ts:314:18)
    at Promise.then.completed (/home/arligle/V1/Aiofix/aiofix-ai-saas-platform/node_modules/.pnpm/jest-circus@29.7.0/node_modules/jest-circus/build/utils.js:298:28)
    at new Promise (&lt;anonymous&gt;)
    at callAsyncCircusFn (/home/arligle/V1/Aiofix/aiofix-ai-saas-platform/node_modules/.pnpm/jest-circus@29.7.0/node_modules/jest-circus/build/utils.js:231:10)
    at _callCircusTest (/home/arligle/V1/Aiofix/aiofix-ai-saas-platform/node_modules/.pnpm/jest-circus@29.7.0/node_modules/jest-circus/build/run.js:316:40)
    at _runTest (/home/arligle/V1/Aiofix/aiofix-ai-saas-platform/node_modules/.pnpm/jest-circus@29.7.0/node_modules/jest-circus/build/run.js:252:3)
    at _runTestsForDescribeBlock (/home/arligle/V1/Aiofix/aiofix-ai-saas-platform/node_modules/.pnpm/jest-circus@29.7.0/node_modules/jest-circus/build/run.js:126:9)
    at _runTestsForDescribeBlock (/home/arligle/V1/Aiofix/aiofix-ai-saas-platform/node_modules/.pnpm/jest-circus@29.7.0/node_modules/jest-circus/build/run.js:121:9)
    at _runTestsForDescribeBlock (/home/arligle/V1/Aiofix/aiofix-ai-saas-platform/node_modules/.pnpm/jest-circus@29.7.0/node_modules/jest-circus/build/run.js:121:9)
    at run (/home/arligle/V1/Aiofix/aiofix-ai-saas-platform/node_modules/.pnpm/jest-circus@29.7.0/node_modules/jest-circus/build/run.js:71:3)
    at runAndTransformResultsToJestFormat (/home/arligle/V1/Aiofix/aiofix-ai-saas-platform/node_modules/.pnpm/jest-circus@29.7.0/node_modules/jest-circus/build/legacy-code-todo-rewrite/jestAdapterInit.js:122:21)
    at jestAdapter (/home/arligle/V1/Aiofix/aiofix-ai-saas-platform/node_modules/.pnpm/jest-circus@29.7.0/node_modules/jest-circus/build/legacy-code-todo-rewrite/jestAdapter.js:79:19)
    at runTestInternal (/home/arligle/V1/Aiofix/aiofix-ai-saas-platform/node_modules/.pnpm/jest-runner@29.7.0/node_modules/jest-runner/build/runTest.js:367:16)
    at runTest (/home/arligle/V1/Aiofix/aiofix-ai-saas-platform/node_modules/.pnpm/jest-runner@29.7.0/node_modules/jest-runner/build/runTest.js:444:34)</failure>
    </testcase>
  </testsuite>
  <testsuite name="PinoLoggingInterceptor" errors="0" failures="11" skipped="0" timestamp="2025-09-06T16:56:47" time="0.163" tests="12">
    <testcase classname="PinoLoggingInterceptor" name="should be defined" time="0.004">
    </testcase>
    <testcase classname="PinoLoggingInterceptor › successful method execution" name="should log method start and success" time="0.002">
      <failure>TypeError: Cannot read properties of undefined (reading &apos;debug&apos;)
    at _classThis.debug [as logMethodStart] (/home/arligle/V1/Aiofix/aiofix-ai-saas-platform/packages/logging/src/interceptors/pino-logging.interceptor.ts:219:17)
    at _classThis.logMethodStart [as intercept] (/home/arligle/V1/Aiofix/aiofix-ai-saas-platform/packages/logging/src/interceptors/pino-logging.interceptor.ts:102:10)
    at Object.&lt;anonymous&gt; (/home/arligle/V1/Aiofix/aiofix-ai-saas-platform/packages/logging/src/interceptors/pino-logging.interceptor.spec.ts:73:19)
    at Promise.then.completed (/home/arligle/V1/Aiofix/aiofix-ai-saas-platform/node_modules/.pnpm/jest-circus@29.7.0/node_modules/jest-circus/build/utils.js:290:26)
    at new Promise (&lt;anonymous&gt;)
    at callAsyncCircusFn (/home/arligle/V1/Aiofix/aiofix-ai-saas-platform/node_modules/.pnpm/jest-circus@29.7.0/node_modules/jest-circus/build/utils.js:231:10)
    at _callCircusTest (/home/arligle/V1/Aiofix/aiofix-ai-saas-platform/node_modules/.pnpm/jest-circus@29.7.0/node_modules/jest-circus/build/run.js:316:40)
    at _runTest (/home/arligle/V1/Aiofix/aiofix-ai-saas-platform/node_modules/.pnpm/jest-circus@29.7.0/node_modules/jest-circus/build/run.js:252:3)
    at _runTestsForDescribeBlock (/home/arligle/V1/Aiofix/aiofix-ai-saas-platform/node_modules/.pnpm/jest-circus@29.7.0/node_modules/jest-circus/build/run.js:126:9)
    at _runTestsForDescribeBlock (/home/arligle/V1/Aiofix/aiofix-ai-saas-platform/node_modules/.pnpm/jest-circus@29.7.0/node_modules/jest-circus/build/run.js:121:9)
    at _runTestsForDescribeBlock (/home/arligle/V1/Aiofix/aiofix-ai-saas-platform/node_modules/.pnpm/jest-circus@29.7.0/node_modules/jest-circus/build/run.js:121:9)
    at run (/home/arligle/V1/Aiofix/aiofix-ai-saas-platform/node_modules/.pnpm/jest-circus@29.7.0/node_modules/jest-circus/build/run.js:71:3)
    at runAndTransformResultsToJestFormat (/home/arligle/V1/Aiofix/aiofix-ai-saas-platform/node_modules/.pnpm/jest-circus@29.7.0/node_modules/jest-circus/build/legacy-code-todo-rewrite/jestAdapterInit.js:122:21)
    at jestAdapter (/home/arligle/V1/Aiofix/aiofix-ai-saas-platform/node_modules/.pnpm/jest-circus@29.7.0/node_modules/jest-circus/build/legacy-code-todo-rewrite/jestAdapter.js:79:19)
    at runTestInternal (/home/arligle/V1/Aiofix/aiofix-ai-saas-platform/node_modules/.pnpm/jest-runner@29.7.0/node_modules/jest-runner/build/runTest.js:367:16)
    at runTest (/home/arligle/V1/Aiofix/aiofix-ai-saas-platform/node_modules/.pnpm/jest-runner@29.7.0/node_modules/jest-runner/build/runTest.js:444:34)</failure>
    </testcase>
    <testcase classname="PinoLoggingInterceptor › successful method execution" name="should generate unique method ID for each call" time="0.002">
      <failure>TypeError: Cannot read properties of undefined (reading &apos;debug&apos;)
    at _classThis.debug [as logMethodStart] (/home/arligle/V1/Aiofix/aiofix-ai-saas-platform/packages/logging/src/interceptors/pino-logging.interceptor.ts:219:17)
    at _classThis.logMethodStart [as intercept] (/home/arligle/V1/Aiofix/aiofix-ai-saas-platform/packages/logging/src/interceptors/pino-logging.interceptor.ts:102:10)
    at Object.&lt;anonymous&gt; (/home/arligle/V1/Aiofix/aiofix-ai-saas-platform/packages/logging/src/interceptors/pino-logging.interceptor.spec.ts:127:19)
    at Promise.then.completed (/home/arligle/V1/Aiofix/aiofix-ai-saas-platform/node_modules/.pnpm/jest-circus@29.7.0/node_modules/jest-circus/build/utils.js:290:26)
    at new Promise (&lt;anonymous&gt;)
    at callAsyncCircusFn (/home/arligle/V1/Aiofix/aiofix-ai-saas-platform/node_modules/.pnpm/jest-circus@29.7.0/node_modules/jest-circus/build/utils.js:231:10)
    at _callCircusTest (/home/arligle/V1/Aiofix/aiofix-ai-saas-platform/node_modules/.pnpm/jest-circus@29.7.0/node_modules/jest-circus/build/run.js:316:40)
    at _runTest (/home/arligle/V1/Aiofix/aiofix-ai-saas-platform/node_modules/.pnpm/jest-circus@29.7.0/node_modules/jest-circus/build/run.js:252:3)
    at _runTestsForDescribeBlock (/home/arligle/V1/Aiofix/aiofix-ai-saas-platform/node_modules/.pnpm/jest-circus@29.7.0/node_modules/jest-circus/build/run.js:126:9)
    at _runTestsForDescribeBlock (/home/arligle/V1/Aiofix/aiofix-ai-saas-platform/node_modules/.pnpm/jest-circus@29.7.0/node_modules/jest-circus/build/run.js:121:9)
    at _runTestsForDescribeBlock (/home/arligle/V1/Aiofix/aiofix-ai-saas-platform/node_modules/.pnpm/jest-circus@29.7.0/node_modules/jest-circus/build/run.js:121:9)
    at run (/home/arligle/V1/Aiofix/aiofix-ai-saas-platform/node_modules/.pnpm/jest-circus@29.7.0/node_modules/jest-circus/build/run.js:71:3)
    at runAndTransformResultsToJestFormat (/home/arligle/V1/Aiofix/aiofix-ai-saas-platform/node_modules/.pnpm/jest-circus@29.7.0/node_modules/jest-circus/build/legacy-code-todo-rewrite/jestAdapterInit.js:122:21)
    at jestAdapter (/home/arligle/V1/Aiofix/aiofix-ai-saas-platform/node_modules/.pnpm/jest-circus@29.7.0/node_modules/jest-circus/build/legacy-code-todo-rewrite/jestAdapter.js:79:19)
    at runTestInternal (/home/arligle/V1/Aiofix/aiofix-ai-saas-platform/node_modules/.pnpm/jest-runner@29.7.0/node_modules/jest-runner/build/runTest.js:367:16)
    at runTest (/home/arligle/V1/Aiofix/aiofix-ai-saas-platform/node_modules/.pnpm/jest-runner@29.7.0/node_modules/jest-runner/build/runTest.js:444:34)</failure>
    </testcase>
    <testcase classname="PinoLoggingInterceptor › method execution with error" name="should log method start and error" time="0.003">
      <failure>TypeError: Cannot read properties of undefined (reading &apos;debug&apos;)
    at _classThis.debug [as logMethodStart] (/home/arligle/V1/Aiofix/aiofix-ai-saas-platform/packages/logging/src/interceptors/pino-logging.interceptor.ts:219:17)
    at _classThis.logMethodStart [as intercept] (/home/arligle/V1/Aiofix/aiofix-ai-saas-platform/packages/logging/src/interceptors/pino-logging.interceptor.ts:102:10)
    at Object.&lt;anonymous&gt; (/home/arligle/V1/Aiofix/aiofix-ai-saas-platform/packages/logging/src/interceptors/pino-logging.interceptor.spec.ts:166:19)
    at Promise.then.completed (/home/arligle/V1/Aiofix/aiofix-ai-saas-platform/node_modules/.pnpm/jest-circus@29.7.0/node_modules/jest-circus/build/utils.js:290:26)
    at new Promise (&lt;anonymous&gt;)
    at callAsyncCircusFn (/home/arligle/V1/Aiofix/aiofix-ai-saas-platform/node_modules/.pnpm/jest-circus@29.7.0/node_modules/jest-circus/build/utils.js:231:10)
    at _callCircusTest (/home/arligle/V1/Aiofix/aiofix-ai-saas-platform/node_modules/.pnpm/jest-circus@29.7.0/node_modules/jest-circus/build/run.js:316:40)
    at _runTest (/home/arligle/V1/Aiofix/aiofix-ai-saas-platform/node_modules/.pnpm/jest-circus@29.7.0/node_modules/jest-circus/build/run.js:252:3)
    at _runTestsForDescribeBlock (/home/arligle/V1/Aiofix/aiofix-ai-saas-platform/node_modules/.pnpm/jest-circus@29.7.0/node_modules/jest-circus/build/run.js:126:9)
    at _runTestsForDescribeBlock (/home/arligle/V1/Aiofix/aiofix-ai-saas-platform/node_modules/.pnpm/jest-circus@29.7.0/node_modules/jest-circus/build/run.js:121:9)
    at _runTestsForDescribeBlock (/home/arligle/V1/Aiofix/aiofix-ai-saas-platform/node_modules/.pnpm/jest-circus@29.7.0/node_modules/jest-circus/build/run.js:121:9)
    at run (/home/arligle/V1/Aiofix/aiofix-ai-saas-platform/node_modules/.pnpm/jest-circus@29.7.0/node_modules/jest-circus/build/run.js:71:3)
    at runAndTransformResultsToJestFormat (/home/arligle/V1/Aiofix/aiofix-ai-saas-platform/node_modules/.pnpm/jest-circus@29.7.0/node_modules/jest-circus/build/legacy-code-todo-rewrite/jestAdapterInit.js:122:21)
    at jestAdapter (/home/arligle/V1/Aiofix/aiofix-ai-saas-platform/node_modules/.pnpm/jest-circus@29.7.0/node_modules/jest-circus/build/legacy-code-todo-rewrite/jestAdapter.js:79:19)
    at runTestInternal (/home/arligle/V1/Aiofix/aiofix-ai-saas-platform/node_modules/.pnpm/jest-runner@29.7.0/node_modules/jest-runner/build/runTest.js:367:16)
    at runTest (/home/arligle/V1/Aiofix/aiofix-ai-saas-platform/node_modules/.pnpm/jest-runner@29.7.0/node_modules/jest-runner/build/runTest.js:444:34)</failure>
    </testcase>
    <testcase classname="PinoLoggingInterceptor › parameter extraction" name="should filter out HTTP request and response objects" time="0.002">
      <failure>TypeError: Cannot read properties of undefined (reading &apos;debug&apos;)
    at _classThis.debug [as logMethodStart] (/home/arligle/V1/Aiofix/aiofix-ai-saas-platform/packages/logging/src/interceptors/pino-logging.interceptor.ts:219:17)
    at _classThis.logMethodStart [as intercept] (/home/arligle/V1/Aiofix/aiofix-ai-saas-platform/packages/logging/src/interceptors/pino-logging.interceptor.ts:102:10)
    at Object.&lt;anonymous&gt; (/home/arligle/V1/Aiofix/aiofix-ai-saas-platform/packages/logging/src/interceptors/pino-logging.interceptor.spec.ts:205:19)
    at Promise.then.completed (/home/arligle/V1/Aiofix/aiofix-ai-saas-platform/node_modules/.pnpm/jest-circus@29.7.0/node_modules/jest-circus/build/utils.js:290:26)
    at new Promise (&lt;anonymous&gt;)
    at callAsyncCircusFn (/home/arligle/V1/Aiofix/aiofix-ai-saas-platform/node_modules/.pnpm/jest-circus@29.7.0/node_modules/jest-circus/build/utils.js:231:10)
    at _callCircusTest (/home/arligle/V1/Aiofix/aiofix-ai-saas-platform/node_modules/.pnpm/jest-circus@29.7.0/node_modules/jest-circus/build/run.js:316:40)
    at _runTest (/home/arligle/V1/Aiofix/aiofix-ai-saas-platform/node_modules/.pnpm/jest-circus@29.7.0/node_modules/jest-circus/build/run.js:252:3)
    at _runTestsForDescribeBlock (/home/arligle/V1/Aiofix/aiofix-ai-saas-platform/node_modules/.pnpm/jest-circus@29.7.0/node_modules/jest-circus/build/run.js:126:9)
    at _runTestsForDescribeBlock (/home/arligle/V1/Aiofix/aiofix-ai-saas-platform/node_modules/.pnpm/jest-circus@29.7.0/node_modules/jest-circus/build/run.js:121:9)
    at _runTestsForDescribeBlock (/home/arligle/V1/Aiofix/aiofix-ai-saas-platform/node_modules/.pnpm/jest-circus@29.7.0/node_modules/jest-circus/build/run.js:121:9)
    at run (/home/arligle/V1/Aiofix/aiofix-ai-saas-platform/node_modules/.pnpm/jest-circus@29.7.0/node_modules/jest-circus/build/run.js:71:3)
    at runAndTransformResultsToJestFormat (/home/arligle/V1/Aiofix/aiofix-ai-saas-platform/node_modules/.pnpm/jest-circus@29.7.0/node_modules/jest-circus/build/legacy-code-todo-rewrite/jestAdapterInit.js:122:21)
    at jestAdapter (/home/arligle/V1/Aiofix/aiofix-ai-saas-platform/node_modules/.pnpm/jest-circus@29.7.0/node_modules/jest-circus/build/legacy-code-todo-rewrite/jestAdapter.js:79:19)
    at runTestInternal (/home/arligle/V1/Aiofix/aiofix-ai-saas-platform/node_modules/.pnpm/jest-runner@29.7.0/node_modules/jest-runner/build/runTest.js:367:16)
    at runTest (/home/arligle/V1/Aiofix/aiofix-ai-saas-platform/node_modules/.pnpm/jest-runner@29.7.0/node_modules/jest-runner/build/runTest.js:444:34)</failure>
    </testcase>
    <testcase classname="PinoLoggingInterceptor › parameter extraction" name="should handle empty parameters" time="0.008">
      <failure>TypeError: Cannot read properties of undefined (reading &apos;debug&apos;)
    at _classThis.debug [as logMethodStart] (/home/arligle/V1/Aiofix/aiofix-ai-saas-platform/packages/logging/src/interceptors/pino-logging.interceptor.ts:219:17)
    at _classThis.logMethodStart [as intercept] (/home/arligle/V1/Aiofix/aiofix-ai-saas-platform/packages/logging/src/interceptors/pino-logging.interceptor.ts:102:10)
    at Object.&lt;anonymous&gt; (/home/arligle/V1/Aiofix/aiofix-ai-saas-platform/packages/logging/src/interceptors/pino-logging.interceptor.spec.ts:225:19)
    at Promise.then.completed (/home/arligle/V1/Aiofix/aiofix-ai-saas-platform/node_modules/.pnpm/jest-circus@29.7.0/node_modules/jest-circus/build/utils.js:290:26)
    at new Promise (&lt;anonymous&gt;)
    at callAsyncCircusFn (/home/arligle/V1/Aiofix/aiofix-ai-saas-platform/node_modules/.pnpm/jest-circus@29.7.0/node_modules/jest-circus/build/utils.js:231:10)
    at _callCircusTest (/home/arligle/V1/Aiofix/aiofix-ai-saas-platform/node_modules/.pnpm/jest-circus@29.7.0/node_modules/jest-circus/build/run.js:316:40)
    at _runTest (/home/arligle/V1/Aiofix/aiofix-ai-saas-platform/node_modules/.pnpm/jest-circus@29.7.0/node_modules/jest-circus/build/run.js:252:3)
    at _runTestsForDescribeBlock (/home/arligle/V1/Aiofix/aiofix-ai-saas-platform/node_modules/.pnpm/jest-circus@29.7.0/node_modules/jest-circus/build/run.js:126:9)
    at _runTestsForDescribeBlock (/home/arligle/V1/Aiofix/aiofix-ai-saas-platform/node_modules/.pnpm/jest-circus@29.7.0/node_modules/jest-circus/build/run.js:121:9)
    at _runTestsForDescribeBlock (/home/arligle/V1/Aiofix/aiofix-ai-saas-platform/node_modules/.pnpm/jest-circus@29.7.0/node_modules/jest-circus/build/run.js:121:9)
    at run (/home/arligle/V1/Aiofix/aiofix-ai-saas-platform/node_modules/.pnpm/jest-circus@29.7.0/node_modules/jest-circus/build/run.js:71:3)
    at runAndTransformResultsToJestFormat (/home/arligle/V1/Aiofix/aiofix-ai-saas-platform/node_modules/.pnpm/jest-circus@29.7.0/node_modules/jest-circus/build/legacy-code-todo-rewrite/jestAdapterInit.js:122:21)
    at jestAdapter (/home/arligle/V1/Aiofix/aiofix-ai-saas-platform/node_modules/.pnpm/jest-circus@29.7.0/node_modules/jest-circus/build/legacy-code-todo-rewrite/jestAdapter.js:79:19)
    at runTestInternal (/home/arligle/V1/Aiofix/aiofix-ai-saas-platform/node_modules/.pnpm/jest-runner@29.7.0/node_modules/jest-runner/build/runTest.js:367:16)
    at runTest (/home/arligle/V1/Aiofix/aiofix-ai-saas-platform/node_modules/.pnpm/jest-runner@29.7.0/node_modules/jest-runner/build/runTest.js:444:34)</failure>
    </testcase>
    <testcase classname="PinoLoggingInterceptor › parameter sanitization" name="should sanitize sensitive parameters" time="0.002">
      <failure>TypeError: Cannot read properties of undefined (reading &apos;debug&apos;)
    at _classThis.debug [as logMethodStart] (/home/arligle/V1/Aiofix/aiofix-ai-saas-platform/packages/logging/src/interceptors/pino-logging.interceptor.ts:219:17)
    at _classThis.logMethodStart [as intercept] (/home/arligle/V1/Aiofix/aiofix-ai-saas-platform/packages/logging/src/interceptors/pino-logging.interceptor.ts:102:10)
    at Object.&lt;anonymous&gt; (/home/arligle/V1/Aiofix/aiofix-ai-saas-platform/packages/logging/src/interceptors/pino-logging.interceptor.spec.ts:254:19)
    at Promise.then.completed (/home/arligle/V1/Aiofix/aiofix-ai-saas-platform/node_modules/.pnpm/jest-circus@29.7.0/node_modules/jest-circus/build/utils.js:290:26)
    at new Promise (&lt;anonymous&gt;)
    at callAsyncCircusFn (/home/arligle/V1/Aiofix/aiofix-ai-saas-platform/node_modules/.pnpm/jest-circus@29.7.0/node_modules/jest-circus/build/utils.js:231:10)
    at _callCircusTest (/home/arligle/V1/Aiofix/aiofix-ai-saas-platform/node_modules/.pnpm/jest-circus@29.7.0/node_modules/jest-circus/build/run.js:316:40)
    at _runTest (/home/arligle/V1/Aiofix/aiofix-ai-saas-platform/node_modules/.pnpm/jest-circus@29.7.0/node_modules/jest-circus/build/run.js:252:3)
    at _runTestsForDescribeBlock (/home/arligle/V1/Aiofix/aiofix-ai-saas-platform/node_modules/.pnpm/jest-circus@29.7.0/node_modules/jest-circus/build/run.js:126:9)
    at _runTestsForDescribeBlock (/home/arligle/V1/Aiofix/aiofix-ai-saas-platform/node_modules/.pnpm/jest-circus@29.7.0/node_modules/jest-circus/build/run.js:121:9)
    at _runTestsForDescribeBlock (/home/arligle/V1/Aiofix/aiofix-ai-saas-platform/node_modules/.pnpm/jest-circus@29.7.0/node_modules/jest-circus/build/run.js:121:9)
    at run (/home/arligle/V1/Aiofix/aiofix-ai-saas-platform/node_modules/.pnpm/jest-circus@29.7.0/node_modules/jest-circus/build/run.js:71:3)
    at runAndTransformResultsToJestFormat (/home/arligle/V1/Aiofix/aiofix-ai-saas-platform/node_modules/.pnpm/jest-circus@29.7.0/node_modules/jest-circus/build/legacy-code-todo-rewrite/jestAdapterInit.js:122:21)
    at jestAdapter (/home/arligle/V1/Aiofix/aiofix-ai-saas-platform/node_modules/.pnpm/jest-circus@29.7.0/node_modules/jest-circus/build/legacy-code-todo-rewrite/jestAdapter.js:79:19)
    at runTestInternal (/home/arligle/V1/Aiofix/aiofix-ai-saas-platform/node_modules/.pnpm/jest-runner@29.7.0/node_modules/jest-runner/build/runTest.js:367:16)
    at runTest (/home/arligle/V1/Aiofix/aiofix-ai-saas-platform/node_modules/.pnpm/jest-runner@29.7.0/node_modules/jest-runner/build/runTest.js:444:34)</failure>
    </testcase>
    <testcase classname="PinoLoggingInterceptor › parameter sanitization" name="should sanitize nested sensitive parameters" time="0.002">
      <failure>TypeError: Cannot read properties of undefined (reading &apos;debug&apos;)
    at _classThis.debug [as logMethodStart] (/home/arligle/V1/Aiofix/aiofix-ai-saas-platform/packages/logging/src/interceptors/pino-logging.interceptor.ts:219:17)
    at _classThis.logMethodStart [as intercept] (/home/arligle/V1/Aiofix/aiofix-ai-saas-platform/packages/logging/src/interceptors/pino-logging.interceptor.ts:102:10)
    at Object.&lt;anonymous&gt; (/home/arligle/V1/Aiofix/aiofix-ai-saas-platform/packages/logging/src/interceptors/pino-logging.interceptor.spec.ts:291:19)
    at Promise.then.completed (/home/arligle/V1/Aiofix/aiofix-ai-saas-platform/node_modules/.pnpm/jest-circus@29.7.0/node_modules/jest-circus/build/utils.js:290:26)
    at new Promise (&lt;anonymous&gt;)
    at callAsyncCircusFn (/home/arligle/V1/Aiofix/aiofix-ai-saas-platform/node_modules/.pnpm/jest-circus@29.7.0/node_modules/jest-circus/build/utils.js:231:10)
    at _callCircusTest (/home/arligle/V1/Aiofix/aiofix-ai-saas-platform/node_modules/.pnpm/jest-circus@29.7.0/node_modules/jest-circus/build/run.js:316:40)
    at _runTest (/home/arligle/V1/Aiofix/aiofix-ai-saas-platform/node_modules/.pnpm/jest-circus@29.7.0/node_modules/jest-circus/build/run.js:252:3)
    at _runTestsForDescribeBlock (/home/arligle/V1/Aiofix/aiofix-ai-saas-platform/node_modules/.pnpm/jest-circus@29.7.0/node_modules/jest-circus/build/run.js:126:9)
    at _runTestsForDescribeBlock (/home/arligle/V1/Aiofix/aiofix-ai-saas-platform/node_modules/.pnpm/jest-circus@29.7.0/node_modules/jest-circus/build/run.js:121:9)
    at _runTestsForDescribeBlock (/home/arligle/V1/Aiofix/aiofix-ai-saas-platform/node_modules/.pnpm/jest-circus@29.7.0/node_modules/jest-circus/build/run.js:121:9)
    at run (/home/arligle/V1/Aiofix/aiofix-ai-saas-platform/node_modules/.pnpm/jest-circus@29.7.0/node_modules/jest-circus/build/run.js:71:3)
    at runAndTransformResultsToJestFormat (/home/arligle/V1/Aiofix/aiofix-ai-saas-platform/node_modules/.pnpm/jest-circus@29.7.0/node_modules/jest-circus/build/legacy-code-todo-rewrite/jestAdapterInit.js:122:21)
    at jestAdapter (/home/arligle/V1/Aiofix/aiofix-ai-saas-platform/node_modules/.pnpm/jest-circus@29.7.0/node_modules/jest-circus/build/legacy-code-todo-rewrite/jestAdapter.js:79:19)
    at runTestInternal (/home/arligle/V1/Aiofix/aiofix-ai-saas-platform/node_modules/.pnpm/jest-runner@29.7.0/node_modules/jest-runner/build/runTest.js:367:16)
    at runTest (/home/arligle/V1/Aiofix/aiofix-ai-saas-platform/node_modules/.pnpm/jest-runner@29.7.0/node_modules/jest-runner/build/runTest.js:444:34)</failure>
    </testcase>
    <testcase classname="PinoLoggingInterceptor › parameter sanitization" name="should sanitize array parameters" time="0.003">
      <failure>TypeError: Cannot read properties of undefined (reading &apos;debug&apos;)
    at _classThis.debug [as logMethodStart] (/home/arligle/V1/Aiofix/aiofix-ai-saas-platform/packages/logging/src/interceptors/pino-logging.interceptor.ts:219:17)
    at _classThis.logMethodStart [as intercept] (/home/arligle/V1/Aiofix/aiofix-ai-saas-platform/packages/logging/src/interceptors/pino-logging.interceptor.ts:102:10)
    at Object.&lt;anonymous&gt; (/home/arligle/V1/Aiofix/aiofix-ai-saas-platform/packages/logging/src/interceptors/pino-logging.interceptor.spec.ts:326:19)
    at Promise.then.completed (/home/arligle/V1/Aiofix/aiofix-ai-saas-platform/node_modules/.pnpm/jest-circus@29.7.0/node_modules/jest-circus/build/utils.js:290:26)
    at new Promise (&lt;anonymous&gt;)
    at callAsyncCircusFn (/home/arligle/V1/Aiofix/aiofix-ai-saas-platform/node_modules/.pnpm/jest-circus@29.7.0/node_modules/jest-circus/build/utils.js:231:10)
    at _callCircusTest (/home/arligle/V1/Aiofix/aiofix-ai-saas-platform/node_modules/.pnpm/jest-circus@29.7.0/node_modules/jest-circus/build/run.js:316:40)
    at _runTest (/home/arligle/V1/Aiofix/aiofix-ai-saas-platform/node_modules/.pnpm/jest-circus@29.7.0/node_modules/jest-circus/build/run.js:252:3)
    at _runTestsForDescribeBlock (/home/arligle/V1/Aiofix/aiofix-ai-saas-platform/node_modules/.pnpm/jest-circus@29.7.0/node_modules/jest-circus/build/run.js:126:9)
    at _runTestsForDescribeBlock (/home/arligle/V1/Aiofix/aiofix-ai-saas-platform/node_modules/.pnpm/jest-circus@29.7.0/node_modules/jest-circus/build/run.js:121:9)
    at _runTestsForDescribeBlock (/home/arligle/V1/Aiofix/aiofix-ai-saas-platform/node_modules/.pnpm/jest-circus@29.7.0/node_modules/jest-circus/build/run.js:121:9)
    at run (/home/arligle/V1/Aiofix/aiofix-ai-saas-platform/node_modules/.pnpm/jest-circus@29.7.0/node_modules/jest-circus/build/run.js:71:3)
    at runAndTransformResultsToJestFormat (/home/arligle/V1/Aiofix/aiofix-ai-saas-platform/node_modules/.pnpm/jest-circus@29.7.0/node_modules/jest-circus/build/legacy-code-todo-rewrite/jestAdapterInit.js:122:21)
    at jestAdapter (/home/arligle/V1/Aiofix/aiofix-ai-saas-platform/node_modules/.pnpm/jest-circus@29.7.0/node_modules/jest-circus/build/legacy-code-todo-rewrite/jestAdapter.js:79:19)
    at runTestInternal (/home/arligle/V1/Aiofix/aiofix-ai-saas-platform/node_modules/.pnpm/jest-runner@29.7.0/node_modules/jest-runner/build/runTest.js:367:16)
    at runTest (/home/arligle/V1/Aiofix/aiofix-ai-saas-platform/node_modules/.pnpm/jest-runner@29.7.0/node_modules/jest-runner/build/runTest.js:444:34)</failure>
    </testcase>
    <testcase classname="PinoLoggingInterceptor › result sanitization" name="should sanitize sensitive result fields" time="0.001">
      <failure>TypeError: Cannot read properties of undefined (reading &apos;debug&apos;)
    at _classThis.debug [as logMethodStart] (/home/arligle/V1/Aiofix/aiofix-ai-saas-platform/packages/logging/src/interceptors/pino-logging.interceptor.ts:219:17)
    at _classThis.logMethodStart [as intercept] (/home/arligle/V1/Aiofix/aiofix-ai-saas-platform/packages/logging/src/interceptors/pino-logging.interceptor.ts:102:10)
    at Object.&lt;anonymous&gt; (/home/arligle/V1/Aiofix/aiofix-ai-saas-platform/packages/logging/src/interceptors/pino-logging.interceptor.spec.ts:361:19)
    at Promise.then.completed (/home/arligle/V1/Aiofix/aiofix-ai-saas-platform/node_modules/.pnpm/jest-circus@29.7.0/node_modules/jest-circus/build/utils.js:290:26)
    at new Promise (&lt;anonymous&gt;)
    at callAsyncCircusFn (/home/arligle/V1/Aiofix/aiofix-ai-saas-platform/node_modules/.pnpm/jest-circus@29.7.0/node_modules/jest-circus/build/utils.js:231:10)
    at _callCircusTest (/home/arligle/V1/Aiofix/aiofix-ai-saas-platform/node_modules/.pnpm/jest-circus@29.7.0/node_modules/jest-circus/build/run.js:316:40)
    at _runTest (/home/arligle/V1/Aiofix/aiofix-ai-saas-platform/node_modules/.pnpm/jest-circus@29.7.0/node_modules/jest-circus/build/run.js:252:3)
    at _runTestsForDescribeBlock (/home/arligle/V1/Aiofix/aiofix-ai-saas-platform/node_modules/.pnpm/jest-circus@29.7.0/node_modules/jest-circus/build/run.js:126:9)
    at _runTestsForDescribeBlock (/home/arligle/V1/Aiofix/aiofix-ai-saas-platform/node_modules/.pnpm/jest-circus@29.7.0/node_modules/jest-circus/build/run.js:121:9)
    at _runTestsForDescribeBlock (/home/arligle/V1/Aiofix/aiofix-ai-saas-platform/node_modules/.pnpm/jest-circus@29.7.0/node_modules/jest-circus/build/run.js:121:9)
    at run (/home/arligle/V1/Aiofix/aiofix-ai-saas-platform/node_modules/.pnpm/jest-circus@29.7.0/node_modules/jest-circus/build/run.js:71:3)
    at runAndTransformResultsToJestFormat (/home/arligle/V1/Aiofix/aiofix-ai-saas-platform/node_modules/.pnpm/jest-circus@29.7.0/node_modules/jest-circus/build/legacy-code-todo-rewrite/jestAdapterInit.js:122:21)
    at jestAdapter (/home/arligle/V1/Aiofix/aiofix-ai-saas-platform/node_modules/.pnpm/jest-circus@29.7.0/node_modules/jest-circus/build/legacy-code-todo-rewrite/jestAdapter.js:79:19)
    at runTestInternal (/home/arligle/V1/Aiofix/aiofix-ai-saas-platform/node_modules/.pnpm/jest-runner@29.7.0/node_modules/jest-runner/build/runTest.js:367:16)
    at runTest (/home/arligle/V1/Aiofix/aiofix-ai-saas-platform/node_modules/.pnpm/jest-runner@29.7.0/node_modules/jest-runner/build/runTest.js:444:34)</failure>
    </testcase>
    <testcase classname="PinoLoggingInterceptor › context extraction" name="should extract context from request" time="0.002">
      <failure>TypeError: Cannot read properties of undefined (reading &apos;debug&apos;)
    at _classThis.debug [as logMethodStart] (/home/arligle/V1/Aiofix/aiofix-ai-saas-platform/packages/logging/src/interceptors/pino-logging.interceptor.ts:219:17)
    at _classThis.logMethodStart [as intercept] (/home/arligle/V1/Aiofix/aiofix-ai-saas-platform/packages/logging/src/interceptors/pino-logging.interceptor.ts:102:10)
    at Object.&lt;anonymous&gt; (/home/arligle/V1/Aiofix/aiofix-ai-saas-platform/packages/logging/src/interceptors/pino-logging.interceptor.spec.ts:387:19)
    at Promise.then.completed (/home/arligle/V1/Aiofix/aiofix-ai-saas-platform/node_modules/.pnpm/jest-circus@29.7.0/node_modules/jest-circus/build/utils.js:290:26)
    at new Promise (&lt;anonymous&gt;)
    at callAsyncCircusFn (/home/arligle/V1/Aiofix/aiofix-ai-saas-platform/node_modules/.pnpm/jest-circus@29.7.0/node_modules/jest-circus/build/utils.js:231:10)
    at _callCircusTest (/home/arligle/V1/Aiofix/aiofix-ai-saas-platform/node_modules/.pnpm/jest-circus@29.7.0/node_modules/jest-circus/build/run.js:316:40)
    at _runTest (/home/arligle/V1/Aiofix/aiofix-ai-saas-platform/node_modules/.pnpm/jest-circus@29.7.0/node_modules/jest-circus/build/run.js:252:3)
    at _runTestsForDescribeBlock (/home/arligle/V1/Aiofix/aiofix-ai-saas-platform/node_modules/.pnpm/jest-circus@29.7.0/node_modules/jest-circus/build/run.js:126:9)
    at _runTestsForDescribeBlock (/home/arligle/V1/Aiofix/aiofix-ai-saas-platform/node_modules/.pnpm/jest-circus@29.7.0/node_modules/jest-circus/build/run.js:121:9)
    at _runTestsForDescribeBlock (/home/arligle/V1/Aiofix/aiofix-ai-saas-platform/node_modules/.pnpm/jest-circus@29.7.0/node_modules/jest-circus/build/run.js:121:9)
    at run (/home/arligle/V1/Aiofix/aiofix-ai-saas-platform/node_modules/.pnpm/jest-circus@29.7.0/node_modules/jest-circus/build/run.js:71:3)
    at runAndTransformResultsToJestFormat (/home/arligle/V1/Aiofix/aiofix-ai-saas-platform/node_modules/.pnpm/jest-circus@29.7.0/node_modules/jest-circus/build/legacy-code-todo-rewrite/jestAdapterInit.js:122:21)
    at jestAdapter (/home/arligle/V1/Aiofix/aiofix-ai-saas-platform/node_modules/.pnpm/jest-circus@29.7.0/node_modules/jest-circus/build/legacy-code-todo-rewrite/jestAdapter.js:79:19)
    at runTestInternal (/home/arligle/V1/Aiofix/aiofix-ai-saas-platform/node_modules/.pnpm/jest-runner@29.7.0/node_modules/jest-runner/build/runTest.js:367:16)
    at runTest (/home/arligle/V1/Aiofix/aiofix-ai-saas-platform/node_modules/.pnpm/jest-runner@29.7.0/node_modules/jest-runner/build/runTest.js:444:34)</failure>
    </testcase>
    <testcase classname="PinoLoggingInterceptor › context extraction" name="should handle missing context" time="0.001">
      <failure>TypeError: Cannot read properties of undefined (reading &apos;debug&apos;)
    at _classThis.debug [as logMethodStart] (/home/arligle/V1/Aiofix/aiofix-ai-saas-platform/packages/logging/src/interceptors/pino-logging.interceptor.ts:219:17)
    at _classThis.logMethodStart [as intercept] (/home/arligle/V1/Aiofix/aiofix-ai-saas-platform/packages/logging/src/interceptors/pino-logging.interceptor.ts:102:10)
    at Object.&lt;anonymous&gt; (/home/arligle/V1/Aiofix/aiofix-ai-saas-platform/packages/logging/src/interceptors/pino-logging.interceptor.spec.ts:409:19)
    at Promise.then.completed (/home/arligle/V1/Aiofix/aiofix-ai-saas-platform/node_modules/.pnpm/jest-circus@29.7.0/node_modules/jest-circus/build/utils.js:290:26)
    at new Promise (&lt;anonymous&gt;)
    at callAsyncCircusFn (/home/arligle/V1/Aiofix/aiofix-ai-saas-platform/node_modules/.pnpm/jest-circus@29.7.0/node_modules/jest-circus/build/utils.js:231:10)
    at _callCircusTest (/home/arligle/V1/Aiofix/aiofix-ai-saas-platform/node_modules/.pnpm/jest-circus@29.7.0/node_modules/jest-circus/build/run.js:316:40)
    at _runTest (/home/arligle/V1/Aiofix/aiofix-ai-saas-platform/node_modules/.pnpm/jest-circus@29.7.0/node_modules/jest-circus/build/run.js:252:3)
    at _runTestsForDescribeBlock (/home/arligle/V1/Aiofix/aiofix-ai-saas-platform/node_modules/.pnpm/jest-circus@29.7.0/node_modules/jest-circus/build/run.js:126:9)
    at _runTestsForDescribeBlock (/home/arligle/V1/Aiofix/aiofix-ai-saas-platform/node_modules/.pnpm/jest-circus@29.7.0/node_modules/jest-circus/build/run.js:121:9)
    at _runTestsForDescribeBlock (/home/arligle/V1/Aiofix/aiofix-ai-saas-platform/node_modules/.pnpm/jest-circus@29.7.0/node_modules/jest-circus/build/run.js:121:9)
    at run (/home/arligle/V1/Aiofix/aiofix-ai-saas-platform/node_modules/.pnpm/jest-circus@29.7.0/node_modules/jest-circus/build/run.js:71:3)
    at runAndTransformResultsToJestFormat (/home/arligle/V1/Aiofix/aiofix-ai-saas-platform/node_modules/.pnpm/jest-circus@29.7.0/node_modules/jest-circus/build/legacy-code-todo-rewrite/jestAdapterInit.js:122:21)
    at jestAdapter (/home/arligle/V1/Aiofix/aiofix-ai-saas-platform/node_modules/.pnpm/jest-circus@29.7.0/node_modules/jest-circus/build/legacy-code-todo-rewrite/jestAdapter.js:79:19)
    at runTestInternal (/home/arligle/V1/Aiofix/aiofix-ai-saas-platform/node_modules/.pnpm/jest-runner@29.7.0/node_modules/jest-runner/build/runTest.js:367:16)
    at runTest (/home/arligle/V1/Aiofix/aiofix-ai-saas-platform/node_modules/.pnpm/jest-runner@29.7.0/node_modules/jest-runner/build/runTest.js:444:34)</failure>
    </testcase>
  </testsuite>
  <testsuite name="LoggingModule" errors="0" failures="4" skipped="0" timestamp="2025-09-06T16:56:47" time="0.157" tests="18">
    <testcase classname="LoggingModule › Module Initialization" name="should be defined" time="0.001">
    </testcase>
    <testcase classname="LoggingModule › Module Initialization" name="should have PinoLoggerService" time="0">
    </testcase>
    <testcase classname="LoggingModule › Module Initialization" name="should have PinoLoggerConfigService" time="0">
    </testcase>
    <testcase classname="LoggingModule › Module Initialization" name="should have PinoLoggerFactory" time="0">
    </testcase>
    <testcase classname="LoggingModule › PinoLoggerService" name="should log different levels" time="0.002">
    </testcase>
    <testcase classname="LoggingModule › PinoLoggerService" name="should log with metadata" time="0.001">
    </testcase>
    <testcase classname="LoggingModule › PinoLoggerService" name="should log errors with stack trace" time="0">
    </testcase>
    <testcase classname="LoggingModule › PinoLoggerService" name="should log performance metrics" time="0.001">
    </testcase>
    <testcase classname="LoggingModule › PinoLoggerService" name="should create child logger" time="0">
      <failure>TypeError: Cannot read properties of undefined (reading &apos;createLogger&apos;)
    at _classThis.createLogger [as ensureLoggerInitialized] (/home/arligle/V1/Aiofix/aiofix-ai-saas-platform/packages/logging/src/services/pino-logger.service.ts:366:40)
    at _classThis.ensureLoggerInitialized [as child] (/home/arligle/V1/Aiofix/aiofix-ai-saas-platform/packages/logging/src/services/pino-logger.service.ts:202:10)
    at Object.&lt;anonymous&gt; (/home/arligle/V1/Aiofix/aiofix-ai-saas-platform/packages/logging/src/logging.module.spec.ts:199:41)
    at Promise.then.completed (/home/arligle/V1/Aiofix/aiofix-ai-saas-platform/node_modules/.pnpm/jest-circus@29.7.0/node_modules/jest-circus/build/utils.js:298:28)
    at new Promise (&lt;anonymous&gt;)
    at callAsyncCircusFn (/home/arligle/V1/Aiofix/aiofix-ai-saas-platform/node_modules/.pnpm/jest-circus@29.7.0/node_modules/jest-circus/build/utils.js:231:10)
    at _callCircusTest (/home/arligle/V1/Aiofix/aiofix-ai-saas-platform/node_modules/.pnpm/jest-circus@29.7.0/node_modules/jest-circus/build/run.js:316:40)
    at _runTest (/home/arligle/V1/Aiofix/aiofix-ai-saas-platform/node_modules/.pnpm/jest-circus@29.7.0/node_modules/jest-circus/build/run.js:252:3)
    at _runTestsForDescribeBlock (/home/arligle/V1/Aiofix/aiofix-ai-saas-platform/node_modules/.pnpm/jest-circus@29.7.0/node_modules/jest-circus/build/run.js:126:9)
    at _runTestsForDescribeBlock (/home/arligle/V1/Aiofix/aiofix-ai-saas-platform/node_modules/.pnpm/jest-circus@29.7.0/node_modules/jest-circus/build/run.js:121:9)
    at _runTestsForDescribeBlock (/home/arligle/V1/Aiofix/aiofix-ai-saas-platform/node_modules/.pnpm/jest-circus@29.7.0/node_modules/jest-circus/build/run.js:121:9)
    at run (/home/arligle/V1/Aiofix/aiofix-ai-saas-platform/node_modules/.pnpm/jest-circus@29.7.0/node_modules/jest-circus/build/run.js:71:3)
    at runAndTransformResultsToJestFormat (/home/arligle/V1/Aiofix/aiofix-ai-saas-platform/node_modules/.pnpm/jest-circus@29.7.0/node_modules/jest-circus/build/legacy-code-todo-rewrite/jestAdapterInit.js:122:21)
    at jestAdapter (/home/arligle/V1/Aiofix/aiofix-ai-saas-platform/node_modules/.pnpm/jest-circus@29.7.0/node_modules/jest-circus/build/legacy-code-todo-rewrite/jestAdapter.js:79:19)
    at runTestInternal (/home/arligle/V1/Aiofix/aiofix-ai-saas-platform/node_modules/.pnpm/jest-runner@29.7.0/node_modules/jest-runner/build/runTest.js:367:16)
    at runTest (/home/arligle/V1/Aiofix/aiofix-ai-saas-platform/node_modules/.pnpm/jest-runner@29.7.0/node_modules/jest-runner/build/runTest.js:444:34)</failure>
    </testcase>
    <testcase classname="LoggingModule › PinoLoggerService" name="should get and set log level" time="0.001">
      <failure>TypeError: Cannot read properties of undefined (reading &apos;getLevel&apos;)
    at _classThis.getLevel (/home/arligle/V1/Aiofix/aiofix-ai-saas-platform/packages/logging/src/services/pino-logger.service.ts:245:31)
    at Object.&lt;anonymous&gt; (/home/arligle/V1/Aiofix/aiofix-ai-saas-platform/packages/logging/src/logging.module.spec.ts:209:43)
    at Promise.then.completed (/home/arligle/V1/Aiofix/aiofix-ai-saas-platform/node_modules/.pnpm/jest-circus@29.7.0/node_modules/jest-circus/build/utils.js:298:28)
    at new Promise (&lt;anonymous&gt;)
    at callAsyncCircusFn (/home/arligle/V1/Aiofix/aiofix-ai-saas-platform/node_modules/.pnpm/jest-circus@29.7.0/node_modules/jest-circus/build/utils.js:231:10)
    at _callCircusTest (/home/arligle/V1/Aiofix/aiofix-ai-saas-platform/node_modules/.pnpm/jest-circus@29.7.0/node_modules/jest-circus/build/run.js:316:40)
    at _runTest (/home/arligle/V1/Aiofix/aiofix-ai-saas-platform/node_modules/.pnpm/jest-circus@29.7.0/node_modules/jest-circus/build/run.js:252:3)
    at _runTestsForDescribeBlock (/home/arligle/V1/Aiofix/aiofix-ai-saas-platform/node_modules/.pnpm/jest-circus@29.7.0/node_modules/jest-circus/build/run.js:126:9)
    at _runTestsForDescribeBlock (/home/arligle/V1/Aiofix/aiofix-ai-saas-platform/node_modules/.pnpm/jest-circus@29.7.0/node_modules/jest-circus/build/run.js:121:9)
    at _runTestsForDescribeBlock (/home/arligle/V1/Aiofix/aiofix-ai-saas-platform/node_modules/.pnpm/jest-circus@29.7.0/node_modules/jest-circus/build/run.js:121:9)
    at run (/home/arligle/V1/Aiofix/aiofix-ai-saas-platform/node_modules/.pnpm/jest-circus@29.7.0/node_modules/jest-circus/build/run.js:71:3)
    at runAndTransformResultsToJestFormat (/home/arligle/V1/Aiofix/aiofix-ai-saas-platform/node_modules/.pnpm/jest-circus@29.7.0/node_modules/jest-circus/build/legacy-code-todo-rewrite/jestAdapterInit.js:122:21)
    at jestAdapter (/home/arligle/V1/Aiofix/aiofix-ai-saas-platform/node_modules/.pnpm/jest-circus@29.7.0/node_modules/jest-circus/build/legacy-code-todo-rewrite/jestAdapter.js:79:19)
    at runTestInternal (/home/arligle/V1/Aiofix/aiofix-ai-saas-platform/node_modules/.pnpm/jest-runner@29.7.0/node_modules/jest-runner/build/runTest.js:367:16)
    at runTest (/home/arligle/V1/Aiofix/aiofix-ai-saas-platform/node_modules/.pnpm/jest-runner@29.7.0/node_modules/jest-runner/build/runTest.js:444:34)</failure>
    </testcase>
    <testcase classname="LoggingModule › PinoLoggerService" name="should get stats" time="0.001">
    </testcase>
    <testcase classname="LoggingModule › PinoLoggerConfigService" name="should get default config" time="0.001">
    </testcase>
    <testcase classname="LoggingModule › PinoLoggerConfigService" name="should update config" time="0">
    </testcase>
    <testcase classname="LoggingModule › PinoLoggerConfigService" name="should detect environment" time="0.001">
    </testcase>
    <testcase classname="LoggingModule › PinoLoggerFactory" name="should create logger" time="0">
      <failure>TypeError: Cannot read properties of undefined (reading &apos;getConfig&apos;)
    at _classThis.getConfig [as createLogger] (/home/arligle/V1/Aiofix/aiofix-ai-saas-platform/packages/logging/src/factories/pino-logger.factory.ts:32:39)
    at Object.&lt;anonymous&gt; (/home/arligle/V1/Aiofix/aiofix-ai-saas-platform/packages/logging/src/logging.module.spec.ts:258:36)
    at Promise.then.completed (/home/arligle/V1/Aiofix/aiofix-ai-saas-platform/node_modules/.pnpm/jest-circus@29.7.0/node_modules/jest-circus/build/utils.js:298:28)
    at new Promise (&lt;anonymous&gt;)
    at callAsyncCircusFn (/home/arligle/V1/Aiofix/aiofix-ai-saas-platform/node_modules/.pnpm/jest-circus@29.7.0/node_modules/jest-circus/build/utils.js:231:10)
    at _callCircusTest (/home/arligle/V1/Aiofix/aiofix-ai-saas-platform/node_modules/.pnpm/jest-circus@29.7.0/node_modules/jest-circus/build/run.js:316:40)
    at _runTest (/home/arligle/V1/Aiofix/aiofix-ai-saas-platform/node_modules/.pnpm/jest-circus@29.7.0/node_modules/jest-circus/build/run.js:252:3)
    at _runTestsForDescribeBlock (/home/arligle/V1/Aiofix/aiofix-ai-saas-platform/node_modules/.pnpm/jest-circus@29.7.0/node_modules/jest-circus/build/run.js:126:9)
    at _runTestsForDescribeBlock (/home/arligle/V1/Aiofix/aiofix-ai-saas-platform/node_modules/.pnpm/jest-circus@29.7.0/node_modules/jest-circus/build/run.js:121:9)
    at _runTestsForDescribeBlock (/home/arligle/V1/Aiofix/aiofix-ai-saas-platform/node_modules/.pnpm/jest-circus@29.7.0/node_modules/jest-circus/build/run.js:121:9)
    at run (/home/arligle/V1/Aiofix/aiofix-ai-saas-platform/node_modules/.pnpm/jest-circus@29.7.0/node_modules/jest-circus/build/run.js:71:3)
    at runAndTransformResultsToJestFormat (/home/arligle/V1/Aiofix/aiofix-ai-saas-platform/node_modules/.pnpm/jest-circus@29.7.0/node_modules/jest-circus/build/legacy-code-todo-rewrite/jestAdapterInit.js:122:21)
    at jestAdapter (/home/arligle/V1/Aiofix/aiofix-ai-saas-platform/node_modules/.pnpm/jest-circus@29.7.0/node_modules/jest-circus/build/legacy-code-todo-rewrite/jestAdapter.js:79:19)
    at runTestInternal (/home/arligle/V1/Aiofix/aiofix-ai-saas-platform/node_modules/.pnpm/jest-runner@29.7.0/node_modules/jest-runner/build/runTest.js:367:16)
    at runTest (/home/arligle/V1/Aiofix/aiofix-ai-saas-platform/node_modules/.pnpm/jest-runner@29.7.0/node_modules/jest-runner/build/runTest.js:444:34)</failure>
    </testcase>
    <testcase classname="LoggingModule › PinoLoggerFactory" name="should create child logger" time="0">
      <failure>TypeError: Cannot read properties of undefined (reading &apos;getConfig&apos;)
    at _classThis.getConfig [as createLogger] (/home/arligle/V1/Aiofix/aiofix-ai-saas-platform/packages/logging/src/factories/pino-logger.factory.ts:32:39)
    at Object.&lt;anonymous&gt; (/home/arligle/V1/Aiofix/aiofix-ai-saas-platform/packages/logging/src/logging.module.spec.ts:266:42)
    at Promise.then.completed (/home/arligle/V1/Aiofix/aiofix-ai-saas-platform/node_modules/.pnpm/jest-circus@29.7.0/node_modules/jest-circus/build/utils.js:298:28)
    at new Promise (&lt;anonymous&gt;)
    at callAsyncCircusFn (/home/arligle/V1/Aiofix/aiofix-ai-saas-platform/node_modules/.pnpm/jest-circus@29.7.0/node_modules/jest-circus/build/utils.js:231:10)
    at _callCircusTest (/home/arligle/V1/Aiofix/aiofix-ai-saas-platform/node_modules/.pnpm/jest-circus@29.7.0/node_modules/jest-circus/build/run.js:316:40)
    at _runTest (/home/arligle/V1/Aiofix/aiofix-ai-saas-platform/node_modules/.pnpm/jest-circus@29.7.0/node_modules/jest-circus/build/run.js:252:3)
    at _runTestsForDescribeBlock (/home/arligle/V1/Aiofix/aiofix-ai-saas-platform/node_modules/.pnpm/jest-circus@29.7.0/node_modules/jest-circus/build/run.js:126:9)
    at _runTestsForDescribeBlock (/home/arligle/V1/Aiofix/aiofix-ai-saas-platform/node_modules/.pnpm/jest-circus@29.7.0/node_modules/jest-circus/build/run.js:121:9)
    at _runTestsForDescribeBlock (/home/arligle/V1/Aiofix/aiofix-ai-saas-platform/node_modules/.pnpm/jest-circus@29.7.0/node_modules/jest-circus/build/run.js:121:9)
    at run (/home/arligle/V1/Aiofix/aiofix-ai-saas-platform/node_modules/.pnpm/jest-circus@29.7.0/node_modules/jest-circus/build/run.js:71:3)
    at runAndTransformResultsToJestFormat (/home/arligle/V1/Aiofix/aiofix-ai-saas-platform/node_modules/.pnpm/jest-circus@29.7.0/node_modules/jest-circus/build/legacy-code-todo-rewrite/jestAdapterInit.js:122:21)
    at jestAdapter (/home/arligle/V1/Aiofix/aiofix-ai-saas-platform/node_modules/.pnpm/jest-circus@29.7.0/node_modules/jest-circus/build/legacy-code-todo-rewrite/jestAdapter.js:79:19)
    at runTestInternal (/home/arligle/V1/Aiofix/aiofix-ai-saas-platform/node_modules/.pnpm/jest-runner@29.7.0/node_modules/jest-runner/build/runTest.js:367:16)
    at runTest (/home/arligle/V1/Aiofix/aiofix-ai-saas-platform/node_modules/.pnpm/jest-runner@29.7.0/node_modules/jest-runner/build/runTest.js:444:34)</failure>
    </testcase>
    <testcase classname="LoggingModule › Logging Middleware and Interceptor" name="should have middleware defined" time="0">
    </testcase>
    <testcase classname="LoggingModule › Logging Middleware and Interceptor" name="should have interceptor defined" time="0">
    </testcase>
  </testsuite>
  <testsuite name="PinoLoggerConfigService" errors="0" failures="0" skipped="0" timestamp="2025-09-06T16:56:47" time="0.283" tests="35">
    <testcase classname="PinoLoggerConfigService › 初始化" name="应该使用默认配置初始化" time="0.006">
    </testcase>
    <testcase classname="PinoLoggerConfigService › 初始化" name="应该使用自定义配置初始化" time="0.003">
    </testcase>
    <testcase classname="PinoLoggerConfigService › 初始化" name="应该从环境变量读取配置" time="0.002">
    </testcase>
    <testcase classname="PinoLoggerConfigService › 配置管理" name="应该获取当前配置" time="0.001">
    </testcase>
    <testcase classname="PinoLoggerConfigService › 配置管理" name="应该更新配置" time="0.006">
    </testcase>
    <testcase classname="PinoLoggerConfigService › 配置管理" name="应该部分更新配置" time="0.006">
    </testcase>
    <testcase classname="PinoLoggerConfigService › 配置管理" name="应该重置为默认配置" time="0.002">
    </testcase>
    <testcase classname="PinoLoggerConfigService › 日志级别管理" name="应该获取当前日志级别" time="0.001">
    </testcase>
    <testcase classname="PinoLoggerConfigService › 日志级别管理" name="应该设置日志级别" time="0">
    </testcase>
    <testcase classname="PinoLoggerConfigService › 日志级别管理" name="应该支持所有有效的日志级别" time="0.001">
    </testcase>
    <testcase classname="PinoLoggerConfigService › 日志格式管理" name="应该获取当前日志格式" time="0.002">
    </testcase>
    <testcase classname="PinoLoggerConfigService › 日志格式管理" name="应该设置日志格式" time="0.003">
    </testcase>
    <testcase classname="PinoLoggerConfigService › 日志格式管理" name="应该支持所有有效的日志格式" time="0.002">
    </testcase>
    <testcase classname="PinoLoggerConfigService › 环境检测" name="应该正确检测生产环境" time="0.002">
    </testcase>
    <testcase classname="PinoLoggerConfigService › 环境检测" name="应该正确检测开发环境" time="0.001">
    </testcase>
    <testcase classname="PinoLoggerConfigService › 环境检测" name="应该正确检测测试环境" time="0.002">
    </testcase>
    <testcase classname="PinoLoggerConfigService › 美化格式判断" name="开发环境应该使用美化格式" time="0.001">
    </testcase>
    <testcase classname="PinoLoggerConfigService › 美化格式判断" name="生产环境不应该使用美化格式" time="0.002">
    </testcase>
    <testcase classname="PinoLoggerConfigService › 美化格式判断" name="JSON格式不应该使用美化格式" time="0.002">
    </testcase>
    <testcase classname="PinoLoggerConfigService › 配置验证" name="应该验证有效的日志级别" time="0.003">
    </testcase>
    <testcase classname="PinoLoggerConfigService › 配置验证" name="应该验证有效的日志格式" time="0.003">
    </testcase>
    <testcase classname="PinoLoggerConfigService › 配置验证" name="应该验证文件轮转配置" time="0.001">
    </testcase>
    <testcase classname="PinoLoggerConfigService › 配置验证" name="应该验证远程日志配置" time="0.001">
    </testcase>
    <testcase classname="PinoLoggerConfigService › 配置验证错误" name="应该拒绝无效的日志级别" time="0.016">
    </testcase>
    <testcase classname="PinoLoggerConfigService › 配置验证错误" name="应该拒绝无效的日志格式" time="0.002">
    </testcase>
    <testcase classname="PinoLoggerConfigService › 配置验证错误" name="应该拒绝无效的文件大小格式" time="0.002">
    </testcase>
    <testcase classname="PinoLoggerConfigService › 配置验证错误" name="应该拒绝缺少URL的远程日志配置" time="0.002">
    </testcase>
    <testcase classname="PinoLoggerConfigService › 配置验证错误" name="应该拒绝负数的超时时间" time="0.002">
    </testcase>
    <testcase classname="PinoLoggerConfigService › 配置验证错误" name="应该拒绝负数的重试次数" time="0.001">
    </testcase>
    <testcase classname="PinoLoggerConfigService › 环境变量配置" name="应该从环境变量读取日志级别" time="0.002">
    </testcase>
    <testcase classname="PinoLoggerConfigService › 环境变量配置" name="应该从环境变量读取日志格式" time="0.001">
    </testcase>
    <testcase classname="PinoLoggerConfigService › 环境变量配置" name="应该从环境变量读取日志文件路径" time="0.002">
    </testcase>
    <testcase classname="PinoLoggerConfigService › 环境变量配置" name="应该从环境变量读取远程日志配置" time="0.003">
    </testcase>
    <testcase classname="PinoLoggerConfigService › 配置合并" name="应该正确合并默认配置和自定义配置" time="0.004">
    </testcase>
    <testcase classname="PinoLoggerConfigService › 配置合并" name="应该正确处理环境变量和自定义配置的优先级" time="0.002">
    </testcase>
  </testsuite>
  <testsuite name="CacheKeyFactory" errors="0" failures="0" skipped="0" timestamp="2025-09-06T16:56:47" time="0.167" tests="34">
    <testcase classname="CacheKeyFactory › create" name="should create basic cache key" time="0.004">
    </testcase>
    <testcase classname="CacheKeyFactory › create" name="should create cache key with options" time="0.002">
    </testcase>
    <testcase classname="CacheKeyFactory › create" name="should sanitize key name" time="0.005">
    </testcase>
    <testcase classname="CacheKeyFactory › create" name="should throw error for empty key" time="0.037">
    </testcase>
    <testcase classname="CacheKeyFactory › create" name="should throw error for null key" time="0.002">
    </testcase>
    <testcase classname="CacheKeyFactory › createNamespace" name="should create namespace cache key" time="0.001">
    </testcase>
    <testcase classname="CacheKeyFactory › createNamespace" name="should sanitize namespace" time="0.002">
    </testcase>
    <testcase classname="CacheKeyFactory › createTenant" name="should create tenant cache key" time="0.002">
    </testcase>
    <testcase classname="CacheKeyFactory › createTenant" name="should sanitize tenant ID" time="0.001">
    </testcase>
    <testcase classname="CacheKeyFactory › createUser" name="should create user cache key" time="0.001">
    </testcase>
    <testcase classname="CacheKeyFactory › createUser" name="should sanitize user ID" time="0.001">
    </testcase>
    <testcase classname="CacheKeyFactory › createTagged" name="should create tagged cache key" time="0.001">
    </testcase>
    <testcase classname="CacheKeyFactory › createTagged" name="should sanitize and deduplicate tags" time="0.001">
    </testcase>
    <testcase classname="CacheKeyFactory › createTagged" name="should handle empty tags array" time="0.001">
    </testcase>
    <testcase classname="CacheKeyFactory › toString" name="should convert basic cache key to string" time="0.001">
    </testcase>
    <testcase classname="CacheKeyFactory › toString" name="should convert complex cache key to string" time="0.001">
    </testcase>
    <testcase classname="CacheKeyFactory › toString" name="should handle cache key without version" time="0.01">
    </testcase>
    <testcase classname="CacheKeyFactory › toString" name="should handle cache key with only namespace" time="0.002">
    </testcase>
    <testcase classname="CacheKeyFactory › parse" name="should parse basic cache key string" time="0.001">
    </testcase>
    <testcase classname="CacheKeyFactory › parse" name="should parse complex cache key string" time="0.001">
    </testcase>
    <testcase classname="CacheKeyFactory › parse" name="should parse cache key without version" time="0.001">
    </testcase>
    <testcase classname="CacheKeyFactory › parse" name="should parse cache key with only namespace" time="0.001">
    </testcase>
    <testcase classname="CacheKeyFactory › createPattern" name="should create pattern for wildcard matching" time="0.001">
    </testcase>
    <testcase classname="CacheKeyFactory › matchPattern" name="should match exact pattern" time="0.004">
    </testcase>
    <testcase classname="CacheKeyFactory › matchPattern" name="should match wildcard pattern" time="0.003">
    </testcase>
    <testcase classname="CacheKeyFactory › matchPattern" name="should not match different pattern" time="0.001">
    </testcase>
    <testcase classname="CacheKeyFactory › extract methods" name="should extract namespace" time="0.001">
    </testcase>
    <testcase classname="CacheKeyFactory › extract methods" name="should extract tenant ID" time="0.001">
    </testcase>
    <testcase classname="CacheKeyFactory › extract methods" name="should extract user ID" time="0.001">
    </testcase>
    <testcase classname="CacheKeyFactory › extract methods" name="should extract tags" time="0.001">
    </testcase>
    <testcase classname="CacheKeyFactory › edge cases" name="should handle cache key with special characters in key" time="0.001">
    </testcase>
    <testcase classname="CacheKeyFactory › edge cases" name="should handle cache key with multiple spaces" time="0.002">
    </testcase>
    <testcase classname="CacheKeyFactory › edge cases" name="should handle empty tags array" time="0.001">
    </testcase>
    <testcase classname="CacheKeyFactory › edge cases" name="should handle undefined tags" time="0.001">
    </testcase>
  </testsuite>
  <testsuite name="ConfigService" errors="0" failures="0" skipped="0" timestamp="2025-09-06T16:56:48" time="0.108" tests="5">
    <testcase classname="ConfigService" name="should be defined" time="0.003">
    </testcase>
    <testcase classname="ConfigService" name="should return app config" time="0.001">
    </testcase>
    <testcase classname="ConfigService" name="should return database config" time="0.001">
    </testcase>
    <testcase classname="ConfigService" name="should return redis config" time="0.001">
    </testcase>
    <testcase classname="ConfigService" name="should return jwt config" time="0.002">
    </testcase>
  </testsuite>
  <testsuite name="User Aggregate" errors="0" failures="0" skipped="0" timestamp="2025-09-06T16:56:48" time="0.058" tests="12">
    <testcase classname="User Aggregate › create" name="should create user with valid data" time="0.002">
    </testcase>
    <testcase classname="User Aggregate › create" name="should throw error for invalid email" time="0.014">
    </testcase>
    <testcase classname="User Aggregate › create" name="should throw error for weak password" time="0.001">
    </testcase>
    <testcase classname="User Aggregate › create" name="should throw error for empty name" time="0.001">
    </testcase>
    <testcase classname="User Aggregate › updateProfile" name="should update user profile successfully" time="0.002">
    </testcase>
    <testcase classname="User Aggregate › updateProfile" name="should update partial profile" time="0.002">
    </testcase>
    <testcase classname="User Aggregate › updateProfile" name="should throw error for empty name" time="0.001">
    </testcase>
    <testcase classname="User Aggregate › updateProfile" name="should throw error for invalid phone" time="0.001">
    </testcase>
    <testcase classname="User Aggregate › event sourcing" name="should restore from history events" time="0.001">
    </testcase>
    <testcase classname="User Aggregate › event sourcing" name="should create and restore snapshot" time="0.001">
    </testcase>
    <testcase classname="User Aggregate › version control" name="should increment version on each event" time="0">
    </testcase>
    <testcase classname="User Aggregate › version control" name="should maintain version consistency" time="0.001">
    </testcase>
  </testsuite>
  <testsuite name="PinoLoggerService" errors="0" failures="1" skipped="0" timestamp="2025-09-06T16:56:48" time="0.197" tests="18">
    <testcase classname="PinoLoggerService" name="should be defined" time="0.004">
    </testcase>
    <testcase classname="PinoLoggerService › basic logging" name="should log debug messages" time="0.002">
    </testcase>
    <testcase classname="PinoLoggerService › basic logging" name="should log info messages" time="0.001">
    </testcase>
    <testcase classname="PinoLoggerService › basic logging" name="should log warn messages" time="0.001">
    </testcase>
    <testcase classname="PinoLoggerService › basic logging" name="should log error messages" time="0.015">
    </testcase>
    <testcase classname="PinoLoggerService › basic logging" name="should log fatal messages" time="0.002">
    </testcase>
    <testcase classname="PinoLoggerService › basic logging" name="should log trace messages" time="0.004">
    </testcase>
    <testcase classname="PinoLoggerService › specialized logging" name="should log performance messages" time="0.004">
    </testcase>
    <testcase classname="PinoLoggerService › specialized logging" name="should log business messages" time="0.001">
    </testcase>
    <testcase classname="PinoLoggerService › specialized logging" name="should log security messages" time="0.002">
    </testcase>
    <testcase classname="PinoLoggerService › configuration" name="should get and set log level" time="0.002">
      <failure>Error: expect(jest.fn()).toHaveBeenCalled()

Expected number of calls: &gt;= 1
Received number of calls:    0
    at Object.&lt;anonymous&gt; (/home/arligle/V1/Aiofix/aiofix-ai-saas-platform/packages/logging/src/services/pino-logger.service.spec.ts:261:38)
    at Promise.then.completed (/home/arligle/V1/Aiofix/aiofix-ai-saas-platform/node_modules/.pnpm/jest-circus@29.7.0/node_modules/jest-circus/build/utils.js:298:28)
    at new Promise (&lt;anonymous&gt;)
    at callAsyncCircusFn (/home/arligle/V1/Aiofix/aiofix-ai-saas-platform/node_modules/.pnpm/jest-circus@29.7.0/node_modules/jest-circus/build/utils.js:231:10)
    at _callCircusTest (/home/arligle/V1/Aiofix/aiofix-ai-saas-platform/node_modules/.pnpm/jest-circus@29.7.0/node_modules/jest-circus/build/run.js:316:40)
    at _runTest (/home/arligle/V1/Aiofix/aiofix-ai-saas-platform/node_modules/.pnpm/jest-circus@29.7.0/node_modules/jest-circus/build/run.js:252:3)
    at _runTestsForDescribeBlock (/home/arligle/V1/Aiofix/aiofix-ai-saas-platform/node_modules/.pnpm/jest-circus@29.7.0/node_modules/jest-circus/build/run.js:126:9)
    at _runTestsForDescribeBlock (/home/arligle/V1/Aiofix/aiofix-ai-saas-platform/node_modules/.pnpm/jest-circus@29.7.0/node_modules/jest-circus/build/run.js:121:9)
    at _runTestsForDescribeBlock (/home/arligle/V1/Aiofix/aiofix-ai-saas-platform/node_modules/.pnpm/jest-circus@29.7.0/node_modules/jest-circus/build/run.js:121:9)
    at run (/home/arligle/V1/Aiofix/aiofix-ai-saas-platform/node_modules/.pnpm/jest-circus@29.7.0/node_modules/jest-circus/build/run.js:71:3)
    at runAndTransformResultsToJestFormat (/home/arligle/V1/Aiofix/aiofix-ai-saas-platform/node_modules/.pnpm/jest-circus@29.7.0/node_modules/jest-circus/build/legacy-code-todo-rewrite/jestAdapterInit.js:122:21)
    at jestAdapter (/home/arligle/V1/Aiofix/aiofix-ai-saas-platform/node_modules/.pnpm/jest-circus@29.7.0/node_modules/jest-circus/build/legacy-code-todo-rewrite/jestAdapter.js:79:19)
    at runTestInternal (/home/arligle/V1/Aiofix/aiofix-ai-saas-platform/node_modules/.pnpm/jest-runner@29.7.0/node_modules/jest-runner/build/runTest.js:367:16)
    at runTest (/home/arligle/V1/Aiofix/aiofix-ai-saas-platform/node_modules/.pnpm/jest-runner@29.7.0/node_modules/jest-runner/build/runTest.js:444:34)</failure>
    </testcase>
    <testcase classname="PinoLoggerService › configuration" name="should get and update config" time="0.001">
    </testcase>
    <testcase classname="PinoLoggerService › child logger" name="should create child logger" time="0.001">
    </testcase>
    <testcase classname="PinoLoggerService › statistics" name="should track log statistics" time="0.004">
    </testcase>
    <testcase classname="PinoLoggerService › statistics" name="should reset statistics" time="0.005">
    </testcase>
    <testcase classname="PinoLoggerService › event emission" name="should emit log events" time="0.002">
    </testcase>
    <testcase classname="PinoLoggerService › lifecycle methods" name="should flush and close logger" time="0.009">
    </testcase>
    <testcase classname="PinoLoggerService › lifecycle methods" name="should handle module destruction" time="0.003">
    </testcase>
  </testsuite>
  <testsuite name="DefaultConfiguration" errors="0" failures="0" skipped="0" timestamp="2025-09-06T16:56:48" time="0.062" tests="35">
    <testcase classname="DefaultConfiguration › 应用基础配置" name="应该包含所有必需的应用配置项" time="0.001">
    </testcase>
    <testcase classname="DefaultConfiguration › 应用基础配置" name="应该支持环境变量覆盖" time="0.002">
    </testcase>
    <testcase classname="DefaultConfiguration › 数据库配置" name="应该包含PostgreSQL配置" time="0.001">
    </testcase>
    <testcase classname="DefaultConfiguration › 数据库配置" name="应该包含MongoDB配置" time="0.001">
    </testcase>
    <testcase classname="DefaultConfiguration › 数据库配置" name="应该包含连接池配置" time="0">
    </testcase>
    <testcase classname="DefaultConfiguration › 数据库配置" name="应该包含MikroORM配置" time="0">
    </testcase>
    <testcase classname="DefaultConfiguration › 数据库配置" name="应该包含日志配置" time="0.001">
    </testcase>
    <testcase classname="DefaultConfiguration › Redis配置" name="应该包含连接配置" time="0.001">
    </testcase>
    <testcase classname="DefaultConfiguration › Redis配置" name="应该包含连接池配置" time="0.001">
    </testcase>
    <testcase classname="DefaultConfiguration › Redis配置" name="应该包含缓存配置" time="0.001">
    </testcase>
    <testcase classname="DefaultConfiguration › Redis配置" name="应该包含分布式锁配置" time="0.001">
    </testcase>
    <testcase classname="DefaultConfiguration › Redis配置" name="应该包含集群配置" time="0">
    </testcase>
    <testcase classname="DefaultConfiguration › Redis配置" name="应该包含哨兵配置" time="0">
    </testcase>
    <testcase classname="DefaultConfiguration › Redis配置" name="应该包含健康检查配置" time="0.001">
    </testcase>
    <testcase classname="DefaultConfiguration › JWT配置" name="应该包含密钥配置" time="0">
    </testcase>
    <testcase classname="DefaultConfiguration › JWT配置" name="应该包含访问令牌配置" time="0">
    </testcase>
    <testcase classname="DefaultConfiguration › JWT配置" name="应该包含刷新令牌配置" time="0.001">
    </testcase>
    <testcase classname="DefaultConfiguration › JWT配置" name="应该包含多租户配置" time="0">
    </testcase>
    <testcase classname="DefaultConfiguration › JWT配置" name="应该包含安全配置" time="0.001">
    </testcase>
    <testcase classname="DefaultConfiguration › JWT配置" name="应该包含缓存配置" time="0">
    </testcase>
    <testcase classname="DefaultConfiguration › 邮件配置" name="应该包含SMTP配置" time="0">
    </testcase>
    <testcase classname="DefaultConfiguration › 邮件配置" name="应该包含发送配置" time="0.001">
    </testcase>
    <testcase classname="DefaultConfiguration › 邮件配置" name="应该包含模板配置" time="0">
    </testcase>
    <testcase classname="DefaultConfiguration › 邮件配置" name="应该包含邮件类型配置" time="0.001">
    </testcase>
    <testcase classname="DefaultConfiguration › 邮件配置" name="应该包含验证配置" time="0">
    </testcase>
    <testcase classname="DefaultConfiguration › 邮件配置" name="应该包含队列配置" time="0.003">
    </testcase>
    <testcase classname="DefaultConfiguration › 日志配置" name="应该包含日志级别配置" time="0.001">
    </testcase>
    <testcase classname="DefaultConfiguration › 日志配置" name="应该包含格式配置" time="0">
    </testcase>
    <testcase classname="DefaultConfiguration › 日志配置" name="应该包含输出配置" time="0.001">
    </testcase>
    <testcase classname="DefaultConfiguration › 日志配置" name="应该包含过滤配置" time="0">
    </testcase>
    <testcase classname="DefaultConfiguration › 日志配置" name="应该包含监控配置" time="0.001">
    </testcase>
    <testcase classname="DefaultConfiguration › 日志配置" name="应该包含保留配置" time="0">
    </testcase>
    <testcase classname="DefaultConfiguration › 配置完整性" name="应该包含所有必需的配置模块" time="0.001">
    </testcase>
    <testcase classname="DefaultConfiguration › 配置完整性" name="应该包含有效的默认值" time="0.001">
    </testcase>
    <testcase classname="DefaultConfiguration › 配置完整性" name="应该符合安全最佳实践" time="0.001">
    </testcase>
  </testsuite>
  <testsuite name="EnvironmentHelper" errors="0" failures="0" skipped="0" timestamp="2025-09-06T16:56:48" time="0.04" tests="20">
    <testcase classname="EnvironmentHelper › isFeatureEnabled" name="应该返回true当特性未设置时" time="0.001">
    </testcase>
    <testcase classname="EnvironmentHelper › isFeatureEnabled" name="应该返回true当特性设置为非false值时" time="0.001">
    </testcase>
    <testcase classname="EnvironmentHelper › isFeatureEnabled" name="应该返回false当特性设置为false时" time="0">
    </testcase>
    <testcase classname="EnvironmentHelper › isFeatureEnabled" name="应该返回false当特性设置为False时" time="0">
    </testcase>
    <testcase classname="EnvironmentHelper › isFeatureEnabled" name="应该返回false当特性设置为FALSE时" time="0.001">
    </testcase>
    <testcase classname="EnvironmentHelper › isFeatureEnabled" name="应该处理空字符串" time="0">
    </testcase>
    <testcase classname="EnvironmentHelper › isFeatureEnabled" name="应该处理undefined值" time="0">
    </testcase>
    <testcase classname="EnvironmentHelper › isFeatureEnabled" name="应该处理null值" time="0">
    </testcase>
    <testcase classname="EnvironmentHelper › isFeatureEnabled" name="应该处理数字值" time="0">
    </testcase>
    <testcase classname="EnvironmentHelper › isFeatureEnabled" name="应该处理布尔值字符串" time="0">
    </testcase>
    <testcase classname="EnvironmentHelper › isFeatureEnabled" name="应该处理特殊字符" time="0">
    </testcase>
    <testcase classname="EnvironmentHelper › isFeatureEnabled" name="应该处理多个特性" time="0">
    </testcase>
    <testcase classname="EnvironmentHelper › isFeatureEnabled" name="应该处理不存在的特性" time="0">
    </testcase>
    <testcase classname="EnvironmentHelper › isFeatureEnabled" name="应该处理空特性键" time="0">
    </testcase>
    <testcase classname="EnvironmentHelper › 实际使用场景" name="应该正确处理常见的特性标志" time="0">
    </testcase>
    <testcase classname="EnvironmentHelper › 实际使用场景" name="应该正确处理数据库相关特性" time="0.001">
    </testcase>
    <testcase classname="EnvironmentHelper › 实际使用场景" name="应该正确处理Redis相关特性" time="0.001">
    </testcase>
    <testcase classname="EnvironmentHelper › 实际使用场景" name="应该正确处理JWT相关特性" time="0">
    </testcase>
    <testcase classname="EnvironmentHelper › 实际使用场景" name="应该正确处理邮件相关特性" time="0.001">
    </testcase>
    <testcase classname="EnvironmentHelper › 实际使用场景" name="应该正确处理日志相关特性" time="0">
    </testcase>
  </testsuite>
  <testsuite name="ConfigLoader" errors="0" failures="0" skipped="0" timestamp="2025-09-06T16:56:48" time="0.056" tests="12">
    <testcase classname="ConfigLoader › getConfig" name="应该返回默认配置" time="0.007">
    </testcase>
    <testcase classname="ConfigLoader › getConfig" name="应该返回只读配置对象" time="0.006">
    </testcase>
    <testcase classname="ConfigLoader › getConfig" name="应该返回配置的深拷贝" time="0">
    </testcase>
    <testcase classname="ConfigLoader › defineConfig" name="应该成功合并有效配置" time="0">
    </testcase>
    <testcase classname="ConfigLoader › defineConfig" name="应该深度合并嵌套配置" time="0.001">
    </testcase>
    <testcase classname="ConfigLoader › defineConfig" name="应该覆盖数组配置" time="0">
    </testcase>
    <testcase classname="ConfigLoader › defineConfig" name="应该抛出错误当配置无效时" time="0.003">
    </testcase>
    <testcase classname="ConfigLoader › defineConfig" name="应该支持多次配置合并" time="0">
    </testcase>
    <testcase classname="ConfigLoader › resetConfig" name="应该重置配置到默认值" time="0.001">
    </testcase>
    <testcase classname="ConfigLoader › resetConfig" name="应该清空所有自定义配置" time="0.001">
    </testcase>
    <testcase classname="ConfigLoader › 配置合并逻辑" name="应该正确处理复杂嵌套对象" time="0.002">
    </testcase>
    <testcase classname="ConfigLoader › 配置合并逻辑" name="应该正确处理空值和undefined" time="0.007">
    </testcase>
  </testsuite>
</testsuites>